[0.042s] Invoking command in '/home/brone-ub/brone_main_ws/build/op3_camera_setting_tool_msgs': CMAKE_PREFIX_PATH=${CMAKE_PREFIX_PATH}:/home/brone-ub/robotis_ws/install/algo_gaze:/home/brone-ub/robotis_ws/install/brone_gaze:/opt/ros/jazzy DEBUGINFOD_URLS=https://debuginfod.ubuntu.com PS1=(.venv) \[\e]0;\u@\h: \w\a\]${debian_chroot:+($debian_chroot)}\[\033[01;32m\]\u@\h\[\033[00m\]:\[\033[01;34m\]\w\[\033[00m\]\$ VIRTUAL_ENV_PROMPT=(.venv) /usr/bin/cmake /home/brone-ub/brone_main_ws/src/robotis_framework/ROBOTIS-OP3-msgs/op3_camera_setting_tool_msgs -DCMAKE_BUILD_TYPE=Release -DAMENT_CMAKE_SYMLINK_INSTALL=1 -DCMAKE_INSTALL_PREFIX=/home/brone-ub/brone_main_ws/install/op3_camera_setting_tool_msgs
[0.275s] -- The C compiler identification is GNU 13.3.0
[0.399s] -- The CXX compiler identification is GNU 13.3.0
[0.418s] -- Detecting C compiler ABI info
[0.755s] -- Detecting C compiler ABI info - done
[0.766s] -- Check for working C compiler: /usr/bin/cc - skipped
[0.767s] -- Detecting C compile features
[0.767s] -- Detecting C compile features - done
[0.778s] -- Detecting CXX compiler ABI info
[1.147s] -- Detecting CXX compiler ABI info - done
[1.153s] -- Check for working CXX compiler: /usr/bin/c++ - skipped
[1.153s] -- Detecting CXX compile features
[1.154s] -- Detecting CXX compile features - done
[1.161s] -- Found ament_cmake: 2.5.4 (/opt/ros/jazzy/share/ament_cmake/cmake)
[1.368s] -- Found Python3: /home/brone-ub/robotis_ws/.venv/bin/python3 (found version "3.12.3") found components: Interpreter 
[1.514s] -- Override CMake install command with custom implementation using symlinks instead of copying resources
[1.599s] -- Found std_msgs: 5.3.6 (/opt/ros/jazzy/share/std_msgs/cmake)
[1.681s] -- Found rosidl_generator_c: 4.6.6 (/opt/ros/jazzy/share/rosidl_generator_c/cmake)
[1.711s] -- Found rosidl_generator_cpp: 4.6.6 (/opt/ros/jazzy/share/rosidl_generator_cpp/cmake)
[1.742s] -- Using all available rosidl_typesupport_c: rosidl_typesupport_fastrtps_c;rosidl_typesupport_introspection_c
[1.777s] -- Using all available rosidl_typesupport_cpp: rosidl_typesupport_fastrtps_cpp;rosidl_typesupport_introspection_cpp
[1.835s] -- Found rosidl_default_generators: 1.6.0 (/opt/ros/jazzy/share/rosidl_default_generators/cmake)
[1.875s] -- Found rosidl_adapter: 4.6.6 (/opt/ros/jazzy/share/rosidl_adapter/cmake)
[3.433s] -- Found ament_cmake_ros: 0.12.0 (/opt/ros/jazzy/share/ament_cmake_ros/cmake)
[5.142s] -- Using all available rosidl_typesupport_c: rosidl_typesupport_fastrtps_c;rosidl_typesupport_introspection_c
[5.760s] -- Using all available rosidl_typesupport_cpp: rosidl_typesupport_fastrtps_cpp;rosidl_typesupport_introspection_cpp
[5.768s] -- Found python_cmake_module: 0.11.1 (/opt/ros/jazzy/share/python_cmake_module/cmake)
[5.975s] -- Found PythonExtra: /home/brone-ub/robotis_ws/.venv/bin/python3  
[7.071s] -- Found Python3: /home/brone-ub/robotis_ws/.venv/bin/python3 (found version "3.12.3") found components: Interpreter Development NumPy Development.Module Development.Embed 
[7.178s] -- Configuring done (7.1s)
[7.305s] -- Generating done (0.1s)
[7.342s] -- Build files have been written to: /home/brone-ub/brone_main_ws/build/op3_camera_setting_tool_msgs
[7.436s] Invoked command in '/home/brone-ub/brone_main_ws/build/op3_camera_setting_tool_msgs' returned '0': CMAKE_PREFIX_PATH=${CMAKE_PREFIX_PATH}:/home/brone-ub/robotis_ws/install/algo_gaze:/home/brone-ub/robotis_ws/install/brone_gaze:/opt/ros/jazzy DEBUGINFOD_URLS=https://debuginfod.ubuntu.com PS1=(.venv) \[\e]0;\u@\h: \w\a\]${debian_chroot:+($debian_chroot)}\[\033[01;32m\]\u@\h\[\033[00m\]:\[\033[01;34m\]\w\[\033[00m\]\$ VIRTUAL_ENV_PROMPT=(.venv) /usr/bin/cmake /home/brone-ub/brone_main_ws/src/robotis_framework/ROBOTIS-OP3-msgs/op3_camera_setting_tool_msgs -DCMAKE_BUILD_TYPE=Release -DAMENT_CMAKE_SYMLINK_INSTALL=1 -DCMAKE_INSTALL_PREFIX=/home/brone-ub/brone_main_ws/install/op3_camera_setting_tool_msgs
[7.439s] Invoking command in '/home/brone-ub/brone_main_ws/build/op3_camera_setting_tool_msgs': CMAKE_PREFIX_PATH=${CMAKE_PREFIX_PATH}:/home/brone-ub/robotis_ws/install/algo_gaze:/home/brone-ub/robotis_ws/install/brone_gaze:/opt/ros/jazzy DEBUGINFOD_URLS=https://debuginfod.ubuntu.com PS1=(.venv) \[\e]0;\u@\h: \w\a\]${debian_chroot:+($debian_chroot)}\[\033[01;32m\]\u@\h\[\033[00m\]:\[\033[01;34m\]\w\[\033[00m\]\$ VIRTUAL_ENV_PROMPT=(.venv) /usr/bin/cmake --build /home/brone-ub/brone_main_ws/build/op3_camera_setting_tool_msgs -- -j16 -l16
[8.173s] [  1%] [34m[1mGenerating type hashes for ROS interfaces[0m
[8.173s] [  1%] Built target ament_cmake_python_symlink_op3_camera_setting_tool_msgs
[8.173s] running egg_info
[8.174s] creating op3_camera_setting_tool_msgs.egg-info
[8.174s] writing op3_camera_setting_tool_msgs.egg-info/PKG-INFO
[8.175s] writing dependency_links to op3_camera_setting_tool_msgs.egg-info/dependency_links.txt
[8.175s] writing top-level names to op3_camera_setting_tool_msgs.egg-info/top_level.txt
[8.176s] writing manifest file 'op3_camera_setting_tool_msgs.egg-info/SOURCES.txt'
[8.220s] reading manifest file 'op3_camera_setting_tool_msgs.egg-info/SOURCES.txt'
[8.221s] writing manifest file 'op3_camera_setting_tool_msgs.egg-info/SOURCES.txt'
[8.334s] [  1%] Built target ament_cmake_python_build_op3_camera_setting_tool_msgs_egg
[8.564s] [  1%] Built target op3_camera_setting_tool_msgs__rosidl_generator_type_description
[8.612s] [  2%] [34m[1mGenerating C code for ROS interfaces[0m
[8.652s] [  4%] [34m[1mGenerating C++ code for ROS interfaces[0m
[10.778s] [  4%] Built target op3_camera_setting_tool_msgs__cpp
[11.919s] [  5%] [32mBuilding C object CMakeFiles/op3_camera_setting_tool_msgs__rosidl_generator_c.dir/rosidl_generator_c/op3_camera_setting_tool_msgs/msg/detail/camera_params__functions.c.o[0m
[11.921s] [  6%] [32mBuilding C object CMakeFiles/op3_camera_setting_tool_msgs__rosidl_generator_c.dir/rosidl_generator_c/op3_camera_setting_tool_msgs/msg/detail/camera_params__description.c.o[0m
[11.932s] [  9%] [32mBuilding C object CMakeFiles/op3_camera_setting_tool_msgs__rosidl_generator_c.dir/rosidl_generator_c/op3_camera_setting_tool_msgs/msg/detail/v4l_parameters__type_support.c.o[0m
[11.933s] [ 10%] [32mBuilding C object CMakeFiles/op3_camera_setting_tool_msgs__rosidl_generator_c.dir/rosidl_generator_c/op3_camera_setting_tool_msgs/msg/detail/v4l_parameters__functions.c.o[0m
[11.933s] [ 12%] [32mBuilding C object CMakeFiles/op3_camera_setting_tool_msgs__rosidl_generator_c.dir/rosidl_generator_c/op3_camera_setting_tool_msgs/msg/detail/v4l_parameter__functions.c.o[0m
[11.939s] [ 13%] [32mBuilding C object CMakeFiles/op3_camera_setting_tool_msgs__rosidl_generator_c.dir/rosidl_generator_c/op3_camera_setting_tool_msgs/msg/detail/camera_params__type_support.c.o[0m
[11.939s] [ 13%] [32mBuilding C object CMakeFiles/op3_camera_setting_tool_msgs__rosidl_generator_c.dir/rosidl_generator_c/op3_camera_setting_tool_msgs/msg/detail/v4l_parameter__description.c.o[0m
[11.943s] [ 14%] [32mBuilding C object CMakeFiles/op3_camera_setting_tool_msgs__rosidl_generator_c.dir/rosidl_generator_c/op3_camera_setting_tool_msgs/msg/detail/v4l_parameter__type_support.c.o[0m
[11.944s] [ 16%] [32mBuilding C object CMakeFiles/op3_camera_setting_tool_msgs__rosidl_generator_c.dir/rosidl_generator_c/op3_camera_setting_tool_msgs/msg/detail/v4l_parameters__description.c.o[0m
[11.952s] [ 17%] [32mBuilding C object CMakeFiles/op3_camera_setting_tool_msgs__rosidl_generator_c.dir/rosidl_generator_c/op3_camera_setting_tool_msgs/srv/detail/get_parameters__description.c.o[0m
[11.953s] [ 18%] [32mBuilding C object CMakeFiles/op3_camera_setting_tool_msgs__rosidl_generator_c.dir/rosidl_generator_c/op3_camera_setting_tool_msgs/srv/detail/get_parameters__functions.c.o[0m
[11.953s] [ 20%] [32mBuilding C object CMakeFiles/op3_camera_setting_tool_msgs__rosidl_generator_c.dir/rosidl_generator_c/op3_camera_setting_tool_msgs/srv/detail/set_parameters__type_support.c.o[0m
[11.956s] [ 21%] [32mBuilding C object CMakeFiles/op3_camera_setting_tool_msgs__rosidl_generator_c.dir/rosidl_generator_c/op3_camera_setting_tool_msgs/srv/detail/set_parameters__description.c.o[0m
[11.963s] [ 22%] [32mBuilding C object CMakeFiles/op3_camera_setting_tool_msgs__rosidl_generator_c.dir/rosidl_generator_c/op3_camera_setting_tool_msgs/srv/detail/get_parameters__type_support.c.o[0m
[11.967s] [ 24%] [32mBuilding C object CMakeFiles/op3_camera_setting_tool_msgs__rosidl_generator_c.dir/rosidl_generator_c/op3_camera_setting_tool_msgs/srv/detail/set_parameters__functions.c.o[0m
[13.134s] [ 25%] [32m[1mLinking C shared library libop3_camera_setting_tool_msgs__rosidl_generator_c.so[0m
[13.423s] [ 25%] Built target op3_camera_setting_tool_msgs__rosidl_generator_c
[13.490s] [ 27%] [34m[1mGenerating C type support dispatch for ROS interfaces[0m
[13.493s] [ 28%] [34m[1mGenerating C++ introspection for ROS interfaces[0m
[13.509s] [ 29%] [34m[1mGenerating C++ type support dispatch for ROS interfaces[0m
[13.533s] [ 31%] [34m[1mGenerating C++ type support for eProsima Fast-RTPS[0m
[13.538s] [ 32%] [34m[1mGenerating C introspection for ROS interfaces[0m
[13.544s] [ 33%] [34m[1mGenerating C type support for eProsima Fast-RTPS[0m
[15.077s] [ 35%] [32mBuilding CXX object CMakeFiles/op3_camera_setting_tool_msgs__rosidl_typesupport_fastrtps_cpp.dir/rosidl_typesupport_fastrtps_cpp/op3_camera_setting_tool_msgs/msg/detail/dds_fastrtps/camera_params__type_support.cpp.o[0m
[15.094s] [ 36%] [32mBuilding CXX object CMakeFiles/op3_camera_setting_tool_msgs__rosidl_typesupport_fastrtps_cpp.dir/rosidl_typesupport_fastrtps_cpp/op3_camera_setting_tool_msgs/msg/detail/dds_fastrtps/v4l_parameter__type_support.cpp.o[0m
[15.095s] [ 37%] [32mBuilding CXX object CMakeFiles/op3_camera_setting_tool_msgs__rosidl_typesupport_fastrtps_cpp.dir/rosidl_typesupport_fastrtps_cpp/op3_camera_setting_tool_msgs/srv/detail/dds_fastrtps/get_parameters__type_support.cpp.o[0m
[15.139s] [ 39%] [32mBuilding CXX object CMakeFiles/op3_camera_setting_tool_msgs__rosidl_typesupport_fastrtps_cpp.dir/rosidl_typesupport_fastrtps_cpp/op3_camera_setting_tool_msgs/msg/detail/dds_fastrtps/v4l_parameters__type_support.cpp.o[0m
[15.143s] [ 40%] [32mBuilding CXX object CMakeFiles/op3_camera_setting_tool_msgs__rosidl_typesupport_fastrtps_cpp.dir/rosidl_typesupport_fastrtps_cpp/op3_camera_setting_tool_msgs/srv/detail/dds_fastrtps/set_parameters__type_support.cpp.o[0m
[17.633s] [ 41%] [32mBuilding CXX object CMakeFiles/op3_camera_setting_tool_msgs__rosidl_typesupport_c.dir/rosidl_typesupport_c/op3_camera_setting_tool_msgs/msg/camera_params__type_support.cpp.o[0m
[17.661s] [ 43%] [32mBuilding CXX object CMakeFiles/op3_camera_setting_tool_msgs__rosidl_typesupport_c.dir/rosidl_typesupport_c/op3_camera_setting_tool_msgs/msg/v4l_parameter__type_support.cpp.o[0m
[17.664s] [ 44%] [32mBuilding CXX object CMakeFiles/op3_camera_setting_tool_msgs__rosidl_typesupport_c.dir/rosidl_typesupport_c/op3_camera_setting_tool_msgs/srv/set_parameters__type_support.cpp.o[0m
[17.665s] [ 45%] [32mBuilding CXX object CMakeFiles/op3_camera_setting_tool_msgs__rosidl_typesupport_c.dir/rosidl_typesupport_c/op3_camera_setting_tool_msgs/msg/v4l_parameters__type_support.cpp.o[0m
[17.680s] [ 47%] [32mBuilding CXX object CMakeFiles/op3_camera_setting_tool_msgs__rosidl_typesupport_c.dir/rosidl_typesupport_c/op3_camera_setting_tool_msgs/srv/get_parameters__type_support.cpp.o[0m
[18.136s] [ 48%] [32m[1mLinking CXX shared library libop3_camera_setting_tool_msgs__rosidl_typesupport_c.so[0m
[18.165s] [ 50%] [32mBuilding CXX object CMakeFiles/op3_camera_setting_tool_msgs__rosidl_typesupport_cpp.dir/rosidl_typesupport_cpp/op3_camera_setting_tool_msgs/srv/set_parameters__type_support.cpp.o[0m
[18.171s] [ 52%] [32mBuilding CXX object CMakeFiles/op3_camera_setting_tool_msgs__rosidl_typesupport_cpp.dir/rosidl_typesupport_cpp/op3_camera_setting_tool_msgs/srv/get_parameters__type_support.cpp.o[0m
[18.171s] [ 52%] [32mBuilding CXX object CMakeFiles/op3_camera_setting_tool_msgs__rosidl_typesupport_cpp.dir/rosidl_typesupport_cpp/op3_camera_setting_tool_msgs/msg/v4l_parameter__type_support.cpp.o[0m
[18.177s] [ 55%] [32mBuilding CXX object CMakeFiles/op3_camera_setting_tool_msgs__rosidl_typesupport_cpp.dir/rosidl_typesupport_cpp/op3_camera_setting_tool_msgs/msg/v4l_parameters__type_support.cpp.o[0m
[18.177s] [ 55%] [32mBuilding CXX object CMakeFiles/op3_camera_setting_tool_msgs__rosidl_typesupport_cpp.dir/rosidl_typesupport_cpp/op3_camera_setting_tool_msgs/msg/camera_params__type_support.cpp.o[0m
[18.575s] [ 56%] [32mBuilding CXX object CMakeFiles/op3_camera_setting_tool_msgs__rosidl_typesupport_introspection_cpp.dir/rosidl_typesupport_introspection_cpp/op3_camera_setting_tool_msgs/msg/detail/camera_params__type_support.cpp.o[0m
[18.598s] [ 56%] Built target op3_camera_setting_tool_msgs__rosidl_typesupport_c
[18.604s] [ 58%] [32mBuilding C object CMakeFiles/op3_camera_setting_tool_msgs__rosidl_typesupport_introspection_c.dir/rosidl_typesupport_introspection_c/op3_camera_setting_tool_msgs/msg/detail/v4l_parameter__type_support.c.o[0m
[18.609s] [ 59%] [32mBuilding C object CMakeFiles/op3_camera_setting_tool_msgs__rosidl_typesupport_introspection_c.dir/rosidl_typesupport_introspection_c/op3_camera_setting_tool_msgs/msg/detail/camera_params__type_support.c.o[0m
[18.628s] [ 60%] [32mBuilding CXX object CMakeFiles/op3_camera_setting_tool_msgs__rosidl_typesupport_introspection_cpp.dir/rosidl_typesupport_introspection_cpp/op3_camera_setting_tool_msgs/msg/detail/v4l_parameter__type_support.cpp.o[0m
[18.691s] [ 62%] [32mBuilding CXX object CMakeFiles/op3_camera_setting_tool_msgs__rosidl_typesupport_introspection_cpp.dir/rosidl_typesupport_introspection_cpp/op3_camera_setting_tool_msgs/msg/detail/v4l_parameters__type_support.cpp.o[0m
[19.011s] [ 63%] [32mBuilding C object CMakeFiles/op3_camera_setting_tool_msgs__rosidl_typesupport_introspection_c.dir/rosidl_typesupport_introspection_c/op3_camera_setting_tool_msgs/msg/detail/v4l_parameters__type_support.c.o[0m
[19.027s] [ 64%] [32mBuilding C object CMakeFiles/op3_camera_setting_tool_msgs__rosidl_typesupport_introspection_c.dir/rosidl_typesupport_introspection_c/op3_camera_setting_tool_msgs/srv/detail/get_parameters__type_support.c.o[0m
[19.537s] [ 66%] [32mBuilding CXX object CMakeFiles/op3_camera_setting_tool_msgs__rosidl_typesupport_introspection_cpp.dir/rosidl_typesupport_introspection_cpp/op3_camera_setting_tool_msgs/srv/detail/get_parameters__type_support.cpp.o[0m
[19.537s] [ 67%] [32mBuilding C object CMakeFiles/op3_camera_setting_tool_msgs__rosidl_typesupport_introspection_c.dir/rosidl_typesupport_introspection_c/op3_camera_setting_tool_msgs/srv/detail/set_parameters__type_support.c.o[0m
[19.688s] [ 68%] [32mBuilding CXX object CMakeFiles/op3_camera_setting_tool_msgs__rosidl_typesupport_introspection_cpp.dir/rosidl_typesupport_introspection_cpp/op3_camera_setting_tool_msgs/srv/detail/set_parameters__type_support.cpp.o[0m
[20.180s] [ 70%] [32m[1mLinking C shared library libop3_camera_setting_tool_msgs__rosidl_typesupport_introspection_c.so[0m
[20.502s] [ 70%] Built target op3_camera_setting_tool_msgs__rosidl_typesupport_introspection_c
[20.512s] [ 71%] [32mBuilding CXX object CMakeFiles/op3_camera_setting_tool_msgs__rosidl_typesupport_fastrtps_c.dir/rosidl_typesupport_fastrtps_c/op3_camera_setting_tool_msgs/msg/detail/v4l_parameter__type_support_c.cpp.o[0m
[20.525s] [ 72%] [32mBuilding CXX object CMakeFiles/op3_camera_setting_tool_msgs__rosidl_typesupport_fastrtps_c.dir/rosidl_typesupport_fastrtps_c/op3_camera_setting_tool_msgs/msg/detail/v4l_parameters__type_support_c.cpp.o[0m
[20.529s] [ 74%] [32mBuilding CXX object CMakeFiles/op3_camera_setting_tool_msgs__rosidl_typesupport_fastrtps_c.dir/rosidl_typesupport_fastrtps_c/op3_camera_setting_tool_msgs/msg/detail/camera_params__type_support_c.cpp.o[0m
[20.547s] [ 75%] [32mBuilding CXX object CMakeFiles/op3_camera_setting_tool_msgs__rosidl_typesupport_fastrtps_c.dir/rosidl_typesupport_fastrtps_c/op3_camera_setting_tool_msgs/srv/detail/get_parameters__type_support_c.cpp.o[0m
[20.620s] [ 77%] [32mBuilding CXX object CMakeFiles/op3_camera_setting_tool_msgs__rosidl_typesupport_fastrtps_c.dir/rosidl_typesupport_fastrtps_c/op3_camera_setting_tool_msgs/srv/detail/set_parameters__type_support_c.cpp.o[0m
[22.091s] [ 78%] [32m[1mLinking CXX shared library libop3_camera_setting_tool_msgs__rosidl_typesupport_cpp.so[0m
[22.571s] [ 79%] [32m[1mLinking CXX shared library libop3_camera_setting_tool_msgs__rosidl_typesupport_fastrtps_cpp.so[0m
[22.772s] [ 79%] Built target op3_camera_setting_tool_msgs__rosidl_typesupport_cpp
[22.934s] [ 79%] Built target op3_camera_setting_tool_msgs__rosidl_typesupport_fastrtps_cpp
[23.302s] [ 81%] [32m[1mLinking CXX shared library libop3_camera_setting_tool_msgs__rosidl_typesupport_introspection_cpp.so[0m
[23.697s] [ 81%] Built target op3_camera_setting_tool_msgs__rosidl_typesupport_introspection_cpp
[24.144s] [ 82%] [32m[1mLinking CXX shared library libop3_camera_setting_tool_msgs__rosidl_typesupport_fastrtps_c.so[0m
[24.374s] [ 82%] Built target op3_camera_setting_tool_msgs__rosidl_typesupport_fastrtps_c
[24.437s] [ 82%] Built target op3_camera_setting_tool_msgs
[24.496s] [ 83%] [34m[1mGenerating Python code for ROS interfaces[0m
[26.371s] [ 83%] Built target op3_camera_setting_tool_msgs__py
[26.425s] [ 85%] [32mBuilding C object CMakeFiles/op3_camera_setting_tool_msgs__rosidl_generator_py.dir/rosidl_generator_py/op3_camera_setting_tool_msgs/msg/_camera_params_s.c.o[0m
[26.765s] [ 86%] [32mBuilding C object CMakeFiles/op3_camera_setting_tool_msgs__rosidl_generator_py.dir/rosidl_generator_py/op3_camera_setting_tool_msgs/srv/_set_parameters_s.c.o[0m
[27.100s] [ 87%] [32mBuilding C object CMakeFiles/op3_camera_setting_tool_msgs__rosidl_generator_py.dir/rosidl_generator_py/op3_camera_setting_tool_msgs/srv/_get_parameters_s.c.o[0m
[27.497s] [ 89%] [32mBuilding C object CMakeFiles/op3_camera_setting_tool_msgs__rosidl_generator_py.dir/rosidl_generator_py/op3_camera_setting_tool_msgs/msg/_v4l_parameters_s.c.o[0m
[27.855s] [ 90%] [32mBuilding C object CMakeFiles/op3_camera_setting_tool_msgs__rosidl_generator_py.dir/rosidl_generator_py/op3_camera_setting_tool_msgs/msg/_v4l_parameter_s.c.o[0m
[28.310s] [ 91%] [32m[1mLinking C shared library libop3_camera_setting_tool_msgs__rosidl_generator_py.so[0m
[28.391s] [ 91%] Built target op3_camera_setting_tool_msgs__rosidl_generator_py
[28.423s] [ 93%] [32mBuilding C object CMakeFiles/op3_camera_setting_tool_msgs_s__rosidl_typesupport_fastrtps_c.dir/rosidl_generator_py/op3_camera_setting_tool_msgs/_op3_camera_setting_tool_msgs_s.ep.rosidl_typesupport_fastrtps_c.c.o[0m
[29.307s] [ 94%] [32m[1mLinking C shared module rosidl_generator_py/op3_camera_setting_tool_msgs/op3_camera_setting_tool_msgs_s__rosidl_typesupport_fastrtps_c.so[0m
[29.353s] [ 94%] Built target op3_camera_setting_tool_msgs_s__rosidl_typesupport_fastrtps_c
[29.387s] [ 95%] [32mBuilding C object CMakeFiles/op3_camera_setting_tool_msgs_s__rosidl_typesupport_c.dir/rosidl_generator_py/op3_camera_setting_tool_msgs/_op3_camera_setting_tool_msgs_s.ep.rosidl_typesupport_c.c.o[0m
[29.717s] [ 97%] [32m[1mLinking C shared module rosidl_generator_py/op3_camera_setting_tool_msgs/op3_camera_setting_tool_msgs_s__rosidl_typesupport_c.so[0m
[29.768s] [ 97%] Built target op3_camera_setting_tool_msgs_s__rosidl_typesupport_c
[29.806s] [ 98%] [32mBuilding C object CMakeFiles/op3_camera_setting_tool_msgs_s__rosidl_typesupport_introspection_c.dir/rosidl_generator_py/op3_camera_setting_tool_msgs/_op3_camera_setting_tool_msgs_s.ep.rosidl_typesupport_introspection_c.c.o[0m
[30.322s] [100%] [32m[1mLinking C shared module rosidl_generator_py/op3_camera_setting_tool_msgs/op3_camera_setting_tool_msgs_s__rosidl_typesupport_introspection_c.so[0m
[30.365s] [100%] Built target op3_camera_setting_tool_msgs_s__rosidl_typesupport_introspection_c
[30.379s] Invoked command in '/home/brone-ub/brone_main_ws/build/op3_camera_setting_tool_msgs' returned '0': CMAKE_PREFIX_PATH=${CMAKE_PREFIX_PATH}:/home/brone-ub/robotis_ws/install/algo_gaze:/home/brone-ub/robotis_ws/install/brone_gaze:/opt/ros/jazzy DEBUGINFOD_URLS=https://debuginfod.ubuntu.com PS1=(.venv) \[\e]0;\u@\h: \w\a\]${debian_chroot:+($debian_chroot)}\[\033[01;32m\]\u@\h\[\033[00m\]:\[\033[01;34m\]\w\[\033[00m\]\$ VIRTUAL_ENV_PROMPT=(.venv) /usr/bin/cmake --build /home/brone-ub/brone_main_ws/build/op3_camera_setting_tool_msgs -- -j16 -l16
[30.388s] Invoking command in '/home/brone-ub/brone_main_ws/build/op3_camera_setting_tool_msgs': CMAKE_PREFIX_PATH=${CMAKE_PREFIX_PATH}:/home/brone-ub/robotis_ws/install/algo_gaze:/home/brone-ub/robotis_ws/install/brone_gaze:/opt/ros/jazzy DEBUGINFOD_URLS=https://debuginfod.ubuntu.com PS1=(.venv) \[\e]0;\u@\h: \w\a\]${debian_chroot:+($debian_chroot)}\[\033[01;32m\]\u@\h\[\033[00m\]:\[\033[01;34m\]\w\[\033[00m\]\$ VIRTUAL_ENV_PROMPT=(.venv) /usr/bin/cmake --install /home/brone-ub/brone_main_ws/build/op3_camera_setting_tool_msgs
[31.051s] -- Install configuration: "Release"
[31.051s] -- Execute custom install script
[31.051s] -- Symlinking: /home/brone-ub/brone_main_ws/install/op3_camera_setting_tool_msgs/share/ament_index/resource_index/rosidl_interfaces/op3_camera_setting_tool_msgs
[31.051s] -- Symlinking: /home/brone-ub/brone_main_ws/install/op3_camera_setting_tool_msgs/share/op3_camera_setting_tool_msgs/msg/CameraParams.json
[31.052s] -- Symlinking: /home/brone-ub/brone_main_ws/install/op3_camera_setting_tool_msgs/share/op3_camera_setting_tool_msgs/msg/V4lParameter.json
[31.052s] -- Symlinking: /home/brone-ub/brone_main_ws/install/op3_camera_setting_tool_msgs/share/op3_camera_setting_tool_msgs/msg/V4lParameters.json
[31.052s] -- Symlinking: /home/brone-ub/brone_main_ws/install/op3_camera_setting_tool_msgs/share/op3_camera_setting_tool_msgs/srv/GetParameters.json
[31.052s] -- Symlinking: /home/brone-ub/brone_main_ws/install/op3_camera_setting_tool_msgs/share/op3_camera_setting_tool_msgs/srv/SetParameters.json
[31.052s] -- Symlinking: /home/brone-ub/brone_main_ws/install/op3_camera_setting_tool_msgs/include/op3_camera_setting_tool_msgs/op3_camera_setting_tool_msgs/msg/camera_params.h
[31.052s] -- Symlinking: /home/brone-ub/brone_main_ws/install/op3_camera_setting_tool_msgs/include/op3_camera_setting_tool_msgs/op3_camera_setting_tool_msgs/msg/detail/camera_params__functions.h
[31.052s] -- Symlinking: /home/brone-ub/brone_main_ws/install/op3_camera_setting_tool_msgs/include/op3_camera_setting_tool_msgs/op3_camera_setting_tool_msgs/msg/detail/camera_params__struct.h
[31.052s] -- Symlinking: /home/brone-ub/brone_main_ws/install/op3_camera_setting_tool_msgs/include/op3_camera_setting_tool_msgs/op3_camera_setting_tool_msgs/msg/detail/camera_params__type_support.h
[31.052s] -- Symlinking: /home/brone-ub/brone_main_ws/install/op3_camera_setting_tool_msgs/include/op3_camera_setting_tool_msgs/op3_camera_setting_tool_msgs/msg/detail/v4l_parameter__functions.h
[31.052s] -- Symlinking: /home/brone-ub/brone_main_ws/install/op3_camera_setting_tool_msgs/include/op3_camera_setting_tool_msgs/op3_camera_setting_tool_msgs/msg/detail/v4l_parameter__struct.h
[31.052s] -- Symlinking: /home/brone-ub/brone_main_ws/install/op3_camera_setting_tool_msgs/include/op3_camera_setting_tool_msgs/op3_camera_setting_tool_msgs/msg/detail/v4l_parameter__type_support.h
[31.052s] -- Symlinking: /home/brone-ub/brone_main_ws/install/op3_camera_setting_tool_msgs/include/op3_camera_setting_tool_msgs/op3_camera_setting_tool_msgs/msg/detail/v4l_parameters__functions.h
[31.052s] -- Symlinking: /home/brone-ub/brone_main_ws/install/op3_camera_setting_tool_msgs/include/op3_camera_setting_tool_msgs/op3_camera_setting_tool_msgs/msg/detail/v4l_parameters__struct.h
[31.053s] -- Symlinking: /home/brone-ub/brone_main_ws/install/op3_camera_setting_tool_msgs/include/op3_camera_setting_tool_msgs/op3_camera_setting_tool_msgs/msg/detail/v4l_parameters__type_support.h
[31.053s] -- Symlinking: /home/brone-ub/brone_main_ws/install/op3_camera_setting_tool_msgs/include/op3_camera_setting_tool_msgs/op3_camera_setting_tool_msgs/msg/rosidl_generator_c__visibility_control.h
[31.053s] -- Symlinking: /home/brone-ub/brone_main_ws/install/op3_camera_setting_tool_msgs/include/op3_camera_setting_tool_msgs/op3_camera_setting_tool_msgs/msg/v4l_parameter.h
[31.053s] -- Symlinking: /home/brone-ub/brone_main_ws/install/op3_camera_setting_tool_msgs/include/op3_camera_setting_tool_msgs/op3_camera_setting_tool_msgs/msg/v4l_parameters.h
[31.053s] -- Symlinking: /home/brone-ub/brone_main_ws/install/op3_camera_setting_tool_msgs/include/op3_camera_setting_tool_msgs/op3_camera_setting_tool_msgs/srv/detail/get_parameters__functions.h
[31.053s] -- Symlinking: /home/brone-ub/brone_main_ws/install/op3_camera_setting_tool_msgs/include/op3_camera_setting_tool_msgs/op3_camera_setting_tool_msgs/srv/detail/get_parameters__struct.h
[31.053s] -- Symlinking: /home/brone-ub/brone_main_ws/install/op3_camera_setting_tool_msgs/include/op3_camera_setting_tool_msgs/op3_camera_setting_tool_msgs/srv/detail/get_parameters__type_support.h
[31.053s] -- Symlinking: /home/brone-ub/brone_main_ws/install/op3_camera_setting_tool_msgs/include/op3_camera_setting_tool_msgs/op3_camera_setting_tool_msgs/srv/detail/set_parameters__functions.h
[31.053s] -- Symlinking: /home/brone-ub/brone_main_ws/install/op3_camera_setting_tool_msgs/include/op3_camera_setting_tool_msgs/op3_camera_setting_tool_msgs/srv/detail/set_parameters__struct.h
[31.053s] -- Symlinking: /home/brone-ub/brone_main_ws/install/op3_camera_setting_tool_msgs/include/op3_camera_setting_tool_msgs/op3_camera_setting_tool_msgs/srv/detail/set_parameters__type_support.h
[31.053s] -- Symlinking: /home/brone-ub/brone_main_ws/install/op3_camera_setting_tool_msgs/include/op3_camera_setting_tool_msgs/op3_camera_setting_tool_msgs/srv/get_parameters.h
[31.053s] -- Symlinking: /home/brone-ub/brone_main_ws/install/op3_camera_setting_tool_msgs/include/op3_camera_setting_tool_msgs/op3_camera_setting_tool_msgs/srv/set_parameters.h
[31.054s] -- Symlinking: /home/brone-ub/brone_main_ws/install/op3_camera_setting_tool_msgs/share/op3_camera_setting_tool_msgs/environment/library_path.sh
[31.054s] -- Symlinking: /home/brone-ub/brone_main_ws/install/op3_camera_setting_tool_msgs/share/op3_camera_setting_tool_msgs/environment/library_path.dsv
[31.054s] -- Symlinking: /home/brone-ub/brone_main_ws/install/op3_camera_setting_tool_msgs/include/op3_camera_setting_tool_msgs/op3_camera_setting_tool_msgs/msg/detail/camera_params__rosidl_typesupport_fastrtps_c.h
[31.054s] -- Symlinking: /home/brone-ub/brone_main_ws/install/op3_camera_setting_tool_msgs/include/op3_camera_setting_tool_msgs/op3_camera_setting_tool_msgs/msg/detail/v4l_parameter__rosidl_typesupport_fastrtps_c.h
[31.054s] -- Symlinking: /home/brone-ub/brone_main_ws/install/op3_camera_setting_tool_msgs/include/op3_camera_setting_tool_msgs/op3_camera_setting_tool_msgs/msg/detail/v4l_parameters__rosidl_typesupport_fastrtps_c.h
[31.054s] -- Symlinking: /home/brone-ub/brone_main_ws/install/op3_camera_setting_tool_msgs/include/op3_camera_setting_tool_msgs/op3_camera_setting_tool_msgs/msg/rosidl_typesupport_fastrtps_c__visibility_control.h
[31.054s] -- Symlinking: /home/brone-ub/brone_main_ws/install/op3_camera_setting_tool_msgs/include/op3_camera_setting_tool_msgs/op3_camera_setting_tool_msgs/srv/detail/get_parameters__rosidl_typesupport_fastrtps_c.h
[31.054s] -- Symlinking: /home/brone-ub/brone_main_ws/install/op3_camera_setting_tool_msgs/include/op3_camera_setting_tool_msgs/op3_camera_setting_tool_msgs/srv/detail/set_parameters__rosidl_typesupport_fastrtps_c.h
[31.054s] -- Symlinking: /home/brone-ub/brone_main_ws/install/op3_camera_setting_tool_msgs/include/op3_camera_setting_tool_msgs/op3_camera_setting_tool_msgs/msg/camera_params.hpp
[31.054s] -- Symlinking: /home/brone-ub/brone_main_ws/install/op3_camera_setting_tool_msgs/include/op3_camera_setting_tool_msgs/op3_camera_setting_tool_msgs/msg/detail/camera_params__builder.hpp
[31.054s] -- Symlinking: /home/brone-ub/brone_main_ws/install/op3_camera_setting_tool_msgs/include/op3_camera_setting_tool_msgs/op3_camera_setting_tool_msgs/msg/detail/camera_params__struct.hpp
[31.055s] -- Symlinking: /home/brone-ub/brone_main_ws/install/op3_camera_setting_tool_msgs/include/op3_camera_setting_tool_msgs/op3_camera_setting_tool_msgs/msg/detail/camera_params__traits.hpp
[31.055s] -- Symlinking: /home/brone-ub/brone_main_ws/install/op3_camera_setting_tool_msgs/include/op3_camera_setting_tool_msgs/op3_camera_setting_tool_msgs/msg/detail/camera_params__type_support.hpp
[31.055s] -- Symlinking: /home/brone-ub/brone_main_ws/install/op3_camera_setting_tool_msgs/include/op3_camera_setting_tool_msgs/op3_camera_setting_tool_msgs/msg/detail/v4l_parameter__builder.hpp
[31.055s] -- Symlinking: /home/brone-ub/brone_main_ws/install/op3_camera_setting_tool_msgs/include/op3_camera_setting_tool_msgs/op3_camera_setting_tool_msgs/msg/detail/v4l_parameter__struct.hpp
[31.055s] -- Symlinking: /home/brone-ub/brone_main_ws/install/op3_camera_setting_tool_msgs/include/op3_camera_setting_tool_msgs/op3_camera_setting_tool_msgs/msg/detail/v4l_parameter__traits.hpp
[31.055s] -- Symlinking: /home/brone-ub/brone_main_ws/install/op3_camera_setting_tool_msgs/include/op3_camera_setting_tool_msgs/op3_camera_setting_tool_msgs/msg/detail/v4l_parameter__type_support.hpp
[31.055s] -- Symlinking: /home/brone-ub/brone_main_ws/install/op3_camera_setting_tool_msgs/include/op3_camera_setting_tool_msgs/op3_camera_setting_tool_msgs/msg/detail/v4l_parameters__builder.hpp
[31.055s] -- Symlinking: /home/brone-ub/brone_main_ws/install/op3_camera_setting_tool_msgs/include/op3_camera_setting_tool_msgs/op3_camera_setting_tool_msgs/msg/detail/v4l_parameters__struct.hpp
[31.055s] -- Symlinking: /home/brone-ub/brone_main_ws/install/op3_camera_setting_tool_msgs/include/op3_camera_setting_tool_msgs/op3_camera_setting_tool_msgs/msg/detail/v4l_parameters__traits.hpp
[31.055s] -- Symlinking: /home/brone-ub/brone_main_ws/install/op3_camera_setting_tool_msgs/include/op3_camera_setting_tool_msgs/op3_camera_setting_tool_msgs/msg/detail/v4l_parameters__type_support.hpp
[31.062s] -- Symlinking: /home/brone-ub/brone_main_ws/install/op3_camera_setting_tool_msgs/include/op3_camera_setting_tool_msgs/op3_camera_setting_tool_msgs/msg/rosidl_generator_cpp__visibility_control.hpp
[31.071s] -- Symlinking: /home/brone-ub/brone_main_ws/install/op3_camera_setting_tool_msgs/include/op3_camera_setting_tool_msgs/op3_camera_setting_tool_msgs/msg/v4l_parameter.hpp
[31.079s] -- Symlinking: /home/brone-ub/brone_main_ws/install/op3_camera_setting_tool_msgs/include/op3_camera_setting_tool_msgs/op3_camera_setting_tool_msgs/msg/v4l_parameters.hpp
[31.093s] -- Symlinking: /home/brone-ub/brone_main_ws/install/op3_camera_setting_tool_msgs/include/op3_camera_setting_tool_msgs/op3_camera_setting_tool_msgs/srv/detail/get_parameters__builder.hpp
[31.103s] -- Symlinking: /home/brone-ub/brone_main_ws/install/op3_camera_setting_tool_msgs/include/op3_camera_setting_tool_msgs/op3_camera_setting_tool_msgs/srv/detail/get_parameters__struct.hpp
[31.114s] -- Symlinking: /home/brone-ub/brone_main_ws/install/op3_camera_setting_tool_msgs/include/op3_camera_setting_tool_msgs/op3_camera_setting_tool_msgs/srv/detail/get_parameters__traits.hpp
[31.127s] -- Symlinking: /home/brone-ub/brone_main_ws/install/op3_camera_setting_tool_msgs/include/op3_camera_setting_tool_msgs/op3_camera_setting_tool_msgs/srv/detail/get_parameters__type_support.hpp
[31.141s] -- Symlinking: /home/brone-ub/brone_main_ws/install/op3_camera_setting_tool_msgs/include/op3_camera_setting_tool_msgs/op3_camera_setting_tool_msgs/srv/detail/set_parameters__builder.hpp
[31.152s] -- Symlinking: /home/brone-ub/brone_main_ws/install/op3_camera_setting_tool_msgs/include/op3_camera_setting_tool_msgs/op3_camera_setting_tool_msgs/srv/detail/set_parameters__struct.hpp
[31.162s] -- Symlinking: /home/brone-ub/brone_main_ws/install/op3_camera_setting_tool_msgs/include/op3_camera_setting_tool_msgs/op3_camera_setting_tool_msgs/srv/detail/set_parameters__traits.hpp
[31.173s] -- Symlinking: /home/brone-ub/brone_main_ws/install/op3_camera_setting_tool_msgs/include/op3_camera_setting_tool_msgs/op3_camera_setting_tool_msgs/srv/detail/set_parameters__type_support.hpp
[31.187s] -- Symlinking: /home/brone-ub/brone_main_ws/install/op3_camera_setting_tool_msgs/include/op3_camera_setting_tool_msgs/op3_camera_setting_tool_msgs/srv/get_parameters.hpp
[31.202s] -- Symlinking: /home/brone-ub/brone_main_ws/install/op3_camera_setting_tool_msgs/include/op3_camera_setting_tool_msgs/op3_camera_setting_tool_msgs/srv/set_parameters.hpp
[31.218s] -- Symlinking: /home/brone-ub/brone_main_ws/install/op3_camera_setting_tool_msgs/include/op3_camera_setting_tool_msgs/op3_camera_setting_tool_msgs/msg/detail/camera_params__rosidl_typesupport_fastrtps_cpp.hpp
[31.229s] -- Symlinking: /home/brone-ub/brone_main_ws/install/op3_camera_setting_tool_msgs/include/op3_camera_setting_tool_msgs/op3_camera_setting_tool_msgs/msg/detail/v4l_parameter__rosidl_typesupport_fastrtps_cpp.hpp
[31.242s] -- Symlinking: /home/brone-ub/brone_main_ws/install/op3_camera_setting_tool_msgs/include/op3_camera_setting_tool_msgs/op3_camera_setting_tool_msgs/msg/detail/v4l_parameters__rosidl_typesupport_fastrtps_cpp.hpp
[31.256s] -- Symlinking: /home/brone-ub/brone_main_ws/install/op3_camera_setting_tool_msgs/include/op3_camera_setting_tool_msgs/op3_camera_setting_tool_msgs/msg/rosidl_typesupport_fastrtps_cpp__visibility_control.h
[31.269s] -- Symlinking: /home/brone-ub/brone_main_ws/install/op3_camera_setting_tool_msgs/include/op3_camera_setting_tool_msgs/op3_camera_setting_tool_msgs/srv/detail/get_parameters__rosidl_typesupport_fastrtps_cpp.hpp
[31.279s] -- Symlinking: /home/brone-ub/brone_main_ws/install/op3_camera_setting_tool_msgs/include/op3_camera_setting_tool_msgs/op3_camera_setting_tool_msgs/srv/detail/set_parameters__rosidl_typesupport_fastrtps_cpp.hpp
[31.293s] -- Symlinking: /home/brone-ub/brone_main_ws/install/op3_camera_setting_tool_msgs/include/op3_camera_setting_tool_msgs/op3_camera_setting_tool_msgs/msg/detail/camera_params__rosidl_typesupport_introspection_c.h
[31.303s] -- Symlinking: /home/brone-ub/brone_main_ws/install/op3_camera_setting_tool_msgs/include/op3_camera_setting_tool_msgs/op3_camera_setting_tool_msgs/msg/detail/v4l_parameter__rosidl_typesupport_introspection_c.h
[31.313s] -- Symlinking: /home/brone-ub/brone_main_ws/install/op3_camera_setting_tool_msgs/include/op3_camera_setting_tool_msgs/op3_camera_setting_tool_msgs/msg/detail/v4l_parameters__rosidl_typesupport_introspection_c.h
[31.323s] -- Symlinking: /home/brone-ub/brone_main_ws/install/op3_camera_setting_tool_msgs/include/op3_camera_setting_tool_msgs/op3_camera_setting_tool_msgs/msg/rosidl_typesupport_introspection_c__visibility_control.h
[31.333s] -- Symlinking: /home/brone-ub/brone_main_ws/install/op3_camera_setting_tool_msgs/include/op3_camera_setting_tool_msgs/op3_camera_setting_tool_msgs/srv/detail/get_parameters__rosidl_typesupport_introspection_c.h
[31.342s] -- Symlinking: /home/brone-ub/brone_main_ws/install/op3_camera_setting_tool_msgs/include/op3_camera_setting_tool_msgs/op3_camera_setting_tool_msgs/srv/detail/set_parameters__rosidl_typesupport_introspection_c.h
[31.361s] -- Symlinking: /home/brone-ub/brone_main_ws/install/op3_camera_setting_tool_msgs/include/op3_camera_setting_tool_msgs/op3_camera_setting_tool_msgs/msg/detail/camera_params__rosidl_typesupport_introspection_cpp.hpp
[31.368s] -- Symlinking: /home/brone-ub/brone_main_ws/install/op3_camera_setting_tool_msgs/include/op3_camera_setting_tool_msgs/op3_camera_setting_tool_msgs/msg/detail/v4l_parameter__rosidl_typesupport_introspection_cpp.hpp
[31.381s] -- Symlinking: /home/brone-ub/brone_main_ws/install/op3_camera_setting_tool_msgs/include/op3_camera_setting_tool_msgs/op3_camera_setting_tool_msgs/msg/detail/v4l_parameters__rosidl_typesupport_introspection_cpp.hpp
[31.397s] -- Symlinking: /home/brone-ub/brone_main_ws/install/op3_camera_setting_tool_msgs/include/op3_camera_setting_tool_msgs/op3_camera_setting_tool_msgs/srv/detail/get_parameters__rosidl_typesupport_introspection_cpp.hpp
[31.414s] -- Symlinking: /home/brone-ub/brone_main_ws/install/op3_camera_setting_tool_msgs/include/op3_camera_setting_tool_msgs/op3_camera_setting_tool_msgs/srv/detail/set_parameters__rosidl_typesupport_introspection_cpp.hpp
[31.427s] -- Symlinking: /home/brone-ub/brone_main_ws/install/op3_camera_setting_tool_msgs/share/op3_camera_setting_tool_msgs/environment/pythonpath.sh
[31.442s] -- Symlinking: /home/brone-ub/brone_main_ws/install/op3_camera_setting_tool_msgs/share/op3_camera_setting_tool_msgs/environment/pythonpath.dsv
[31.457s] -- Symlinking: /home/brone-ub/brone_main_ws/install/op3_camera_setting_tool_msgs/lib/python3.12/site-packages/op3_camera_setting_tool_msgs-0.1.0-py3.12.egg-info/PKG-INFO
[31.474s] -- Symlinking: /home/brone-ub/brone_main_ws/install/op3_camera_setting_tool_msgs/lib/python3.12/site-packages/op3_camera_setting_tool_msgs-0.1.0-py3.12.egg-info/SOURCES.txt
[31.486s] -- Symlinking: /home/brone-ub/brone_main_ws/install/op3_camera_setting_tool_msgs/lib/python3.12/site-packages/op3_camera_setting_tool_msgs-0.1.0-py3.12.egg-info/dependency_links.txt
[31.502s] -- Symlinking: /home/brone-ub/brone_main_ws/install/op3_camera_setting_tool_msgs/lib/python3.12/site-packages/op3_camera_setting_tool_msgs-0.1.0-py3.12.egg-info/top_level.txt
[31.516s] -- Symlinking: /home/brone-ub/brone_main_ws/install/op3_camera_setting_tool_msgs/lib/python3.12/site-packages/op3_camera_setting_tool_msgs/__init__.py
[31.530s] -- Symlinking: /home/brone-ub/brone_main_ws/install/op3_camera_setting_tool_msgs/lib/python3.12/site-packages/op3_camera_setting_tool_msgs/_op3_camera_setting_tool_msgs_s.ep.rosidl_typesupport_c.c
[31.545s] -- Symlinking: /home/brone-ub/brone_main_ws/install/op3_camera_setting_tool_msgs/lib/python3.12/site-packages/op3_camera_setting_tool_msgs/_op3_camera_setting_tool_msgs_s.ep.rosidl_typesupport_fastrtps_c.c
[31.562s] -- Symlinking: /home/brone-ub/brone_main_ws/install/op3_camera_setting_tool_msgs/lib/python3.12/site-packages/op3_camera_setting_tool_msgs/_op3_camera_setting_tool_msgs_s.ep.rosidl_typesupport_introspection_c.c
[31.576s] -- Symlinking: /home/brone-ub/brone_main_ws/install/op3_camera_setting_tool_msgs/lib/python3.12/site-packages/op3_camera_setting_tool_msgs/msg/__init__.py
[31.590s] -- Symlinking: /home/brone-ub/brone_main_ws/install/op3_camera_setting_tool_msgs/lib/python3.12/site-packages/op3_camera_setting_tool_msgs/msg/_camera_params.py
[31.615s] -- Symlinking: /home/brone-ub/brone_main_ws/install/op3_camera_setting_tool_msgs/lib/python3.12/site-packages/op3_camera_setting_tool_msgs/msg/_camera_params_s.c
[31.621s] -- Symlinking: /home/brone-ub/brone_main_ws/install/op3_camera_setting_tool_msgs/lib/python3.12/site-packages/op3_camera_setting_tool_msgs/msg/_v4l_parameter.py
[31.636s] -- Symlinking: /home/brone-ub/brone_main_ws/install/op3_camera_setting_tool_msgs/lib/python3.12/site-packages/op3_camera_setting_tool_msgs/msg/_v4l_parameter_s.c
[31.652s] -- Symlinking: /home/brone-ub/brone_main_ws/install/op3_camera_setting_tool_msgs/lib/python3.12/site-packages/op3_camera_setting_tool_msgs/msg/_v4l_parameters.py
[31.666s] -- Symlinking: /home/brone-ub/brone_main_ws/install/op3_camera_setting_tool_msgs/lib/python3.12/site-packages/op3_camera_setting_tool_msgs/msg/_v4l_parameters_s.c
[31.683s] -- Symlinking: /home/brone-ub/brone_main_ws/install/op3_camera_setting_tool_msgs/lib/python3.12/site-packages/op3_camera_setting_tool_msgs/op3_camera_setting_tool_msgs_s__rosidl_typesupport_c.so
[31.703s] -- Symlinking: /home/brone-ub/brone_main_ws/install/op3_camera_setting_tool_msgs/lib/python3.12/site-packages/op3_camera_setting_tool_msgs/op3_camera_setting_tool_msgs_s__rosidl_typesupport_fastrtps_c.so
[31.718s] -- Symlinking: /home/brone-ub/brone_main_ws/install/op3_camera_setting_tool_msgs/lib/python3.12/site-packages/op3_camera_setting_tool_msgs/op3_camera_setting_tool_msgs_s__rosidl_typesupport_introspection_c.so
[31.732s] -- Symlinking: /home/brone-ub/brone_main_ws/install/op3_camera_setting_tool_msgs/lib/python3.12/site-packages/op3_camera_setting_tool_msgs/srv/__init__.py
[31.749s] -- Symlinking: /home/brone-ub/brone_main_ws/install/op3_camera_setting_tool_msgs/lib/python3.12/site-packages/op3_camera_setting_tool_msgs/srv/_get_parameters.py
[31.764s] -- Symlinking: /home/brone-ub/brone_main_ws/install/op3_camera_setting_tool_msgs/lib/python3.12/site-packages/op3_camera_setting_tool_msgs/srv/_get_parameters_s.c
[31.780s] -- Symlinking: /home/brone-ub/brone_main_ws/install/op3_camera_setting_tool_msgs/lib/python3.12/site-packages/op3_camera_setting_tool_msgs/srv/_set_parameters.py
[31.793s] -- Symlinking: /home/brone-ub/brone_main_ws/install/op3_camera_setting_tool_msgs/lib/python3.12/site-packages/op3_camera_setting_tool_msgs/srv/_set_parameters_s.c
[31.810s] -- Up-to-date symlink: /home/brone-ub/brone_main_ws/install/op3_camera_setting_tool_msgs/lib/python3.12/site-packages/op3_camera_setting_tool_msgs/op3_camera_setting_tool_msgs_s__rosidl_typesupport_fastrtps_c.so
[31.810s] -- Up-to-date symlink: /home/brone-ub/brone_main_ws/install/op3_camera_setting_tool_msgs/lib/python3.12/site-packages/op3_camera_setting_tool_msgs/op3_camera_setting_tool_msgs_s__rosidl_typesupport_introspection_c.so
[31.810s] -- Up-to-date symlink: /home/brone-ub/brone_main_ws/install/op3_camera_setting_tool_msgs/lib/python3.12/site-packages/op3_camera_setting_tool_msgs/op3_camera_setting_tool_msgs_s__rosidl_typesupport_c.so
[31.810s] -- Symlinking: /home/brone-ub/brone_main_ws/install/op3_camera_setting_tool_msgs/share/op3_camera_setting_tool_msgs/msg/CameraParams.idl
[31.824s] -- Symlinking: /home/brone-ub/brone_main_ws/install/op3_camera_setting_tool_msgs/share/op3_camera_setting_tool_msgs/msg/V4lParameter.idl
[31.834s] -- Symlinking: /home/brone-ub/brone_main_ws/install/op3_camera_setting_tool_msgs/share/op3_camera_setting_tool_msgs/msg/V4lParameters.idl
[31.849s] -- Symlinking: /home/brone-ub/brone_main_ws/install/op3_camera_setting_tool_msgs/share/op3_camera_setting_tool_msgs/srv/GetParameters.idl
[31.867s] -- Symlinking: /home/brone-ub/brone_main_ws/install/op3_camera_setting_tool_msgs/share/op3_camera_setting_tool_msgs/srv/SetParameters.idl
[31.885s] -- Symlinking: /home/brone-ub/brone_main_ws/install/op3_camera_setting_tool_msgs/share/op3_camera_setting_tool_msgs/msg/CameraParams.msg
[31.899s] -- Symlinking: /home/brone-ub/brone_main_ws/install/op3_camera_setting_tool_msgs/share/op3_camera_setting_tool_msgs/msg/V4lParameter.msg
[31.912s] -- Symlinking: /home/brone-ub/brone_main_ws/install/op3_camera_setting_tool_msgs/share/op3_camera_setting_tool_msgs/msg/V4lParameters.msg
[31.926s] -- Symlinking: /home/brone-ub/brone_main_ws/install/op3_camera_setting_tool_msgs/share/op3_camera_setting_tool_msgs/srv/GetParameters.srv
[31.943s] -- Symlinking: /home/brone-ub/brone_main_ws/install/op3_camera_setting_tool_msgs/share/op3_camera_setting_tool_msgs/srv/SetParameters.srv
[31.961s] -- Symlinking: /home/brone-ub/brone_main_ws/install/op3_camera_setting_tool_msgs/share/ament_index/resource_index/package_run_dependencies/op3_camera_setting_tool_msgs
[31.978s] -- Symlinking: /home/brone-ub/brone_main_ws/install/op3_camera_setting_tool_msgs/share/ament_index/resource_index/parent_prefix_path/op3_camera_setting_tool_msgs
[31.992s] -- Symlinking: /home/brone-ub/brone_main_ws/install/op3_camera_setting_tool_msgs/share/op3_camera_setting_tool_msgs/environment/ament_prefix_path.sh
[32.006s] -- Symlinking: /home/brone-ub/brone_main_ws/install/op3_camera_setting_tool_msgs/share/op3_camera_setting_tool_msgs/environment/ament_prefix_path.dsv
[32.022s] -- Symlinking: /home/brone-ub/brone_main_ws/install/op3_camera_setting_tool_msgs/share/op3_camera_setting_tool_msgs/environment/path.sh
[32.034s] -- Symlinking: /home/brone-ub/brone_main_ws/install/op3_camera_setting_tool_msgs/share/op3_camera_setting_tool_msgs/environment/path.dsv
[32.047s] -- Symlinking: /home/brone-ub/brone_main_ws/install/op3_camera_setting_tool_msgs/share/op3_camera_setting_tool_msgs/local_setup.bash
[32.061s] -- Symlinking: /home/brone-ub/brone_main_ws/install/op3_camera_setting_tool_msgs/share/op3_camera_setting_tool_msgs/local_setup.sh
[32.075s] -- Symlinking: /home/brone-ub/brone_main_ws/install/op3_camera_setting_tool_msgs/share/op3_camera_setting_tool_msgs/local_setup.zsh
[32.090s] -- Symlinking: /home/brone-ub/brone_main_ws/install/op3_camera_setting_tool_msgs/share/op3_camera_setting_tool_msgs/local_setup.dsv
[32.105s] -- Symlinking: /home/brone-ub/brone_main_ws/install/op3_camera_setting_tool_msgs/share/op3_camera_setting_tool_msgs/package.dsv
[32.117s] -- Symlinking: /home/brone-ub/brone_main_ws/install/op3_camera_setting_tool_msgs/share/ament_index/resource_index/packages/op3_camera_setting_tool_msgs
[32.132s] -- Symlinking: /home/brone-ub/brone_main_ws/install/op3_camera_setting_tool_msgs/share/op3_camera_setting_tool_msgs/cmake/rosidl_cmake-extras.cmake
[32.146s] -- Symlinking: /home/brone-ub/brone_main_ws/install/op3_camera_setting_tool_msgs/share/op3_camera_setting_tool_msgs/cmake/ament_cmake_export_dependencies-extras.cmake
[32.159s] -- Symlinking: /home/brone-ub/brone_main_ws/install/op3_camera_setting_tool_msgs/share/op3_camera_setting_tool_msgs/cmake/ament_cmake_export_include_directories-extras.cmake
[32.173s] -- Symlinking: /home/brone-ub/brone_main_ws/install/op3_camera_setting_tool_msgs/share/op3_camera_setting_tool_msgs/cmake/ament_cmake_export_libraries-extras.cmake
[32.186s] -- Symlinking: /home/brone-ub/brone_main_ws/install/op3_camera_setting_tool_msgs/share/op3_camera_setting_tool_msgs/cmake/ament_cmake_export_targets-extras.cmake
[32.200s] -- Symlinking: /home/brone-ub/brone_main_ws/install/op3_camera_setting_tool_msgs/share/op3_camera_setting_tool_msgs/cmake/rosidl_cmake_export_typesupport_targets-extras.cmake
[32.214s] -- Symlinking: /home/brone-ub/brone_main_ws/install/op3_camera_setting_tool_msgs/share/op3_camera_setting_tool_msgs/cmake/rosidl_cmake_export_typesupport_libraries-extras.cmake
[32.228s] -- Symlinking: /home/brone-ub/brone_main_ws/install/op3_camera_setting_tool_msgs/share/op3_camera_setting_tool_msgs/cmake/op3_camera_setting_tool_msgsConfig.cmake
[32.243s] -- Symlinking: /home/brone-ub/brone_main_ws/install/op3_camera_setting_tool_msgs/share/op3_camera_setting_tool_msgs/cmake/op3_camera_setting_tool_msgsConfig-version.cmake
[32.256s] -- Symlinking: /home/brone-ub/brone_main_ws/install/op3_camera_setting_tool_msgs/share/op3_camera_setting_tool_msgs/package.xml
[32.271s] -- Installing: /home/brone-ub/brone_main_ws/install/op3_camera_setting_tool_msgs/lib/libop3_camera_setting_tool_msgs__rosidl_generator_c.so
[32.271s] -- Set non-toolchain portion of runtime path of "/home/brone-ub/brone_main_ws/install/op3_camera_setting_tool_msgs/lib/libop3_camera_setting_tool_msgs__rosidl_generator_c.so" to ""
[32.271s] -- Installing: /home/brone-ub/brone_main_ws/install/op3_camera_setting_tool_msgs/lib/libop3_camera_setting_tool_msgs__rosidl_typesupport_fastrtps_c.so
[32.272s] -- Set non-toolchain portion of runtime path of "/home/brone-ub/brone_main_ws/install/op3_camera_setting_tool_msgs/lib/libop3_camera_setting_tool_msgs__rosidl_typesupport_fastrtps_c.so" to ""
[32.272s] -- Installing: /home/brone-ub/brone_main_ws/install/op3_camera_setting_tool_msgs/lib/libop3_camera_setting_tool_msgs__rosidl_typesupport_fastrtps_cpp.so
[32.272s] -- Set non-toolchain portion of runtime path of "/home/brone-ub/brone_main_ws/install/op3_camera_setting_tool_msgs/lib/libop3_camera_setting_tool_msgs__rosidl_typesupport_fastrtps_cpp.so" to ""
[32.272s] -- Installing: /home/brone-ub/brone_main_ws/install/op3_camera_setting_tool_msgs/lib/libop3_camera_setting_tool_msgs__rosidl_typesupport_introspection_c.so
[32.273s] -- Set non-toolchain portion of runtime path of "/home/brone-ub/brone_main_ws/install/op3_camera_setting_tool_msgs/lib/libop3_camera_setting_tool_msgs__rosidl_typesupport_introspection_c.so" to ""
[32.273s] -- Installing: /home/brone-ub/brone_main_ws/install/op3_camera_setting_tool_msgs/lib/libop3_camera_setting_tool_msgs__rosidl_typesupport_c.so
[32.273s] -- Set non-toolchain portion of runtime path of "/home/brone-ub/brone_main_ws/install/op3_camera_setting_tool_msgs/lib/libop3_camera_setting_tool_msgs__rosidl_typesupport_c.so" to ""
[32.273s] -- Installing: /home/brone-ub/brone_main_ws/install/op3_camera_setting_tool_msgs/lib/libop3_camera_setting_tool_msgs__rosidl_typesupport_introspection_cpp.so
[32.274s] -- Set non-toolchain portion of runtime path of "/home/brone-ub/brone_main_ws/install/op3_camera_setting_tool_msgs/lib/libop3_camera_setting_tool_msgs__rosidl_typesupport_introspection_cpp.so" to ""
[32.274s] -- Installing: /home/brone-ub/brone_main_ws/install/op3_camera_setting_tool_msgs/lib/libop3_camera_setting_tool_msgs__rosidl_typesupport_cpp.so
[32.274s] -- Set non-toolchain portion of runtime path of "/home/brone-ub/brone_main_ws/install/op3_camera_setting_tool_msgs/lib/libop3_camera_setting_tool_msgs__rosidl_typesupport_cpp.so" to ""
[32.357s] Listing '/home/brone-ub/brone_main_ws/install/op3_camera_setting_tool_msgs/lib/python3.12/site-packages/op3_camera_setting_tool_msgs'...
[32.358s] Compiling '/home/brone-ub/brone_main_ws/install/op3_camera_setting_tool_msgs/lib/python3.12/site-packages/op3_camera_setting_tool_msgs/__init__.py'...
[32.358s] Listing '/home/brone-ub/brone_main_ws/install/op3_camera_setting_tool_msgs/lib/python3.12/site-packages/op3_camera_setting_tool_msgs/msg'...
[32.358s] Compiling '/home/brone-ub/brone_main_ws/install/op3_camera_setting_tool_msgs/lib/python3.12/site-packages/op3_camera_setting_tool_msgs/msg/__init__.py'...
[32.358s] Compiling '/home/brone-ub/brone_main_ws/install/op3_camera_setting_tool_msgs/lib/python3.12/site-packages/op3_camera_setting_tool_msgs/msg/_camera_params.py'...
[32.358s] Compiling '/home/brone-ub/brone_main_ws/install/op3_camera_setting_tool_msgs/lib/python3.12/site-packages/op3_camera_setting_tool_msgs/msg/_v4l_parameter.py'...
[32.358s] Compiling '/home/brone-ub/brone_main_ws/install/op3_camera_setting_tool_msgs/lib/python3.12/site-packages/op3_camera_setting_tool_msgs/msg/_v4l_parameters.py'...
[32.358s] Listing '/home/brone-ub/brone_main_ws/install/op3_camera_setting_tool_msgs/lib/python3.12/site-packages/op3_camera_setting_tool_msgs/srv'...
[32.359s] Compiling '/home/brone-ub/brone_main_ws/install/op3_camera_setting_tool_msgs/lib/python3.12/site-packages/op3_camera_setting_tool_msgs/srv/__init__.py'...
[32.359s] Compiling '/home/brone-ub/brone_main_ws/install/op3_camera_setting_tool_msgs/lib/python3.12/site-packages/op3_camera_setting_tool_msgs/srv/_get_parameters.py'...
[32.359s] Compiling '/home/brone-ub/brone_main_ws/install/op3_camera_setting_tool_msgs/lib/python3.12/site-packages/op3_camera_setting_tool_msgs/srv/_set_parameters.py'...
[32.366s] -- Installing: /home/brone-ub/brone_main_ws/install/op3_camera_setting_tool_msgs/lib/libop3_camera_setting_tool_msgs__rosidl_generator_py.so
[32.367s] -- Set non-toolchain portion of runtime path of "/home/brone-ub/brone_main_ws/install/op3_camera_setting_tool_msgs/lib/libop3_camera_setting_tool_msgs__rosidl_generator_py.so" to ""
[32.367s] -- Installing: /home/brone-ub/brone_main_ws/install/op3_camera_setting_tool_msgs/share/op3_camera_setting_tool_msgs/cmake/export_op3_camera_setting_tool_msgs__rosidl_generator_cExport.cmake
[32.367s] -- Installing: /home/brone-ub/brone_main_ws/install/op3_camera_setting_tool_msgs/share/op3_camera_setting_tool_msgs/cmake/export_op3_camera_setting_tool_msgs__rosidl_generator_cExport-release.cmake
[32.367s] -- Installing: /home/brone-ub/brone_main_ws/install/op3_camera_setting_tool_msgs/share/op3_camera_setting_tool_msgs/cmake/export_op3_camera_setting_tool_msgs__rosidl_typesupport_fastrtps_cExport.cmake
[32.367s] -- Installing: /home/brone-ub/brone_main_ws/install/op3_camera_setting_tool_msgs/share/op3_camera_setting_tool_msgs/cmake/export_op3_camera_setting_tool_msgs__rosidl_typesupport_fastrtps_cExport-release.cmake
[32.368s] -- Installing: /home/brone-ub/brone_main_ws/install/op3_camera_setting_tool_msgs/share/op3_camera_setting_tool_msgs/cmake/export_op3_camera_setting_tool_msgs__rosidl_generator_cppExport.cmake
[32.368s] -- Installing: /home/brone-ub/brone_main_ws/install/op3_camera_setting_tool_msgs/share/op3_camera_setting_tool_msgs/cmake/export_op3_camera_setting_tool_msgs__rosidl_typesupport_fastrtps_cppExport.cmake
[32.368s] -- Installing: /home/brone-ub/brone_main_ws/install/op3_camera_setting_tool_msgs/share/op3_camera_setting_tool_msgs/cmake/export_op3_camera_setting_tool_msgs__rosidl_typesupport_fastrtps_cppExport-release.cmake
[32.368s] -- Installing: /home/brone-ub/brone_main_ws/install/op3_camera_setting_tool_msgs/share/op3_camera_setting_tool_msgs/cmake/op3_camera_setting_tool_msgs__rosidl_typesupport_introspection_cExport.cmake
[32.368s] -- Installing: /home/brone-ub/brone_main_ws/install/op3_camera_setting_tool_msgs/share/op3_camera_setting_tool_msgs/cmake/op3_camera_setting_tool_msgs__rosidl_typesupport_introspection_cExport-release.cmake
[32.368s] -- Installing: /home/brone-ub/brone_main_ws/install/op3_camera_setting_tool_msgs/share/op3_camera_setting_tool_msgs/cmake/op3_camera_setting_tool_msgs__rosidl_typesupport_cExport.cmake
[32.369s] -- Installing: /home/brone-ub/brone_main_ws/install/op3_camera_setting_tool_msgs/share/op3_camera_setting_tool_msgs/cmake/op3_camera_setting_tool_msgs__rosidl_typesupport_cExport-release.cmake
[32.369s] -- Installing: /home/brone-ub/brone_main_ws/install/op3_camera_setting_tool_msgs/share/op3_camera_setting_tool_msgs/cmake/op3_camera_setting_tool_msgs__rosidl_typesupport_introspection_cppExport.cmake
[32.369s] -- Installing: /home/brone-ub/brone_main_ws/install/op3_camera_setting_tool_msgs/share/op3_camera_setting_tool_msgs/cmake/op3_camera_setting_tool_msgs__rosidl_typesupport_introspection_cppExport-release.cmake
[32.369s] -- Installing: /home/brone-ub/brone_main_ws/install/op3_camera_setting_tool_msgs/share/op3_camera_setting_tool_msgs/cmake/op3_camera_setting_tool_msgs__rosidl_typesupport_cppExport.cmake
[32.369s] -- Installing: /home/brone-ub/brone_main_ws/install/op3_camera_setting_tool_msgs/share/op3_camera_setting_tool_msgs/cmake/op3_camera_setting_tool_msgs__rosidl_typesupport_cppExport-release.cmake
[32.369s] -- Installing: /home/brone-ub/brone_main_ws/install/op3_camera_setting_tool_msgs/share/op3_camera_setting_tool_msgs/cmake/export_op3_camera_setting_tool_msgs__rosidl_generator_pyExport.cmake
[32.370s] -- Installing: /home/brone-ub/brone_main_ws/install/op3_camera_setting_tool_msgs/share/op3_camera_setting_tool_msgs/cmake/export_op3_camera_setting_tool_msgs__rosidl_generator_pyExport-release.cmake
[32.376s] Invoked command in '/home/brone-ub/brone_main_ws/build/op3_camera_setting_tool_msgs' returned '0': CMAKE_PREFIX_PATH=${CMAKE_PREFIX_PATH}:/home/brone-ub/robotis_ws/install/algo_gaze:/home/brone-ub/robotis_ws/install/brone_gaze:/opt/ros/jazzy DEBUGINFOD_URLS=https://debuginfod.ubuntu.com PS1=(.venv) \[\e]0;\u@\h: \w\a\]${debian_chroot:+($debian_chroot)}\[\033[01;32m\]\u@\h\[\033[00m\]:\[\033[01;34m\]\w\[\033[00m\]\$ VIRTUAL_ENV_PROMPT=(.venv) /usr/bin/cmake --install /home/brone-ub/brone_main_ws/build/op3_camera_setting_tool_msgs
