-- The C compiler identification is GNU 13.3.0
-- The CXX compiler identification is GNU 13.3.0
-- Detecting C compiler ABI info
-- Detecting C compiler ABI info - done
-- Check for working C compiler: /usr/bin/cc - skipped
-- Detecting C compile features
-- Detecting C compile features - done
-- Detecting CXX compiler ABI info
-- Detecting CXX compiler ABI info - done
-- Check for working CXX compiler: /usr/bin/c++ - skipped
-- Detecting CXX compile features
-- Detecting CXX compile features - done
-- Found ament_cmake: 2.5.4 (/opt/ros/jazzy/share/ament_cmake/cmake)
-- Found Python3: /home/brone-ub/robotis_ws/.venv/bin/python3 (found version "3.12.3") found components: Interpreter 
-- Override CMake install command with custom implementation using symlinks instead of copying resources
-- Found ament_index_cpp: 1.8.1 (/opt/ros/jazzy/share/ament_index_cpp/cmake)
-- Found rclcpp: 28.1.12 (/opt/ros/jazzy/share/rclcpp/cmake)
-- Found rosidl_generator_c: 4.6.6 (/opt/ros/jazzy/share/rosidl_generator_c/cmake)
-- Found rosidl_generator_cpp: 4.6.6 (/opt/ros/jazzy/share/rosidl_generator_cpp/cmake)
-- Using all available rosidl_typesupport_c: rosidl_typesupport_fastrtps_c;rosidl_typesupport_introspection_c
-- Using all available rosidl_typesupport_cpp: rosidl_typesupport_fastrtps_cpp;rosidl_typesupport_introspection_cpp
-- Found rmw_implementation_cmake: 7.3.2 (/opt/ros/jazzy/share/rmw_implementation_cmake/cmake)
-- Found rmw_cyclonedds_cpp: 2.2.3 (/opt/ros/jazzy/share/rmw_cyclonedds_cpp/cmake)
-- Using RMW implementation 'rmw_cyclonedds_cpp' as default
-- Found std_msgs: 5.3.6 (/opt/ros/jazzy/share/std_msgs/cmake)
-- Found sensor_msgs: 5.3.6 (/opt/ros/jazzy/share/sensor_msgs/cmake)
-- Found robotis_controller_msgs: 0.1.4 (/home/brone-ub/brone_main_ws/install/robotis_controller_msgs/share/robotis_controller_msgs/cmake)
-- Found op3_walking_module_msgs: 0.1.1 (/home/brone-ub/brone_main_ws/install/op3_walking_module_msgs/share/op3_walking_module_msgs/cmake)
-- Found op3_action_module_msgs: 0.1.1 (/home/brone-ub/brone_main_ws/install/op3_action_module_msgs/share/op3_action_module_msgs/cmake)
-- Found robotis_math: 0.2.6 (/home/brone-ub/brone_main_ws/install/robotis_math/share/robotis_math/cmake)
-- Found op3_ball_detector: 0.1.0 (/home/brone-ub/brone_main_ws/install/op3_ball_detector/share/op3_ball_detector/cmake)
-- Found op3_ball_detector_msgs: 0.1.0 (/home/brone-ub/brone_main_ws/install/op3_ball_detector_msgs/share/op3_ball_detector_msgs/cmake)
-- Found Boost: /usr/lib/x86_64-linux-gnu/cmake/Boost-1.83.0/BoostConfig.cmake (found version "1.83.0") found components: thread 
-- Found PkgConfig: /usr/bin/pkg-config (found version "1.8.1") 
-- Checking for module 'yaml-cpp'
--   Found yaml-cpp, version 0.8.0
-- Configuring done (1.7s)
-- Generating done (0.0s)
-- Build files have been written to: /home/brone-ub/brone_main_ws/build/op3_demo
[  5%] [32mBuilding CXX object CMakeFiles/self_test_node.dir/src/test/mic_test.cpp.o[0m
[ 22%] [32mBuilding CXX object CMakeFiles/self_test_node.dir/src/soccer/ball_tracker.cpp.o[0m
[ 22%] [32mBuilding CXX object CMakeFiles/self_test_node.dir/src/vision/face_tracker.cpp.o[0m
[ 22%] [32mBuilding CXX object CMakeFiles/self_test_node.dir/src/action/action_demo.cpp.o[0m
[ 27%] [32mBuilding CXX object CMakeFiles/op_demo_node.dir/src/vision/vision_demo.cpp.o[0m
[ 33%] [32mBuilding CXX object CMakeFiles/self_test_node.dir/src/vision/vision_demo.cpp.o[0m
[ 44%] [32mBuilding CXX object CMakeFiles/op_demo_node.dir/src/soccer/ball_follower.cpp.o[0m
[ 44%] [32mBuilding CXX object CMakeFiles/self_test_node.dir/src/test/button_test.cpp.o[0m
[ 50%] [32mBuilding CXX object CMakeFiles/op_demo_node.dir/src/demo_node.cpp.o[0m
[ 55%] [32mBuilding CXX object CMakeFiles/op_demo_node.dir/src/soccer/soccer_demo.cpp.o[0m
[ 66%] [32mBuilding CXX object CMakeFiles/op_demo_node.dir/src/soccer/ball_tracker.cpp.o[0m
[ 66%] [32mBuilding CXX object CMakeFiles/self_test_node.dir/src/soccer/ball_follower.cpp.o[0m
[ 72%] [32mBuilding CXX object CMakeFiles/self_test_node.dir/src/test_node.cpp.o[0m
[ 77%] [32mBuilding CXX object CMakeFiles/self_test_node.dir/src/soccer/soccer_demo.cpp.o[0m
[ 83%] [32mBuilding CXX object CMakeFiles/op_demo_node.dir/src/action/action_demo.cpp.o[0m
[ 88%] [32mBuilding CXX object CMakeFiles/op_demo_node.dir/src/vision/face_tracker.cpp.o[0m
[ 94%] [32m[1mLinking CXX executable self_test_node[0m
[100%] [32m[1mLinking CXX executable op_demo_node[0m
[100%] Built target self_test_node
[100%] Built target op_demo_node
-- Install configuration: "Release"
-- Execute custom install script
-- Symlinking: /home/brone-ub/brone_main_ws/install/op3_demo/lib/op3_demo/op_demo_node
-- Symlinking: /home/brone-ub/brone_main_ws/install/op3_demo/lib/op3_demo/self_test_node
-- Symlinking: /home/brone-ub/brone_main_ws/install/op3_demo/include/op3_demo/action_demo.h
-- Symlinking: /home/brone-ub/brone_main_ws/install/op3_demo/include/op3_demo/ball_follower.h
-- Symlinking: /home/brone-ub/brone_main_ws/install/op3_demo/include/op3_demo/ball_tracker.h
-- Symlinking: /home/brone-ub/brone_main_ws/install/op3_demo/include/op3_demo/button_test.h
-- Symlinking: /home/brone-ub/brone_main_ws/install/op3_demo/include/op3_demo/face_tracker.h
-- Symlinking: /home/brone-ub/brone_main_ws/install/op3_demo/include/op3_demo/mic_test.h
-- Symlinking: /home/brone-ub/brone_main_ws/install/op3_demo/include/op3_demo/op_demo.h
-- Symlinking: /home/brone-ub/brone_main_ws/install/op3_demo/include/op3_demo/soccer_demo.h
-- Symlinking: /home/brone-ub/brone_main_ws/install/op3_demo/include/op3_demo/vision_demo.h
-- Symlinking: /home/brone-ub/brone_main_ws/install/op3_demo/share/op3_demo/data/mp3/Autonomous soccer mode.mp3
-- Symlinking: /home/brone-ub/brone_main_ws/install/op3_demo/share/op3_demo/data/mp3/Bye bye.mp3
-- Symlinking: /home/brone-ub/brone_main_ws/install/op3_demo/share/op3_demo/data/mp3/Clap please.mp3
-- Symlinking: /home/brone-ub/brone_main_ws/install/op3_demo/share/op3_demo/data/mp3/Demonstration ready mode.mp3
-- Symlinking: /home/brone-ub/brone_main_ws/install/op3_demo/share/op3_demo/data/mp3/Headstand.mp3
-- Symlinking: /home/brone-ub/brone_main_ws/install/op3_demo/share/op3_demo/data/mp3/Interactive motion mode.mp3
-- Symlinking: /home/brone-ub/brone_main_ws/install/op3_demo/share/op3_demo/data/mp3/Intro01.mp3
-- Symlinking: /home/brone-ub/brone_main_ws/install/op3_demo/share/op3_demo/data/mp3/Intro02.mp3
-- Symlinking: /home/brone-ub/brone_main_ws/install/op3_demo/share/op3_demo/data/mp3/Intro03.mp3
-- Symlinking: /home/brone-ub/brone_main_ws/install/op3_demo/share/op3_demo/data/mp3/Introduction.mp3
-- Symlinking: /home/brone-ub/brone_main_ws/install/op3_demo/share/op3_demo/data/mp3/Left kick.mp3
-- Symlinking: /home/brone-ub/brone_main_ws/install/op3_demo/share/op3_demo/data/mp3/No.mp3
-- Symlinking: /home/brone-ub/brone_main_ws/install/op3_demo/share/op3_demo/data/mp3/Oops.mp3
-- Symlinking: /home/brone-ub/brone_main_ws/install/op3_demo/share/op3_demo/data/mp3/Right kick.mp3
-- Symlinking: /home/brone-ub/brone_main_ws/install/op3_demo/share/op3_demo/data/mp3/Sensor calibration complete.mp3
-- Symlinking: /home/brone-ub/brone_main_ws/install/op3_demo/share/op3_demo/data/mp3/Sensor calibration fail.mp3
-- Symlinking: /home/brone-ub/brone_main_ws/install/op3_demo/share/op3_demo/data/mp3/Shoot.mp3
-- Symlinking: /home/brone-ub/brone_main_ws/install/op3_demo/share/op3_demo/data/mp3/Sit down.mp3
-- Symlinking: /home/brone-ub/brone_main_ws/install/op3_demo/share/op3_demo/data/mp3/Stand up.mp3
-- Symlinking: /home/brone-ub/brone_main_ws/install/op3_demo/share/op3_demo/data/mp3/Start motion demonstration.mp3
-- Symlinking: /home/brone-ub/brone_main_ws/install/op3_demo/share/op3_demo/data/mp3/Start soccer demonstration.mp3
-- Symlinking: /home/brone-ub/brone_main_ws/install/op3_demo/share/op3_demo/data/mp3/Start vision processing demonstration.mp3
-- Symlinking: /home/brone-ub/brone_main_ws/install/op3_demo/share/op3_demo/data/mp3/System shutdown.mp3
-- Symlinking: /home/brone-ub/brone_main_ws/install/op3_demo/share/op3_demo/data/mp3/Thank you.mp3
-- Symlinking: /home/brone-ub/brone_main_ws/install/op3_demo/share/op3_demo/data/mp3/Vision processing mode.mp3
-- Symlinking: /home/brone-ub/brone_main_ws/install/op3_demo/share/op3_demo/data/mp3/Wow.mp3
-- Symlinking: /home/brone-ub/brone_main_ws/install/op3_demo/share/op3_demo/data/mp3/Yes go.mp3
-- Symlinking: /home/brone-ub/brone_main_ws/install/op3_demo/share/op3_demo/data/mp3/Yes.mp3
-- Symlinking: /home/brone-ub/brone_main_ws/install/op3_demo/share/op3_demo/data/mp3/intro_test.mp3
-- Symlinking: /home/brone-ub/brone_main_ws/install/op3_demo/share/op3_demo/data/mp3/test/Announce mic test.mp3
-- Symlinking: /home/brone-ub/brone_main_ws/install/op3_demo/share/op3_demo/data/mp3/test/Button test mode.mp3
-- Symlinking: /home/brone-ub/brone_main_ws/install/op3_demo/share/op3_demo/data/mp3/test/Mic test mode.mp3
-- Symlinking: /home/brone-ub/brone_main_ws/install/op3_demo/share/op3_demo/data/mp3/test/Mode button long pressed.mp3
-- Symlinking: /home/brone-ub/brone_main_ws/install/op3_demo/share/op3_demo/data/mp3/test/Mode button pressed.mp3
-- Symlinking: /home/brone-ub/brone_main_ws/install/op3_demo/share/op3_demo/data/mp3/test/Self test ready mode.mp3
-- Symlinking: /home/brone-ub/brone_main_ws/install/op3_demo/share/op3_demo/data/mp3/test/Start button long pressed.mp3
-- Symlinking: /home/brone-ub/brone_main_ws/install/op3_demo/share/op3_demo/data/mp3/test/Start button pressed.mp3
-- Symlinking: /home/brone-ub/brone_main_ws/install/op3_demo/share/op3_demo/data/mp3/test/Start button test mode.mp3
-- Symlinking: /home/brone-ub/brone_main_ws/install/op3_demo/share/op3_demo/data/mp3/test/Start mic test mode.mp3
-- Symlinking: /home/brone-ub/brone_main_ws/install/op3_demo/share/op3_demo/data/mp3/test/Start playing.mp3
-- Symlinking: /home/brone-ub/brone_main_ws/install/op3_demo/share/op3_demo/data/mp3/test/Start recording.mp3
-- Symlinking: /home/brone-ub/brone_main_ws/install/op3_demo/share/op3_demo/data/mp3/test/User button long pressed.mp3
-- Symlinking: /home/brone-ub/brone_main_ws/install/op3_demo/share/op3_demo/data/mp3/test/User button pressed.mp3
-- Symlinking: /home/brone-ub/brone_main_ws/install/op3_demo/share/op3_demo/launch/demo.launch.xml
-- Symlinking: /home/brone-ub/brone_main_ws/install/op3_demo/share/op3_demo/launch/face_detection_op3.launch.xml
-- Symlinking: /home/brone-ub/brone_main_ws/install/op3_demo/share/op3_demo/launch/self_test.launch.xml
-- Symlinking: /home/brone-ub/brone_main_ws/install/op3_demo/share/op3_demo/list/action_script.yaml
-- Symlinking: /home/brone-ub/brone_main_ws/install/op3_demo/share/op3_demo/list/action_script_bk.yaml
-- Symlinking: /home/brone-ub/brone_main_ws/install/op3_demo/share/ament_index/resource_index/package_run_dependencies/op3_demo
-- Symlinking: /home/brone-ub/brone_main_ws/install/op3_demo/share/ament_index/resource_index/parent_prefix_path/op3_demo
-- Symlinking: /home/brone-ub/brone_main_ws/install/op3_demo/share/op3_demo/environment/ament_prefix_path.sh
-- Symlinking: /home/brone-ub/brone_main_ws/install/op3_demo/share/op3_demo/environment/ament_prefix_path.dsv
-- Symlinking: /home/brone-ub/brone_main_ws/install/op3_demo/share/op3_demo/environment/path.sh
-- Symlinking: /home/brone-ub/brone_main_ws/install/op3_demo/share/op3_demo/environment/path.dsv
-- Symlinking: /home/brone-ub/brone_main_ws/install/op3_demo/share/op3_demo/local_setup.bash
-- Symlinking: /home/brone-ub/brone_main_ws/install/op3_demo/share/op3_demo/local_setup.sh
-- Symlinking: /home/brone-ub/brone_main_ws/install/op3_demo/share/op3_demo/local_setup.zsh
-- Symlinking: /home/brone-ub/brone_main_ws/install/op3_demo/share/op3_demo/local_setup.dsv
-- Symlinking: /home/brone-ub/brone_main_ws/install/op3_demo/share/op3_demo/package.dsv
-- Symlinking: /home/brone-ub/brone_main_ws/install/op3_demo/share/ament_index/resource_index/packages/op3_demo
-- Symlinking: /home/brone-ub/brone_main_ws/install/op3_demo/share/op3_demo/cmake/op3_demoConfig.cmake
-- Symlinking: /home/brone-ub/brone_main_ws/install/op3_demo/share/op3_demo/cmake/op3_demoConfig-version.cmake
-- Symlinking: /home/brone-ub/brone_main_ws/install/op3_demo/share/op3_demo/package.xml
