-- The C compiler identification is GNU 13.3.0
-- The CXX compiler identification is GNU 13.3.0
-- Detecting C compiler ABI info
-- Detecting C compiler ABI info - done
-- Check for working C compiler: /usr/bin/cc - skipped
-- Detecting C compile features
-- Detecting C compile features - done
-- Detecting CXX compiler ABI info
-- Detecting CXX compiler ABI info - done
-- Check for working CXX compiler: /usr/bin/c++ - skipped
-- Detecting CXX compile features
-- Detecting CXX compile features - done
-- Found ament_cmake: 2.5.4 (/opt/ros/jazzy/share/ament_cmake/cmake)
-- Found Python3: /home/brone-ub/robotis_ws/.venv/bin/python3 (found version "3.12.3") found components: Interpreter 
-- Override CMake install command with custom implementation using symlinks instead of copying resources
-- Found std_msgs: 5.3.6 (/opt/ros/jazzy/share/std_msgs/cmake)
-- Found rosidl_generator_c: 4.6.6 (/opt/ros/jazzy/share/rosidl_generator_c/cmake)
-- Found rosidl_generator_cpp: 4.6.6 (/opt/ros/jazzy/share/rosidl_generator_cpp/cmake)
-- Using all available rosidl_typesupport_c: rosidl_typesupport_fastrtps_c;rosidl_typesupport_introspection_c
-- Using all available rosidl_typesupport_cpp: rosidl_typesupport_fastrtps_cpp;rosidl_typesupport_introspection_cpp
-- Found rosidl_default_generators: 1.6.0 (/opt/ros/jazzy/share/rosidl_default_generators/cmake)
-- Found rosidl_adapter: 4.6.6 (/opt/ros/jazzy/share/rosidl_adapter/cmake)
-- Found ament_cmake_ros: 0.12.0 (/opt/ros/jazzy/share/ament_cmake_ros/cmake)
-- Using all available rosidl_typesupport_c: rosidl_typesupport_fastrtps_c;rosidl_typesupport_introspection_c
-- Using all available rosidl_typesupport_cpp: rosidl_typesupport_fastrtps_cpp;rosidl_typesupport_introspection_cpp
-- Found python_cmake_module: 0.11.1 (/opt/ros/jazzy/share/python_cmake_module/cmake)
-- Found PythonExtra: /home/brone-ub/robotis_ws/.venv/bin/python3  
-- Found Python3: /home/brone-ub/robotis_ws/.venv/bin/python3 (found version "3.12.3") found components: Interpreter Development NumPy Development.Module Development.Embed 
-- Configuring done (7.1s)
-- Generating done (0.1s)
-- Build files have been written to: /home/brone-ub/brone_main_ws/build/op3_action_module_msgs
[  2%] [34m[1mGenerating type hashes for ROS interfaces[0m
[  2%] Built target ament_cmake_python_symlink_op3_action_module_msgs
running egg_info
creating op3_action_module_msgs.egg-info
writing op3_action_module_msgs.egg-info/PKG-INFO
writing dependency_links to op3_action_module_msgs.egg-info/dependency_links.txt
writing top-level names to op3_action_module_msgs.egg-info/top_level.txt
writing manifest file 'op3_action_module_msgs.egg-info/SOURCES.txt'
reading manifest file 'op3_action_module_msgs.egg-info/SOURCES.txt'
writing manifest file 'op3_action_module_msgs.egg-info/SOURCES.txt'
[  2%] Built target ament_cmake_python_build_op3_action_module_msgs_egg
[  2%] Built target op3_action_module_msgs__rosidl_generator_type_description
[  4%] [34m[1mGenerating C code for ROS interfaces[0m
[  6%] [34m[1mGenerating C++ code for ROS interfaces[0m
[  6%] Built target op3_action_module_msgs__cpp
[  9%] [32mBuilding C object CMakeFiles/op3_action_module_msgs__rosidl_generator_c.dir/rosidl_generator_c/op3_action_module_msgs/srv/detail/is_running__description.c.o[0m
[ 11%] [32mBuilding C object CMakeFiles/op3_action_module_msgs__rosidl_generator_c.dir/rosidl_generator_c/op3_action_module_msgs/srv/detail/is_running__functions.c.o[0m
[ 13%] [32mBuilding C object CMakeFiles/op3_action_module_msgs__rosidl_generator_c.dir/rosidl_generator_c/op3_action_module_msgs/srv/detail/is_running__type_support.c.o[0m
[ 15%] [32mBuilding C object CMakeFiles/op3_action_module_msgs__rosidl_generator_c.dir/rosidl_generator_c/op3_action_module_msgs/msg/detail/start_action__description.c.o[0m
[ 18%] [32mBuilding C object CMakeFiles/op3_action_module_msgs__rosidl_generator_c.dir/rosidl_generator_c/op3_action_module_msgs/msg/detail/start_action__functions.c.o[0m
[ 20%] [32mBuilding C object CMakeFiles/op3_action_module_msgs__rosidl_generator_c.dir/rosidl_generator_c/op3_action_module_msgs/msg/detail/start_action__type_support.c.o[0m
[ 22%] [32m[1mLinking C shared library libop3_action_module_msgs__rosidl_generator_c.so[0m
[ 22%] Built target op3_action_module_msgs__rosidl_generator_c
[ 25%] [34m[1mGenerating C++ type support dispatch for ROS interfaces[0m
[ 27%] [34m[1mGenerating C introspection for ROS interfaces[0m
[ 29%] [34m[1mGenerating C type support dispatch for ROS interfaces[0m
[ 31%] [34m[1mGenerating C type support for eProsima Fast-RTPS[0m
[ 34%] [34m[1mGenerating C++ introspection for ROS interfaces[0m
[ 36%] [34m[1mGenerating C++ type support for eProsima Fast-RTPS[0m
[ 38%] [32mBuilding CXX object CMakeFiles/op3_action_module_msgs__rosidl_typesupport_introspection_cpp.dir/rosidl_typesupport_introspection_cpp/op3_action_module_msgs/srv/detail/is_running__type_support.cpp.o[0m
[ 40%] [32mBuilding CXX object CMakeFiles/op3_action_module_msgs__rosidl_typesupport_introspection_cpp.dir/rosidl_typesupport_introspection_cpp/op3_action_module_msgs/msg/detail/start_action__type_support.cpp.o[0m
[ 43%] [32mBuilding CXX object CMakeFiles/op3_action_module_msgs__rosidl_typesupport_fastrtps_cpp.dir/rosidl_typesupport_fastrtps_cpp/op3_action_module_msgs/srv/detail/dds_fastrtps/is_running__type_support.cpp.o[0m
[ 45%] [32mBuilding CXX object CMakeFiles/op3_action_module_msgs__rosidl_typesupport_fastrtps_cpp.dir/rosidl_typesupport_fastrtps_cpp/op3_action_module_msgs/msg/detail/dds_fastrtps/start_action__type_support.cpp.o[0m
[ 47%] [32mBuilding CXX object CMakeFiles/op3_action_module_msgs__rosidl_typesupport_c.dir/rosidl_typesupport_c/op3_action_module_msgs/msg/start_action__type_support.cpp.o[0m
[ 50%] [32mBuilding CXX object CMakeFiles/op3_action_module_msgs__rosidl_typesupport_c.dir/rosidl_typesupport_c/op3_action_module_msgs/srv/is_running__type_support.cpp.o[0m
[ 52%] [32mBuilding CXX object CMakeFiles/op3_action_module_msgs__rosidl_typesupport_cpp.dir/rosidl_typesupport_cpp/op3_action_module_msgs/msg/start_action__type_support.cpp.o[0m
[ 54%] [32mBuilding CXX object CMakeFiles/op3_action_module_msgs__rosidl_typesupport_cpp.dir/rosidl_typesupport_cpp/op3_action_module_msgs/srv/is_running__type_support.cpp.o[0m
[ 56%] [32mBuilding C object CMakeFiles/op3_action_module_msgs__rosidl_typesupport_introspection_c.dir/rosidl_typesupport_introspection_c/op3_action_module_msgs/srv/detail/is_running__type_support.c.o[0m
[ 59%] [32mBuilding C object CMakeFiles/op3_action_module_msgs__rosidl_typesupport_introspection_c.dir/rosidl_typesupport_introspection_c/op3_action_module_msgs/msg/detail/start_action__type_support.c.o[0m
[ 61%] [32m[1mLinking CXX shared library libop3_action_module_msgs__rosidl_typesupport_c.so[0m
[ 61%] Built target op3_action_module_msgs__rosidl_typesupport_c
[ 63%] [32m[1mLinking C shared library libop3_action_module_msgs__rosidl_typesupport_introspection_c.so[0m
[ 63%] Built target op3_action_module_msgs__rosidl_typesupport_introspection_c
[ 65%] [32mBuilding CXX object CMakeFiles/op3_action_module_msgs__rosidl_typesupport_fastrtps_c.dir/rosidl_typesupport_fastrtps_c/op3_action_module_msgs/msg/detail/start_action__type_support_c.cpp.o[0m
[ 68%] [32mBuilding CXX object CMakeFiles/op3_action_module_msgs__rosidl_typesupport_fastrtps_c.dir/rosidl_typesupport_fastrtps_c/op3_action_module_msgs/srv/detail/is_running__type_support_c.cpp.o[0m
[ 70%] [32m[1mLinking CXX shared library libop3_action_module_msgs__rosidl_typesupport_introspection_cpp.so[0m
[ 70%] Built target op3_action_module_msgs__rosidl_typesupport_introspection_cpp
[ 72%] [32m[1mLinking CXX shared library libop3_action_module_msgs__rosidl_typesupport_cpp.so[0m
[ 72%] Built target op3_action_module_msgs__rosidl_typesupport_cpp
[ 75%] [32m[1mLinking CXX shared library libop3_action_module_msgs__rosidl_typesupport_fastrtps_cpp.so[0m
[ 77%] [32m[1mLinking CXX shared library libop3_action_module_msgs__rosidl_typesupport_fastrtps_c.so[0m
[ 77%] Built target op3_action_module_msgs__rosidl_typesupport_fastrtps_cpp
[ 77%] Built target op3_action_module_msgs__rosidl_typesupport_fastrtps_c
[ 77%] Built target op3_action_module_msgs
[ 79%] [34m[1mGenerating Python code for ROS interfaces[0m
[ 79%] Built target op3_action_module_msgs__py
[ 81%] [32mBuilding C object CMakeFiles/op3_action_module_msgs__rosidl_generator_py.dir/rosidl_generator_py/op3_action_module_msgs/msg/_start_action_s.c.o[0m
[ 84%] [32mBuilding C object CMakeFiles/op3_action_module_msgs__rosidl_generator_py.dir/rosidl_generator_py/op3_action_module_msgs/srv/_is_running_s.c.o[0m
[ 86%] [32m[1mLinking C shared library libop3_action_module_msgs__rosidl_generator_py.so[0m
[ 86%] Built target op3_action_module_msgs__rosidl_generator_py
[ 88%] [32mBuilding C object CMakeFiles/op3_action_module_msgs_s__rosidl_typesupport_fastrtps_c.dir/rosidl_generator_py/op3_action_module_msgs/_op3_action_module_msgs_s.ep.rosidl_typesupport_fastrtps_c.c.o[0m
[ 90%] [32m[1mLinking C shared module rosidl_generator_py/op3_action_module_msgs/op3_action_module_msgs_s__rosidl_typesupport_fastrtps_c.so[0m
[ 90%] Built target op3_action_module_msgs_s__rosidl_typesupport_fastrtps_c
[ 93%] [32mBuilding C object CMakeFiles/op3_action_module_msgs_s__rosidl_typesupport_c.dir/rosidl_generator_py/op3_action_module_msgs/_op3_action_module_msgs_s.ep.rosidl_typesupport_c.c.o[0m
[ 95%] [32m[1mLinking C shared module rosidl_generator_py/op3_action_module_msgs/op3_action_module_msgs_s__rosidl_typesupport_c.so[0m
[ 95%] Built target op3_action_module_msgs_s__rosidl_typesupport_c
[ 97%] [32mBuilding C object CMakeFiles/op3_action_module_msgs_s__rosidl_typesupport_introspection_c.dir/rosidl_generator_py/op3_action_module_msgs/_op3_action_module_msgs_s.ep.rosidl_typesupport_introspection_c.c.o[0m
[100%] [32m[1mLinking C shared module rosidl_generator_py/op3_action_module_msgs/op3_action_module_msgs_s__rosidl_typesupport_introspection_c.so[0m
[100%] Built target op3_action_module_msgs_s__rosidl_typesupport_introspection_c
-- Install configuration: "Release"
-- Execute custom install script
-- Symlinking: /home/brone-ub/brone_main_ws/install/op3_action_module_msgs/share/ament_index/resource_index/rosidl_interfaces/op3_action_module_msgs
-- Symlinking: /home/brone-ub/brone_main_ws/install/op3_action_module_msgs/share/op3_action_module_msgs/msg/StartAction.json
-- Symlinking: /home/brone-ub/brone_main_ws/install/op3_action_module_msgs/share/op3_action_module_msgs/srv/IsRunning.json
-- Symlinking: /home/brone-ub/brone_main_ws/install/op3_action_module_msgs/include/op3_action_module_msgs/op3_action_module_msgs/msg/detail/start_action__functions.h
-- Symlinking: /home/brone-ub/brone_main_ws/install/op3_action_module_msgs/include/op3_action_module_msgs/op3_action_module_msgs/msg/detail/start_action__struct.h
-- Symlinking: /home/brone-ub/brone_main_ws/install/op3_action_module_msgs/include/op3_action_module_msgs/op3_action_module_msgs/msg/detail/start_action__type_support.h
-- Symlinking: /home/brone-ub/brone_main_ws/install/op3_action_module_msgs/include/op3_action_module_msgs/op3_action_module_msgs/msg/rosidl_generator_c__visibility_control.h
-- Symlinking: /home/brone-ub/brone_main_ws/install/op3_action_module_msgs/include/op3_action_module_msgs/op3_action_module_msgs/msg/start_action.h
-- Symlinking: /home/brone-ub/brone_main_ws/install/op3_action_module_msgs/include/op3_action_module_msgs/op3_action_module_msgs/srv/detail/is_running__functions.h
-- Symlinking: /home/brone-ub/brone_main_ws/install/op3_action_module_msgs/include/op3_action_module_msgs/op3_action_module_msgs/srv/detail/is_running__struct.h
-- Symlinking: /home/brone-ub/brone_main_ws/install/op3_action_module_msgs/include/op3_action_module_msgs/op3_action_module_msgs/srv/detail/is_running__type_support.h
-- Symlinking: /home/brone-ub/brone_main_ws/install/op3_action_module_msgs/include/op3_action_module_msgs/op3_action_module_msgs/srv/is_running.h
-- Symlinking: /home/brone-ub/brone_main_ws/install/op3_action_module_msgs/share/op3_action_module_msgs/environment/library_path.sh
-- Symlinking: /home/brone-ub/brone_main_ws/install/op3_action_module_msgs/share/op3_action_module_msgs/environment/library_path.dsv
-- Symlinking: /home/brone-ub/brone_main_ws/install/op3_action_module_msgs/include/op3_action_module_msgs/op3_action_module_msgs/msg/detail/start_action__rosidl_typesupport_fastrtps_c.h
-- Symlinking: /home/brone-ub/brone_main_ws/install/op3_action_module_msgs/include/op3_action_module_msgs/op3_action_module_msgs/msg/rosidl_typesupport_fastrtps_c__visibility_control.h
-- Symlinking: /home/brone-ub/brone_main_ws/install/op3_action_module_msgs/include/op3_action_module_msgs/op3_action_module_msgs/srv/detail/is_running__rosidl_typesupport_fastrtps_c.h
-- Symlinking: /home/brone-ub/brone_main_ws/install/op3_action_module_msgs/include/op3_action_module_msgs/op3_action_module_msgs/msg/detail/start_action__builder.hpp
-- Symlinking: /home/brone-ub/brone_main_ws/install/op3_action_module_msgs/include/op3_action_module_msgs/op3_action_module_msgs/msg/detail/start_action__struct.hpp
-- Symlinking: /home/brone-ub/brone_main_ws/install/op3_action_module_msgs/include/op3_action_module_msgs/op3_action_module_msgs/msg/detail/start_action__traits.hpp
-- Symlinking: /home/brone-ub/brone_main_ws/install/op3_action_module_msgs/include/op3_action_module_msgs/op3_action_module_msgs/msg/detail/start_action__type_support.hpp
-- Symlinking: /home/brone-ub/brone_main_ws/install/op3_action_module_msgs/include/op3_action_module_msgs/op3_action_module_msgs/msg/rosidl_generator_cpp__visibility_control.hpp
-- Symlinking: /home/brone-ub/brone_main_ws/install/op3_action_module_msgs/include/op3_action_module_msgs/op3_action_module_msgs/msg/start_action.hpp
-- Symlinking: /home/brone-ub/brone_main_ws/install/op3_action_module_msgs/include/op3_action_module_msgs/op3_action_module_msgs/srv/detail/is_running__builder.hpp
-- Symlinking: /home/brone-ub/brone_main_ws/install/op3_action_module_msgs/include/op3_action_module_msgs/op3_action_module_msgs/srv/detail/is_running__struct.hpp
-- Symlinking: /home/brone-ub/brone_main_ws/install/op3_action_module_msgs/include/op3_action_module_msgs/op3_action_module_msgs/srv/detail/is_running__traits.hpp
-- Symlinking: /home/brone-ub/brone_main_ws/install/op3_action_module_msgs/include/op3_action_module_msgs/op3_action_module_msgs/srv/detail/is_running__type_support.hpp
-- Symlinking: /home/brone-ub/brone_main_ws/install/op3_action_module_msgs/include/op3_action_module_msgs/op3_action_module_msgs/srv/is_running.hpp
-- Symlinking: /home/brone-ub/brone_main_ws/install/op3_action_module_msgs/include/op3_action_module_msgs/op3_action_module_msgs/msg/detail/start_action__rosidl_typesupport_fastrtps_cpp.hpp
-- Symlinking: /home/brone-ub/brone_main_ws/install/op3_action_module_msgs/include/op3_action_module_msgs/op3_action_module_msgs/msg/rosidl_typesupport_fastrtps_cpp__visibility_control.h
-- Symlinking: /home/brone-ub/brone_main_ws/install/op3_action_module_msgs/include/op3_action_module_msgs/op3_action_module_msgs/srv/detail/is_running__rosidl_typesupport_fastrtps_cpp.hpp
-- Symlinking: /home/brone-ub/brone_main_ws/install/op3_action_module_msgs/include/op3_action_module_msgs/op3_action_module_msgs/msg/detail/start_action__rosidl_typesupport_introspection_c.h
-- Symlinking: /home/brone-ub/brone_main_ws/install/op3_action_module_msgs/include/op3_action_module_msgs/op3_action_module_msgs/msg/rosidl_typesupport_introspection_c__visibility_control.h
-- Symlinking: /home/brone-ub/brone_main_ws/install/op3_action_module_msgs/include/op3_action_module_msgs/op3_action_module_msgs/srv/detail/is_running__rosidl_typesupport_introspection_c.h
-- Symlinking: /home/brone-ub/brone_main_ws/install/op3_action_module_msgs/include/op3_action_module_msgs/op3_action_module_msgs/msg/detail/start_action__rosidl_typesupport_introspection_cpp.hpp
-- Symlinking: /home/brone-ub/brone_main_ws/install/op3_action_module_msgs/include/op3_action_module_msgs/op3_action_module_msgs/srv/detail/is_running__rosidl_typesupport_introspection_cpp.hpp
-- Symlinking: /home/brone-ub/brone_main_ws/install/op3_action_module_msgs/share/op3_action_module_msgs/environment/pythonpath.sh
-- Symlinking: /home/brone-ub/brone_main_ws/install/op3_action_module_msgs/share/op3_action_module_msgs/environment/pythonpath.dsv
-- Symlinking: /home/brone-ub/brone_main_ws/install/op3_action_module_msgs/lib/python3.12/site-packages/op3_action_module_msgs-0.1.1-py3.12.egg-info/PKG-INFO
-- Symlinking: /home/brone-ub/brone_main_ws/install/op3_action_module_msgs/lib/python3.12/site-packages/op3_action_module_msgs-0.1.1-py3.12.egg-info/SOURCES.txt
-- Symlinking: /home/brone-ub/brone_main_ws/install/op3_action_module_msgs/lib/python3.12/site-packages/op3_action_module_msgs-0.1.1-py3.12.egg-info/dependency_links.txt
-- Symlinking: /home/brone-ub/brone_main_ws/install/op3_action_module_msgs/lib/python3.12/site-packages/op3_action_module_msgs-0.1.1-py3.12.egg-info/top_level.txt
-- Symlinking: /home/brone-ub/brone_main_ws/install/op3_action_module_msgs/lib/python3.12/site-packages/op3_action_module_msgs/__init__.py
-- Symlinking: /home/brone-ub/brone_main_ws/install/op3_action_module_msgs/lib/python3.12/site-packages/op3_action_module_msgs/_op3_action_module_msgs_s.ep.rosidl_typesupport_c.c
-- Symlinking: /home/brone-ub/brone_main_ws/install/op3_action_module_msgs/lib/python3.12/site-packages/op3_action_module_msgs/_op3_action_module_msgs_s.ep.rosidl_typesupport_fastrtps_c.c
-- Symlinking: /home/brone-ub/brone_main_ws/install/op3_action_module_msgs/lib/python3.12/site-packages/op3_action_module_msgs/_op3_action_module_msgs_s.ep.rosidl_typesupport_introspection_c.c
-- Symlinking: /home/brone-ub/brone_main_ws/install/op3_action_module_msgs/lib/python3.12/site-packages/op3_action_module_msgs/msg/__init__.py
-- Symlinking: /home/brone-ub/brone_main_ws/install/op3_action_module_msgs/lib/python3.12/site-packages/op3_action_module_msgs/msg/_start_action.py
-- Symlinking: /home/brone-ub/brone_main_ws/install/op3_action_module_msgs/lib/python3.12/site-packages/op3_action_module_msgs/msg/_start_action_s.c
-- Symlinking: /home/brone-ub/brone_main_ws/install/op3_action_module_msgs/lib/python3.12/site-packages/op3_action_module_msgs/op3_action_module_msgs_s__rosidl_typesupport_c.so
-- Symlinking: /home/brone-ub/brone_main_ws/install/op3_action_module_msgs/lib/python3.12/site-packages/op3_action_module_msgs/op3_action_module_msgs_s__rosidl_typesupport_fastrtps_c.so
-- Symlinking: /home/brone-ub/brone_main_ws/install/op3_action_module_msgs/lib/python3.12/site-packages/op3_action_module_msgs/op3_action_module_msgs_s__rosidl_typesupport_introspection_c.so
-- Symlinking: /home/brone-ub/brone_main_ws/install/op3_action_module_msgs/lib/python3.12/site-packages/op3_action_module_msgs/srv/__init__.py
-- Symlinking: /home/brone-ub/brone_main_ws/install/op3_action_module_msgs/lib/python3.12/site-packages/op3_action_module_msgs/srv/_is_running.py
-- Symlinking: /home/brone-ub/brone_main_ws/install/op3_action_module_msgs/lib/python3.12/site-packages/op3_action_module_msgs/srv/_is_running_s.c
-- Up-to-date symlink: /home/brone-ub/brone_main_ws/install/op3_action_module_msgs/lib/python3.12/site-packages/op3_action_module_msgs/op3_action_module_msgs_s__rosidl_typesupport_fastrtps_c.so
-- Up-to-date symlink: /home/brone-ub/brone_main_ws/install/op3_action_module_msgs/lib/python3.12/site-packages/op3_action_module_msgs/op3_action_module_msgs_s__rosidl_typesupport_introspection_c.so
-- Up-to-date symlink: /home/brone-ub/brone_main_ws/install/op3_action_module_msgs/lib/python3.12/site-packages/op3_action_module_msgs/op3_action_module_msgs_s__rosidl_typesupport_c.so
-- Symlinking: /home/brone-ub/brone_main_ws/install/op3_action_module_msgs/share/op3_action_module_msgs/msg/StartAction.idl
-- Symlinking: /home/brone-ub/brone_main_ws/install/op3_action_module_msgs/share/op3_action_module_msgs/srv/IsRunning.idl
-- Symlinking: /home/brone-ub/brone_main_ws/install/op3_action_module_msgs/share/op3_action_module_msgs/msg/StartAction.msg
-- Symlinking: /home/brone-ub/brone_main_ws/install/op3_action_module_msgs/share/op3_action_module_msgs/srv/IsRunning.srv
-- Symlinking: /home/brone-ub/brone_main_ws/install/op3_action_module_msgs/share/ament_index/resource_index/package_run_dependencies/op3_action_module_msgs
-- Symlinking: /home/brone-ub/brone_main_ws/install/op3_action_module_msgs/share/ament_index/resource_index/parent_prefix_path/op3_action_module_msgs
-- Symlinking: /home/brone-ub/brone_main_ws/install/op3_action_module_msgs/share/op3_action_module_msgs/environment/ament_prefix_path.sh
-- Symlinking: /home/brone-ub/brone_main_ws/install/op3_action_module_msgs/share/op3_action_module_msgs/environment/ament_prefix_path.dsv
-- Symlinking: /home/brone-ub/brone_main_ws/install/op3_action_module_msgs/share/op3_action_module_msgs/environment/path.sh
-- Symlinking: /home/brone-ub/brone_main_ws/install/op3_action_module_msgs/share/op3_action_module_msgs/environment/path.dsv
-- Symlinking: /home/brone-ub/brone_main_ws/install/op3_action_module_msgs/share/op3_action_module_msgs/local_setup.bash
-- Symlinking: /home/brone-ub/brone_main_ws/install/op3_action_module_msgs/share/op3_action_module_msgs/local_setup.sh
-- Symlinking: /home/brone-ub/brone_main_ws/install/op3_action_module_msgs/share/op3_action_module_msgs/local_setup.zsh
-- Symlinking: /home/brone-ub/brone_main_ws/install/op3_action_module_msgs/share/op3_action_module_msgs/local_setup.dsv
-- Symlinking: /home/brone-ub/brone_main_ws/install/op3_action_module_msgs/share/op3_action_module_msgs/package.dsv
-- Symlinking: /home/brone-ub/brone_main_ws/install/op3_action_module_msgs/share/ament_index/resource_index/packages/op3_action_module_msgs
-- Symlinking: /home/brone-ub/brone_main_ws/install/op3_action_module_msgs/share/op3_action_module_msgs/cmake/rosidl_cmake-extras.cmake
-- Symlinking: /home/brone-ub/brone_main_ws/install/op3_action_module_msgs/share/op3_action_module_msgs/cmake/ament_cmake_export_dependencies-extras.cmake
-- Symlinking: /home/brone-ub/brone_main_ws/install/op3_action_module_msgs/share/op3_action_module_msgs/cmake/ament_cmake_export_include_directories-extras.cmake
-- Symlinking: /home/brone-ub/brone_main_ws/install/op3_action_module_msgs/share/op3_action_module_msgs/cmake/ament_cmake_export_libraries-extras.cmake
-- Symlinking: /home/brone-ub/brone_main_ws/install/op3_action_module_msgs/share/op3_action_module_msgs/cmake/ament_cmake_export_targets-extras.cmake
-- Symlinking: /home/brone-ub/brone_main_ws/install/op3_action_module_msgs/share/op3_action_module_msgs/cmake/rosidl_cmake_export_typesupport_targets-extras.cmake
-- Symlinking: /home/brone-ub/brone_main_ws/install/op3_action_module_msgs/share/op3_action_module_msgs/cmake/rosidl_cmake_export_typesupport_libraries-extras.cmake
-- Symlinking: /home/brone-ub/brone_main_ws/install/op3_action_module_msgs/share/op3_action_module_msgs/cmake/op3_action_module_msgsConfig.cmake
-- Symlinking: /home/brone-ub/brone_main_ws/install/op3_action_module_msgs/share/op3_action_module_msgs/cmake/op3_action_module_msgsConfig-version.cmake
-- Symlinking: /home/brone-ub/brone_main_ws/install/op3_action_module_msgs/share/op3_action_module_msgs/package.xml
-- Installing: /home/brone-ub/brone_main_ws/install/op3_action_module_msgs/lib/libop3_action_module_msgs__rosidl_generator_c.so
-- Set non-toolchain portion of runtime path of "/home/brone-ub/brone_main_ws/install/op3_action_module_msgs/lib/libop3_action_module_msgs__rosidl_generator_c.so" to ""
-- Installing: /home/brone-ub/brone_main_ws/install/op3_action_module_msgs/lib/libop3_action_module_msgs__rosidl_typesupport_fastrtps_c.so
-- Set non-toolchain portion of runtime path of "/home/brone-ub/brone_main_ws/install/op3_action_module_msgs/lib/libop3_action_module_msgs__rosidl_typesupport_fastrtps_c.so" to ""
-- Installing: /home/brone-ub/brone_main_ws/install/op3_action_module_msgs/lib/libop3_action_module_msgs__rosidl_typesupport_fastrtps_cpp.so
-- Set non-toolchain portion of runtime path of "/home/brone-ub/brone_main_ws/install/op3_action_module_msgs/lib/libop3_action_module_msgs__rosidl_typesupport_fastrtps_cpp.so" to ""
-- Installing: /home/brone-ub/brone_main_ws/install/op3_action_module_msgs/lib/libop3_action_module_msgs__rosidl_typesupport_introspection_c.so
-- Set non-toolchain portion of runtime path of "/home/brone-ub/brone_main_ws/install/op3_action_module_msgs/lib/libop3_action_module_msgs__rosidl_typesupport_introspection_c.so" to ""
-- Installing: /home/brone-ub/brone_main_ws/install/op3_action_module_msgs/lib/libop3_action_module_msgs__rosidl_typesupport_c.so
-- Set non-toolchain portion of runtime path of "/home/brone-ub/brone_main_ws/install/op3_action_module_msgs/lib/libop3_action_module_msgs__rosidl_typesupport_c.so" to ""
-- Installing: /home/brone-ub/brone_main_ws/install/op3_action_module_msgs/lib/libop3_action_module_msgs__rosidl_typesupport_introspection_cpp.so
-- Set non-toolchain portion of runtime path of "/home/brone-ub/brone_main_ws/install/op3_action_module_msgs/lib/libop3_action_module_msgs__rosidl_typesupport_introspection_cpp.so" to ""
-- Installing: /home/brone-ub/brone_main_ws/install/op3_action_module_msgs/lib/libop3_action_module_msgs__rosidl_typesupport_cpp.so
-- Set non-toolchain portion of runtime path of "/home/brone-ub/brone_main_ws/install/op3_action_module_msgs/lib/libop3_action_module_msgs__rosidl_typesupport_cpp.so" to ""
Listing '/home/brone-ub/brone_main_ws/install/op3_action_module_msgs/lib/python3.12/site-packages/op3_action_module_msgs'...
Compiling '/home/brone-ub/brone_main_ws/install/op3_action_module_msgs/lib/python3.12/site-packages/op3_action_module_msgs/__init__.py'...
Listing '/home/brone-ub/brone_main_ws/install/op3_action_module_msgs/lib/python3.12/site-packages/op3_action_module_msgs/msg'...
Compiling '/home/brone-ub/brone_main_ws/install/op3_action_module_msgs/lib/python3.12/site-packages/op3_action_module_msgs/msg/__init__.py'...
Compiling '/home/brone-ub/brone_main_ws/install/op3_action_module_msgs/lib/python3.12/site-packages/op3_action_module_msgs/msg/_start_action.py'...
Listing '/home/brone-ub/brone_main_ws/install/op3_action_module_msgs/lib/python3.12/site-packages/op3_action_module_msgs/srv'...
Compiling '/home/brone-ub/brone_main_ws/install/op3_action_module_msgs/lib/python3.12/site-packages/op3_action_module_msgs/srv/__init__.py'...
Compiling '/home/brone-ub/brone_main_ws/install/op3_action_module_msgs/lib/python3.12/site-packages/op3_action_module_msgs/srv/_is_running.py'...
-- Installing: /home/brone-ub/brone_main_ws/install/op3_action_module_msgs/lib/libop3_action_module_msgs__rosidl_generator_py.so
-- Set non-toolchain portion of runtime path of "/home/brone-ub/brone_main_ws/install/op3_action_module_msgs/lib/libop3_action_module_msgs__rosidl_generator_py.so" to ""
-- Installing: /home/brone-ub/brone_main_ws/install/op3_action_module_msgs/share/op3_action_module_msgs/cmake/export_op3_action_module_msgs__rosidl_generator_cExport.cmake
-- Installing: /home/brone-ub/brone_main_ws/install/op3_action_module_msgs/share/op3_action_module_msgs/cmake/export_op3_action_module_msgs__rosidl_generator_cExport-release.cmake
-- Installing: /home/brone-ub/brone_main_ws/install/op3_action_module_msgs/share/op3_action_module_msgs/cmake/export_op3_action_module_msgs__rosidl_typesupport_fastrtps_cExport.cmake
-- Installing: /home/brone-ub/brone_main_ws/install/op3_action_module_msgs/share/op3_action_module_msgs/cmake/export_op3_action_module_msgs__rosidl_typesupport_fastrtps_cExport-release.cmake
-- Installing: /home/brone-ub/brone_main_ws/install/op3_action_module_msgs/share/op3_action_module_msgs/cmake/export_op3_action_module_msgs__rosidl_generator_cppExport.cmake
-- Installing: /home/brone-ub/brone_main_ws/install/op3_action_module_msgs/share/op3_action_module_msgs/cmake/export_op3_action_module_msgs__rosidl_typesupport_fastrtps_cppExport.cmake
-- Installing: /home/brone-ub/brone_main_ws/install/op3_action_module_msgs/share/op3_action_module_msgs/cmake/export_op3_action_module_msgs__rosidl_typesupport_fastrtps_cppExport-release.cmake
-- Installing: /home/brone-ub/brone_main_ws/install/op3_action_module_msgs/share/op3_action_module_msgs/cmake/op3_action_module_msgs__rosidl_typesupport_introspection_cExport.cmake
-- Installing: /home/brone-ub/brone_main_ws/install/op3_action_module_msgs/share/op3_action_module_msgs/cmake/op3_action_module_msgs__rosidl_typesupport_introspection_cExport-release.cmake
-- Installing: /home/brone-ub/brone_main_ws/install/op3_action_module_msgs/share/op3_action_module_msgs/cmake/op3_action_module_msgs__rosidl_typesupport_cExport.cmake
-- Installing: /home/brone-ub/brone_main_ws/install/op3_action_module_msgs/share/op3_action_module_msgs/cmake/op3_action_module_msgs__rosidl_typesupport_cExport-release.cmake
-- Installing: /home/brone-ub/brone_main_ws/install/op3_action_module_msgs/share/op3_action_module_msgs/cmake/op3_action_module_msgs__rosidl_typesupport_introspection_cppExport.cmake
-- Installing: /home/brone-ub/brone_main_ws/install/op3_action_module_msgs/share/op3_action_module_msgs/cmake/op3_action_module_msgs__rosidl_typesupport_introspection_cppExport-release.cmake
-- Installing: /home/brone-ub/brone_main_ws/install/op3_action_module_msgs/share/op3_action_module_msgs/cmake/op3_action_module_msgs__rosidl_typesupport_cppExport.cmake
-- Installing: /home/brone-ub/brone_main_ws/install/op3_action_module_msgs/share/op3_action_module_msgs/cmake/op3_action_module_msgs__rosidl_typesupport_cppExport-release.cmake
-- Installing: /home/brone-ub/brone_main_ws/install/op3_action_module_msgs/share/op3_action_module_msgs/cmake/export_op3_action_module_msgs__rosidl_generator_pyExport.cmake
-- Installing: /home/brone-ub/brone_main_ws/install/op3_action_module_msgs/share/op3_action_module_msgs/cmake/export_op3_action_module_msgs__rosidl_generator_pyExport-release.cmake
