[0.044s] Invoking command in '/home/brone-ub/brone_main_ws/build/op3_action_module_msgs': CMAKE_PREFIX_PATH=${CMAKE_PREFIX_PATH}:/home/brone-ub/robotis_ws/install/algo_gaze:/home/brone-ub/robotis_ws/install/brone_gaze:/opt/ros/jazzy DEBUGINFOD_URLS=https://debuginfod.ubuntu.com PS1=(.venv) \[\e]0;\u@\h: \w\a\]${debian_chroot:+($debian_chroot)}\[\033[01;32m\]\u@\h\[\033[00m\]:\[\033[01;34m\]\w\[\033[00m\]\$ VIRTUAL_ENV_PROMPT=(.venv) /usr/bin/cmake /home/brone-ub/brone_main_ws/src/robotis_framework/ROBOTIS-OP3-msgs/op3_action_module_msgs -DCMAKE_BUILD_TYPE=Release -DAMENT_CMAKE_SYMLINK_INSTALL=1 -DCMAKE_INSTALL_PREFIX=/home/brone-ub/brone_main_ws/install/op3_action_module_msgs
[0.283s] -- The C compiler identification is GNU 13.3.0
[0.414s] -- The CXX compiler identification is GNU 13.3.0
[0.434s] -- Detecting C compiler ABI info
[0.770s] -- Detecting C compiler ABI info - done
[0.785s] -- Check for working C compiler: /usr/bin/cc - skipped
[0.785s] -- Detecting C compile features
[0.785s] -- Detecting C compile features - done
[0.793s] -- Detecting CXX compiler ABI info
[1.149s] -- Detecting CXX compiler ABI info - done
[1.161s] -- Check for working CXX compiler: /usr/bin/c++ - skipped
[1.161s] -- Detecting CXX compile features
[1.161s] -- Detecting CXX compile features - done
[1.168s] -- Found ament_cmake: 2.5.4 (/opt/ros/jazzy/share/ament_cmake/cmake)
[1.360s] -- Found Python3: /home/brone-ub/robotis_ws/.venv/bin/python3 (found version "3.12.3") found components: Interpreter 
[1.516s] -- Override CMake install command with custom implementation using symlinks instead of copying resources
[1.592s] -- Found std_msgs: 5.3.6 (/opt/ros/jazzy/share/std_msgs/cmake)
[1.672s] -- Found rosidl_generator_c: 4.6.6 (/opt/ros/jazzy/share/rosidl_generator_c/cmake)
[1.698s] -- Found rosidl_generator_cpp: 4.6.6 (/opt/ros/jazzy/share/rosidl_generator_cpp/cmake)
[1.730s] -- Using all available rosidl_typesupport_c: rosidl_typesupport_fastrtps_c;rosidl_typesupport_introspection_c
[1.764s] -- Using all available rosidl_typesupport_cpp: rosidl_typesupport_fastrtps_cpp;rosidl_typesupport_introspection_cpp
[1.821s] -- Found rosidl_default_generators: 1.6.0 (/opt/ros/jazzy/share/rosidl_default_generators/cmake)
[1.862s] -- Found rosidl_adapter: 4.6.6 (/opt/ros/jazzy/share/rosidl_adapter/cmake)
[3.244s] -- Found ament_cmake_ros: 0.12.0 (/opt/ros/jazzy/share/ament_cmake_ros/cmake)
[4.714s] -- Using all available rosidl_typesupport_c: rosidl_typesupport_fastrtps_c;rosidl_typesupport_introspection_c
[5.449s] -- Using all available rosidl_typesupport_cpp: rosidl_typesupport_fastrtps_cpp;rosidl_typesupport_introspection_cpp
[5.465s] -- Found python_cmake_module: 0.11.1 (/opt/ros/jazzy/share/python_cmake_module/cmake)
[5.802s] -- Found PythonExtra: /home/brone-ub/robotis_ws/.venv/bin/python3  
[7.058s] -- Found Python3: /home/brone-ub/robotis_ws/.venv/bin/python3 (found version "3.12.3") found components: Interpreter Development NumPy Development.Module Development.Embed 
[7.194s] -- Configuring done (7.1s)
[7.298s] -- Generating done (0.1s)
[7.341s] -- Build files have been written to: /home/brone-ub/brone_main_ws/build/op3_action_module_msgs
[7.383s] Invoked command in '/home/brone-ub/brone_main_ws/build/op3_action_module_msgs' returned '0': CMAKE_PREFIX_PATH=${CMAKE_PREFIX_PATH}:/home/brone-ub/robotis_ws/install/algo_gaze:/home/brone-ub/robotis_ws/install/brone_gaze:/opt/ros/jazzy DEBUGINFOD_URLS=https://debuginfod.ubuntu.com PS1=(.venv) \[\e]0;\u@\h: \w\a\]${debian_chroot:+($debian_chroot)}\[\033[01;32m\]\u@\h\[\033[00m\]:\[\033[01;34m\]\w\[\033[00m\]\$ VIRTUAL_ENV_PROMPT=(.venv) /usr/bin/cmake /home/brone-ub/brone_main_ws/src/robotis_framework/ROBOTIS-OP3-msgs/op3_action_module_msgs -DCMAKE_BUILD_TYPE=Release -DAMENT_CMAKE_SYMLINK_INSTALL=1 -DCMAKE_INSTALL_PREFIX=/home/brone-ub/brone_main_ws/install/op3_action_module_msgs
[7.385s] Invoking command in '/home/brone-ub/brone_main_ws/build/op3_action_module_msgs': CMAKE_PREFIX_PATH=${CMAKE_PREFIX_PATH}:/home/brone-ub/robotis_ws/install/algo_gaze:/home/brone-ub/robotis_ws/install/brone_gaze:/opt/ros/jazzy DEBUGINFOD_URLS=https://debuginfod.ubuntu.com PS1=(.venv) \[\e]0;\u@\h: \w\a\]${debian_chroot:+($debian_chroot)}\[\033[01;32m\]\u@\h\[\033[00m\]:\[\033[01;34m\]\w\[\033[00m\]\$ VIRTUAL_ENV_PROMPT=(.venv) /usr/bin/cmake --build /home/brone-ub/brone_main_ws/build/op3_action_module_msgs -- -j16 -l16
[7.643s] [  2%] [34m[1mGenerating type hashes for ROS interfaces[0m
[7.644s] [  2%] Built target ament_cmake_python_symlink_op3_action_module_msgs
[8.012s] running egg_info
[8.030s] creating op3_action_module_msgs.egg-info
[8.113s] writing op3_action_module_msgs.egg-info/PKG-INFO
[8.113s] writing dependency_links to op3_action_module_msgs.egg-info/dependency_links.txt
[8.113s] writing top-level names to op3_action_module_msgs.egg-info/top_level.txt
[8.113s] writing manifest file 'op3_action_module_msgs.egg-info/SOURCES.txt'
[8.259s] reading manifest file 'op3_action_module_msgs.egg-info/SOURCES.txt'
[8.259s] writing manifest file 'op3_action_module_msgs.egg-info/SOURCES.txt'
[8.492s] [  2%] Built target ament_cmake_python_build_op3_action_module_msgs_egg
[8.505s] [  2%] Built target op3_action_module_msgs__rosidl_generator_type_description
[8.563s] [  4%] [34m[1mGenerating C code for ROS interfaces[0m
[8.595s] [  6%] [34m[1mGenerating C++ code for ROS interfaces[0m
[9.691s] [  6%] Built target op3_action_module_msgs__cpp
[10.099s] [  9%] [32mBuilding C object CMakeFiles/op3_action_module_msgs__rosidl_generator_c.dir/rosidl_generator_c/op3_action_module_msgs/srv/detail/is_running__description.c.o[0m
[10.110s] [ 11%] [32mBuilding C object CMakeFiles/op3_action_module_msgs__rosidl_generator_c.dir/rosidl_generator_c/op3_action_module_msgs/srv/detail/is_running__functions.c.o[0m
[10.111s] [ 13%] [32mBuilding C object CMakeFiles/op3_action_module_msgs__rosidl_generator_c.dir/rosidl_generator_c/op3_action_module_msgs/srv/detail/is_running__type_support.c.o[0m
[10.118s] [ 15%] [32mBuilding C object CMakeFiles/op3_action_module_msgs__rosidl_generator_c.dir/rosidl_generator_c/op3_action_module_msgs/msg/detail/start_action__description.c.o[0m
[10.118s] [ 18%] [32mBuilding C object CMakeFiles/op3_action_module_msgs__rosidl_generator_c.dir/rosidl_generator_c/op3_action_module_msgs/msg/detail/start_action__functions.c.o[0m
[10.125s] [ 20%] [32mBuilding C object CMakeFiles/op3_action_module_msgs__rosidl_generator_c.dir/rosidl_generator_c/op3_action_module_msgs/msg/detail/start_action__type_support.c.o[0m
[10.848s] [ 22%] [32m[1mLinking C shared library libop3_action_module_msgs__rosidl_generator_c.so[0m
[11.012s] [ 22%] Built target op3_action_module_msgs__rosidl_generator_c
[11.039s] [ 25%] [34m[1mGenerating C++ type support dispatch for ROS interfaces[0m
[11.051s] [ 27%] [34m[1mGenerating C introspection for ROS interfaces[0m
[11.053s] [ 29%] [34m[1mGenerating C type support dispatch for ROS interfaces[0m
[11.062s] [ 31%] [34m[1mGenerating C type support for eProsima Fast-RTPS[0m
[11.063s] [ 34%] [34m[1mGenerating C++ introspection for ROS interfaces[0m
[11.066s] [ 36%] [34m[1mGenerating C++ type support for eProsima Fast-RTPS[0m
[12.341s] [ 38%] [32mBuilding CXX object CMakeFiles/op3_action_module_msgs__rosidl_typesupport_introspection_cpp.dir/rosidl_typesupport_introspection_cpp/op3_action_module_msgs/srv/detail/is_running__type_support.cpp.o[0m
[12.349s] [ 40%] [32mBuilding CXX object CMakeFiles/op3_action_module_msgs__rosidl_typesupport_introspection_cpp.dir/rosidl_typesupport_introspection_cpp/op3_action_module_msgs/msg/detail/start_action__type_support.cpp.o[0m
[12.451s] [ 43%] [32mBuilding CXX object CMakeFiles/op3_action_module_msgs__rosidl_typesupport_fastrtps_cpp.dir/rosidl_typesupport_fastrtps_cpp/op3_action_module_msgs/srv/detail/dds_fastrtps/is_running__type_support.cpp.o[0m
[12.467s] [ 45%] [32mBuilding CXX object CMakeFiles/op3_action_module_msgs__rosidl_typesupport_fastrtps_cpp.dir/rosidl_typesupport_fastrtps_cpp/op3_action_module_msgs/msg/detail/dds_fastrtps/start_action__type_support.cpp.o[0m
[12.726s] [ 47%] [32mBuilding CXX object CMakeFiles/op3_action_module_msgs__rosidl_typesupport_c.dir/rosidl_typesupport_c/op3_action_module_msgs/msg/start_action__type_support.cpp.o[0m
[12.766s] [ 50%] [32mBuilding CXX object CMakeFiles/op3_action_module_msgs__rosidl_typesupport_c.dir/rosidl_typesupport_c/op3_action_module_msgs/srv/is_running__type_support.cpp.o[0m
[12.935s] [ 52%] [32mBuilding CXX object CMakeFiles/op3_action_module_msgs__rosidl_typesupport_cpp.dir/rosidl_typesupport_cpp/op3_action_module_msgs/msg/start_action__type_support.cpp.o[0m
[12.953s] [ 54%] [32mBuilding CXX object CMakeFiles/op3_action_module_msgs__rosidl_typesupport_cpp.dir/rosidl_typesupport_cpp/op3_action_module_msgs/srv/is_running__type_support.cpp.o[0m
[12.953s] [ 56%] [32mBuilding C object CMakeFiles/op3_action_module_msgs__rosidl_typesupport_introspection_c.dir/rosidl_typesupport_introspection_c/op3_action_module_msgs/srv/detail/is_running__type_support.c.o[0m
[12.958s] [ 59%] [32mBuilding C object CMakeFiles/op3_action_module_msgs__rosidl_typesupport_introspection_c.dir/rosidl_typesupport_introspection_c/op3_action_module_msgs/msg/detail/start_action__type_support.c.o[0m
[13.059s] [ 61%] [32m[1mLinking CXX shared library libop3_action_module_msgs__rosidl_typesupport_c.so[0m
[13.353s] [ 61%] Built target op3_action_module_msgs__rosidl_typesupport_c
[13.470s] [ 63%] [32m[1mLinking C shared library libop3_action_module_msgs__rosidl_typesupport_introspection_c.so[0m
[13.673s] [ 63%] Built target op3_action_module_msgs__rosidl_typesupport_introspection_c
[13.951s] [ 65%] [32mBuilding CXX object CMakeFiles/op3_action_module_msgs__rosidl_typesupport_fastrtps_c.dir/rosidl_typesupport_fastrtps_c/op3_action_module_msgs/msg/detail/start_action__type_support_c.cpp.o[0m
[13.964s] [ 68%] [32mBuilding CXX object CMakeFiles/op3_action_module_msgs__rosidl_typesupport_fastrtps_c.dir/rosidl_typesupport_fastrtps_c/op3_action_module_msgs/srv/detail/is_running__type_support_c.cpp.o[0m
[14.990s] [ 70%] [32m[1mLinking CXX shared library libop3_action_module_msgs__rosidl_typesupport_introspection_cpp.so[0m
[16.297s] [ 70%] Built target op3_action_module_msgs__rosidl_typesupport_introspection_cpp
[16.552s] [ 72%] [32m[1mLinking CXX shared library libop3_action_module_msgs__rosidl_typesupport_cpp.so[0m
[17.714s] [ 72%] Built target op3_action_module_msgs__rosidl_typesupport_cpp
[18.823s] [ 75%] [32m[1mLinking CXX shared library libop3_action_module_msgs__rosidl_typesupport_fastrtps_cpp.so[0m
[19.841s] [ 77%] [32m[1mLinking CXX shared library libop3_action_module_msgs__rosidl_typesupport_fastrtps_c.so[0m
[20.052s] [ 77%] Built target op3_action_module_msgs__rosidl_typesupport_fastrtps_cpp
[20.254s] [ 77%] Built target op3_action_module_msgs__rosidl_typesupport_fastrtps_c
[20.400s] [ 77%] Built target op3_action_module_msgs
[20.613s] [ 79%] [34m[1mGenerating Python code for ROS interfaces[0m
[23.776s] [ 79%] Built target op3_action_module_msgs__py
[23.869s] [ 81%] [32mBuilding C object CMakeFiles/op3_action_module_msgs__rosidl_generator_py.dir/rosidl_generator_py/op3_action_module_msgs/msg/_start_action_s.c.o[0m
[24.225s] [ 84%] [32mBuilding C object CMakeFiles/op3_action_module_msgs__rosidl_generator_py.dir/rosidl_generator_py/op3_action_module_msgs/srv/_is_running_s.c.o[0m
[24.648s] [ 86%] [32m[1mLinking C shared library libop3_action_module_msgs__rosidl_generator_py.so[0m
[24.800s] [ 86%] Built target op3_action_module_msgs__rosidl_generator_py
[24.848s] [ 88%] [32mBuilding C object CMakeFiles/op3_action_module_msgs_s__rosidl_typesupport_fastrtps_c.dir/rosidl_generator_py/op3_action_module_msgs/_op3_action_module_msgs_s.ep.rosidl_typesupport_fastrtps_c.c.o[0m
[25.359s] [ 90%] [32m[1mLinking C shared module rosidl_generator_py/op3_action_module_msgs/op3_action_module_msgs_s__rosidl_typesupport_fastrtps_c.so[0m
[25.440s] [ 90%] Built target op3_action_module_msgs_s__rosidl_typesupport_fastrtps_c
[25.500s] [ 93%] [32mBuilding C object CMakeFiles/op3_action_module_msgs_s__rosidl_typesupport_c.dir/rosidl_generator_py/op3_action_module_msgs/_op3_action_module_msgs_s.ep.rosidl_typesupport_c.c.o[0m
[25.881s] [ 95%] [32m[1mLinking C shared module rosidl_generator_py/op3_action_module_msgs/op3_action_module_msgs_s__rosidl_typesupport_c.so[0m
[25.946s] [ 95%] Built target op3_action_module_msgs_s__rosidl_typesupport_c
[25.976s] [ 97%] [32mBuilding C object CMakeFiles/op3_action_module_msgs_s__rosidl_typesupport_introspection_c.dir/rosidl_generator_py/op3_action_module_msgs/_op3_action_module_msgs_s.ep.rosidl_typesupport_introspection_c.c.o[0m
[26.238s] [100%] [32m[1mLinking C shared module rosidl_generator_py/op3_action_module_msgs/op3_action_module_msgs_s__rosidl_typesupport_introspection_c.so[0m
[26.297s] [100%] Built target op3_action_module_msgs_s__rosidl_typesupport_introspection_c
[26.338s] Invoked command in '/home/brone-ub/brone_main_ws/build/op3_action_module_msgs' returned '0': CMAKE_PREFIX_PATH=${CMAKE_PREFIX_PATH}:/home/brone-ub/robotis_ws/install/algo_gaze:/home/brone-ub/robotis_ws/install/brone_gaze:/opt/ros/jazzy DEBUGINFOD_URLS=https://debuginfod.ubuntu.com PS1=(.venv) \[\e]0;\u@\h: \w\a\]${debian_chroot:+($debian_chroot)}\[\033[01;32m\]\u@\h\[\033[00m\]:\[\033[01;34m\]\w\[\033[00m\]\$ VIRTUAL_ENV_PROMPT=(.venv) /usr/bin/cmake --build /home/brone-ub/brone_main_ws/build/op3_action_module_msgs -- -j16 -l16
[26.349s] Invoking command in '/home/brone-ub/brone_main_ws/build/op3_action_module_msgs': CMAKE_PREFIX_PATH=${CMAKE_PREFIX_PATH}:/home/brone-ub/robotis_ws/install/algo_gaze:/home/brone-ub/robotis_ws/install/brone_gaze:/opt/ros/jazzy DEBUGINFOD_URLS=https://debuginfod.ubuntu.com PS1=(.venv) \[\e]0;\u@\h: \w\a\]${debian_chroot:+($debian_chroot)}\[\033[01;32m\]\u@\h\[\033[00m\]:\[\033[01;34m\]\w\[\033[00m\]\$ VIRTUAL_ENV_PROMPT=(.venv) /usr/bin/cmake --install /home/brone-ub/brone_main_ws/build/op3_action_module_msgs
[28.671s] -- Install configuration: "Release"
[28.671s] -- Execute custom install script
[28.671s] -- Symlinking: /home/brone-ub/brone_main_ws/install/op3_action_module_msgs/share/ament_index/resource_index/rosidl_interfaces/op3_action_module_msgs
[28.671s] -- Symlinking: /home/brone-ub/brone_main_ws/install/op3_action_module_msgs/share/op3_action_module_msgs/msg/StartAction.json
[28.671s] -- Symlinking: /home/brone-ub/brone_main_ws/install/op3_action_module_msgs/share/op3_action_module_msgs/srv/IsRunning.json
[28.671s] -- Symlinking: /home/brone-ub/brone_main_ws/install/op3_action_module_msgs/include/op3_action_module_msgs/op3_action_module_msgs/msg/detail/start_action__functions.h
[28.671s] -- Symlinking: /home/brone-ub/brone_main_ws/install/op3_action_module_msgs/include/op3_action_module_msgs/op3_action_module_msgs/msg/detail/start_action__struct.h
[28.671s] -- Symlinking: /home/brone-ub/brone_main_ws/install/op3_action_module_msgs/include/op3_action_module_msgs/op3_action_module_msgs/msg/detail/start_action__type_support.h
[28.672s] -- Symlinking: /home/brone-ub/brone_main_ws/install/op3_action_module_msgs/include/op3_action_module_msgs/op3_action_module_msgs/msg/rosidl_generator_c__visibility_control.h
[28.672s] -- Symlinking: /home/brone-ub/brone_main_ws/install/op3_action_module_msgs/include/op3_action_module_msgs/op3_action_module_msgs/msg/start_action.h
[28.678s] -- Symlinking: /home/brone-ub/brone_main_ws/install/op3_action_module_msgs/include/op3_action_module_msgs/op3_action_module_msgs/srv/detail/is_running__functions.h
[28.678s] -- Symlinking: /home/brone-ub/brone_main_ws/install/op3_action_module_msgs/include/op3_action_module_msgs/op3_action_module_msgs/srv/detail/is_running__struct.h
[28.678s] -- Symlinking: /home/brone-ub/brone_main_ws/install/op3_action_module_msgs/include/op3_action_module_msgs/op3_action_module_msgs/srv/detail/is_running__type_support.h
[28.678s] -- Symlinking: /home/brone-ub/brone_main_ws/install/op3_action_module_msgs/include/op3_action_module_msgs/op3_action_module_msgs/srv/is_running.h
[28.679s] -- Symlinking: /home/brone-ub/brone_main_ws/install/op3_action_module_msgs/share/op3_action_module_msgs/environment/library_path.sh
[28.679s] -- Symlinking: /home/brone-ub/brone_main_ws/install/op3_action_module_msgs/share/op3_action_module_msgs/environment/library_path.dsv
[28.679s] -- Symlinking: /home/brone-ub/brone_main_ws/install/op3_action_module_msgs/include/op3_action_module_msgs/op3_action_module_msgs/msg/detail/start_action__rosidl_typesupport_fastrtps_c.h
[28.680s] -- Symlinking: /home/brone-ub/brone_main_ws/install/op3_action_module_msgs/include/op3_action_module_msgs/op3_action_module_msgs/msg/rosidl_typesupport_fastrtps_c__visibility_control.h
[28.680s] -- Symlinking: /home/brone-ub/brone_main_ws/install/op3_action_module_msgs/include/op3_action_module_msgs/op3_action_module_msgs/srv/detail/is_running__rosidl_typesupport_fastrtps_c.h
[28.680s] -- Symlinking: /home/brone-ub/brone_main_ws/install/op3_action_module_msgs/include/op3_action_module_msgs/op3_action_module_msgs/msg/detail/start_action__builder.hpp
[28.680s] -- Symlinking: /home/brone-ub/brone_main_ws/install/op3_action_module_msgs/include/op3_action_module_msgs/op3_action_module_msgs/msg/detail/start_action__struct.hpp
[28.680s] -- Symlinking: /home/brone-ub/brone_main_ws/install/op3_action_module_msgs/include/op3_action_module_msgs/op3_action_module_msgs/msg/detail/start_action__traits.hpp
[28.680s] -- Symlinking: /home/brone-ub/brone_main_ws/install/op3_action_module_msgs/include/op3_action_module_msgs/op3_action_module_msgs/msg/detail/start_action__type_support.hpp
[28.680s] -- Symlinking: /home/brone-ub/brone_main_ws/install/op3_action_module_msgs/include/op3_action_module_msgs/op3_action_module_msgs/msg/rosidl_generator_cpp__visibility_control.hpp
[28.680s] -- Symlinking: /home/brone-ub/brone_main_ws/install/op3_action_module_msgs/include/op3_action_module_msgs/op3_action_module_msgs/msg/start_action.hpp
[28.680s] -- Symlinking: /home/brone-ub/brone_main_ws/install/op3_action_module_msgs/include/op3_action_module_msgs/op3_action_module_msgs/srv/detail/is_running__builder.hpp
[28.681s] -- Symlinking: /home/brone-ub/brone_main_ws/install/op3_action_module_msgs/include/op3_action_module_msgs/op3_action_module_msgs/srv/detail/is_running__struct.hpp
[28.681s] -- Symlinking: /home/brone-ub/brone_main_ws/install/op3_action_module_msgs/include/op3_action_module_msgs/op3_action_module_msgs/srv/detail/is_running__traits.hpp
[28.681s] -- Symlinking: /home/brone-ub/brone_main_ws/install/op3_action_module_msgs/include/op3_action_module_msgs/op3_action_module_msgs/srv/detail/is_running__type_support.hpp
[28.681s] -- Symlinking: /home/brone-ub/brone_main_ws/install/op3_action_module_msgs/include/op3_action_module_msgs/op3_action_module_msgs/srv/is_running.hpp
[28.681s] -- Symlinking: /home/brone-ub/brone_main_ws/install/op3_action_module_msgs/include/op3_action_module_msgs/op3_action_module_msgs/msg/detail/start_action__rosidl_typesupport_fastrtps_cpp.hpp
[28.681s] -- Symlinking: /home/brone-ub/brone_main_ws/install/op3_action_module_msgs/include/op3_action_module_msgs/op3_action_module_msgs/msg/rosidl_typesupport_fastrtps_cpp__visibility_control.h
[28.681s] -- Symlinking: /home/brone-ub/brone_main_ws/install/op3_action_module_msgs/include/op3_action_module_msgs/op3_action_module_msgs/srv/detail/is_running__rosidl_typesupport_fastrtps_cpp.hpp
[28.681s] -- Symlinking: /home/brone-ub/brone_main_ws/install/op3_action_module_msgs/include/op3_action_module_msgs/op3_action_module_msgs/msg/detail/start_action__rosidl_typesupport_introspection_c.h
[28.685s] -- Symlinking: /home/brone-ub/brone_main_ws/install/op3_action_module_msgs/include/op3_action_module_msgs/op3_action_module_msgs/msg/rosidl_typesupport_introspection_c__visibility_control.h
[28.685s] -- Symlinking: /home/brone-ub/brone_main_ws/install/op3_action_module_msgs/include/op3_action_module_msgs/op3_action_module_msgs/srv/detail/is_running__rosidl_typesupport_introspection_c.h
[28.685s] -- Symlinking: /home/brone-ub/brone_main_ws/install/op3_action_module_msgs/include/op3_action_module_msgs/op3_action_module_msgs/msg/detail/start_action__rosidl_typesupport_introspection_cpp.hpp
[28.686s] -- Symlinking: /home/brone-ub/brone_main_ws/install/op3_action_module_msgs/include/op3_action_module_msgs/op3_action_module_msgs/srv/detail/is_running__rosidl_typesupport_introspection_cpp.hpp
[28.686s] -- Symlinking: /home/brone-ub/brone_main_ws/install/op3_action_module_msgs/share/op3_action_module_msgs/environment/pythonpath.sh
[28.686s] -- Symlinking: /home/brone-ub/brone_main_ws/install/op3_action_module_msgs/share/op3_action_module_msgs/environment/pythonpath.dsv
[28.686s] -- Symlinking: /home/brone-ub/brone_main_ws/install/op3_action_module_msgs/lib/python3.12/site-packages/op3_action_module_msgs-0.1.1-py3.12.egg-info/PKG-INFO
[28.686s] -- Symlinking: /home/brone-ub/brone_main_ws/install/op3_action_module_msgs/lib/python3.12/site-packages/op3_action_module_msgs-0.1.1-py3.12.egg-info/SOURCES.txt
[28.687s] -- Symlinking: /home/brone-ub/brone_main_ws/install/op3_action_module_msgs/lib/python3.12/site-packages/op3_action_module_msgs-0.1.1-py3.12.egg-info/dependency_links.txt
[28.687s] -- Symlinking: /home/brone-ub/brone_main_ws/install/op3_action_module_msgs/lib/python3.12/site-packages/op3_action_module_msgs-0.1.1-py3.12.egg-info/top_level.txt
[28.687s] -- Symlinking: /home/brone-ub/brone_main_ws/install/op3_action_module_msgs/lib/python3.12/site-packages/op3_action_module_msgs/__init__.py
[28.687s] -- Symlinking: /home/brone-ub/brone_main_ws/install/op3_action_module_msgs/lib/python3.12/site-packages/op3_action_module_msgs/_op3_action_module_msgs_s.ep.rosidl_typesupport_c.c
[28.687s] -- Symlinking: /home/brone-ub/brone_main_ws/install/op3_action_module_msgs/lib/python3.12/site-packages/op3_action_module_msgs/_op3_action_module_msgs_s.ep.rosidl_typesupport_fastrtps_c.c
[28.687s] -- Symlinking: /home/brone-ub/brone_main_ws/install/op3_action_module_msgs/lib/python3.12/site-packages/op3_action_module_msgs/_op3_action_module_msgs_s.ep.rosidl_typesupport_introspection_c.c
[28.687s] -- Symlinking: /home/brone-ub/brone_main_ws/install/op3_action_module_msgs/lib/python3.12/site-packages/op3_action_module_msgs/msg/__init__.py
[28.687s] -- Symlinking: /home/brone-ub/brone_main_ws/install/op3_action_module_msgs/lib/python3.12/site-packages/op3_action_module_msgs/msg/_start_action.py
[28.687s] -- Symlinking: /home/brone-ub/brone_main_ws/install/op3_action_module_msgs/lib/python3.12/site-packages/op3_action_module_msgs/msg/_start_action_s.c
[28.687s] -- Symlinking: /home/brone-ub/brone_main_ws/install/op3_action_module_msgs/lib/python3.12/site-packages/op3_action_module_msgs/op3_action_module_msgs_s__rosidl_typesupport_c.so
[28.687s] -- Symlinking: /home/brone-ub/brone_main_ws/install/op3_action_module_msgs/lib/python3.12/site-packages/op3_action_module_msgs/op3_action_module_msgs_s__rosidl_typesupport_fastrtps_c.so
[28.687s] -- Symlinking: /home/brone-ub/brone_main_ws/install/op3_action_module_msgs/lib/python3.12/site-packages/op3_action_module_msgs/op3_action_module_msgs_s__rosidl_typesupport_introspection_c.so
[28.688s] -- Symlinking: /home/brone-ub/brone_main_ws/install/op3_action_module_msgs/lib/python3.12/site-packages/op3_action_module_msgs/srv/__init__.py
[28.688s] -- Symlinking: /home/brone-ub/brone_main_ws/install/op3_action_module_msgs/lib/python3.12/site-packages/op3_action_module_msgs/srv/_is_running.py
[28.688s] -- Symlinking: /home/brone-ub/brone_main_ws/install/op3_action_module_msgs/lib/python3.12/site-packages/op3_action_module_msgs/srv/_is_running_s.c
[28.688s] -- Up-to-date symlink: /home/brone-ub/brone_main_ws/install/op3_action_module_msgs/lib/python3.12/site-packages/op3_action_module_msgs/op3_action_module_msgs_s__rosidl_typesupport_fastrtps_c.so
[28.688s] -- Up-to-date symlink: /home/brone-ub/brone_main_ws/install/op3_action_module_msgs/lib/python3.12/site-packages/op3_action_module_msgs/op3_action_module_msgs_s__rosidl_typesupport_introspection_c.so
[28.688s] -- Up-to-date symlink: /home/brone-ub/brone_main_ws/install/op3_action_module_msgs/lib/python3.12/site-packages/op3_action_module_msgs/op3_action_module_msgs_s__rosidl_typesupport_c.so
[28.688s] -- Symlinking: /home/brone-ub/brone_main_ws/install/op3_action_module_msgs/share/op3_action_module_msgs/msg/StartAction.idl
[28.688s] -- Symlinking: /home/brone-ub/brone_main_ws/install/op3_action_module_msgs/share/op3_action_module_msgs/srv/IsRunning.idl
[28.695s] -- Symlinking: /home/brone-ub/brone_main_ws/install/op3_action_module_msgs/share/op3_action_module_msgs/msg/StartAction.msg
[28.695s] -- Symlinking: /home/brone-ub/brone_main_ws/install/op3_action_module_msgs/share/op3_action_module_msgs/srv/IsRunning.srv
[28.695s] -- Symlinking: /home/brone-ub/brone_main_ws/install/op3_action_module_msgs/share/ament_index/resource_index/package_run_dependencies/op3_action_module_msgs
[28.695s] -- Symlinking: /home/brone-ub/brone_main_ws/install/op3_action_module_msgs/share/ament_index/resource_index/parent_prefix_path/op3_action_module_msgs
[28.695s] -- Symlinking: /home/brone-ub/brone_main_ws/install/op3_action_module_msgs/share/op3_action_module_msgs/environment/ament_prefix_path.sh
[28.695s] -- Symlinking: /home/brone-ub/brone_main_ws/install/op3_action_module_msgs/share/op3_action_module_msgs/environment/ament_prefix_path.dsv
[28.695s] -- Symlinking: /home/brone-ub/brone_main_ws/install/op3_action_module_msgs/share/op3_action_module_msgs/environment/path.sh
[28.696s] -- Symlinking: /home/brone-ub/brone_main_ws/install/op3_action_module_msgs/share/op3_action_module_msgs/environment/path.dsv
[28.696s] -- Symlinking: /home/brone-ub/brone_main_ws/install/op3_action_module_msgs/share/op3_action_module_msgs/local_setup.bash
[28.696s] -- Symlinking: /home/brone-ub/brone_main_ws/install/op3_action_module_msgs/share/op3_action_module_msgs/local_setup.sh
[28.696s] -- Symlinking: /home/brone-ub/brone_main_ws/install/op3_action_module_msgs/share/op3_action_module_msgs/local_setup.zsh
[28.696s] -- Symlinking: /home/brone-ub/brone_main_ws/install/op3_action_module_msgs/share/op3_action_module_msgs/local_setup.dsv
[28.696s] -- Symlinking: /home/brone-ub/brone_main_ws/install/op3_action_module_msgs/share/op3_action_module_msgs/package.dsv
[28.696s] -- Symlinking: /home/brone-ub/brone_main_ws/install/op3_action_module_msgs/share/ament_index/resource_index/packages/op3_action_module_msgs
[28.696s] -- Symlinking: /home/brone-ub/brone_main_ws/install/op3_action_module_msgs/share/op3_action_module_msgs/cmake/rosidl_cmake-extras.cmake
[28.696s] -- Symlinking: /home/brone-ub/brone_main_ws/install/op3_action_module_msgs/share/op3_action_module_msgs/cmake/ament_cmake_export_dependencies-extras.cmake
[28.696s] -- Symlinking: /home/brone-ub/brone_main_ws/install/op3_action_module_msgs/share/op3_action_module_msgs/cmake/ament_cmake_export_include_directories-extras.cmake
[28.696s] -- Symlinking: /home/brone-ub/brone_main_ws/install/op3_action_module_msgs/share/op3_action_module_msgs/cmake/ament_cmake_export_libraries-extras.cmake
[28.696s] -- Symlinking: /home/brone-ub/brone_main_ws/install/op3_action_module_msgs/share/op3_action_module_msgs/cmake/ament_cmake_export_targets-extras.cmake
[28.696s] -- Symlinking: /home/brone-ub/brone_main_ws/install/op3_action_module_msgs/share/op3_action_module_msgs/cmake/rosidl_cmake_export_typesupport_targets-extras.cmake
[28.697s] -- Symlinking: /home/brone-ub/brone_main_ws/install/op3_action_module_msgs/share/op3_action_module_msgs/cmake/rosidl_cmake_export_typesupport_libraries-extras.cmake
[28.697s] -- Symlinking: /home/brone-ub/brone_main_ws/install/op3_action_module_msgs/share/op3_action_module_msgs/cmake/op3_action_module_msgsConfig.cmake
[28.697s] -- Symlinking: /home/brone-ub/brone_main_ws/install/op3_action_module_msgs/share/op3_action_module_msgs/cmake/op3_action_module_msgsConfig-version.cmake
[28.697s] -- Symlinking: /home/brone-ub/brone_main_ws/install/op3_action_module_msgs/share/op3_action_module_msgs/package.xml
[28.697s] -- Installing: /home/brone-ub/brone_main_ws/install/op3_action_module_msgs/lib/libop3_action_module_msgs__rosidl_generator_c.so
[28.697s] -- Set non-toolchain portion of runtime path of "/home/brone-ub/brone_main_ws/install/op3_action_module_msgs/lib/libop3_action_module_msgs__rosidl_generator_c.so" to ""
[28.697s] -- Installing: /home/brone-ub/brone_main_ws/install/op3_action_module_msgs/lib/libop3_action_module_msgs__rosidl_typesupport_fastrtps_c.so
[28.697s] -- Set non-toolchain portion of runtime path of "/home/brone-ub/brone_main_ws/install/op3_action_module_msgs/lib/libop3_action_module_msgs__rosidl_typesupport_fastrtps_c.so" to ""
[28.697s] -- Installing: /home/brone-ub/brone_main_ws/install/op3_action_module_msgs/lib/libop3_action_module_msgs__rosidl_typesupport_fastrtps_cpp.so
[28.697s] -- Set non-toolchain portion of runtime path of "/home/brone-ub/brone_main_ws/install/op3_action_module_msgs/lib/libop3_action_module_msgs__rosidl_typesupport_fastrtps_cpp.so" to ""
[28.697s] -- Installing: /home/brone-ub/brone_main_ws/install/op3_action_module_msgs/lib/libop3_action_module_msgs__rosidl_typesupport_introspection_c.so
[28.697s] -- Set non-toolchain portion of runtime path of "/home/brone-ub/brone_main_ws/install/op3_action_module_msgs/lib/libop3_action_module_msgs__rosidl_typesupport_introspection_c.so" to ""
[28.698s] -- Installing: /home/brone-ub/brone_main_ws/install/op3_action_module_msgs/lib/libop3_action_module_msgs__rosidl_typesupport_c.so
[28.698s] -- Set non-toolchain portion of runtime path of "/home/brone-ub/brone_main_ws/install/op3_action_module_msgs/lib/libop3_action_module_msgs__rosidl_typesupport_c.so" to ""
[28.698s] -- Installing: /home/brone-ub/brone_main_ws/install/op3_action_module_msgs/lib/libop3_action_module_msgs__rosidl_typesupport_introspection_cpp.so
[28.698s] -- Set non-toolchain portion of runtime path of "/home/brone-ub/brone_main_ws/install/op3_action_module_msgs/lib/libop3_action_module_msgs__rosidl_typesupport_introspection_cpp.so" to ""
[28.698s] -- Installing: /home/brone-ub/brone_main_ws/install/op3_action_module_msgs/lib/libop3_action_module_msgs__rosidl_typesupport_cpp.so
[28.698s] -- Set non-toolchain portion of runtime path of "/home/brone-ub/brone_main_ws/install/op3_action_module_msgs/lib/libop3_action_module_msgs__rosidl_typesupport_cpp.so" to ""
[28.698s] Listing '/home/brone-ub/brone_main_ws/install/op3_action_module_msgs/lib/python3.12/site-packages/op3_action_module_msgs'...
[28.698s] Compiling '/home/brone-ub/brone_main_ws/install/op3_action_module_msgs/lib/python3.12/site-packages/op3_action_module_msgs/__init__.py'...
[28.698s] Listing '/home/brone-ub/brone_main_ws/install/op3_action_module_msgs/lib/python3.12/site-packages/op3_action_module_msgs/msg'...
[28.698s] Compiling '/home/brone-ub/brone_main_ws/install/op3_action_module_msgs/lib/python3.12/site-packages/op3_action_module_msgs/msg/__init__.py'...
[28.698s] Compiling '/home/brone-ub/brone_main_ws/install/op3_action_module_msgs/lib/python3.12/site-packages/op3_action_module_msgs/msg/_start_action.py'...
[28.701s] Listing '/home/brone-ub/brone_main_ws/install/op3_action_module_msgs/lib/python3.12/site-packages/op3_action_module_msgs/srv'...
[28.702s] Compiling '/home/brone-ub/brone_main_ws/install/op3_action_module_msgs/lib/python3.12/site-packages/op3_action_module_msgs/srv/__init__.py'...
[28.702s] Compiling '/home/brone-ub/brone_main_ws/install/op3_action_module_msgs/lib/python3.12/site-packages/op3_action_module_msgs/srv/_is_running.py'...
[28.702s] -- Installing: /home/brone-ub/brone_main_ws/install/op3_action_module_msgs/lib/libop3_action_module_msgs__rosidl_generator_py.so
[28.702s] -- Set non-toolchain portion of runtime path of "/home/brone-ub/brone_main_ws/install/op3_action_module_msgs/lib/libop3_action_module_msgs__rosidl_generator_py.so" to ""
[28.702s] -- Installing: /home/brone-ub/brone_main_ws/install/op3_action_module_msgs/share/op3_action_module_msgs/cmake/export_op3_action_module_msgs__rosidl_generator_cExport.cmake
[28.702s] -- Installing: /home/brone-ub/brone_main_ws/install/op3_action_module_msgs/share/op3_action_module_msgs/cmake/export_op3_action_module_msgs__rosidl_generator_cExport-release.cmake
[28.702s] -- Installing: /home/brone-ub/brone_main_ws/install/op3_action_module_msgs/share/op3_action_module_msgs/cmake/export_op3_action_module_msgs__rosidl_typesupport_fastrtps_cExport.cmake
[28.702s] -- Installing: /home/brone-ub/brone_main_ws/install/op3_action_module_msgs/share/op3_action_module_msgs/cmake/export_op3_action_module_msgs__rosidl_typesupport_fastrtps_cExport-release.cmake
[28.702s] -- Installing: /home/brone-ub/brone_main_ws/install/op3_action_module_msgs/share/op3_action_module_msgs/cmake/export_op3_action_module_msgs__rosidl_generator_cppExport.cmake
[28.702s] -- Installing: /home/brone-ub/brone_main_ws/install/op3_action_module_msgs/share/op3_action_module_msgs/cmake/export_op3_action_module_msgs__rosidl_typesupport_fastrtps_cppExport.cmake
[28.702s] -- Installing: /home/brone-ub/brone_main_ws/install/op3_action_module_msgs/share/op3_action_module_msgs/cmake/export_op3_action_module_msgs__rosidl_typesupport_fastrtps_cppExport-release.cmake
[28.703s] -- Installing: /home/brone-ub/brone_main_ws/install/op3_action_module_msgs/share/op3_action_module_msgs/cmake/op3_action_module_msgs__rosidl_typesupport_introspection_cExport.cmake
[28.703s] -- Installing: /home/brone-ub/brone_main_ws/install/op3_action_module_msgs/share/op3_action_module_msgs/cmake/op3_action_module_msgs__rosidl_typesupport_introspection_cExport-release.cmake
[28.703s] -- Installing: /home/brone-ub/brone_main_ws/install/op3_action_module_msgs/share/op3_action_module_msgs/cmake/op3_action_module_msgs__rosidl_typesupport_cExport.cmake
[28.703s] -- Installing: /home/brone-ub/brone_main_ws/install/op3_action_module_msgs/share/op3_action_module_msgs/cmake/op3_action_module_msgs__rosidl_typesupport_cExport-release.cmake
[28.703s] -- Installing: /home/brone-ub/brone_main_ws/install/op3_action_module_msgs/share/op3_action_module_msgs/cmake/op3_action_module_msgs__rosidl_typesupport_introspection_cppExport.cmake
[28.703s] -- Installing: /home/brone-ub/brone_main_ws/install/op3_action_module_msgs/share/op3_action_module_msgs/cmake/op3_action_module_msgs__rosidl_typesupport_introspection_cppExport-release.cmake
[28.703s] -- Installing: /home/brone-ub/brone_main_ws/install/op3_action_module_msgs/share/op3_action_module_msgs/cmake/op3_action_module_msgs__rosidl_typesupport_cppExport.cmake
[28.703s] -- Installing: /home/brone-ub/brone_main_ws/install/op3_action_module_msgs/share/op3_action_module_msgs/cmake/op3_action_module_msgs__rosidl_typesupport_cppExport-release.cmake
[28.703s] -- Installing: /home/brone-ub/brone_main_ws/install/op3_action_module_msgs/share/op3_action_module_msgs/cmake/export_op3_action_module_msgs__rosidl_generator_pyExport.cmake
[28.703s] -- Installing: /home/brone-ub/brone_main_ws/install/op3_action_module_msgs/share/op3_action_module_msgs/cmake/export_op3_action_module_msgs__rosidl_generator_pyExport-release.cmake
[28.756s] Invoked command in '/home/brone-ub/brone_main_ws/build/op3_action_module_msgs' returned '0': CMAKE_PREFIX_PATH=${CMAKE_PREFIX_PATH}:/home/brone-ub/robotis_ws/install/algo_gaze:/home/brone-ub/robotis_ws/install/brone_gaze:/opt/ros/jazzy DEBUGINFOD_URLS=https://debuginfod.ubuntu.com PS1=(.venv) \[\e]0;\u@\h: \w\a\]${debian_chroot:+($debian_chroot)}\[\033[01;32m\]\u@\h\[\033[00m\]:\[\033[01;34m\]\w\[\033[00m\]\$ VIRTUAL_ENV_PROMPT=(.venv) /usr/bin/cmake --install /home/brone-ub/brone_main_ws/build/op3_action_module_msgs
