[0.011s] Invoking command in '/home/brone-ub/brone_main_ws/build/brone_core': CMAKE_PREFIX_PATH=${CMAKE_PREFIX_PATH}:/home/brone-ub/robotis_ws/install/algo_gaze:/home/brone-ub/robotis_ws/install/brone_gaze:/opt/ros/jazzy DEBUGINFOD_URLS=https://debuginfod.ubuntu.com PS1=(.venv) \[\e]0;\u@\h: \w\a\]${debian_chroot:+($debian_chroot)}\[\033[01;32m\]\u@\h\[\033[00m\]:\[\033[01;34m\]\w\[\033[00m\]\$ VIRTUAL_ENV_PROMPT=(.venv) /usr/bin/cmake --build /home/brone-ub/brone_main_ws/build/brone_core -- -j16 -l16
[0.051s] Invoked command in '/home/brone-ub/brone_main_ws/build/brone_core' returned '0': CMAKE_PREFIX_PATH=${CMAKE_PREFIX_PATH}:/home/brone-ub/robotis_ws/install/algo_gaze:/home/brone-ub/robotis_ws/install/brone_gaze:/opt/ros/jazzy DEBUGINFOD_URLS=https://debuginfod.ubuntu.com PS1=(.venv) \[\e]0;\u@\h: \w\a\]${debian_chroot:+($debian_chroot)}\[\033[01;32m\]\u@\h\[\033[00m\]:\[\033[01;34m\]\w\[\033[00m\]\$ VIRTUAL_ENV_PROMPT=(.venv) /usr/bin/cmake --build /home/brone-ub/brone_main_ws/build/brone_core -- -j16 -l16
[0.062s] Invoking command in '/home/brone-ub/brone_main_ws/build/brone_core': CMAKE_PREFIX_PATH=${CMAKE_PREFIX_PATH}:/home/brone-ub/robotis_ws/install/algo_gaze:/home/brone-ub/robotis_ws/install/brone_gaze:/opt/ros/jazzy DEBUGINFOD_URLS=https://debuginfod.ubuntu.com PS1=(.venv) \[\e]0;\u@\h: \w\a\]${debian_chroot:+($debian_chroot)}\[\033[01;32m\]\u@\h\[\033[00m\]:\[\033[01;34m\]\w\[\033[00m\]\$ VIRTUAL_ENV_PROMPT=(.venv) /usr/bin/cmake --install /home/brone-ub/brone_main_ws/build/brone_core
[0.070s] -- Install configuration: ""
[0.071s] -- Execute custom install script
[0.071s] -- Up-to-date symlink: /home/brone-ub/brone_main_ws/install/brone_core/lib/brone_core/state_machine_node.py
[0.071s] -- Up-to-date symlink: /home/brone-ub/brone_main_ws/install/brone_core/share/ament_index/resource_index/package_run_dependencies/brone_core
[0.071s] -- Up-to-date symlink: /home/brone-ub/brone_main_ws/install/brone_core/share/ament_index/resource_index/parent_prefix_path/brone_core
[0.071s] -- Up-to-date symlink: /home/brone-ub/brone_main_ws/install/brone_core/share/brone_core/environment/ament_prefix_path.sh
[0.071s] -- Up-to-date symlink: /home/brone-ub/brone_main_ws/install/brone_core/share/brone_core/environment/ament_prefix_path.dsv
[0.071s] -- Up-to-date symlink: /home/brone-ub/brone_main_ws/install/brone_core/share/brone_core/environment/path.sh
[0.071s] -- Up-to-date symlink: /home/brone-ub/brone_main_ws/install/brone_core/share/brone_core/environment/path.dsv
[0.072s] -- Up-to-date symlink: /home/brone-ub/brone_main_ws/install/brone_core/share/brone_core/local_setup.bash
[0.072s] -- Up-to-date symlink: /home/brone-ub/brone_main_ws/install/brone_core/share/brone_core/local_setup.sh
[0.072s] -- Up-to-date symlink: /home/brone-ub/brone_main_ws/install/brone_core/share/brone_core/local_setup.zsh
[0.072s] -- Up-to-date symlink: /home/brone-ub/brone_main_ws/install/brone_core/share/brone_core/local_setup.dsv
[0.072s] -- Symlinking: /home/brone-ub/brone_main_ws/install/brone_core/share/brone_core/package.dsv
[0.079s] -- Up-to-date symlink: /home/brone-ub/brone_main_ws/install/brone_core/share/ament_index/resource_index/packages/brone_core
[0.079s] -- Up-to-date symlink: /home/brone-ub/brone_main_ws/install/brone_core/share/brone_core/cmake/brone_coreConfig.cmake
[0.079s] -- Up-to-date symlink: /home/brone-ub/brone_main_ws/install/brone_core/share/brone_core/cmake/brone_coreConfig-version.cmake
[0.079s] -- Up-to-date symlink: /home/brone-ub/brone_main_ws/install/brone_core/share/brone_core/package.xml
[0.081s] Invoked command in '/home/brone-ub/brone_main_ws/build/brone_core' returned '0': CMAKE_PREFIX_PATH=${CMAKE_PREFIX_PATH}:/home/brone-ub/robotis_ws/install/algo_gaze:/home/brone-ub/robotis_ws/install/brone_gaze:/opt/ros/jazzy DEBUGINFOD_URLS=https://debuginfod.ubuntu.com PS1=(.venv) \[\e]0;\u@\h: \w\a\]${debian_chroot:+($debian_chroot)}\[\033[01;32m\]\u@\h\[\033[00m\]:\[\033[01;34m\]\w\[\033[00m\]\$ VIRTUAL_ENV_PROMPT=(.venv) /usr/bin/cmake --install /home/brone-ub/brone_main_ws/build/brone_core
