[0.046s] Invoking command in '/home/brone-ub/brone_main_ws/build/op3_walking_module_msgs': CMAKE_PREFIX_PATH=${CMAKE_PREFIX_PATH}:/home/brone-ub/robotis_ws/install/algo_gaze:/home/brone-ub/robotis_ws/install/brone_gaze:/opt/ros/jazzy DEBUGINFOD_URLS=https://debuginfod.ubuntu.com PS1=(.venv) \[\e]0;\u@\h: \w\a\]${debian_chroot:+($debian_chroot)}\[\033[01;32m\]\u@\h\[\033[00m\]:\[\033[01;34m\]\w\[\033[00m\]\$ VIRTUAL_ENV_PROMPT=(.venv) /usr/bin/cmake /home/brone-ub/brone_main_ws/src/robotis_framework/ROBOTIS-OP3-msgs/op3_walking_module_msgs -DCMAKE_BUILD_TYPE=Release -DAMENT_CMAKE_SYMLINK_INSTALL=1 -DCMAKE_INSTALL_PREFIX=/home/brone-ub/brone_main_ws/install/op3_walking_module_msgs
[0.284s] -- The C compiler identification is GNU 13.3.0
[0.409s] -- The CXX compiler identification is GNU 13.3.0
[0.438s] -- Detecting C compiler ABI info
[0.767s] -- Detecting C compiler ABI info - done
[0.781s] -- Check for working C compiler: /usr/bin/cc - skipped
[0.781s] -- Detecting C compile features
[0.781s] -- Detecting C compile features - done
[0.790s] -- Detecting CXX compiler ABI info
[1.154s] -- Detecting CXX compiler ABI info - done
[1.167s] -- Check for working CXX compiler: /usr/bin/c++ - skipped
[1.167s] -- Detecting CXX compile features
[1.168s] -- Detecting CXX compile features - done
[1.174s] -- Found ament_cmake: 2.5.4 (/opt/ros/jazzy/share/ament_cmake/cmake)
[1.369s] -- Found Python3: /home/brone-ub/robotis_ws/.venv/bin/python3 (found version "3.12.3") found components: Interpreter 
[1.500s] -- Override CMake install command with custom implementation using symlinks instead of copying resources
[1.582s] -- Found rosidl_default_generators: 1.6.0 (/opt/ros/jazzy/share/rosidl_default_generators/cmake)
[1.605s] -- Using all available rosidl_typesupport_c: rosidl_typesupport_fastrtps_c;rosidl_typesupport_introspection_c
[1.708s] -- Using all available rosidl_typesupport_cpp: rosidl_typesupport_fastrtps_cpp;rosidl_typesupport_introspection_cpp
[1.788s] -- Found rosidl_adapter: 4.6.6 (/opt/ros/jazzy/share/rosidl_adapter/cmake)
[1.796s] -- Found std_msgs: 5.3.6 (/opt/ros/jazzy/share/std_msgs/cmake)
[3.312s] -- Found ament_cmake_ros: 0.12.0 (/opt/ros/jazzy/share/ament_cmake_ros/cmake)
[4.434s] -- Using all available rosidl_typesupport_c: rosidl_typesupport_fastrtps_c;rosidl_typesupport_introspection_c
[5.665s] -- Using all available rosidl_typesupport_cpp: rosidl_typesupport_fastrtps_cpp;rosidl_typesupport_introspection_cpp
[5.673s] -- Found python_cmake_module: 0.11.1 (/opt/ros/jazzy/share/python_cmake_module/cmake)
[5.897s] -- Found PythonExtra: /home/brone-ub/robotis_ws/.venv/bin/python3  
[7.189s] -- Found Python3: /home/brone-ub/robotis_ws/.venv/bin/python3 (found version "3.12.3") found components: Interpreter Development NumPy Development.Module Development.Embed 
[7.373s] -- Configuring done (7.3s)
[7.445s] -- Generating done (0.1s)
[7.467s] -- Build files have been written to: /home/brone-ub/brone_main_ws/build/op3_walking_module_msgs
[7.528s] Invoked command in '/home/brone-ub/brone_main_ws/build/op3_walking_module_msgs' returned '0': CMAKE_PREFIX_PATH=${CMAKE_PREFIX_PATH}:/home/brone-ub/robotis_ws/install/algo_gaze:/home/brone-ub/robotis_ws/install/brone_gaze:/opt/ros/jazzy DEBUGINFOD_URLS=https://debuginfod.ubuntu.com PS1=(.venv) \[\e]0;\u@\h: \w\a\]${debian_chroot:+($debian_chroot)}\[\033[01;32m\]\u@\h\[\033[00m\]:\[\033[01;34m\]\w\[\033[00m\]\$ VIRTUAL_ENV_PROMPT=(.venv) /usr/bin/cmake /home/brone-ub/brone_main_ws/src/robotis_framework/ROBOTIS-OP3-msgs/op3_walking_module_msgs -DCMAKE_BUILD_TYPE=Release -DAMENT_CMAKE_SYMLINK_INSTALL=1 -DCMAKE_INSTALL_PREFIX=/home/brone-ub/brone_main_ws/install/op3_walking_module_msgs
[7.530s] Invoking command in '/home/brone-ub/brone_main_ws/build/op3_walking_module_msgs': CMAKE_PREFIX_PATH=${CMAKE_PREFIX_PATH}:/home/brone-ub/robotis_ws/install/algo_gaze:/home/brone-ub/robotis_ws/install/brone_gaze:/opt/ros/jazzy DEBUGINFOD_URLS=https://debuginfod.ubuntu.com PS1=(.venv) \[\e]0;\u@\h: \w\a\]${debian_chroot:+($debian_chroot)}\[\033[01;32m\]\u@\h\[\033[00m\]:\[\033[01;34m\]\w\[\033[00m\]\$ VIRTUAL_ENV_PROMPT=(.venv) /usr/bin/cmake --build /home/brone-ub/brone_main_ws/build/op3_walking_module_msgs -- -j16 -l16
[8.321s] [  1%] [34m[1mGenerating type hashes for ROS interfaces[0m
[8.321s] [  1%] Built target ament_cmake_python_symlink_op3_walking_module_msgs
[8.321s] running egg_info
[8.321s] creating op3_walking_module_msgs.egg-info
[8.322s] writing op3_walking_module_msgs.egg-info/PKG-INFO
[8.322s] writing dependency_links to op3_walking_module_msgs.egg-info/dependency_links.txt
[8.322s] writing top-level names to op3_walking_module_msgs.egg-info/top_level.txt
[8.322s] writing manifest file 'op3_walking_module_msgs.egg-info/SOURCES.txt'
[8.322s] reading manifest file 'op3_walking_module_msgs.egg-info/SOURCES.txt'
[8.322s] writing manifest file 'op3_walking_module_msgs.egg-info/SOURCES.txt'
[8.368s] [  1%] Built target ament_cmake_python_build_op3_walking_module_msgs_egg
[8.628s] [  1%] Built target op3_walking_module_msgs__rosidl_generator_type_description
[8.696s] [  3%] [34m[1mGenerating C code for ROS interfaces[0m
[8.710s] [  5%] [34m[1mGenerating C++ code for ROS interfaces[0m
[10.404s] [  7%] [32mBuilding C object CMakeFiles/op3_walking_module_msgs__rosidl_generator_c.dir/rosidl_generator_c/op3_walking_module_msgs/msg/detail/walking_param__functions.c.o[0m
[10.404s] [  9%] [32mBuilding C object CMakeFiles/op3_walking_module_msgs__rosidl_generator_c.dir/rosidl_generator_c/op3_walking_module_msgs/srv/detail/set_walking_param__functions.c.o[0m
[10.405s] [ 11%] [32mBuilding C object CMakeFiles/op3_walking_module_msgs__rosidl_generator_c.dir/rosidl_generator_c/op3_walking_module_msgs/msg/detail/walking_param__type_support.c.o[0m
[10.415s] [ 12%] [32mBuilding C object CMakeFiles/op3_walking_module_msgs__rosidl_generator_c.dir/rosidl_generator_c/op3_walking_module_msgs/msg/detail/walking_param__description.c.o[0m
[10.416s] [ 14%] [32mBuilding C object CMakeFiles/op3_walking_module_msgs__rosidl_generator_c.dir/rosidl_generator_c/op3_walking_module_msgs/srv/detail/get_walking_param__type_support.c.o[0m
[10.419s] [ 16%] [32mBuilding C object CMakeFiles/op3_walking_module_msgs__rosidl_generator_c.dir/rosidl_generator_c/op3_walking_module_msgs/srv/detail/get_walking_param__description.c.o[0m
[10.426s] [ 18%] [32mBuilding C object CMakeFiles/op3_walking_module_msgs__rosidl_generator_c.dir/rosidl_generator_c/op3_walking_module_msgs/srv/detail/set_walking_param__type_support.c.o[0m
[10.433s] [ 20%] [32mBuilding C object CMakeFiles/op3_walking_module_msgs__rosidl_generator_c.dir/rosidl_generator_c/op3_walking_module_msgs/srv/detail/get_walking_param__functions.c.o[0m
[10.435s] [ 22%] [32mBuilding C object CMakeFiles/op3_walking_module_msgs__rosidl_generator_c.dir/rosidl_generator_c/op3_walking_module_msgs/srv/detail/set_walking_param__description.c.o[0m
[10.668s] [ 22%] Built target op3_walking_module_msgs__cpp
[11.362s] [ 24%] [32m[1mLinking C shared library libop3_walking_module_msgs__rosidl_generator_c.so[0m
[11.481s] [ 24%] Built target op3_walking_module_msgs__rosidl_generator_c
[11.508s] [ 25%] [34m[1mGenerating C type support dispatch for ROS interfaces[0m
[11.526s] [ 27%] [34m[1mGenerating C++ type support for eProsima Fast-RTPS[0m
[11.547s] [ 29%] [34m[1mGenerating C++ type support dispatch for ROS interfaces[0m
[11.553s] [ 31%] [34m[1mGenerating C++ introspection for ROS interfaces[0m
[11.559s] [ 33%] [34m[1mGenerating C type support for eProsima Fast-RTPS[0m
[11.561s] [ 35%] [34m[1mGenerating C introspection for ROS interfaces[0m
[12.371s] [ 37%] [32mBuilding CXX object CMakeFiles/op3_walking_module_msgs__rosidl_typesupport_c.dir/rosidl_typesupport_c/op3_walking_module_msgs/msg/walking_param__type_support.cpp.o[0m
[12.371s] [ 38%] [32mBuilding CXX object CMakeFiles/op3_walking_module_msgs__rosidl_typesupport_c.dir/rosidl_typesupport_c/op3_walking_module_msgs/srv/get_walking_param__type_support.cpp.o[0m
[12.385s] [ 40%] [32mBuilding CXX object CMakeFiles/op3_walking_module_msgs__rosidl_typesupport_c.dir/rosidl_typesupport_c/op3_walking_module_msgs/srv/set_walking_param__type_support.cpp.o[0m
[12.652s] [ 42%] [32m[1mLinking CXX shared library libop3_walking_module_msgs__rosidl_typesupport_c.so[0m
[12.838s] [ 42%] Built target op3_walking_module_msgs__rosidl_typesupport_c
[12.992s] [ 44%] [32mBuilding CXX object CMakeFiles/op3_walking_module_msgs__rosidl_typesupport_cpp.dir/rosidl_typesupport_cpp/op3_walking_module_msgs/msg/walking_param__type_support.cpp.o[0m
[13.001s] [ 46%] [32mBuilding CXX object CMakeFiles/op3_walking_module_msgs__rosidl_typesupport_cpp.dir/rosidl_typesupport_cpp/op3_walking_module_msgs/srv/set_walking_param__type_support.cpp.o[0m
[13.002s] [ 48%] [32mBuilding CXX object CMakeFiles/op3_walking_module_msgs__rosidl_typesupport_cpp.dir/rosidl_typesupport_cpp/op3_walking_module_msgs/srv/get_walking_param__type_support.cpp.o[0m
[13.382s] [ 51%] [32mBuilding CXX object CMakeFiles/op3_walking_module_msgs__rosidl_typesupport_fastrtps_c.dir/rosidl_typesupport_fastrtps_c/op3_walking_module_msgs/srv/detail/get_walking_param__type_support_c.cpp.o[0m
[13.383s] [ 51%] [32mBuilding CXX object CMakeFiles/op3_walking_module_msgs__rosidl_typesupport_fastrtps_c.dir/rosidl_typesupport_fastrtps_c/op3_walking_module_msgs/msg/detail/walking_param__type_support_c.cpp.o[0m
[13.394s] [ 53%] [32mBuilding CXX object CMakeFiles/op3_walking_module_msgs__rosidl_typesupport_fastrtps_c.dir/rosidl_typesupport_fastrtps_c/op3_walking_module_msgs/srv/detail/set_walking_param__type_support_c.cpp.o[0m
[14.733s] [ 55%] [32mBuilding CXX object CMakeFiles/op3_walking_module_msgs__rosidl_typesupport_fastrtps_cpp.dir/rosidl_typesupport_fastrtps_cpp/op3_walking_module_msgs/srv/detail/dds_fastrtps/get_walking_param__type_support.cpp.o[0m
[14.752s] [ 57%] [32mBuilding CXX object CMakeFiles/op3_walking_module_msgs__rosidl_typesupport_fastrtps_cpp.dir/rosidl_typesupport_fastrtps_cpp/op3_walking_module_msgs/srv/detail/dds_fastrtps/set_walking_param__type_support.cpp.o[0m
[14.765s] [ 59%] [32mBuilding CXX object CMakeFiles/op3_walking_module_msgs__rosidl_typesupport_fastrtps_cpp.dir/rosidl_typesupport_fastrtps_cpp/op3_walking_module_msgs/msg/detail/dds_fastrtps/walking_param__type_support.cpp.o[0m
[14.816s] [ 61%] [32mBuilding CXX object CMakeFiles/op3_walking_module_msgs__rosidl_typesupport_introspection_cpp.dir/rosidl_typesupport_introspection_cpp/op3_walking_module_msgs/srv/detail/get_walking_param__type_support.cpp.o[0m
[14.827s] [ 62%] [32mBuilding CXX object CMakeFiles/op3_walking_module_msgs__rosidl_typesupport_introspection_cpp.dir/rosidl_typesupport_introspection_cpp/op3_walking_module_msgs/srv/detail/set_walking_param__type_support.cpp.o[0m
[14.866s] [ 64%] [32mBuilding CXX object CMakeFiles/op3_walking_module_msgs__rosidl_typesupport_introspection_cpp.dir/rosidl_typesupport_introspection_cpp/op3_walking_module_msgs/msg/detail/walking_param__type_support.cpp.o[0m
[15.008s] [ 66%] [32mBuilding C object CMakeFiles/op3_walking_module_msgs__rosidl_typesupport_introspection_c.dir/rosidl_typesupport_introspection_c/op3_walking_module_msgs/msg/detail/walking_param__type_support.c.o[0m
[15.027s] [ 68%] [32mBuilding C object CMakeFiles/op3_walking_module_msgs__rosidl_typesupport_introspection_c.dir/rosidl_typesupport_introspection_c/op3_walking_module_msgs/srv/detail/set_walking_param__type_support.c.o[0m
[15.046s] [ 70%] [32mBuilding C object CMakeFiles/op3_walking_module_msgs__rosidl_typesupport_introspection_c.dir/rosidl_typesupport_introspection_c/op3_walking_module_msgs/srv/detail/get_walking_param__type_support.c.o[0m
[15.855s] [ 72%] [32m[1mLinking C shared library libop3_walking_module_msgs__rosidl_typesupport_introspection_c.so[0m
[16.227s] [ 72%] Built target op3_walking_module_msgs__rosidl_typesupport_introspection_c
[16.719s] [ 74%] [32m[1mLinking CXX shared library libop3_walking_module_msgs__rosidl_typesupport_cpp.so[0m
[17.011s] [ 74%] Built target op3_walking_module_msgs__rosidl_typesupport_cpp
[19.491s] [ 75%] [32m[1mLinking CXX shared library libop3_walking_module_msgs__rosidl_typesupport_fastrtps_c.so[0m
[20.053s] [ 75%] Built target op3_walking_module_msgs__rosidl_typesupport_fastrtps_c
[20.224s] [ 77%] [32m[1mLinking CXX shared library libop3_walking_module_msgs__rosidl_typesupport_introspection_cpp.so[0m
[21.419s] [ 77%] Built target op3_walking_module_msgs__rosidl_typesupport_introspection_cpp
[22.213s] [ 79%] [32m[1mLinking CXX shared library libop3_walking_module_msgs__rosidl_typesupport_fastrtps_cpp.so[0m
[22.512s] [ 79%] Built target op3_walking_module_msgs__rosidl_typesupport_fastrtps_cpp
[22.650s] [ 79%] Built target op3_walking_module_msgs
[22.752s] [ 81%] [34m[1mGenerating Python code for ROS interfaces[0m
[24.867s] [ 81%] Built target op3_walking_module_msgs__py
[24.914s] [ 83%] [32mBuilding C object CMakeFiles/op3_walking_module_msgs__rosidl_generator_py.dir/rosidl_generator_py/op3_walking_module_msgs/msg/_walking_param_s.c.o[0m
[25.457s] [ 85%] [32mBuilding C object CMakeFiles/op3_walking_module_msgs__rosidl_generator_py.dir/rosidl_generator_py/op3_walking_module_msgs/srv/_set_walking_param_s.c.o[0m
[25.884s] [ 87%] [32mBuilding C object CMakeFiles/op3_walking_module_msgs__rosidl_generator_py.dir/rosidl_generator_py/op3_walking_module_msgs/srv/_get_walking_param_s.c.o[0m
[26.226s] [ 88%] [32m[1mLinking C shared library libop3_walking_module_msgs__rosidl_generator_py.so[0m
[26.299s] [ 88%] Built target op3_walking_module_msgs__rosidl_generator_py
[26.353s] [ 90%] [32mBuilding C object CMakeFiles/op3_walking_module_msgs_s__rosidl_typesupport_fastrtps_c.dir/rosidl_generator_py/op3_walking_module_msgs/_op3_walking_module_msgs_s.ep.rosidl_typesupport_fastrtps_c.c.o[0m
[26.776s] [ 92%] [32m[1mLinking C shared module rosidl_generator_py/op3_walking_module_msgs/op3_walking_module_msgs_s__rosidl_typesupport_fastrtps_c.so[0m
[26.838s] [ 92%] Built target op3_walking_module_msgs_s__rosidl_typesupport_fastrtps_c
[26.907s] [ 94%] [32mBuilding C object CMakeFiles/op3_walking_module_msgs_s__rosidl_typesupport_c.dir/rosidl_generator_py/op3_walking_module_msgs/_op3_walking_module_msgs_s.ep.rosidl_typesupport_c.c.o[0m
[27.258s] [ 96%] [32m[1mLinking C shared module rosidl_generator_py/op3_walking_module_msgs/op3_walking_module_msgs_s__rosidl_typesupport_c.so[0m
[27.332s] [ 96%] Built target op3_walking_module_msgs_s__rosidl_typesupport_c
[27.372s] [ 98%] [32mBuilding C object CMakeFiles/op3_walking_module_msgs_s__rosidl_typesupport_introspection_c.dir/rosidl_generator_py/op3_walking_module_msgs/_op3_walking_module_msgs_s.ep.rosidl_typesupport_introspection_c.c.o[0m
[27.865s] [100%] [32m[1mLinking C shared module rosidl_generator_py/op3_walking_module_msgs/op3_walking_module_msgs_s__rosidl_typesupport_introspection_c.so[0m
[27.919s] [100%] Built target op3_walking_module_msgs_s__rosidl_typesupport_introspection_c
[27.939s] Invoked command in '/home/brone-ub/brone_main_ws/build/op3_walking_module_msgs' returned '0': CMAKE_PREFIX_PATH=${CMAKE_PREFIX_PATH}:/home/brone-ub/robotis_ws/install/algo_gaze:/home/brone-ub/robotis_ws/install/brone_gaze:/opt/ros/jazzy DEBUGINFOD_URLS=https://debuginfod.ubuntu.com PS1=(.venv) \[\e]0;\u@\h: \w\a\]${debian_chroot:+($debian_chroot)}\[\033[01;32m\]\u@\h\[\033[00m\]:\[\033[01;34m\]\w\[\033[00m\]\$ VIRTUAL_ENV_PROMPT=(.venv) /usr/bin/cmake --build /home/brone-ub/brone_main_ws/build/op3_walking_module_msgs -- -j16 -l16
[27.941s] Invoking command in '/home/brone-ub/brone_main_ws/build/op3_walking_module_msgs': CMAKE_PREFIX_PATH=${CMAKE_PREFIX_PATH}:/home/brone-ub/robotis_ws/install/algo_gaze:/home/brone-ub/robotis_ws/install/brone_gaze:/opt/ros/jazzy DEBUGINFOD_URLS=https://debuginfod.ubuntu.com PS1=(.venv) \[\e]0;\u@\h: \w\a\]${debian_chroot:+($debian_chroot)}\[\033[01;32m\]\u@\h\[\033[00m\]:\[\033[01;34m\]\w\[\033[00m\]\$ VIRTUAL_ENV_PROMPT=(.venv) /usr/bin/cmake --install /home/brone-ub/brone_main_ws/build/op3_walking_module_msgs
[29.382s] -- Install configuration: "Release"
[29.382s] -- Execute custom install script
[29.382s] -- Symlinking: /home/brone-ub/brone_main_ws/install/op3_walking_module_msgs/share/ament_index/resource_index/rosidl_interfaces/op3_walking_module_msgs
[29.382s] -- Symlinking: /home/brone-ub/brone_main_ws/install/op3_walking_module_msgs/share/op3_walking_module_msgs/msg/WalkingParam.json
[29.382s] -- Symlinking: /home/brone-ub/brone_main_ws/install/op3_walking_module_msgs/share/op3_walking_module_msgs/srv/GetWalkingParam.json
[29.382s] -- Symlinking: /home/brone-ub/brone_main_ws/install/op3_walking_module_msgs/share/op3_walking_module_msgs/srv/SetWalkingParam.json
[29.382s] -- Symlinking: /home/brone-ub/brone_main_ws/install/op3_walking_module_msgs/include/op3_walking_module_msgs/op3_walking_module_msgs/msg/detail/walking_param__functions.h
[29.383s] -- Symlinking: /home/brone-ub/brone_main_ws/install/op3_walking_module_msgs/include/op3_walking_module_msgs/op3_walking_module_msgs/msg/detail/walking_param__struct.h
[29.383s] -- Symlinking: /home/brone-ub/brone_main_ws/install/op3_walking_module_msgs/include/op3_walking_module_msgs/op3_walking_module_msgs/msg/detail/walking_param__type_support.h
[29.383s] -- Symlinking: /home/brone-ub/brone_main_ws/install/op3_walking_module_msgs/include/op3_walking_module_msgs/op3_walking_module_msgs/msg/rosidl_generator_c__visibility_control.h
[29.383s] -- Symlinking: /home/brone-ub/brone_main_ws/install/op3_walking_module_msgs/include/op3_walking_module_msgs/op3_walking_module_msgs/msg/walking_param.h
[29.383s] -- Symlinking: /home/brone-ub/brone_main_ws/install/op3_walking_module_msgs/include/op3_walking_module_msgs/op3_walking_module_msgs/srv/detail/get_walking_param__functions.h
[29.383s] -- Symlinking: /home/brone-ub/brone_main_ws/install/op3_walking_module_msgs/include/op3_walking_module_msgs/op3_walking_module_msgs/srv/detail/get_walking_param__struct.h
[29.383s] -- Symlinking: /home/brone-ub/brone_main_ws/install/op3_walking_module_msgs/include/op3_walking_module_msgs/op3_walking_module_msgs/srv/detail/get_walking_param__type_support.h
[29.383s] -- Symlinking: /home/brone-ub/brone_main_ws/install/op3_walking_module_msgs/include/op3_walking_module_msgs/op3_walking_module_msgs/srv/detail/set_walking_param__functions.h
[29.383s] -- Symlinking: /home/brone-ub/brone_main_ws/install/op3_walking_module_msgs/include/op3_walking_module_msgs/op3_walking_module_msgs/srv/detail/set_walking_param__struct.h
[29.383s] -- Symlinking: /home/brone-ub/brone_main_ws/install/op3_walking_module_msgs/include/op3_walking_module_msgs/op3_walking_module_msgs/srv/detail/set_walking_param__type_support.h
[29.383s] -- Symlinking: /home/brone-ub/brone_main_ws/install/op3_walking_module_msgs/include/op3_walking_module_msgs/op3_walking_module_msgs/srv/get_walking_param.h
[29.383s] -- Symlinking: /home/brone-ub/brone_main_ws/install/op3_walking_module_msgs/include/op3_walking_module_msgs/op3_walking_module_msgs/srv/set_walking_param.h
[29.383s] -- Symlinking: /home/brone-ub/brone_main_ws/install/op3_walking_module_msgs/share/op3_walking_module_msgs/environment/library_path.sh
[29.383s] -- Symlinking: /home/brone-ub/brone_main_ws/install/op3_walking_module_msgs/share/op3_walking_module_msgs/environment/library_path.dsv
[29.383s] -- Symlinking: /home/brone-ub/brone_main_ws/install/op3_walking_module_msgs/include/op3_walking_module_msgs/op3_walking_module_msgs/msg/detail/walking_param__rosidl_typesupport_fastrtps_c.h
[29.384s] -- Symlinking: /home/brone-ub/brone_main_ws/install/op3_walking_module_msgs/include/op3_walking_module_msgs/op3_walking_module_msgs/msg/rosidl_typesupport_fastrtps_c__visibility_control.h
[29.384s] -- Symlinking: /home/brone-ub/brone_main_ws/install/op3_walking_module_msgs/include/op3_walking_module_msgs/op3_walking_module_msgs/srv/detail/get_walking_param__rosidl_typesupport_fastrtps_c.h
[29.384s] -- Symlinking: /home/brone-ub/brone_main_ws/install/op3_walking_module_msgs/include/op3_walking_module_msgs/op3_walking_module_msgs/srv/detail/set_walking_param__rosidl_typesupport_fastrtps_c.h
[29.384s] -- Symlinking: /home/brone-ub/brone_main_ws/install/op3_walking_module_msgs/include/op3_walking_module_msgs/op3_walking_module_msgs/msg/detail/walking_param__rosidl_typesupport_introspection_c.h
[29.384s] -- Symlinking: /home/brone-ub/brone_main_ws/install/op3_walking_module_msgs/include/op3_walking_module_msgs/op3_walking_module_msgs/msg/rosidl_typesupport_introspection_c__visibility_control.h
[29.384s] -- Symlinking: /home/brone-ub/brone_main_ws/install/op3_walking_module_msgs/include/op3_walking_module_msgs/op3_walking_module_msgs/srv/detail/get_walking_param__rosidl_typesupport_introspection_c.h
[29.384s] -- Symlinking: /home/brone-ub/brone_main_ws/install/op3_walking_module_msgs/include/op3_walking_module_msgs/op3_walking_module_msgs/srv/detail/set_walking_param__rosidl_typesupport_introspection_c.h
[29.384s] -- Symlinking: /home/brone-ub/brone_main_ws/install/op3_walking_module_msgs/include/op3_walking_module_msgs/op3_walking_module_msgs/msg/detail/walking_param__builder.hpp
[29.384s] -- Symlinking: /home/brone-ub/brone_main_ws/install/op3_walking_module_msgs/include/op3_walking_module_msgs/op3_walking_module_msgs/msg/detail/walking_param__struct.hpp
[29.384s] -- Symlinking: /home/brone-ub/brone_main_ws/install/op3_walking_module_msgs/include/op3_walking_module_msgs/op3_walking_module_msgs/msg/detail/walking_param__traits.hpp
[29.384s] -- Symlinking: /home/brone-ub/brone_main_ws/install/op3_walking_module_msgs/include/op3_walking_module_msgs/op3_walking_module_msgs/msg/detail/walking_param__type_support.hpp
[29.387s] -- Symlinking: /home/brone-ub/brone_main_ws/install/op3_walking_module_msgs/include/op3_walking_module_msgs/op3_walking_module_msgs/msg/rosidl_generator_cpp__visibility_control.hpp
[29.387s] -- Symlinking: /home/brone-ub/brone_main_ws/install/op3_walking_module_msgs/include/op3_walking_module_msgs/op3_walking_module_msgs/msg/walking_param.hpp
[29.387s] -- Symlinking: /home/brone-ub/brone_main_ws/install/op3_walking_module_msgs/include/op3_walking_module_msgs/op3_walking_module_msgs/srv/detail/get_walking_param__builder.hpp
[29.387s] -- Symlinking: /home/brone-ub/brone_main_ws/install/op3_walking_module_msgs/include/op3_walking_module_msgs/op3_walking_module_msgs/srv/detail/get_walking_param__struct.hpp
[29.389s] -- Symlinking: /home/brone-ub/brone_main_ws/install/op3_walking_module_msgs/include/op3_walking_module_msgs/op3_walking_module_msgs/srv/detail/get_walking_param__traits.hpp
[29.389s] -- Symlinking: /home/brone-ub/brone_main_ws/install/op3_walking_module_msgs/include/op3_walking_module_msgs/op3_walking_module_msgs/srv/detail/get_walking_param__type_support.hpp
[29.389s] -- Symlinking: /home/brone-ub/brone_main_ws/install/op3_walking_module_msgs/include/op3_walking_module_msgs/op3_walking_module_msgs/srv/detail/set_walking_param__builder.hpp
[29.389s] -- Symlinking: /home/brone-ub/brone_main_ws/install/op3_walking_module_msgs/include/op3_walking_module_msgs/op3_walking_module_msgs/srv/detail/set_walking_param__struct.hpp
[29.389s] -- Symlinking: /home/brone-ub/brone_main_ws/install/op3_walking_module_msgs/include/op3_walking_module_msgs/op3_walking_module_msgs/srv/detail/set_walking_param__traits.hpp
[29.390s] -- Symlinking: /home/brone-ub/brone_main_ws/install/op3_walking_module_msgs/include/op3_walking_module_msgs/op3_walking_module_msgs/srv/detail/set_walking_param__type_support.hpp
[29.390s] -- Symlinking: /home/brone-ub/brone_main_ws/install/op3_walking_module_msgs/include/op3_walking_module_msgs/op3_walking_module_msgs/srv/get_walking_param.hpp
[29.390s] -- Symlinking: /home/brone-ub/brone_main_ws/install/op3_walking_module_msgs/include/op3_walking_module_msgs/op3_walking_module_msgs/srv/set_walking_param.hpp
[29.390s] -- Symlinking: /home/brone-ub/brone_main_ws/install/op3_walking_module_msgs/include/op3_walking_module_msgs/op3_walking_module_msgs/msg/detail/walking_param__rosidl_typesupport_fastrtps_cpp.hpp
[29.390s] -- Symlinking: /home/brone-ub/brone_main_ws/install/op3_walking_module_msgs/include/op3_walking_module_msgs/op3_walking_module_msgs/msg/rosidl_typesupport_fastrtps_cpp__visibility_control.h
[29.390s] -- Symlinking: /home/brone-ub/brone_main_ws/install/op3_walking_module_msgs/include/op3_walking_module_msgs/op3_walking_module_msgs/srv/detail/get_walking_param__rosidl_typesupport_fastrtps_cpp.hpp
[29.390s] -- Symlinking: /home/brone-ub/brone_main_ws/install/op3_walking_module_msgs/include/op3_walking_module_msgs/op3_walking_module_msgs/srv/detail/set_walking_param__rosidl_typesupport_fastrtps_cpp.hpp
[29.390s] -- Symlinking: /home/brone-ub/brone_main_ws/install/op3_walking_module_msgs/include/op3_walking_module_msgs/op3_walking_module_msgs/msg/detail/walking_param__rosidl_typesupport_introspection_cpp.hpp
[29.390s] -- Symlinking: /home/brone-ub/brone_main_ws/install/op3_walking_module_msgs/include/op3_walking_module_msgs/op3_walking_module_msgs/srv/detail/get_walking_param__rosidl_typesupport_introspection_cpp.hpp
[29.390s] -- Symlinking: /home/brone-ub/brone_main_ws/install/op3_walking_module_msgs/include/op3_walking_module_msgs/op3_walking_module_msgs/srv/detail/set_walking_param__rosidl_typesupport_introspection_cpp.hpp
[29.390s] -- Symlinking: /home/brone-ub/brone_main_ws/install/op3_walking_module_msgs/share/op3_walking_module_msgs/environment/pythonpath.sh
[29.390s] -- Symlinking: /home/brone-ub/brone_main_ws/install/op3_walking_module_msgs/share/op3_walking_module_msgs/environment/pythonpath.dsv
[29.390s] -- Symlinking: /home/brone-ub/brone_main_ws/install/op3_walking_module_msgs/lib/python3.12/site-packages/op3_walking_module_msgs-0.1.1-py3.12.egg-info/PKG-INFO
[29.390s] -- Symlinking: /home/brone-ub/brone_main_ws/install/op3_walking_module_msgs/lib/python3.12/site-packages/op3_walking_module_msgs-0.1.1-py3.12.egg-info/SOURCES.txt
[29.391s] -- Symlinking: /home/brone-ub/brone_main_ws/install/op3_walking_module_msgs/lib/python3.12/site-packages/op3_walking_module_msgs-0.1.1-py3.12.egg-info/dependency_links.txt
[29.391s] -- Symlinking: /home/brone-ub/brone_main_ws/install/op3_walking_module_msgs/lib/python3.12/site-packages/op3_walking_module_msgs-0.1.1-py3.12.egg-info/top_level.txt
[29.391s] -- Symlinking: /home/brone-ub/brone_main_ws/install/op3_walking_module_msgs/lib/python3.12/site-packages/op3_walking_module_msgs/__init__.py
[29.391s] -- Symlinking: /home/brone-ub/brone_main_ws/install/op3_walking_module_msgs/lib/python3.12/site-packages/op3_walking_module_msgs/_op3_walking_module_msgs_s.ep.rosidl_typesupport_c.c
[29.391s] -- Symlinking: /home/brone-ub/brone_main_ws/install/op3_walking_module_msgs/lib/python3.12/site-packages/op3_walking_module_msgs/_op3_walking_module_msgs_s.ep.rosidl_typesupport_fastrtps_c.c
[29.391s] -- Symlinking: /home/brone-ub/brone_main_ws/install/op3_walking_module_msgs/lib/python3.12/site-packages/op3_walking_module_msgs/_op3_walking_module_msgs_s.ep.rosidl_typesupport_introspection_c.c
[29.391s] -- Symlinking: /home/brone-ub/brone_main_ws/install/op3_walking_module_msgs/lib/python3.12/site-packages/op3_walking_module_msgs/msg/__init__.py
[29.391s] -- Symlinking: /home/brone-ub/brone_main_ws/install/op3_walking_module_msgs/lib/python3.12/site-packages/op3_walking_module_msgs/msg/_walking_param.py
[29.391s] -- Symlinking: /home/brone-ub/brone_main_ws/install/op3_walking_module_msgs/lib/python3.12/site-packages/op3_walking_module_msgs/msg/_walking_param_s.c
[29.391s] -- Symlinking: /home/brone-ub/brone_main_ws/install/op3_walking_module_msgs/lib/python3.12/site-packages/op3_walking_module_msgs/op3_walking_module_msgs_s__rosidl_typesupport_c.so
[29.391s] -- Symlinking: /home/brone-ub/brone_main_ws/install/op3_walking_module_msgs/lib/python3.12/site-packages/op3_walking_module_msgs/op3_walking_module_msgs_s__rosidl_typesupport_fastrtps_c.so
[29.397s] -- Symlinking: /home/brone-ub/brone_main_ws/install/op3_walking_module_msgs/lib/python3.12/site-packages/op3_walking_module_msgs/op3_walking_module_msgs_s__rosidl_typesupport_introspection_c.so
[29.414s] -- Symlinking: /home/brone-ub/brone_main_ws/install/op3_walking_module_msgs/lib/python3.12/site-packages/op3_walking_module_msgs/srv/__init__.py
[29.429s] -- Symlinking: /home/brone-ub/brone_main_ws/install/op3_walking_module_msgs/lib/python3.12/site-packages/op3_walking_module_msgs/srv/_get_walking_param.py
[29.446s] -- Symlinking: /home/brone-ub/brone_main_ws/install/op3_walking_module_msgs/lib/python3.12/site-packages/op3_walking_module_msgs/srv/_get_walking_param_s.c
[29.463s] -- Symlinking: /home/brone-ub/brone_main_ws/install/op3_walking_module_msgs/lib/python3.12/site-packages/op3_walking_module_msgs/srv/_set_walking_param.py
[29.494s] -- Symlinking: /home/brone-ub/brone_main_ws/install/op3_walking_module_msgs/lib/python3.12/site-packages/op3_walking_module_msgs/srv/_set_walking_param_s.c
[29.513s] -- Up-to-date symlink: /home/brone-ub/brone_main_ws/install/op3_walking_module_msgs/lib/python3.12/site-packages/op3_walking_module_msgs/op3_walking_module_msgs_s__rosidl_typesupport_fastrtps_c.so
[29.513s] -- Up-to-date symlink: /home/brone-ub/brone_main_ws/install/op3_walking_module_msgs/lib/python3.12/site-packages/op3_walking_module_msgs/op3_walking_module_msgs_s__rosidl_typesupport_introspection_c.so
[29.513s] -- Up-to-date symlink: /home/brone-ub/brone_main_ws/install/op3_walking_module_msgs/lib/python3.12/site-packages/op3_walking_module_msgs/op3_walking_module_msgs_s__rosidl_typesupport_c.so
[29.514s] -- Symlinking: /home/brone-ub/brone_main_ws/install/op3_walking_module_msgs/share/op3_walking_module_msgs/msg/WalkingParam.idl
[29.530s] -- Symlinking: /home/brone-ub/brone_main_ws/install/op3_walking_module_msgs/share/op3_walking_module_msgs/srv/GetWalkingParam.idl
[29.552s] -- Symlinking: /home/brone-ub/brone_main_ws/install/op3_walking_module_msgs/share/op3_walking_module_msgs/srv/SetWalkingParam.idl
[29.567s] -- Symlinking: /home/brone-ub/brone_main_ws/install/op3_walking_module_msgs/share/op3_walking_module_msgs/msg/WalkingParam.msg
[29.585s] -- Symlinking: /home/brone-ub/brone_main_ws/install/op3_walking_module_msgs/share/op3_walking_module_msgs/srv/GetWalkingParam.srv
[29.599s] -- Symlinking: /home/brone-ub/brone_main_ws/install/op3_walking_module_msgs/share/op3_walking_module_msgs/srv/SetWalkingParam.srv
[29.617s] -- Symlinking: /home/brone-ub/brone_main_ws/install/op3_walking_module_msgs/share/ament_index/resource_index/package_run_dependencies/op3_walking_module_msgs
[29.633s] -- Symlinking: /home/brone-ub/brone_main_ws/install/op3_walking_module_msgs/share/ament_index/resource_index/parent_prefix_path/op3_walking_module_msgs
[29.649s] -- Symlinking: /home/brone-ub/brone_main_ws/install/op3_walking_module_msgs/share/op3_walking_module_msgs/environment/ament_prefix_path.sh
[29.664s] -- Symlinking: /home/brone-ub/brone_main_ws/install/op3_walking_module_msgs/share/op3_walking_module_msgs/environment/ament_prefix_path.dsv
[29.683s] -- Symlinking: /home/brone-ub/brone_main_ws/install/op3_walking_module_msgs/share/op3_walking_module_msgs/environment/path.sh
[29.696s] -- Symlinking: /home/brone-ub/brone_main_ws/install/op3_walking_module_msgs/share/op3_walking_module_msgs/environment/path.dsv
[29.713s] -- Symlinking: /home/brone-ub/brone_main_ws/install/op3_walking_module_msgs/share/op3_walking_module_msgs/local_setup.bash
[29.728s] -- Symlinking: /home/brone-ub/brone_main_ws/install/op3_walking_module_msgs/share/op3_walking_module_msgs/local_setup.sh
[29.742s] -- Symlinking: /home/brone-ub/brone_main_ws/install/op3_walking_module_msgs/share/op3_walking_module_msgs/local_setup.zsh
[29.758s] -- Symlinking: /home/brone-ub/brone_main_ws/install/op3_walking_module_msgs/share/op3_walking_module_msgs/local_setup.dsv
[29.775s] -- Symlinking: /home/brone-ub/brone_main_ws/install/op3_walking_module_msgs/share/op3_walking_module_msgs/package.dsv
[29.791s] -- Symlinking: /home/brone-ub/brone_main_ws/install/op3_walking_module_msgs/share/ament_index/resource_index/packages/op3_walking_module_msgs
[29.808s] -- Symlinking: /home/brone-ub/brone_main_ws/install/op3_walking_module_msgs/share/op3_walking_module_msgs/cmake/rosidl_cmake-extras.cmake
[29.825s] -- Symlinking: /home/brone-ub/brone_main_ws/install/op3_walking_module_msgs/share/op3_walking_module_msgs/cmake/ament_cmake_export_dependencies-extras.cmake
[29.838s] -- Symlinking: /home/brone-ub/brone_main_ws/install/op3_walking_module_msgs/share/op3_walking_module_msgs/cmake/ament_cmake_export_include_directories-extras.cmake
[29.854s] -- Symlinking: /home/brone-ub/brone_main_ws/install/op3_walking_module_msgs/share/op3_walking_module_msgs/cmake/ament_cmake_export_libraries-extras.cmake
[29.871s] -- Symlinking: /home/brone-ub/brone_main_ws/install/op3_walking_module_msgs/share/op3_walking_module_msgs/cmake/ament_cmake_export_targets-extras.cmake
[29.884s] -- Symlinking: /home/brone-ub/brone_main_ws/install/op3_walking_module_msgs/share/op3_walking_module_msgs/cmake/rosidl_cmake_export_typesupport_targets-extras.cmake
[29.899s] -- Symlinking: /home/brone-ub/brone_main_ws/install/op3_walking_module_msgs/share/op3_walking_module_msgs/cmake/rosidl_cmake_export_typesupport_libraries-extras.cmake
[29.915s] -- Symlinking: /home/brone-ub/brone_main_ws/install/op3_walking_module_msgs/share/op3_walking_module_msgs/cmake/op3_walking_module_msgsConfig.cmake
[29.932s] -- Symlinking: /home/brone-ub/brone_main_ws/install/op3_walking_module_msgs/share/op3_walking_module_msgs/cmake/op3_walking_module_msgsConfig-version.cmake
[29.945s] -- Symlinking: /home/brone-ub/brone_main_ws/install/op3_walking_module_msgs/share/op3_walking_module_msgs/package.xml
[29.959s] -- Installing: /home/brone-ub/brone_main_ws/install/op3_walking_module_msgs/lib/libop3_walking_module_msgs__rosidl_generator_c.so
[29.959s] -- Set non-toolchain portion of runtime path of "/home/brone-ub/brone_main_ws/install/op3_walking_module_msgs/lib/libop3_walking_module_msgs__rosidl_generator_c.so" to ""
[29.959s] -- Installing: /home/brone-ub/brone_main_ws/install/op3_walking_module_msgs/lib/libop3_walking_module_msgs__rosidl_typesupport_fastrtps_c.so
[29.960s] -- Set non-toolchain portion of runtime path of "/home/brone-ub/brone_main_ws/install/op3_walking_module_msgs/lib/libop3_walking_module_msgs__rosidl_typesupport_fastrtps_c.so" to ""
[29.960s] -- Installing: /home/brone-ub/brone_main_ws/install/op3_walking_module_msgs/lib/libop3_walking_module_msgs__rosidl_typesupport_introspection_c.so
[29.960s] -- Set non-toolchain portion of runtime path of "/home/brone-ub/brone_main_ws/install/op3_walking_module_msgs/lib/libop3_walking_module_msgs__rosidl_typesupport_introspection_c.so" to ""
[29.960s] -- Installing: /home/brone-ub/brone_main_ws/install/op3_walking_module_msgs/lib/libop3_walking_module_msgs__rosidl_typesupport_c.so
[29.963s] -- Set non-toolchain portion of runtime path of "/home/brone-ub/brone_main_ws/install/op3_walking_module_msgs/lib/libop3_walking_module_msgs__rosidl_typesupport_c.so" to ""
[29.963s] -- Installing: /home/brone-ub/brone_main_ws/install/op3_walking_module_msgs/lib/libop3_walking_module_msgs__rosidl_typesupport_fastrtps_cpp.so
[29.963s] -- Set non-toolchain portion of runtime path of "/home/brone-ub/brone_main_ws/install/op3_walking_module_msgs/lib/libop3_walking_module_msgs__rosidl_typesupport_fastrtps_cpp.so" to ""
[29.963s] -- Installing: /home/brone-ub/brone_main_ws/install/op3_walking_module_msgs/lib/libop3_walking_module_msgs__rosidl_typesupport_introspection_cpp.so
[29.963s] -- Set non-toolchain portion of runtime path of "/home/brone-ub/brone_main_ws/install/op3_walking_module_msgs/lib/libop3_walking_module_msgs__rosidl_typesupport_introspection_cpp.so" to ""
[29.963s] -- Installing: /home/brone-ub/brone_main_ws/install/op3_walking_module_msgs/lib/libop3_walking_module_msgs__rosidl_typesupport_cpp.so
[29.963s] -- Set non-toolchain portion of runtime path of "/home/brone-ub/brone_main_ws/install/op3_walking_module_msgs/lib/libop3_walking_module_msgs__rosidl_typesupport_cpp.so" to ""
[30.053s] Listing '/home/brone-ub/brone_main_ws/install/op3_walking_module_msgs/lib/python3.12/site-packages/op3_walking_module_msgs'...
[30.053s] Compiling '/home/brone-ub/brone_main_ws/install/op3_walking_module_msgs/lib/python3.12/site-packages/op3_walking_module_msgs/__init__.py'...
[30.053s] Listing '/home/brone-ub/brone_main_ws/install/op3_walking_module_msgs/lib/python3.12/site-packages/op3_walking_module_msgs/msg'...
[30.053s] Compiling '/home/brone-ub/brone_main_ws/install/op3_walking_module_msgs/lib/python3.12/site-packages/op3_walking_module_msgs/msg/__init__.py'...
[30.053s] Compiling '/home/brone-ub/brone_main_ws/install/op3_walking_module_msgs/lib/python3.12/site-packages/op3_walking_module_msgs/msg/_walking_param.py'...
[30.053s] Listing '/home/brone-ub/brone_main_ws/install/op3_walking_module_msgs/lib/python3.12/site-packages/op3_walking_module_msgs/srv'...
[30.053s] Compiling '/home/brone-ub/brone_main_ws/install/op3_walking_module_msgs/lib/python3.12/site-packages/op3_walking_module_msgs/srv/__init__.py'...
[30.053s] Compiling '/home/brone-ub/brone_main_ws/install/op3_walking_module_msgs/lib/python3.12/site-packages/op3_walking_module_msgs/srv/_get_walking_param.py'...
[30.054s] Compiling '/home/brone-ub/brone_main_ws/install/op3_walking_module_msgs/lib/python3.12/site-packages/op3_walking_module_msgs/srv/_set_walking_param.py'...
[30.068s] -- Installing: /home/brone-ub/brone_main_ws/install/op3_walking_module_msgs/lib/libop3_walking_module_msgs__rosidl_generator_py.so
[30.068s] -- Set non-toolchain portion of runtime path of "/home/brone-ub/brone_main_ws/install/op3_walking_module_msgs/lib/libop3_walking_module_msgs__rosidl_generator_py.so" to ""
[30.068s] -- Installing: /home/brone-ub/brone_main_ws/install/op3_walking_module_msgs/share/op3_walking_module_msgs/cmake/export_op3_walking_module_msgs__rosidl_generator_cExport.cmake
[30.068s] -- Installing: /home/brone-ub/brone_main_ws/install/op3_walking_module_msgs/share/op3_walking_module_msgs/cmake/export_op3_walking_module_msgs__rosidl_generator_cExport-release.cmake
[30.068s] -- Installing: /home/brone-ub/brone_main_ws/install/op3_walking_module_msgs/share/op3_walking_module_msgs/cmake/export_op3_walking_module_msgs__rosidl_typesupport_fastrtps_cExport.cmake
[30.068s] -- Installing: /home/brone-ub/brone_main_ws/install/op3_walking_module_msgs/share/op3_walking_module_msgs/cmake/export_op3_walking_module_msgs__rosidl_typesupport_fastrtps_cExport-release.cmake
[30.068s] -- Installing: /home/brone-ub/brone_main_ws/install/op3_walking_module_msgs/share/op3_walking_module_msgs/cmake/op3_walking_module_msgs__rosidl_typesupport_introspection_cExport.cmake
[30.068s] -- Installing: /home/brone-ub/brone_main_ws/install/op3_walking_module_msgs/share/op3_walking_module_msgs/cmake/op3_walking_module_msgs__rosidl_typesupport_introspection_cExport-release.cmake
[30.069s] -- Installing: /home/brone-ub/brone_main_ws/install/op3_walking_module_msgs/share/op3_walking_module_msgs/cmake/op3_walking_module_msgs__rosidl_typesupport_cExport.cmake
[30.069s] -- Installing: /home/brone-ub/brone_main_ws/install/op3_walking_module_msgs/share/op3_walking_module_msgs/cmake/op3_walking_module_msgs__rosidl_typesupport_cExport-release.cmake
[30.069s] -- Installing: /home/brone-ub/brone_main_ws/install/op3_walking_module_msgs/share/op3_walking_module_msgs/cmake/export_op3_walking_module_msgs__rosidl_generator_cppExport.cmake
[30.069s] -- Installing: /home/brone-ub/brone_main_ws/install/op3_walking_module_msgs/share/op3_walking_module_msgs/cmake/export_op3_walking_module_msgs__rosidl_typesupport_fastrtps_cppExport.cmake
[30.069s] -- Installing: /home/brone-ub/brone_main_ws/install/op3_walking_module_msgs/share/op3_walking_module_msgs/cmake/export_op3_walking_module_msgs__rosidl_typesupport_fastrtps_cppExport-release.cmake
[30.069s] -- Installing: /home/brone-ub/brone_main_ws/install/op3_walking_module_msgs/share/op3_walking_module_msgs/cmake/op3_walking_module_msgs__rosidl_typesupport_introspection_cppExport.cmake
[30.069s] -- Installing: /home/brone-ub/brone_main_ws/install/op3_walking_module_msgs/share/op3_walking_module_msgs/cmake/op3_walking_module_msgs__rosidl_typesupport_introspection_cppExport-release.cmake
[30.070s] -- Installing: /home/brone-ub/brone_main_ws/install/op3_walking_module_msgs/share/op3_walking_module_msgs/cmake/op3_walking_module_msgs__rosidl_typesupport_cppExport.cmake
[30.070s] -- Installing: /home/brone-ub/brone_main_ws/install/op3_walking_module_msgs/share/op3_walking_module_msgs/cmake/op3_walking_module_msgs__rosidl_typesupport_cppExport-release.cmake
[30.074s] -- Installing: /home/brone-ub/brone_main_ws/install/op3_walking_module_msgs/share/op3_walking_module_msgs/cmake/export_op3_walking_module_msgs__rosidl_generator_pyExport.cmake
[30.074s] -- Installing: /home/brone-ub/brone_main_ws/install/op3_walking_module_msgs/share/op3_walking_module_msgs/cmake/export_op3_walking_module_msgs__rosidl_generator_pyExport-release.cmake
[30.090s] Invoked command in '/home/brone-ub/brone_main_ws/build/op3_walking_module_msgs' returned '0': CMAKE_PREFIX_PATH=${CMAKE_PREFIX_PATH}:/home/brone-ub/robotis_ws/install/algo_gaze:/home/brone-ub/robotis_ws/install/brone_gaze:/opt/ros/jazzy DEBUGINFOD_URLS=https://debuginfod.ubuntu.com PS1=(.venv) \[\e]0;\u@\h: \w\a\]${debian_chroot:+($debian_chroot)}\[\033[01;32m\]\u@\h\[\033[00m\]:\[\033[01;34m\]\w\[\033[00m\]\$ VIRTUAL_ENV_PROMPT=(.venv) /usr/bin/cmake --install /home/brone-ub/brone_main_ws/build/op3_walking_module_msgs
