[0.048s] Invoking command in '/home/brone-ub/brone_main_ws/build/op3_tuning_module_msgs': CMAKE_PREFIX_PATH=${CMAKE_PREFIX_PATH}:/home/brone-ub/robotis_ws/install/algo_gaze:/home/brone-ub/robotis_ws/install/brone_gaze:/opt/ros/jazzy DEBUGINFOD_URLS=https://debuginfod.ubuntu.com PS1=(.venv) \[\e]0;\u@\h: \w\a\]${debian_chroot:+($debian_chroot)}\[\033[01;32m\]\u@\h\[\033[00m\]:\[\033[01;34m\]\w\[\033[00m\]\$ VIRTUAL_ENV_PROMPT=(.venv) /usr/bin/cmake /home/brone-ub/brone_main_ws/src/robotis_framework/ROBOTIS-OP3-msgs/op3_tuning_module_msgs -DCMAKE_BUILD_TYPE=Release -DAMENT_CMAKE_SYMLINK_INSTALL=1 -DCMAKE_INSTALL_PREFIX=/home/brone-ub/brone_main_ws/install/op3_tuning_module_msgs
[0.289s] -- The C compiler identification is GNU 13.3.0
[0.420s] -- The CXX compiler identification is GNU 13.3.0
[0.440s] -- Detecting C compiler ABI info
[0.771s] -- Detecting C compiler ABI info - done
[0.784s] -- Check for working C compiler: /usr/bin/cc - skipped
[0.784s] -- Detecting C compile features
[0.784s] -- Detecting C compile features - done
[0.794s] -- Detecting CXX compiler ABI info
[1.157s] -- Detecting CXX compiler ABI info - done
[1.170s] -- Check for working CXX compiler: /usr/bin/c++ - skipped
[1.171s] -- Detecting CXX compile features
[1.171s] -- Detecting CXX compile features - done
[1.178s] -- Found ament_cmake: 2.5.4 (/opt/ros/jazzy/share/ament_cmake/cmake)
[1.366s] -- Found Python3: /home/brone-ub/robotis_ws/.venv/bin/python3 (found version "3.12.3") found components: Interpreter 
[1.497s] -- Override CMake install command with custom implementation using symlinks instead of copying resources
[1.584s] -- Found std_msgs: 5.3.6 (/opt/ros/jazzy/share/std_msgs/cmake)
[1.663s] -- Found rosidl_generator_c: 4.6.6 (/opt/ros/jazzy/share/rosidl_generator_c/cmake)
[1.690s] -- Found rosidl_generator_cpp: 4.6.6 (/opt/ros/jazzy/share/rosidl_generator_cpp/cmake)
[1.723s] -- Using all available rosidl_typesupport_c: rosidl_typesupport_fastrtps_c;rosidl_typesupport_introspection_c
[1.758s] -- Using all available rosidl_typesupport_cpp: rosidl_typesupport_fastrtps_cpp;rosidl_typesupport_introspection_cpp
[1.815s] -- Found rosidl_default_generators: 1.6.0 (/opt/ros/jazzy/share/rosidl_default_generators/cmake)
[1.851s] -- Found rosidl_adapter: 4.6.6 (/opt/ros/jazzy/share/rosidl_adapter/cmake)
[3.327s] -- Found ament_cmake_ros: 0.12.0 (/opt/ros/jazzy/share/ament_cmake_ros/cmake)
[5.086s] -- Using all available rosidl_typesupport_c: rosidl_typesupport_fastrtps_c;rosidl_typesupport_introspection_c
[5.819s] -- Using all available rosidl_typesupport_cpp: rosidl_typesupport_fastrtps_cpp;rosidl_typesupport_introspection_cpp
[5.829s] -- Found python_cmake_module: 0.11.1 (/opt/ros/jazzy/share/python_cmake_module/cmake)
[6.066s] -- Found PythonExtra: /home/brone-ub/robotis_ws/.venv/bin/python3  
[7.355s] -- Found Python3: /home/brone-ub/robotis_ws/.venv/bin/python3 (found version "3.12.3") found components: Interpreter Development NumPy Development.Module Development.Embed 
[7.475s] -- Configuring done (7.4s)
[7.562s] -- Generating done (0.1s)
[7.582s] -- Build files have been written to: /home/brone-ub/brone_main_ws/build/op3_tuning_module_msgs
[7.626s] Invoked command in '/home/brone-ub/brone_main_ws/build/op3_tuning_module_msgs' returned '0': CMAKE_PREFIX_PATH=${CMAKE_PREFIX_PATH}:/home/brone-ub/robotis_ws/install/algo_gaze:/home/brone-ub/robotis_ws/install/brone_gaze:/opt/ros/jazzy DEBUGINFOD_URLS=https://debuginfod.ubuntu.com PS1=(.venv) \[\e]0;\u@\h: \w\a\]${debian_chroot:+($debian_chroot)}\[\033[01;32m\]\u@\h\[\033[00m\]:\[\033[01;34m\]\w\[\033[00m\]\$ VIRTUAL_ENV_PROMPT=(.venv) /usr/bin/cmake /home/brone-ub/brone_main_ws/src/robotis_framework/ROBOTIS-OP3-msgs/op3_tuning_module_msgs -DCMAKE_BUILD_TYPE=Release -DAMENT_CMAKE_SYMLINK_INSTALL=1 -DCMAKE_INSTALL_PREFIX=/home/brone-ub/brone_main_ws/install/op3_tuning_module_msgs
[7.626s] Invoking command in '/home/brone-ub/brone_main_ws/build/op3_tuning_module_msgs': CMAKE_PREFIX_PATH=${CMAKE_PREFIX_PATH}:/home/brone-ub/robotis_ws/install/algo_gaze:/home/brone-ub/robotis_ws/install/brone_gaze:/opt/ros/jazzy DEBUGINFOD_URLS=https://debuginfod.ubuntu.com PS1=(.venv) \[\e]0;\u@\h: \w\a\]${debian_chroot:+($debian_chroot)}\[\033[01;32m\]\u@\h\[\033[00m\]:\[\033[01;34m\]\w\[\033[00m\]\$ VIRTUAL_ENV_PROMPT=(.venv) /usr/bin/cmake --build /home/brone-ub/brone_main_ws/build/op3_tuning_module_msgs -- -j16 -l16
[8.509s] [  1%] [34m[1mGenerating type hashes for ROS interfaces[0m
[8.509s] [  1%] Built target ament_cmake_python_symlink_op3_tuning_module_msgs
[8.509s] running egg_info
[8.509s] creating op3_tuning_module_msgs.egg-info
[8.509s] writing op3_tuning_module_msgs.egg-info/PKG-INFO
[8.509s] writing dependency_links to op3_tuning_module_msgs.egg-info/dependency_links.txt
[8.509s] writing top-level names to op3_tuning_module_msgs.egg-info/top_level.txt
[8.509s] writing manifest file 'op3_tuning_module_msgs.egg-info/SOURCES.txt'
[8.509s] reading manifest file 'op3_tuning_module_msgs.egg-info/SOURCES.txt'
[8.510s] writing manifest file 'op3_tuning_module_msgs.egg-info/SOURCES.txt'
[8.510s] [  1%] Built target ament_cmake_python_build_op3_tuning_module_msgs_egg
[8.558s] [  1%] Built target op3_tuning_module_msgs__rosidl_generator_type_description
[8.596s] [  2%] [34m[1mGenerating C code for ROS interfaces[0m
[8.631s] [  4%] [34m[1mGenerating C++ code for ROS interfaces[0m
[9.993s] [  4%] Built target op3_tuning_module_msgs__cpp
[11.311s] [  5%] [32mBuilding C object CMakeFiles/op3_tuning_module_msgs__rosidl_generator_c.dir/rosidl_generator_c/op3_tuning_module_msgs/msg/detail/joint_offset_data__type_support.c.o[0m
[11.317s] [  6%] [32mBuilding C object CMakeFiles/op3_tuning_module_msgs__rosidl_generator_c.dir/rosidl_generator_c/op3_tuning_module_msgs/msg/detail/joint_offset_data__description.c.o[0m
[11.325s] [  8%] [32mBuilding C object CMakeFiles/op3_tuning_module_msgs__rosidl_generator_c.dir/rosidl_generator_c/op3_tuning_module_msgs/msg/detail/joint_offset_data__functions.c.o[0m
[11.325s] [  9%] [32mBuilding C object CMakeFiles/op3_tuning_module_msgs__rosidl_generator_c.dir/rosidl_generator_c/op3_tuning_module_msgs/msg/detail/joint_offset_position_data__description.c.o[0m
[11.327s] [ 10%] [32mBuilding C object CMakeFiles/op3_tuning_module_msgs__rosidl_generator_c.dir/rosidl_generator_c/op3_tuning_module_msgs/msg/detail/joint_offset_position_data__functions.c.o[0m
[11.327s] [ 12%] [32mBuilding C object CMakeFiles/op3_tuning_module_msgs__rosidl_generator_c.dir/rosidl_generator_c/op3_tuning_module_msgs/msg/detail/joint_torque_on_off__functions.c.o[0m
[11.332s] [ 13%] [32mBuilding C object CMakeFiles/op3_tuning_module_msgs__rosidl_generator_c.dir/rosidl_generator_c/op3_tuning_module_msgs/msg/detail/joint_torque_on_off__type_support.c.o[0m
[11.334s] [ 14%] [32mBuilding C object CMakeFiles/op3_tuning_module_msgs__rosidl_generator_c.dir/rosidl_generator_c/op3_tuning_module_msgs/msg/detail/joint_offset_position_data__type_support.c.o[0m
[11.334s] [ 16%] [32mBuilding C object CMakeFiles/op3_tuning_module_msgs__rosidl_generator_c.dir/rosidl_generator_c/op3_tuning_module_msgs/msg/detail/joint_torque_on_off__description.c.o[0m
[11.338s] [ 17%] [32mBuilding C object CMakeFiles/op3_tuning_module_msgs__rosidl_generator_c.dir/rosidl_generator_c/op3_tuning_module_msgs/msg/detail/joint_torque_on_off_array__type_support.c.o[0m
[11.349s] [ 18%] [32mBuilding C object CMakeFiles/op3_tuning_module_msgs__rosidl_generator_c.dir/rosidl_generator_c/op3_tuning_module_msgs/msg/detail/joint_torque_on_off_array__functions.c.o[0m
[11.354s] [ 20%] [32mBuilding C object CMakeFiles/op3_tuning_module_msgs__rosidl_generator_c.dir/rosidl_generator_c/op3_tuning_module_msgs/srv/detail/get_present_joint_offset_data__functions.c.o[0m
[11.355s] [ 21%] [32mBuilding C object CMakeFiles/op3_tuning_module_msgs__rosidl_generator_c.dir/rosidl_generator_c/op3_tuning_module_msgs/srv/detail/get_present_joint_offset_data__description.c.o[0m
[11.374s] [ 22%] [32mBuilding C object CMakeFiles/op3_tuning_module_msgs__rosidl_generator_c.dir/rosidl_generator_c/op3_tuning_module_msgs/msg/detail/joint_torque_on_off_array__description.c.o[0m
[11.374s] [ 24%] [32mBuilding C object CMakeFiles/op3_tuning_module_msgs__rosidl_generator_c.dir/rosidl_generator_c/op3_tuning_module_msgs/srv/detail/get_present_joint_offset_data__type_support.c.o[0m
[12.525s] [ 25%] [32m[1mLinking C shared library libop3_tuning_module_msgs__rosidl_generator_c.so[0m
[12.690s] [ 25%] Built target op3_tuning_module_msgs__rosidl_generator_c
[12.757s] [ 28%] [34m[1mGenerating C type support dispatch for ROS interfaces[0m
[12.759s] [ 29%] [34m[1mGenerating C introspection for ROS interfaces[0m
[12.764s] [ 29%] [34m[1mGenerating C type support for eProsima Fast-RTPS[0m
[12.783s] [ 31%] [34m[1mGenerating C++ introspection for ROS interfaces[0m
[12.783s] [ 32%] [34m[1mGenerating C++ type support dispatch for ROS interfaces[0m
[12.783s] [ 33%] [34m[1mGenerating C++ type support for eProsima Fast-RTPS[0m
[13.481s] [ 35%] [32mBuilding CXX object CMakeFiles/op3_tuning_module_msgs__rosidl_typesupport_cpp.dir/rosidl_typesupport_cpp/op3_tuning_module_msgs/msg/joint_offset_data__type_support.cpp.o[0m
[13.488s] [ 36%] [32mBuilding CXX object CMakeFiles/op3_tuning_module_msgs__rosidl_typesupport_cpp.dir/rosidl_typesupport_cpp/op3_tuning_module_msgs/msg/joint_torque_on_off_array__type_support.cpp.o[0m
[13.492s] [ 37%] [32mBuilding CXX object CMakeFiles/op3_tuning_module_msgs__rosidl_typesupport_cpp.dir/rosidl_typesupport_cpp/op3_tuning_module_msgs/msg/joint_torque_on_off__type_support.cpp.o[0m
[13.500s] [ 39%] [32mBuilding CXX object CMakeFiles/op3_tuning_module_msgs__rosidl_typesupport_cpp.dir/rosidl_typesupport_cpp/op3_tuning_module_msgs/msg/joint_offset_position_data__type_support.cpp.o[0m
[13.506s] [ 40%] [32mBuilding CXX object CMakeFiles/op3_tuning_module_msgs__rosidl_typesupport_cpp.dir/rosidl_typesupport_cpp/op3_tuning_module_msgs/srv/get_present_joint_offset_data__type_support.cpp.o[0m
[14.893s] [ 41%] [32mBuilding CXX object CMakeFiles/op3_tuning_module_msgs__rosidl_typesupport_introspection_cpp.dir/rosidl_typesupport_introspection_cpp/op3_tuning_module_msgs/msg/detail/joint_torque_on_off__type_support.cpp.o[0m
[14.901s] [ 43%] [32mBuilding CXX object CMakeFiles/op3_tuning_module_msgs__rosidl_typesupport_introspection_cpp.dir/rosidl_typesupport_introspection_cpp/op3_tuning_module_msgs/msg/detail/joint_offset_position_data__type_support.cpp.o[0m
[14.920s] [ 44%] [32mBuilding CXX object CMakeFiles/op3_tuning_module_msgs__rosidl_typesupport_introspection_cpp.dir/rosidl_typesupport_introspection_cpp/op3_tuning_module_msgs/msg/detail/joint_offset_data__type_support.cpp.o[0m
[14.929s] [ 45%] [32mBuilding CXX object CMakeFiles/op3_tuning_module_msgs__rosidl_typesupport_introspection_cpp.dir/rosidl_typesupport_introspection_cpp/op3_tuning_module_msgs/srv/detail/get_present_joint_offset_data__type_support.cpp.o[0m
[14.932s] [ 47%] [32mBuilding CXX object CMakeFiles/op3_tuning_module_msgs__rosidl_typesupport_introspection_cpp.dir/rosidl_typesupport_introspection_cpp/op3_tuning_module_msgs/msg/detail/joint_torque_on_off_array__type_support.cpp.o[0m
[15.638s] [ 48%] [32mBuilding CXX object CMakeFiles/op3_tuning_module_msgs__rosidl_typesupport_c.dir/rosidl_typesupport_c/op3_tuning_module_msgs/msg/joint_offset_data__type_support.cpp.o[0m
[15.646s] [ 50%] [32mBuilding CXX object CMakeFiles/op3_tuning_module_msgs__rosidl_typesupport_c.dir/rosidl_typesupport_c/op3_tuning_module_msgs/msg/joint_offset_position_data__type_support.cpp.o[0m
[15.669s] [ 51%] [32mBuilding CXX object CMakeFiles/op3_tuning_module_msgs__rosidl_typesupport_c.dir/rosidl_typesupport_c/op3_tuning_module_msgs/msg/joint_torque_on_off__type_support.cpp.o[0m
[15.679s] [ 52%] [32mBuilding CXX object CMakeFiles/op3_tuning_module_msgs__rosidl_typesupport_c.dir/rosidl_typesupport_c/op3_tuning_module_msgs/msg/joint_torque_on_off_array__type_support.cpp.o[0m
[15.796s] [ 54%] [32mBuilding CXX object CMakeFiles/op3_tuning_module_msgs__rosidl_typesupport_fastrtps_cpp.dir/rosidl_typesupport_fastrtps_cpp/op3_tuning_module_msgs/msg/detail/dds_fastrtps/joint_offset_data__type_support.cpp.o[0m
[15.996s] [ 55%] [32mBuilding CXX object CMakeFiles/op3_tuning_module_msgs__rosidl_typesupport_c.dir/rosidl_typesupport_c/op3_tuning_module_msgs/srv/get_present_joint_offset_data__type_support.cpp.o[0m
[16.080s] [ 56%] [32mBuilding CXX object CMakeFiles/op3_tuning_module_msgs__rosidl_typesupport_fastrtps_cpp.dir/rosidl_typesupport_fastrtps_cpp/op3_tuning_module_msgs/msg/detail/dds_fastrtps/joint_offset_position_data__type_support.cpp.o[0m
[16.163s] [ 58%] [32mBuilding CXX object CMakeFiles/op3_tuning_module_msgs__rosidl_typesupport_fastrtps_cpp.dir/rosidl_typesupport_fastrtps_cpp/op3_tuning_module_msgs/msg/detail/dds_fastrtps/joint_torque_on_off__type_support.cpp.o[0m
[16.198s] [ 59%] [32mBuilding CXX object CMakeFiles/op3_tuning_module_msgs__rosidl_typesupport_fastrtps_cpp.dir/rosidl_typesupport_fastrtps_cpp/op3_tuning_module_msgs/srv/detail/dds_fastrtps/get_present_joint_offset_data__type_support.cpp.o[0m
[16.216s] [ 60%] [32mBuilding CXX object CMakeFiles/op3_tuning_module_msgs__rosidl_typesupport_fastrtps_cpp.dir/rosidl_typesupport_fastrtps_cpp/op3_tuning_module_msgs/msg/detail/dds_fastrtps/joint_torque_on_off_array__type_support.cpp.o[0m
[16.562s] [ 62%] [32m[1mLinking CXX shared library libop3_tuning_module_msgs__rosidl_typesupport_c.so[0m
[16.635s] [ 63%] [32mBuilding C object CMakeFiles/op3_tuning_module_msgs__rosidl_typesupport_introspection_c.dir/rosidl_typesupport_introspection_c/op3_tuning_module_msgs/msg/detail/joint_offset_position_data__type_support.c.o[0m
[16.645s] [ 64%] [32mBuilding C object CMakeFiles/op3_tuning_module_msgs__rosidl_typesupport_introspection_c.dir/rosidl_typesupport_introspection_c/op3_tuning_module_msgs/msg/detail/joint_offset_data__type_support.c.o[0m
[16.670s] [ 66%] [32mBuilding C object CMakeFiles/op3_tuning_module_msgs__rosidl_typesupport_introspection_c.dir/rosidl_typesupport_introspection_c/op3_tuning_module_msgs/msg/detail/joint_torque_on_off__type_support.c.o[0m
[16.968s] [ 66%] Built target op3_tuning_module_msgs__rosidl_typesupport_c
[17.015s] [ 67%] [32mBuilding C object CMakeFiles/op3_tuning_module_msgs__rosidl_typesupport_introspection_c.dir/rosidl_typesupport_introspection_c/op3_tuning_module_msgs/msg/detail/joint_torque_on_off_array__type_support.c.o[0m
[17.058s] [ 68%] [32mBuilding C object CMakeFiles/op3_tuning_module_msgs__rosidl_typesupport_introspection_c.dir/rosidl_typesupport_introspection_c/op3_tuning_module_msgs/srv/detail/get_present_joint_offset_data__type_support.c.o[0m
[17.407s] [ 70%] [32m[1mLinking C shared library libop3_tuning_module_msgs__rosidl_typesupport_introspection_c.so[0m
[17.437s] [ 71%] [32mBuilding CXX object CMakeFiles/op3_tuning_module_msgs__rosidl_typesupport_fastrtps_c.dir/rosidl_typesupport_fastrtps_c/op3_tuning_module_msgs/msg/detail/joint_offset_position_data__type_support_c.cpp.o[0m
[17.453s] [ 72%] [32mBuilding CXX object CMakeFiles/op3_tuning_module_msgs__rosidl_typesupport_fastrtps_c.dir/rosidl_typesupport_fastrtps_c/op3_tuning_module_msgs/msg/detail/joint_torque_on_off_array__type_support_c.cpp.o[0m
[17.471s] [ 74%] [32mBuilding CXX object CMakeFiles/op3_tuning_module_msgs__rosidl_typesupport_fastrtps_c.dir/rosidl_typesupport_fastrtps_c/op3_tuning_module_msgs/msg/detail/joint_offset_data__type_support_c.cpp.o[0m
[17.476s] [ 75%] [32mBuilding CXX object CMakeFiles/op3_tuning_module_msgs__rosidl_typesupport_fastrtps_c.dir/rosidl_typesupport_fastrtps_c/op3_tuning_module_msgs/msg/detail/joint_torque_on_off__type_support_c.cpp.o[0m
[17.661s] [ 75%] Built target op3_tuning_module_msgs__rosidl_typesupport_introspection_c
[17.776s] [ 77%] [32mBuilding CXX object CMakeFiles/op3_tuning_module_msgs__rosidl_typesupport_fastrtps_c.dir/rosidl_typesupport_fastrtps_c/op3_tuning_module_msgs/srv/detail/get_present_joint_offset_data__type_support_c.cpp.o[0m
[17.934s] [ 78%] [32m[1mLinking CXX shared library libop3_tuning_module_msgs__rosidl_typesupport_cpp.so[0m
[18.783s] [ 78%] Built target op3_tuning_module_msgs__rosidl_typesupport_cpp
[21.547s] [ 79%] [32m[1mLinking CXX shared library libop3_tuning_module_msgs__rosidl_typesupport_introspection_cpp.so[0m
[21.855s] [ 81%] [32m[1mLinking CXX shared library libop3_tuning_module_msgs__rosidl_typesupport_fastrtps_cpp.so[0m
[22.248s] [ 81%] Built target op3_tuning_module_msgs__rosidl_typesupport_fastrtps_cpp
[22.481s] [ 81%] Built target op3_tuning_module_msgs__rosidl_typesupport_introspection_cpp
[22.893s] [ 82%] [32m[1mLinking CXX shared library libop3_tuning_module_msgs__rosidl_typesupport_fastrtps_c.so[0m
[23.240s] [ 82%] Built target op3_tuning_module_msgs__rosidl_typesupport_fastrtps_c
[23.323s] [ 82%] Built target op3_tuning_module_msgs
[23.432s] [ 83%] [34m[1mGenerating Python code for ROS interfaces[0m
[25.150s] [ 83%] Built target op3_tuning_module_msgs__py
[25.181s] [ 85%] [32mBuilding C object CMakeFiles/op3_tuning_module_msgs__rosidl_generator_py.dir/rosidl_generator_py/op3_tuning_module_msgs/msg/_joint_offset_data_s.c.o[0m
[25.367s] [ 86%] [32mBuilding C object CMakeFiles/op3_tuning_module_msgs__rosidl_generator_py.dir/rosidl_generator_py/op3_tuning_module_msgs/srv/_get_present_joint_offset_data_s.c.o[0m
[25.886s] [ 87%] [32mBuilding C object CMakeFiles/op3_tuning_module_msgs__rosidl_generator_py.dir/rosidl_generator_py/op3_tuning_module_msgs/msg/_joint_torque_on_off_array_s.c.o[0m
[26.168s] [ 89%] [32mBuilding C object CMakeFiles/op3_tuning_module_msgs__rosidl_generator_py.dir/rosidl_generator_py/op3_tuning_module_msgs/msg/_joint_torque_on_off_s.c.o[0m
[26.436s] [ 90%] [32mBuilding C object CMakeFiles/op3_tuning_module_msgs__rosidl_generator_py.dir/rosidl_generator_py/op3_tuning_module_msgs/msg/_joint_offset_position_data_s.c.o[0m
[26.792s] [ 91%] [32m[1mLinking C shared library libop3_tuning_module_msgs__rosidl_generator_py.so[0m
[26.922s] [ 91%] Built target op3_tuning_module_msgs__rosidl_generator_py
[26.977s] [ 93%] [32mBuilding C object CMakeFiles/op3_tuning_module_msgs_s__rosidl_typesupport_fastrtps_c.dir/rosidl_generator_py/op3_tuning_module_msgs/_op3_tuning_module_msgs_s.ep.rosidl_typesupport_fastrtps_c.c.o[0m
[27.294s] [ 94%] [32m[1mLinking C shared module rosidl_generator_py/op3_tuning_module_msgs/op3_tuning_module_msgs_s__rosidl_typesupport_fastrtps_c.so[0m
[27.363s] [ 94%] Built target op3_tuning_module_msgs_s__rosidl_typesupport_fastrtps_c
[27.425s] [ 95%] [32mBuilding C object CMakeFiles/op3_tuning_module_msgs_s__rosidl_typesupport_c.dir/rosidl_generator_py/op3_tuning_module_msgs/_op3_tuning_module_msgs_s.ep.rosidl_typesupport_c.c.o[0m
[27.868s] [ 97%] [32m[1mLinking C shared module rosidl_generator_py/op3_tuning_module_msgs/op3_tuning_module_msgs_s__rosidl_typesupport_c.so[0m
[27.921s] [ 97%] Built target op3_tuning_module_msgs_s__rosidl_typesupport_c
[27.949s] [ 98%] [32mBuilding C object CMakeFiles/op3_tuning_module_msgs_s__rosidl_typesupport_introspection_c.dir/rosidl_generator_py/op3_tuning_module_msgs/_op3_tuning_module_msgs_s.ep.rosidl_typesupport_introspection_c.c.o[0m
[28.495s] [100%] [32m[1mLinking C shared module rosidl_generator_py/op3_tuning_module_msgs/op3_tuning_module_msgs_s__rosidl_typesupport_introspection_c.so[0m
[28.543s] [100%] Built target op3_tuning_module_msgs_s__rosidl_typesupport_introspection_c
[28.565s] Invoked command in '/home/brone-ub/brone_main_ws/build/op3_tuning_module_msgs' returned '0': CMAKE_PREFIX_PATH=${CMAKE_PREFIX_PATH}:/home/brone-ub/robotis_ws/install/algo_gaze:/home/brone-ub/robotis_ws/install/brone_gaze:/opt/ros/jazzy DEBUGINFOD_URLS=https://debuginfod.ubuntu.com PS1=(.venv) \[\e]0;\u@\h: \w\a\]${debian_chroot:+($debian_chroot)}\[\033[01;32m\]\u@\h\[\033[00m\]:\[\033[01;34m\]\w\[\033[00m\]\$ VIRTUAL_ENV_PROMPT=(.venv) /usr/bin/cmake --build /home/brone-ub/brone_main_ws/build/op3_tuning_module_msgs -- -j16 -l16
[28.566s] Invoking command in '/home/brone-ub/brone_main_ws/build/op3_tuning_module_msgs': CMAKE_PREFIX_PATH=${CMAKE_PREFIX_PATH}:/home/brone-ub/robotis_ws/install/algo_gaze:/home/brone-ub/robotis_ws/install/brone_gaze:/opt/ros/jazzy DEBUGINFOD_URLS=https://debuginfod.ubuntu.com PS1=(.venv) \[\e]0;\u@\h: \w\a\]${debian_chroot:+($debian_chroot)}\[\033[01;32m\]\u@\h\[\033[00m\]:\[\033[01;34m\]\w\[\033[00m\]\$ VIRTUAL_ENV_PROMPT=(.venv) /usr/bin/cmake --install /home/brone-ub/brone_main_ws/build/op3_tuning_module_msgs
[30.077s] -- Install configuration: "Release"
[30.077s] -- Execute custom install script
[30.078s] -- Symlinking: /home/brone-ub/brone_main_ws/install/op3_tuning_module_msgs/share/ament_index/resource_index/rosidl_interfaces/op3_tuning_module_msgs
[30.078s] -- Symlinking: /home/brone-ub/brone_main_ws/install/op3_tuning_module_msgs/share/op3_tuning_module_msgs/msg/JointOffsetData.json
[30.078s] -- Symlinking: /home/brone-ub/brone_main_ws/install/op3_tuning_module_msgs/share/op3_tuning_module_msgs/msg/JointOffsetPositionData.json
[30.078s] -- Symlinking: /home/brone-ub/brone_main_ws/install/op3_tuning_module_msgs/share/op3_tuning_module_msgs/msg/JointTorqueOnOff.json
[30.078s] -- Symlinking: /home/brone-ub/brone_main_ws/install/op3_tuning_module_msgs/share/op3_tuning_module_msgs/msg/JointTorqueOnOffArray.json
[30.078s] -- Symlinking: /home/brone-ub/brone_main_ws/install/op3_tuning_module_msgs/share/op3_tuning_module_msgs/srv/GetPresentJointOffsetData.json
[30.078s] -- Symlinking: /home/brone-ub/brone_main_ws/install/op3_tuning_module_msgs/include/op3_tuning_module_msgs/op3_tuning_module_msgs/msg/detail/joint_offset_data__functions.h
[30.078s] -- Symlinking: /home/brone-ub/brone_main_ws/install/op3_tuning_module_msgs/include/op3_tuning_module_msgs/op3_tuning_module_msgs/msg/detail/joint_offset_data__struct.h
[30.078s] -- Symlinking: /home/brone-ub/brone_main_ws/install/op3_tuning_module_msgs/include/op3_tuning_module_msgs/op3_tuning_module_msgs/msg/detail/joint_offset_data__type_support.h
[30.078s] -- Symlinking: /home/brone-ub/brone_main_ws/install/op3_tuning_module_msgs/include/op3_tuning_module_msgs/op3_tuning_module_msgs/msg/detail/joint_offset_position_data__functions.h
[30.078s] -- Symlinking: /home/brone-ub/brone_main_ws/install/op3_tuning_module_msgs/include/op3_tuning_module_msgs/op3_tuning_module_msgs/msg/detail/joint_offset_position_data__struct.h
[30.078s] -- Symlinking: /home/brone-ub/brone_main_ws/install/op3_tuning_module_msgs/include/op3_tuning_module_msgs/op3_tuning_module_msgs/msg/detail/joint_offset_position_data__type_support.h
[30.079s] -- Symlinking: /home/brone-ub/brone_main_ws/install/op3_tuning_module_msgs/include/op3_tuning_module_msgs/op3_tuning_module_msgs/msg/detail/joint_torque_on_off__functions.h
[30.079s] -- Symlinking: /home/brone-ub/brone_main_ws/install/op3_tuning_module_msgs/include/op3_tuning_module_msgs/op3_tuning_module_msgs/msg/detail/joint_torque_on_off__struct.h
[30.079s] -- Symlinking: /home/brone-ub/brone_main_ws/install/op3_tuning_module_msgs/include/op3_tuning_module_msgs/op3_tuning_module_msgs/msg/detail/joint_torque_on_off__type_support.h
[30.079s] -- Symlinking: /home/brone-ub/brone_main_ws/install/op3_tuning_module_msgs/include/op3_tuning_module_msgs/op3_tuning_module_msgs/msg/detail/joint_torque_on_off_array__functions.h
[30.079s] -- Symlinking: /home/brone-ub/brone_main_ws/install/op3_tuning_module_msgs/include/op3_tuning_module_msgs/op3_tuning_module_msgs/msg/detail/joint_torque_on_off_array__struct.h
[30.079s] -- Symlinking: /home/brone-ub/brone_main_ws/install/op3_tuning_module_msgs/include/op3_tuning_module_msgs/op3_tuning_module_msgs/msg/detail/joint_torque_on_off_array__type_support.h
[30.079s] -- Symlinking: /home/brone-ub/brone_main_ws/install/op3_tuning_module_msgs/include/op3_tuning_module_msgs/op3_tuning_module_msgs/msg/joint_offset_data.h
[30.079s] -- Symlinking: /home/brone-ub/brone_main_ws/install/op3_tuning_module_msgs/include/op3_tuning_module_msgs/op3_tuning_module_msgs/msg/joint_offset_position_data.h
[30.079s] -- Symlinking: /home/brone-ub/brone_main_ws/install/op3_tuning_module_msgs/include/op3_tuning_module_msgs/op3_tuning_module_msgs/msg/joint_torque_on_off.h
[30.079s] -- Symlinking: /home/brone-ub/brone_main_ws/install/op3_tuning_module_msgs/include/op3_tuning_module_msgs/op3_tuning_module_msgs/msg/joint_torque_on_off_array.h
[30.079s] -- Symlinking: /home/brone-ub/brone_main_ws/install/op3_tuning_module_msgs/include/op3_tuning_module_msgs/op3_tuning_module_msgs/msg/rosidl_generator_c__visibility_control.h
[30.079s] -- Symlinking: /home/brone-ub/brone_main_ws/install/op3_tuning_module_msgs/include/op3_tuning_module_msgs/op3_tuning_module_msgs/srv/detail/get_present_joint_offset_data__functions.h
[30.080s] -- Symlinking: /home/brone-ub/brone_main_ws/install/op3_tuning_module_msgs/include/op3_tuning_module_msgs/op3_tuning_module_msgs/srv/detail/get_present_joint_offset_data__struct.h
[30.080s] -- Symlinking: /home/brone-ub/brone_main_ws/install/op3_tuning_module_msgs/include/op3_tuning_module_msgs/op3_tuning_module_msgs/srv/detail/get_present_joint_offset_data__type_support.h
[30.080s] -- Symlinking: /home/brone-ub/brone_main_ws/install/op3_tuning_module_msgs/include/op3_tuning_module_msgs/op3_tuning_module_msgs/srv/get_present_joint_offset_data.h
[30.080s] -- Symlinking: /home/brone-ub/brone_main_ws/install/op3_tuning_module_msgs/share/op3_tuning_module_msgs/environment/library_path.sh
[30.080s] -- Symlinking: /home/brone-ub/brone_main_ws/install/op3_tuning_module_msgs/share/op3_tuning_module_msgs/environment/library_path.dsv
[30.080s] -- Symlinking: /home/brone-ub/brone_main_ws/install/op3_tuning_module_msgs/include/op3_tuning_module_msgs/op3_tuning_module_msgs/msg/detail/joint_offset_data__rosidl_typesupport_fastrtps_c.h
[30.080s] -- Symlinking: /home/brone-ub/brone_main_ws/install/op3_tuning_module_msgs/include/op3_tuning_module_msgs/op3_tuning_module_msgs/msg/detail/joint_offset_position_data__rosidl_typesupport_fastrtps_c.h
[30.080s] -- Symlinking: /home/brone-ub/brone_main_ws/install/op3_tuning_module_msgs/include/op3_tuning_module_msgs/op3_tuning_module_msgs/msg/detail/joint_torque_on_off__rosidl_typesupport_fastrtps_c.h
[30.084s] -- Symlinking: /home/brone-ub/brone_main_ws/install/op3_tuning_module_msgs/include/op3_tuning_module_msgs/op3_tuning_module_msgs/msg/detail/joint_torque_on_off_array__rosidl_typesupport_fastrtps_c.h
[30.084s] -- Symlinking: /home/brone-ub/brone_main_ws/install/op3_tuning_module_msgs/include/op3_tuning_module_msgs/op3_tuning_module_msgs/msg/rosidl_typesupport_fastrtps_c__visibility_control.h
[30.085s] -- Symlinking: /home/brone-ub/brone_main_ws/install/op3_tuning_module_msgs/include/op3_tuning_module_msgs/op3_tuning_module_msgs/srv/detail/get_present_joint_offset_data__rosidl_typesupport_fastrtps_c.h
[30.085s] -- Symlinking: /home/brone-ub/brone_main_ws/install/op3_tuning_module_msgs/include/op3_tuning_module_msgs/op3_tuning_module_msgs/msg/detail/joint_offset_data__builder.hpp
[30.085s] -- Symlinking: /home/brone-ub/brone_main_ws/install/op3_tuning_module_msgs/include/op3_tuning_module_msgs/op3_tuning_module_msgs/msg/detail/joint_offset_data__struct.hpp
[30.085s] -- Symlinking: /home/brone-ub/brone_main_ws/install/op3_tuning_module_msgs/include/op3_tuning_module_msgs/op3_tuning_module_msgs/msg/detail/joint_offset_data__traits.hpp
[30.085s] -- Symlinking: /home/brone-ub/brone_main_ws/install/op3_tuning_module_msgs/include/op3_tuning_module_msgs/op3_tuning_module_msgs/msg/detail/joint_offset_data__type_support.hpp
[30.085s] -- Symlinking: /home/brone-ub/brone_main_ws/install/op3_tuning_module_msgs/include/op3_tuning_module_msgs/op3_tuning_module_msgs/msg/detail/joint_offset_position_data__builder.hpp
[30.085s] -- Symlinking: /home/brone-ub/brone_main_ws/install/op3_tuning_module_msgs/include/op3_tuning_module_msgs/op3_tuning_module_msgs/msg/detail/joint_offset_position_data__struct.hpp
[30.085s] -- Symlinking: /home/brone-ub/brone_main_ws/install/op3_tuning_module_msgs/include/op3_tuning_module_msgs/op3_tuning_module_msgs/msg/detail/joint_offset_position_data__traits.hpp
[30.085s] -- Symlinking: /home/brone-ub/brone_main_ws/install/op3_tuning_module_msgs/include/op3_tuning_module_msgs/op3_tuning_module_msgs/msg/detail/joint_offset_position_data__type_support.hpp
[30.085s] -- Symlinking: /home/brone-ub/brone_main_ws/install/op3_tuning_module_msgs/include/op3_tuning_module_msgs/op3_tuning_module_msgs/msg/detail/joint_torque_on_off__builder.hpp
[30.085s] -- Symlinking: /home/brone-ub/brone_main_ws/install/op3_tuning_module_msgs/include/op3_tuning_module_msgs/op3_tuning_module_msgs/msg/detail/joint_torque_on_off__struct.hpp
[30.086s] -- Symlinking: /home/brone-ub/brone_main_ws/install/op3_tuning_module_msgs/include/op3_tuning_module_msgs/op3_tuning_module_msgs/msg/detail/joint_torque_on_off__traits.hpp
[30.086s] -- Symlinking: /home/brone-ub/brone_main_ws/install/op3_tuning_module_msgs/include/op3_tuning_module_msgs/op3_tuning_module_msgs/msg/detail/joint_torque_on_off__type_support.hpp
[30.086s] -- Symlinking: /home/brone-ub/brone_main_ws/install/op3_tuning_module_msgs/include/op3_tuning_module_msgs/op3_tuning_module_msgs/msg/detail/joint_torque_on_off_array__builder.hpp
[30.086s] -- Symlinking: /home/brone-ub/brone_main_ws/install/op3_tuning_module_msgs/include/op3_tuning_module_msgs/op3_tuning_module_msgs/msg/detail/joint_torque_on_off_array__struct.hpp
[30.086s] -- Symlinking: /home/brone-ub/brone_main_ws/install/op3_tuning_module_msgs/include/op3_tuning_module_msgs/op3_tuning_module_msgs/msg/detail/joint_torque_on_off_array__traits.hpp
[30.086s] -- Symlinking: /home/brone-ub/brone_main_ws/install/op3_tuning_module_msgs/include/op3_tuning_module_msgs/op3_tuning_module_msgs/msg/detail/joint_torque_on_off_array__type_support.hpp
[30.086s] -- Symlinking: /home/brone-ub/brone_main_ws/install/op3_tuning_module_msgs/include/op3_tuning_module_msgs/op3_tuning_module_msgs/msg/joint_offset_data.hpp
[30.086s] -- Symlinking: /home/brone-ub/brone_main_ws/install/op3_tuning_module_msgs/include/op3_tuning_module_msgs/op3_tuning_module_msgs/msg/joint_offset_position_data.hpp
[30.086s] -- Symlinking: /home/brone-ub/brone_main_ws/install/op3_tuning_module_msgs/include/op3_tuning_module_msgs/op3_tuning_module_msgs/msg/joint_torque_on_off.hpp
[30.086s] -- Symlinking: /home/brone-ub/brone_main_ws/install/op3_tuning_module_msgs/include/op3_tuning_module_msgs/op3_tuning_module_msgs/msg/joint_torque_on_off_array.hpp
[30.086s] -- Symlinking: /home/brone-ub/brone_main_ws/install/op3_tuning_module_msgs/include/op3_tuning_module_msgs/op3_tuning_module_msgs/msg/rosidl_generator_cpp__visibility_control.hpp
[30.087s] -- Symlinking: /home/brone-ub/brone_main_ws/install/op3_tuning_module_msgs/include/op3_tuning_module_msgs/op3_tuning_module_msgs/srv/detail/get_present_joint_offset_data__builder.hpp
[30.090s] -- Symlinking: /home/brone-ub/brone_main_ws/install/op3_tuning_module_msgs/include/op3_tuning_module_msgs/op3_tuning_module_msgs/srv/detail/get_present_joint_offset_data__struct.hpp
[30.091s] -- Symlinking: /home/brone-ub/brone_main_ws/install/op3_tuning_module_msgs/include/op3_tuning_module_msgs/op3_tuning_module_msgs/srv/detail/get_present_joint_offset_data__traits.hpp
[30.091s] -- Symlinking: /home/brone-ub/brone_main_ws/install/op3_tuning_module_msgs/include/op3_tuning_module_msgs/op3_tuning_module_msgs/srv/detail/get_present_joint_offset_data__type_support.hpp
[30.091s] -- Symlinking: /home/brone-ub/brone_main_ws/install/op3_tuning_module_msgs/include/op3_tuning_module_msgs/op3_tuning_module_msgs/srv/get_present_joint_offset_data.hpp
[30.091s] -- Symlinking: /home/brone-ub/brone_main_ws/install/op3_tuning_module_msgs/include/op3_tuning_module_msgs/op3_tuning_module_msgs/msg/detail/joint_offset_data__rosidl_typesupport_fastrtps_cpp.hpp
[30.091s] -- Symlinking: /home/brone-ub/brone_main_ws/install/op3_tuning_module_msgs/include/op3_tuning_module_msgs/op3_tuning_module_msgs/msg/detail/joint_offset_position_data__rosidl_typesupport_fastrtps_cpp.hpp
[30.091s] -- Symlinking: /home/brone-ub/brone_main_ws/install/op3_tuning_module_msgs/include/op3_tuning_module_msgs/op3_tuning_module_msgs/msg/detail/joint_torque_on_off__rosidl_typesupport_fastrtps_cpp.hpp
[30.091s] -- Symlinking: /home/brone-ub/brone_main_ws/install/op3_tuning_module_msgs/include/op3_tuning_module_msgs/op3_tuning_module_msgs/msg/detail/joint_torque_on_off_array__rosidl_typesupport_fastrtps_cpp.hpp
[30.091s] -- Symlinking: /home/brone-ub/brone_main_ws/install/op3_tuning_module_msgs/include/op3_tuning_module_msgs/op3_tuning_module_msgs/msg/rosidl_typesupport_fastrtps_cpp__visibility_control.h
[30.091s] -- Symlinking: /home/brone-ub/brone_main_ws/install/op3_tuning_module_msgs/include/op3_tuning_module_msgs/op3_tuning_module_msgs/srv/detail/get_present_joint_offset_data__rosidl_typesupport_fastrtps_cpp.hpp
[30.091s] -- Symlinking: /home/brone-ub/brone_main_ws/install/op3_tuning_module_msgs/include/op3_tuning_module_msgs/op3_tuning_module_msgs/msg/detail/joint_offset_data__rosidl_typesupport_introspection_c.h
[30.092s] -- Symlinking: /home/brone-ub/brone_main_ws/install/op3_tuning_module_msgs/include/op3_tuning_module_msgs/op3_tuning_module_msgs/msg/detail/joint_offset_position_data__rosidl_typesupport_introspection_c.h
[30.092s] -- Symlinking: /home/brone-ub/brone_main_ws/install/op3_tuning_module_msgs/include/op3_tuning_module_msgs/op3_tuning_module_msgs/msg/detail/joint_torque_on_off__rosidl_typesupport_introspection_c.h
[30.092s] -- Symlinking: /home/brone-ub/brone_main_ws/install/op3_tuning_module_msgs/include/op3_tuning_module_msgs/op3_tuning_module_msgs/msg/detail/joint_torque_on_off_array__rosidl_typesupport_introspection_c.h
[30.092s] -- Symlinking: /home/brone-ub/brone_main_ws/install/op3_tuning_module_msgs/include/op3_tuning_module_msgs/op3_tuning_module_msgs/msg/rosidl_typesupport_introspection_c__visibility_control.h
[30.092s] -- Symlinking: /home/brone-ub/brone_main_ws/install/op3_tuning_module_msgs/include/op3_tuning_module_msgs/op3_tuning_module_msgs/srv/detail/get_present_joint_offset_data__rosidl_typesupport_introspection_c.h
[30.092s] -- Symlinking: /home/brone-ub/brone_main_ws/install/op3_tuning_module_msgs/include/op3_tuning_module_msgs/op3_tuning_module_msgs/msg/detail/joint_offset_data__rosidl_typesupport_introspection_cpp.hpp
[30.092s] -- Symlinking: /home/brone-ub/brone_main_ws/install/op3_tuning_module_msgs/include/op3_tuning_module_msgs/op3_tuning_module_msgs/msg/detail/joint_offset_position_data__rosidl_typesupport_introspection_cpp.hpp
[30.092s] -- Symlinking: /home/brone-ub/brone_main_ws/install/op3_tuning_module_msgs/include/op3_tuning_module_msgs/op3_tuning_module_msgs/msg/detail/joint_torque_on_off__rosidl_typesupport_introspection_cpp.hpp
[30.092s] -- Symlinking: /home/brone-ub/brone_main_ws/install/op3_tuning_module_msgs/include/op3_tuning_module_msgs/op3_tuning_module_msgs/msg/detail/joint_torque_on_off_array__rosidl_typesupport_introspection_cpp.hpp
[30.092s] -- Symlinking: /home/brone-ub/brone_main_ws/install/op3_tuning_module_msgs/include/op3_tuning_module_msgs/op3_tuning_module_msgs/srv/detail/get_present_joint_offset_data__rosidl_typesupport_introspection_cpp.hpp
[30.092s] -- Symlinking: /home/brone-ub/brone_main_ws/install/op3_tuning_module_msgs/share/op3_tuning_module_msgs/environment/pythonpath.sh
[30.092s] -- Symlinking: /home/brone-ub/brone_main_ws/install/op3_tuning_module_msgs/share/op3_tuning_module_msgs/environment/pythonpath.dsv
[30.093s] -- Symlinking: /home/brone-ub/brone_main_ws/install/op3_tuning_module_msgs/lib/python3.12/site-packages/op3_tuning_module_msgs-0.0.1-py3.12.egg-info/PKG-INFO
[30.093s] -- Symlinking: /home/brone-ub/brone_main_ws/install/op3_tuning_module_msgs/lib/python3.12/site-packages/op3_tuning_module_msgs-0.0.1-py3.12.egg-info/SOURCES.txt
[30.093s] -- Symlinking: /home/brone-ub/brone_main_ws/install/op3_tuning_module_msgs/lib/python3.12/site-packages/op3_tuning_module_msgs-0.0.1-py3.12.egg-info/dependency_links.txt
[30.093s] -- Symlinking: /home/brone-ub/brone_main_ws/install/op3_tuning_module_msgs/lib/python3.12/site-packages/op3_tuning_module_msgs-0.0.1-py3.12.egg-info/top_level.txt
[30.105s] -- Symlinking: /home/brone-ub/brone_main_ws/install/op3_tuning_module_msgs/lib/python3.12/site-packages/op3_tuning_module_msgs/__init__.py
[30.121s] -- Symlinking: /home/brone-ub/brone_main_ws/install/op3_tuning_module_msgs/lib/python3.12/site-packages/op3_tuning_module_msgs/_op3_tuning_module_msgs_s.ep.rosidl_typesupport_c.c
[30.132s] -- Symlinking: /home/brone-ub/brone_main_ws/install/op3_tuning_module_msgs/lib/python3.12/site-packages/op3_tuning_module_msgs/_op3_tuning_module_msgs_s.ep.rosidl_typesupport_fastrtps_c.c
[30.146s] -- Symlinking: /home/brone-ub/brone_main_ws/install/op3_tuning_module_msgs/lib/python3.12/site-packages/op3_tuning_module_msgs/_op3_tuning_module_msgs_s.ep.rosidl_typesupport_introspection_c.c
[30.161s] -- Symlinking: /home/brone-ub/brone_main_ws/install/op3_tuning_module_msgs/lib/python3.12/site-packages/op3_tuning_module_msgs/msg/__init__.py
[30.176s] -- Symlinking: /home/brone-ub/brone_main_ws/install/op3_tuning_module_msgs/lib/python3.12/site-packages/op3_tuning_module_msgs/msg/_joint_offset_data.py
[30.192s] -- Symlinking: /home/brone-ub/brone_main_ws/install/op3_tuning_module_msgs/lib/python3.12/site-packages/op3_tuning_module_msgs/msg/_joint_offset_data_s.c
[30.325s] -- Symlinking: /home/brone-ub/brone_main_ws/install/op3_tuning_module_msgs/lib/python3.12/site-packages/op3_tuning_module_msgs/msg/_joint_offset_position_data.py
[30.339s] -- Symlinking: /home/brone-ub/brone_main_ws/install/op3_tuning_module_msgs/lib/python3.12/site-packages/op3_tuning_module_msgs/msg/_joint_offset_position_data_s.c
[30.352s] -- Symlinking: /home/brone-ub/brone_main_ws/install/op3_tuning_module_msgs/lib/python3.12/site-packages/op3_tuning_module_msgs/msg/_joint_torque_on_off.py
[30.366s] -- Symlinking: /home/brone-ub/brone_main_ws/install/op3_tuning_module_msgs/lib/python3.12/site-packages/op3_tuning_module_msgs/msg/_joint_torque_on_off_array.py
[30.379s] -- Symlinking: /home/brone-ub/brone_main_ws/install/op3_tuning_module_msgs/lib/python3.12/site-packages/op3_tuning_module_msgs/msg/_joint_torque_on_off_array_s.c
[30.400s] -- Symlinking: /home/brone-ub/brone_main_ws/install/op3_tuning_module_msgs/lib/python3.12/site-packages/op3_tuning_module_msgs/msg/_joint_torque_on_off_s.c
[30.407s] -- Symlinking: /home/brone-ub/brone_main_ws/install/op3_tuning_module_msgs/lib/python3.12/site-packages/op3_tuning_module_msgs/op3_tuning_module_msgs_s__rosidl_typesupport_c.so
[30.422s] -- Symlinking: /home/brone-ub/brone_main_ws/install/op3_tuning_module_msgs/lib/python3.12/site-packages/op3_tuning_module_msgs/op3_tuning_module_msgs_s__rosidl_typesupport_fastrtps_c.so
[30.435s] -- Symlinking: /home/brone-ub/brone_main_ws/install/op3_tuning_module_msgs/lib/python3.12/site-packages/op3_tuning_module_msgs/op3_tuning_module_msgs_s__rosidl_typesupport_introspection_c.so
[30.449s] -- Symlinking: /home/brone-ub/brone_main_ws/install/op3_tuning_module_msgs/lib/python3.12/site-packages/op3_tuning_module_msgs/srv/__init__.py
[30.461s] -- Symlinking: /home/brone-ub/brone_main_ws/install/op3_tuning_module_msgs/lib/python3.12/site-packages/op3_tuning_module_msgs/srv/_get_present_joint_offset_data.py
[30.473s] -- Symlinking: /home/brone-ub/brone_main_ws/install/op3_tuning_module_msgs/lib/python3.12/site-packages/op3_tuning_module_msgs/srv/_get_present_joint_offset_data_s.c
[30.487s] -- Up-to-date symlink: /home/brone-ub/brone_main_ws/install/op3_tuning_module_msgs/lib/python3.12/site-packages/op3_tuning_module_msgs/op3_tuning_module_msgs_s__rosidl_typesupport_fastrtps_c.so
[30.487s] -- Up-to-date symlink: /home/brone-ub/brone_main_ws/install/op3_tuning_module_msgs/lib/python3.12/site-packages/op3_tuning_module_msgs/op3_tuning_module_msgs_s__rosidl_typesupport_introspection_c.so
[30.488s] -- Up-to-date symlink: /home/brone-ub/brone_main_ws/install/op3_tuning_module_msgs/lib/python3.12/site-packages/op3_tuning_module_msgs/op3_tuning_module_msgs_s__rosidl_typesupport_c.so
[30.488s] -- Symlinking: /home/brone-ub/brone_main_ws/install/op3_tuning_module_msgs/share/op3_tuning_module_msgs/msg/JointOffsetData.idl
[30.504s] -- Symlinking: /home/brone-ub/brone_main_ws/install/op3_tuning_module_msgs/share/op3_tuning_module_msgs/msg/JointOffsetPositionData.idl
[30.520s] -- Symlinking: /home/brone-ub/brone_main_ws/install/op3_tuning_module_msgs/share/op3_tuning_module_msgs/msg/JointTorqueOnOff.idl
[30.535s] -- Symlinking: /home/brone-ub/brone_main_ws/install/op3_tuning_module_msgs/share/op3_tuning_module_msgs/msg/JointTorqueOnOffArray.idl
[30.549s] -- Symlinking: /home/brone-ub/brone_main_ws/install/op3_tuning_module_msgs/share/op3_tuning_module_msgs/srv/GetPresentJointOffsetData.idl
[30.563s] -- Symlinking: /home/brone-ub/brone_main_ws/install/op3_tuning_module_msgs/share/op3_tuning_module_msgs/msg/JointOffsetData.msg
[30.578s] -- Symlinking: /home/brone-ub/brone_main_ws/install/op3_tuning_module_msgs/share/op3_tuning_module_msgs/msg/JointOffsetPositionData.msg
[30.592s] -- Symlinking: /home/brone-ub/brone_main_ws/install/op3_tuning_module_msgs/share/op3_tuning_module_msgs/msg/JointTorqueOnOff.msg
[30.608s] -- Symlinking: /home/brone-ub/brone_main_ws/install/op3_tuning_module_msgs/share/op3_tuning_module_msgs/msg/JointTorqueOnOffArray.msg
[30.622s] -- Symlinking: /home/brone-ub/brone_main_ws/install/op3_tuning_module_msgs/share/op3_tuning_module_msgs/srv/GetPresentJointOffsetData.srv
[30.637s] -- Symlinking: /home/brone-ub/brone_main_ws/install/op3_tuning_module_msgs/share/ament_index/resource_index/package_run_dependencies/op3_tuning_module_msgs
[30.652s] -- Symlinking: /home/brone-ub/brone_main_ws/install/op3_tuning_module_msgs/share/ament_index/resource_index/parent_prefix_path/op3_tuning_module_msgs
[30.666s] -- Symlinking: /home/brone-ub/brone_main_ws/install/op3_tuning_module_msgs/share/op3_tuning_module_msgs/environment/ament_prefix_path.sh
[30.677s] -- Symlinking: /home/brone-ub/brone_main_ws/install/op3_tuning_module_msgs/share/op3_tuning_module_msgs/environment/ament_prefix_path.dsv
[30.691s] -- Symlinking: /home/brone-ub/brone_main_ws/install/op3_tuning_module_msgs/share/op3_tuning_module_msgs/environment/path.sh
[30.705s] -- Symlinking: /home/brone-ub/brone_main_ws/install/op3_tuning_module_msgs/share/op3_tuning_module_msgs/environment/path.dsv
[30.718s] -- Symlinking: /home/brone-ub/brone_main_ws/install/op3_tuning_module_msgs/share/op3_tuning_module_msgs/local_setup.bash
[30.731s] -- Symlinking: /home/brone-ub/brone_main_ws/install/op3_tuning_module_msgs/share/op3_tuning_module_msgs/local_setup.sh
[30.745s] -- Symlinking: /home/brone-ub/brone_main_ws/install/op3_tuning_module_msgs/share/op3_tuning_module_msgs/local_setup.zsh
[30.759s] -- Symlinking: /home/brone-ub/brone_main_ws/install/op3_tuning_module_msgs/share/op3_tuning_module_msgs/local_setup.dsv
[30.773s] -- Symlinking: /home/brone-ub/brone_main_ws/install/op3_tuning_module_msgs/share/op3_tuning_module_msgs/package.dsv
[30.787s] -- Symlinking: /home/brone-ub/brone_main_ws/install/op3_tuning_module_msgs/share/ament_index/resource_index/packages/op3_tuning_module_msgs
[30.801s] -- Symlinking: /home/brone-ub/brone_main_ws/install/op3_tuning_module_msgs/share/op3_tuning_module_msgs/cmake/rosidl_cmake-extras.cmake
[30.815s] -- Symlinking: /home/brone-ub/brone_main_ws/install/op3_tuning_module_msgs/share/op3_tuning_module_msgs/cmake/ament_cmake_export_dependencies-extras.cmake
[30.887s] -- Symlinking: /home/brone-ub/brone_main_ws/install/op3_tuning_module_msgs/share/op3_tuning_module_msgs/cmake/ament_cmake_export_include_directories-extras.cmake
[30.899s] -- Symlinking: /home/brone-ub/brone_main_ws/install/op3_tuning_module_msgs/share/op3_tuning_module_msgs/cmake/ament_cmake_export_libraries-extras.cmake
[30.914s] -- Symlinking: /home/brone-ub/brone_main_ws/install/op3_tuning_module_msgs/share/op3_tuning_module_msgs/cmake/ament_cmake_export_targets-extras.cmake
[30.924s] -- Symlinking: /home/brone-ub/brone_main_ws/install/op3_tuning_module_msgs/share/op3_tuning_module_msgs/cmake/rosidl_cmake_export_typesupport_targets-extras.cmake
[30.938s] -- Symlinking: /home/brone-ub/brone_main_ws/install/op3_tuning_module_msgs/share/op3_tuning_module_msgs/cmake/rosidl_cmake_export_typesupport_libraries-extras.cmake
[30.952s] -- Symlinking: /home/brone-ub/brone_main_ws/install/op3_tuning_module_msgs/share/op3_tuning_module_msgs/cmake/op3_tuning_module_msgsConfig.cmake
[30.964s] -- Symlinking: /home/brone-ub/brone_main_ws/install/op3_tuning_module_msgs/share/op3_tuning_module_msgs/cmake/op3_tuning_module_msgsConfig-version.cmake
[30.975s] -- Symlinking: /home/brone-ub/brone_main_ws/install/op3_tuning_module_msgs/share/op3_tuning_module_msgs/package.xml
[30.988s] -- Installing: /home/brone-ub/brone_main_ws/install/op3_tuning_module_msgs/lib/libop3_tuning_module_msgs__rosidl_generator_c.so
[30.988s] -- Set non-toolchain portion of runtime path of "/home/brone-ub/brone_main_ws/install/op3_tuning_module_msgs/lib/libop3_tuning_module_msgs__rosidl_generator_c.so" to ""
[30.988s] -- Installing: /home/brone-ub/brone_main_ws/install/op3_tuning_module_msgs/lib/libop3_tuning_module_msgs__rosidl_typesupport_fastrtps_c.so
[30.989s] -- Set non-toolchain portion of runtime path of "/home/brone-ub/brone_main_ws/install/op3_tuning_module_msgs/lib/libop3_tuning_module_msgs__rosidl_typesupport_fastrtps_c.so" to ""
[30.989s] -- Installing: /home/brone-ub/brone_main_ws/install/op3_tuning_module_msgs/lib/libop3_tuning_module_msgs__rosidl_typesupport_fastrtps_cpp.so
[30.989s] -- Set non-toolchain portion of runtime path of "/home/brone-ub/brone_main_ws/install/op3_tuning_module_msgs/lib/libop3_tuning_module_msgs__rosidl_typesupport_fastrtps_cpp.so" to ""
[30.989s] -- Installing: /home/brone-ub/brone_main_ws/install/op3_tuning_module_msgs/lib/libop3_tuning_module_msgs__rosidl_typesupport_introspection_c.so
[30.989s] -- Set non-toolchain portion of runtime path of "/home/brone-ub/brone_main_ws/install/op3_tuning_module_msgs/lib/libop3_tuning_module_msgs__rosidl_typesupport_introspection_c.so" to ""
[30.990s] -- Installing: /home/brone-ub/brone_main_ws/install/op3_tuning_module_msgs/lib/libop3_tuning_module_msgs__rosidl_typesupport_c.so
[30.990s] -- Set non-toolchain portion of runtime path of "/home/brone-ub/brone_main_ws/install/op3_tuning_module_msgs/lib/libop3_tuning_module_msgs__rosidl_typesupport_c.so" to ""
[30.990s] -- Installing: /home/brone-ub/brone_main_ws/install/op3_tuning_module_msgs/lib/libop3_tuning_module_msgs__rosidl_typesupport_introspection_cpp.so
[30.990s] -- Set non-toolchain portion of runtime path of "/home/brone-ub/brone_main_ws/install/op3_tuning_module_msgs/lib/libop3_tuning_module_msgs__rosidl_typesupport_introspection_cpp.so" to ""
[30.990s] -- Installing: /home/brone-ub/brone_main_ws/install/op3_tuning_module_msgs/lib/libop3_tuning_module_msgs__rosidl_typesupport_cpp.so
[30.991s] -- Set non-toolchain portion of runtime path of "/home/brone-ub/brone_main_ws/install/op3_tuning_module_msgs/lib/libop3_tuning_module_msgs__rosidl_typesupport_cpp.so" to ""
[31.047s] Listing '/home/brone-ub/brone_main_ws/install/op3_tuning_module_msgs/lib/python3.12/site-packages/op3_tuning_module_msgs'...
[31.047s] Compiling '/home/brone-ub/brone_main_ws/install/op3_tuning_module_msgs/lib/python3.12/site-packages/op3_tuning_module_msgs/__init__.py'...
[31.047s] Listing '/home/brone-ub/brone_main_ws/install/op3_tuning_module_msgs/lib/python3.12/site-packages/op3_tuning_module_msgs/msg'...
[31.047s] Compiling '/home/brone-ub/brone_main_ws/install/op3_tuning_module_msgs/lib/python3.12/site-packages/op3_tuning_module_msgs/msg/__init__.py'...
[31.048s] Compiling '/home/brone-ub/brone_main_ws/install/op3_tuning_module_msgs/lib/python3.12/site-packages/op3_tuning_module_msgs/msg/_joint_offset_data.py'...
[31.048s] Compiling '/home/brone-ub/brone_main_ws/install/op3_tuning_module_msgs/lib/python3.12/site-packages/op3_tuning_module_msgs/msg/_joint_offset_position_data.py'...
[31.048s] Compiling '/home/brone-ub/brone_main_ws/install/op3_tuning_module_msgs/lib/python3.12/site-packages/op3_tuning_module_msgs/msg/_joint_torque_on_off.py'...
[31.048s] Compiling '/home/brone-ub/brone_main_ws/install/op3_tuning_module_msgs/lib/python3.12/site-packages/op3_tuning_module_msgs/msg/_joint_torque_on_off_array.py'...
[31.048s] Listing '/home/brone-ub/brone_main_ws/install/op3_tuning_module_msgs/lib/python3.12/site-packages/op3_tuning_module_msgs/srv'...
[31.048s] Compiling '/home/brone-ub/brone_main_ws/install/op3_tuning_module_msgs/lib/python3.12/site-packages/op3_tuning_module_msgs/srv/__init__.py'...
[31.048s] Compiling '/home/brone-ub/brone_main_ws/install/op3_tuning_module_msgs/lib/python3.12/site-packages/op3_tuning_module_msgs/srv/_get_present_joint_offset_data.py'...
[31.055s] -- Installing: /home/brone-ub/brone_main_ws/install/op3_tuning_module_msgs/lib/libop3_tuning_module_msgs__rosidl_generator_py.so
[31.056s] -- Set non-toolchain portion of runtime path of "/home/brone-ub/brone_main_ws/install/op3_tuning_module_msgs/lib/libop3_tuning_module_msgs__rosidl_generator_py.so" to ""
[31.056s] -- Installing: /home/brone-ub/brone_main_ws/install/op3_tuning_module_msgs/share/op3_tuning_module_msgs/cmake/export_op3_tuning_module_msgs__rosidl_generator_cExport.cmake
[31.056s] -- Installing: /home/brone-ub/brone_main_ws/install/op3_tuning_module_msgs/share/op3_tuning_module_msgs/cmake/export_op3_tuning_module_msgs__rosidl_generator_cExport-release.cmake
[31.056s] -- Installing: /home/brone-ub/brone_main_ws/install/op3_tuning_module_msgs/share/op3_tuning_module_msgs/cmake/export_op3_tuning_module_msgs__rosidl_typesupport_fastrtps_cExport.cmake
[31.056s] -- Installing: /home/brone-ub/brone_main_ws/install/op3_tuning_module_msgs/share/op3_tuning_module_msgs/cmake/export_op3_tuning_module_msgs__rosidl_typesupport_fastrtps_cExport-release.cmake
[31.056s] -- Installing: /home/brone-ub/brone_main_ws/install/op3_tuning_module_msgs/share/op3_tuning_module_msgs/cmake/export_op3_tuning_module_msgs__rosidl_generator_cppExport.cmake
[31.056s] -- Installing: /home/brone-ub/brone_main_ws/install/op3_tuning_module_msgs/share/op3_tuning_module_msgs/cmake/export_op3_tuning_module_msgs__rosidl_typesupport_fastrtps_cppExport.cmake
[31.057s] -- Installing: /home/brone-ub/brone_main_ws/install/op3_tuning_module_msgs/share/op3_tuning_module_msgs/cmake/export_op3_tuning_module_msgs__rosidl_typesupport_fastrtps_cppExport-release.cmake
[31.057s] -- Installing: /home/brone-ub/brone_main_ws/install/op3_tuning_module_msgs/share/op3_tuning_module_msgs/cmake/op3_tuning_module_msgs__rosidl_typesupport_introspection_cExport.cmake
[31.057s] -- Installing: /home/brone-ub/brone_main_ws/install/op3_tuning_module_msgs/share/op3_tuning_module_msgs/cmake/op3_tuning_module_msgs__rosidl_typesupport_introspection_cExport-release.cmake
[31.057s] -- Installing: /home/brone-ub/brone_main_ws/install/op3_tuning_module_msgs/share/op3_tuning_module_msgs/cmake/op3_tuning_module_msgs__rosidl_typesupport_cExport.cmake
[31.057s] -- Installing: /home/brone-ub/brone_main_ws/install/op3_tuning_module_msgs/share/op3_tuning_module_msgs/cmake/op3_tuning_module_msgs__rosidl_typesupport_cExport-release.cmake
[31.058s] -- Installing: /home/brone-ub/brone_main_ws/install/op3_tuning_module_msgs/share/op3_tuning_module_msgs/cmake/op3_tuning_module_msgs__rosidl_typesupport_introspection_cppExport.cmake
[31.059s] -- Installing: /home/brone-ub/brone_main_ws/install/op3_tuning_module_msgs/share/op3_tuning_module_msgs/cmake/op3_tuning_module_msgs__rosidl_typesupport_introspection_cppExport-release.cmake
[31.059s] -- Installing: /home/brone-ub/brone_main_ws/install/op3_tuning_module_msgs/share/op3_tuning_module_msgs/cmake/op3_tuning_module_msgs__rosidl_typesupport_cppExport.cmake
[31.060s] -- Installing: /home/brone-ub/brone_main_ws/install/op3_tuning_module_msgs/share/op3_tuning_module_msgs/cmake/op3_tuning_module_msgs__rosidl_typesupport_cppExport-release.cmake
[31.060s] -- Installing: /home/brone-ub/brone_main_ws/install/op3_tuning_module_msgs/share/op3_tuning_module_msgs/cmake/export_op3_tuning_module_msgs__rosidl_generator_pyExport.cmake
[31.060s] -- Installing: /home/brone-ub/brone_main_ws/install/op3_tuning_module_msgs/share/op3_tuning_module_msgs/cmake/export_op3_tuning_module_msgs__rosidl_generator_pyExport-release.cmake
[31.062s] Invoked command in '/home/brone-ub/brone_main_ws/build/op3_tuning_module_msgs' returned '0': CMAKE_PREFIX_PATH=${CMAKE_PREFIX_PATH}:/home/brone-ub/robotis_ws/install/algo_gaze:/home/brone-ub/robotis_ws/install/brone_gaze:/opt/ros/jazzy DEBUGINFOD_URLS=https://debuginfod.ubuntu.com PS1=(.venv) \[\e]0;\u@\h: \w\a\]${debian_chroot:+($debian_chroot)}\[\033[01;32m\]\u@\h\[\033[00m\]:\[\033[01;34m\]\w\[\033[00m\]\$ VIRTUAL_ENV_PROMPT=(.venv) /usr/bin/cmake --install /home/brone-ub/brone_main_ws/build/op3_tuning_module_msgs
