[0.049s] Invoking command in '/home/brone-ub/brone_main_ws/build/op3_online_walking_module_msgs': CMAKE_PREFIX_PATH=${CMAKE_PREFIX_PATH}:/home/brone-ub/robotis_ws/install/algo_gaze:/home/brone-ub/robotis_ws/install/brone_gaze:/opt/ros/jazzy DEBUGINFOD_URLS=https://debuginfod.ubuntu.com PS1=(.venv) \[\e]0;\u@\h: \w\a\]${debian_chroot:+($debian_chroot)}\[\033[01;32m\]\u@\h\[\033[00m\]:\[\033[01;34m\]\w\[\033[00m\]\$ VIRTUAL_ENV_PROMPT=(.venv) /usr/bin/cmake /home/brone-ub/brone_main_ws/src/robotis_framework/ROBOTIS-OP3-msgs/op3_online_walking_module_msgs -DCMAKE_BUILD_TYPE=Release -DAMENT_CMAKE_SYMLINK_INSTALL=1 -DCMAKE_INSTALL_PREFIX=/home/brone-ub/brone_main_ws/install/op3_online_walking_module_msgs
[0.291s] -- The C compiler identification is GNU 13.3.0
[0.415s] -- The CXX compiler identification is GNU 13.3.0
[0.432s] -- Detecting C compiler ABI info
[0.776s] -- Detecting C compiler ABI info - done
[0.793s] -- Check for working C compiler: /usr/bin/cc - skipped
[0.794s] -- Detecting C compile features
[0.794s] -- Detecting C compile features - done
[0.799s] -- Detecting CXX compiler ABI info
[1.164s] -- Detecting CXX compiler ABI info - done
[1.175s] -- Check for working CXX compiler: /usr/bin/c++ - skipped
[1.176s] -- Detecting CXX compile features
[1.176s] -- Detecting CXX compile features - done
[1.184s] -- Found ament_cmake: 2.5.4 (/opt/ros/jazzy/share/ament_cmake/cmake)
[1.388s] -- Found Python3: /home/brone-ub/robotis_ws/.venv/bin/python3 (found version "3.12.3") found components: Interpreter 
[1.540s] -- Override CMake install command with custom implementation using symlinks instead of copying resources
[1.611s] -- Found std_msgs: 5.3.6 (/opt/ros/jazzy/share/std_msgs/cmake)
[1.682s] -- Found rosidl_generator_c: 4.6.6 (/opt/ros/jazzy/share/rosidl_generator_c/cmake)
[1.708s] -- Found rosidl_generator_cpp: 4.6.6 (/opt/ros/jazzy/share/rosidl_generator_cpp/cmake)
[1.738s] -- Using all available rosidl_typesupport_c: rosidl_typesupport_fastrtps_c;rosidl_typesupport_introspection_c
[1.770s] -- Using all available rosidl_typesupport_cpp: rosidl_typesupport_fastrtps_cpp;rosidl_typesupport_introspection_cpp
[1.826s] -- Found sensor_msgs: 5.3.6 (/opt/ros/jazzy/share/sensor_msgs/cmake)
[1.900s] -- Found rosidl_default_generators: 1.6.0 (/opt/ros/jazzy/share/rosidl_default_generators/cmake)
[1.942s] -- Found rosidl_adapter: 4.6.6 (/opt/ros/jazzy/share/rosidl_adapter/cmake)
[3.665s] -- Found ament_cmake_ros: 0.12.0 (/opt/ros/jazzy/share/ament_cmake_ros/cmake)
[5.596s] -- Using all available rosidl_typesupport_c: rosidl_typesupport_fastrtps_c;rosidl_typesupport_introspection_c
[6.232s] -- Using all available rosidl_typesupport_cpp: rosidl_typesupport_fastrtps_cpp;rosidl_typesupport_introspection_cpp
[6.241s] -- Found python_cmake_module: 0.11.1 (/opt/ros/jazzy/share/python_cmake_module/cmake)
[6.606s] -- Found PythonExtra: /home/brone-ub/robotis_ws/.venv/bin/python3  
[7.858s] -- Found Python3: /home/brone-ub/robotis_ws/.venv/bin/python3 (found version "3.12.3") found components: Interpreter Development NumPy Development.Module Development.Embed 
[8.209s] -- Configuring done (8.2s)
[8.443s] -- Generating done (0.2s)
[8.468s] -- Build files have been written to: /home/brone-ub/brone_main_ws/build/op3_online_walking_module_msgs
[8.513s] Invoked command in '/home/brone-ub/brone_main_ws/build/op3_online_walking_module_msgs' returned '0': CMAKE_PREFIX_PATH=${CMAKE_PREFIX_PATH}:/home/brone-ub/robotis_ws/install/algo_gaze:/home/brone-ub/robotis_ws/install/brone_gaze:/opt/ros/jazzy DEBUGINFOD_URLS=https://debuginfod.ubuntu.com PS1=(.venv) \[\e]0;\u@\h: \w\a\]${debian_chroot:+($debian_chroot)}\[\033[01;32m\]\u@\h\[\033[00m\]:\[\033[01;34m\]\w\[\033[00m\]\$ VIRTUAL_ENV_PROMPT=(.venv) /usr/bin/cmake /home/brone-ub/brone_main_ws/src/robotis_framework/ROBOTIS-OP3-msgs/op3_online_walking_module_msgs -DCMAKE_BUILD_TYPE=Release -DAMENT_CMAKE_SYMLINK_INSTALL=1 -DCMAKE_INSTALL_PREFIX=/home/brone-ub/brone_main_ws/install/op3_online_walking_module_msgs
[8.513s] Invoking command in '/home/brone-ub/brone_main_ws/build/op3_online_walking_module_msgs': CMAKE_PREFIX_PATH=${CMAKE_PREFIX_PATH}:/home/brone-ub/robotis_ws/install/algo_gaze:/home/brone-ub/robotis_ws/install/brone_gaze:/opt/ros/jazzy DEBUGINFOD_URLS=https://debuginfod.ubuntu.com PS1=(.venv) \[\e]0;\u@\h: \w\a\]${debian_chroot:+($debian_chroot)}\[\033[01;32m\]\u@\h\[\033[00m\]:\[\033[01;34m\]\w\[\033[00m\]\$ VIRTUAL_ENV_PROMPT=(.venv) /usr/bin/cmake --build /home/brone-ub/brone_main_ws/build/op3_online_walking_module_msgs -- -j16 -l16
[26.348s] [  1%] [34m[1mGenerating type hashes for ROS interfaces[0m
[26.349s] [  1%] Built target ament_cmake_python_symlink_op3_online_walking_module_msgs
[26.349s] running egg_info
[26.349s] creating op3_online_walking_module_msgs.egg-info
[26.349s] writing op3_online_walking_module_msgs.egg-info/PKG-INFO
[26.349s] writing dependency_links to op3_online_walking_module_msgs.egg-info/dependency_links.txt
[26.349s] writing top-level names to op3_online_walking_module_msgs.egg-info/top_level.txt
[26.350s] writing manifest file 'op3_online_walking_module_msgs.egg-info/SOURCES.txt'
[26.350s] reading manifest file 'op3_online_walking_module_msgs.egg-info/SOURCES.txt'
[26.350s] writing manifest file 'op3_online_walking_module_msgs.egg-info/SOURCES.txt'
[26.350s] [  1%] Built target op3_online_walking_module_msgs__rosidl_generator_type_description
[26.350s] [  2%] [34m[1mGenerating C code for ROS interfaces[0m
[26.350s] [  2%] [34m[1mGenerating C++ code for ROS interfaces[0m
[26.350s] [  2%] Built target ament_cmake_python_build_op3_online_walking_module_msgs_egg
[26.350s] [  2%] Built target op3_online_walking_module_msgs__cpp
[26.350s] [  2%] [32mBuilding C object CMakeFiles/op3_online_walking_module_msgs__rosidl_generator_c.dir/rosidl_generator_c/op3_online_walking_module_msgs/msg/detail/kinematics_pose__description.c.o[0m
[26.351s] [  3%] [32mBuilding C object CMakeFiles/op3_online_walking_module_msgs__rosidl_generator_c.dir/rosidl_generator_c/op3_online_walking_module_msgs/msg/detail/joint_pose__type_support.c.o[0m
[26.351s] [  4%] [32mBuilding C object CMakeFiles/op3_online_walking_module_msgs__rosidl_generator_c.dir/rosidl_generator_c/op3_online_walking_module_msgs/msg/detail/kinematics_pose__type_support.c.o[0m
[26.351s] [  5%] [32mBuilding C object CMakeFiles/op3_online_walking_module_msgs__rosidl_generator_c.dir/rosidl_generator_c/op3_online_walking_module_msgs/msg/detail/joint_pose__functions.c.o[0m
[26.351s] [  6%] [32mBuilding C object CMakeFiles/op3_online_walking_module_msgs__rosidl_generator_c.dir/rosidl_generator_c/op3_online_walking_module_msgs/msg/detail/kinematics_pose__functions.c.o[0m
[26.351s] [  7%] [32mBuilding C object CMakeFiles/op3_online_walking_module_msgs__rosidl_generator_c.dir/rosidl_generator_c/op3_online_walking_module_msgs/msg/detail/foot_step_command__functions.c.o[0m
[26.351s] [  8%] [32mBuilding C object CMakeFiles/op3_online_walking_module_msgs__rosidl_generator_c.dir/rosidl_generator_c/op3_online_walking_module_msgs/msg/detail/foot_step_command__type_support.c.o[0m
[26.351s] [  8%] [32mBuilding C object CMakeFiles/op3_online_walking_module_msgs__rosidl_generator_c.dir/rosidl_generator_c/op3_online_walking_module_msgs/msg/detail/joint_pose__description.c.o[0m
[26.351s] [  8%] [32mBuilding C object CMakeFiles/op3_online_walking_module_msgs__rosidl_generator_c.dir/rosidl_generator_c/op3_online_walking_module_msgs/msg/detail/foot_step_command__description.c.o[0m
[26.351s] [  9%] [32mBuilding C object CMakeFiles/op3_online_walking_module_msgs__rosidl_generator_c.dir/rosidl_generator_c/op3_online_walking_module_msgs/msg/detail/preview_response__description.c.o[0m
[26.351s] [  9%] [32mBuilding C object CMakeFiles/op3_online_walking_module_msgs__rosidl_generator_c.dir/rosidl_generator_c/op3_online_walking_module_msgs/msg/detail/preview_response__functions.c.o[0m
[26.352s] [ 10%] [32mBuilding C object CMakeFiles/op3_online_walking_module_msgs__rosidl_generator_c.dir/rosidl_generator_c/op3_online_walking_module_msgs/msg/detail/preview_response__type_support.c.o[0m
[26.352s] [ 11%] [32mBuilding C object CMakeFiles/op3_online_walking_module_msgs__rosidl_generator_c.dir/rosidl_generator_c/op3_online_walking_module_msgs/msg/detail/walking_param__description.c.o[0m
[26.352s] [ 11%] [32mBuilding C object CMakeFiles/op3_online_walking_module_msgs__rosidl_generator_c.dir/rosidl_generator_c/op3_online_walking_module_msgs/msg/detail/walking_param__functions.c.o[0m
[26.352s] [ 12%] [32mBuilding C object CMakeFiles/op3_online_walking_module_msgs__rosidl_generator_c.dir/rosidl_generator_c/op3_online_walking_module_msgs/msg/detail/walking_param__type_support.c.o[0m
[26.352s] [ 13%] [32mBuilding C object CMakeFiles/op3_online_walking_module_msgs__rosidl_generator_c.dir/rosidl_generator_c/op3_online_walking_module_msgs/msg/detail/preview_request__type_support.c.o[0m
[26.352s] [ 14%] [32mBuilding C object CMakeFiles/op3_online_walking_module_msgs__rosidl_generator_c.dir/rosidl_generator_c/op3_online_walking_module_msgs/msg/detail/step2_d__description.c.o[0m
[26.352s] [ 15%] [32mBuilding C object CMakeFiles/op3_online_walking_module_msgs__rosidl_generator_c.dir/rosidl_generator_c/op3_online_walking_module_msgs/msg/detail/preview_request__description.c.o[0m
[26.352s] [ 15%] [32mBuilding C object CMakeFiles/op3_online_walking_module_msgs__rosidl_generator_c.dir/rosidl_generator_c/op3_online_walking_module_msgs/msg/detail/foot_step_array__functions.c.o[0m
[26.352s] [ 16%] [32mBuilding C object CMakeFiles/op3_online_walking_module_msgs__rosidl_generator_c.dir/rosidl_generator_c/op3_online_walking_module_msgs/msg/detail/foot_step_array__type_support.c.o[0m
[26.352s] [ 16%] [32mBuilding C object CMakeFiles/op3_online_walking_module_msgs__rosidl_generator_c.dir/rosidl_generator_c/op3_online_walking_module_msgs/msg/detail/preview_request__functions.c.o[0m
[26.352s] [ 17%] [32mBuilding C object CMakeFiles/op3_online_walking_module_msgs__rosidl_generator_c.dir/rosidl_generator_c/op3_online_walking_module_msgs/msg/detail/foot_step_array__description.c.o[0m
[26.353s] [ 18%] [32mBuilding C object CMakeFiles/op3_online_walking_module_msgs__rosidl_generator_c.dir/rosidl_generator_c/op3_online_walking_module_msgs/msg/detail/step2_d__functions.c.o[0m
[26.353s] [ 18%] [32mBuilding C object CMakeFiles/op3_online_walking_module_msgs__rosidl_generator_c.dir/rosidl_generator_c/op3_online_walking_module_msgs/msg/detail/step2_d__type_support.c.o[0m
[26.353s] [ 19%] [32mBuilding C object CMakeFiles/op3_online_walking_module_msgs__rosidl_generator_c.dir/rosidl_generator_c/op3_online_walking_module_msgs/msg/detail/step2_d_array__description.c.o[0m
[26.353s] [ 19%] [32mBuilding C object CMakeFiles/op3_online_walking_module_msgs__rosidl_generator_c.dir/rosidl_generator_c/op3_online_walking_module_msgs/msg/detail/step2_d_array__type_support.c.o[0m
[26.353s] [ 20%] [32mBuilding C object CMakeFiles/op3_online_walking_module_msgs__rosidl_generator_c.dir/rosidl_generator_c/op3_online_walking_module_msgs/msg/detail/step2_d_array__functions.c.o[0m
[26.353s] [ 22%] [32mBuilding C object CMakeFiles/op3_online_walking_module_msgs__rosidl_generator_c.dir/rosidl_generator_c/op3_online_walking_module_msgs/srv/detail/get_joint_pose__functions.c.o[0m
[26.353s] [ 22%] [32mBuilding C object CMakeFiles/op3_online_walking_module_msgs__rosidl_generator_c.dir/rosidl_generator_c/op3_online_walking_module_msgs/srv/detail/get_joint_pose__type_support.c.o[0m
[26.356s] [ 22%] [32mBuilding C object CMakeFiles/op3_online_walking_module_msgs__rosidl_generator_c.dir/rosidl_generator_c/op3_online_walking_module_msgs/srv/detail/get_joint_pose__description.c.o[0m
[26.357s] [ 23%] [32mBuilding C object CMakeFiles/op3_online_walking_module_msgs__rosidl_generator_c.dir/rosidl_generator_c/op3_online_walking_module_msgs/srv/detail/get_kinematics_pose__description.c.o[0m
[26.357s] [ 24%] [32mBuilding C object CMakeFiles/op3_online_walking_module_msgs__rosidl_generator_c.dir/rosidl_generator_c/op3_online_walking_module_msgs/srv/detail/get_kinematics_pose__type_support.c.o[0m
[26.357s] [ 25%] [32mBuilding C object CMakeFiles/op3_online_walking_module_msgs__rosidl_generator_c.dir/rosidl_generator_c/op3_online_walking_module_msgs/srv/detail/get_preview_matrix__functions.c.o[0m
[26.357s] [ 26%] [32mBuilding C object CMakeFiles/op3_online_walking_module_msgs__rosidl_generator_c.dir/rosidl_generator_c/op3_online_walking_module_msgs/srv/detail/get_kinematics_pose__functions.c.o[0m
[26.357s] [ 26%] [32mBuilding C object CMakeFiles/op3_online_walking_module_msgs__rosidl_generator_c.dir/rosidl_generator_c/op3_online_walking_module_msgs/srv/detail/get_preview_matrix__description.c.o[0m
[26.357s] [ 27%] [32mBuilding C object CMakeFiles/op3_online_walking_module_msgs__rosidl_generator_c.dir/rosidl_generator_c/op3_online_walking_module_msgs/srv/detail/get_preview_matrix__type_support.c.o[0m
[26.357s] [ 27%] [32m[1mLinking C shared library libop3_online_walking_module_msgs__rosidl_generator_c.so[0m
[26.357s] [ 27%] Built target op3_online_walking_module_msgs__rosidl_generator_c
[26.357s] [ 27%] [34m[1mGenerating C++ type support dispatch for ROS interfaces[0m
[26.357s] [ 28%] [32mBuilding CXX object CMakeFiles/op3_online_walking_module_msgs__rosidl_typesupport_cpp.dir/rosidl_typesupport_cpp/op3_online_walking_module_msgs/msg/joint_pose__type_support.cpp.o[0m
[26.357s] [ 29%] [32mBuilding CXX object CMakeFiles/op3_online_walking_module_msgs__rosidl_typesupport_cpp.dir/rosidl_typesupport_cpp/op3_online_walking_module_msgs/srv/get_kinematics_pose__type_support.cpp.o[0m
[26.358s] [ 30%] [32mBuilding CXX object CMakeFiles/op3_online_walking_module_msgs__rosidl_typesupport_cpp.dir/rosidl_typesupport_cpp/op3_online_walking_module_msgs/srv/get_preview_matrix__type_support.cpp.o[0m
[26.358s] [ 30%] [32mBuilding CXX object CMakeFiles/op3_online_walking_module_msgs__rosidl_typesupport_cpp.dir/rosidl_typesupport_cpp/op3_online_walking_module_msgs/srv/get_joint_pose__type_support.cpp.o[0m
[26.923s] [ 31%] [32mBuilding CXX object CMakeFiles/op3_online_walking_module_msgs__rosidl_typesupport_cpp.dir/rosidl_typesupport_cpp/op3_online_walking_module_msgs/msg/step2_d_array__type_support.cpp.o[0m
[27.460s] [ 32%] [32mBuilding CXX object CMakeFiles/op3_online_walking_module_msgs__rosidl_typesupport_cpp.dir/rosidl_typesupport_cpp/op3_online_walking_module_msgs/msg/step2_d__type_support.cpp.o[0m
[27.962s] [ 32%] [32mBuilding CXX object CMakeFiles/op3_online_walking_module_msgs__rosidl_typesupport_cpp.dir/rosidl_typesupport_cpp/op3_online_walking_module_msgs/msg/walking_param__type_support.cpp.o[0m
[29.331s] [ 33%] [32mBuilding CXX object CMakeFiles/op3_online_walking_module_msgs__rosidl_typesupport_cpp.dir/rosidl_typesupport_cpp/op3_online_walking_module_msgs/msg/preview_response__type_support.cpp.o[0m
[29.897s] [ 34%] [32mBuilding CXX object CMakeFiles/op3_online_walking_module_msgs__rosidl_typesupport_cpp.dir/rosidl_typesupport_cpp/op3_online_walking_module_msgs/msg/preview_request__type_support.cpp.o[0m
[30.373s] [ 34%] [32mBuilding CXX object CMakeFiles/op3_online_walking_module_msgs__rosidl_typesupport_cpp.dir/rosidl_typesupport_cpp/op3_online_walking_module_msgs/msg/foot_step_array__type_support.cpp.o[0m
[30.912s] [ 35%] [32mBuilding CXX object CMakeFiles/op3_online_walking_module_msgs__rosidl_typesupport_cpp.dir/rosidl_typesupport_cpp/op3_online_walking_module_msgs/msg/foot_step_command__type_support.cpp.o[0m
[31.397s] [ 36%] [32mBuilding CXX object CMakeFiles/op3_online_walking_module_msgs__rosidl_typesupport_cpp.dir/rosidl_typesupport_cpp/op3_online_walking_module_msgs/msg/kinematics_pose__type_support.cpp.o[0m
[31.836s] [ 36%] [32m[1mLinking CXX shared library libop3_online_walking_module_msgs__rosidl_typesupport_cpp.so[0m
[32.010s] [ 36%] Built target op3_online_walking_module_msgs__rosidl_typesupport_cpp
[32.026s] [ 36%] [34m[1mGenerating C++ introspection for ROS interfaces[0m
[33.353s] [ 37%] [32mBuilding CXX object CMakeFiles/op3_online_walking_module_msgs__rosidl_typesupport_introspection_cpp.dir/rosidl_typesupport_introspection_cpp/op3_online_walking_module_msgs/msg/detail/joint_pose__type_support.cpp.o[0m
[33.905s] [ 38%] [32mBuilding CXX object CMakeFiles/op3_online_walking_module_msgs__rosidl_typesupport_introspection_cpp.dir/rosidl_typesupport_introspection_cpp/op3_online_walking_module_msgs/srv/detail/get_preview_matrix__type_support.cpp.o[0m
[34.911s] [ 39%] [32mBuilding CXX object CMakeFiles/op3_online_walking_module_msgs__rosidl_typesupport_introspection_cpp.dir/rosidl_typesupport_introspection_cpp/op3_online_walking_module_msgs/srv/detail/get_kinematics_pose__type_support.cpp.o[0m
[35.486s] [ 39%] [32mBuilding CXX object CMakeFiles/op3_online_walking_module_msgs__rosidl_typesupport_introspection_cpp.dir/rosidl_typesupport_introspection_cpp/op3_online_walking_module_msgs/srv/detail/get_joint_pose__type_support.cpp.o[0m
[36.450s] [ 40%] [32mBuilding CXX object CMakeFiles/op3_online_walking_module_msgs__rosidl_typesupport_introspection_cpp.dir/rosidl_typesupport_introspection_cpp/op3_online_walking_module_msgs/msg/detail/step2_d_array__type_support.cpp.o[0m
[36.898s] [ 41%] [32mBuilding CXX object CMakeFiles/op3_online_walking_module_msgs__rosidl_typesupport_introspection_cpp.dir/rosidl_typesupport_introspection_cpp/op3_online_walking_module_msgs/msg/detail/step2_d__type_support.cpp.o[0m
[37.263s] [ 42%] [32mBuilding CXX object CMakeFiles/op3_online_walking_module_msgs__rosidl_typesupport_introspection_cpp.dir/rosidl_typesupport_introspection_cpp/op3_online_walking_module_msgs/msg/detail/walking_param__type_support.cpp.o[0m
[37.767s] [ 42%] [32mBuilding CXX object CMakeFiles/op3_online_walking_module_msgs__rosidl_typesupport_introspection_cpp.dir/rosidl_typesupport_introspection_cpp/op3_online_walking_module_msgs/msg/detail/preview_response__type_support.cpp.o[0m
[38.128s] [ 43%] [32mBuilding CXX object CMakeFiles/op3_online_walking_module_msgs__rosidl_typesupport_introspection_cpp.dir/rosidl_typesupport_introspection_cpp/op3_online_walking_module_msgs/msg/detail/preview_request__type_support.cpp.o[0m
[38.874s] [ 44%] [32mBuilding CXX object CMakeFiles/op3_online_walking_module_msgs__rosidl_typesupport_introspection_cpp.dir/rosidl_typesupport_introspection_cpp/op3_online_walking_module_msgs/msg/detail/foot_step_array__type_support.cpp.o[0m
[39.382s] [ 44%] [32mBuilding CXX object CMakeFiles/op3_online_walking_module_msgs__rosidl_typesupport_introspection_cpp.dir/rosidl_typesupport_introspection_cpp/op3_online_walking_module_msgs/msg/detail/foot_step_command__type_support.cpp.o[0m
[39.920s] [ 45%] [32mBuilding CXX object CMakeFiles/op3_online_walking_module_msgs__rosidl_typesupport_introspection_cpp.dir/rosidl_typesupport_introspection_cpp/op3_online_walking_module_msgs/msg/detail/kinematics_pose__type_support.cpp.o[0m
[40.443s] [ 45%] [32m[1mLinking CXX shared library libop3_online_walking_module_msgs__rosidl_typesupport_introspection_cpp.so[0m
[40.546s] [ 45%] Built target op3_online_walking_module_msgs__rosidl_typesupport_introspection_cpp
[40.559s] [ 46%] [34m[1mGenerating C type support dispatch for ROS interfaces[0m
[41.366s] [ 46%] [32mBuilding CXX object CMakeFiles/op3_online_walking_module_msgs__rosidl_typesupport_c.dir/rosidl_typesupport_c/op3_online_walking_module_msgs/msg/joint_pose__type_support.cpp.o[0m
[41.430s] [ 47%] [32mBuilding CXX object CMakeFiles/op3_online_walking_module_msgs__rosidl_typesupport_c.dir/rosidl_typesupport_c/op3_online_walking_module_msgs/srv/get_preview_matrix__type_support.cpp.o[0m
[41.499s] [ 47%] [32mBuilding CXX object CMakeFiles/op3_online_walking_module_msgs__rosidl_typesupport_c.dir/rosidl_typesupport_c/op3_online_walking_module_msgs/srv/get_kinematics_pose__type_support.cpp.o[0m
[41.573s] [ 48%] [32mBuilding CXX object CMakeFiles/op3_online_walking_module_msgs__rosidl_typesupport_c.dir/rosidl_typesupport_c/op3_online_walking_module_msgs/srv/get_joint_pose__type_support.cpp.o[0m
[41.630s] [ 49%] [32mBuilding CXX object CMakeFiles/op3_online_walking_module_msgs__rosidl_typesupport_c.dir/rosidl_typesupport_c/op3_online_walking_module_msgs/msg/step2_d_array__type_support.cpp.o[0m
[41.691s] [ 49%] [32mBuilding CXX object CMakeFiles/op3_online_walking_module_msgs__rosidl_typesupport_c.dir/rosidl_typesupport_c/op3_online_walking_module_msgs/msg/step2_d__type_support.cpp.o[0m
[41.760s] [ 50%] [32mBuilding CXX object CMakeFiles/op3_online_walking_module_msgs__rosidl_typesupport_c.dir/rosidl_typesupport_c/op3_online_walking_module_msgs/msg/walking_param__type_support.cpp.o[0m
[41.829s] [ 51%] [32mBuilding CXX object CMakeFiles/op3_online_walking_module_msgs__rosidl_typesupport_c.dir/rosidl_typesupport_c/op3_online_walking_module_msgs/msg/preview_response__type_support.cpp.o[0m
[41.901s] [ 52%] [32mBuilding CXX object CMakeFiles/op3_online_walking_module_msgs__rosidl_typesupport_c.dir/rosidl_typesupport_c/op3_online_walking_module_msgs/msg/preview_request__type_support.cpp.o[0m
[41.972s] [ 52%] [32mBuilding CXX object CMakeFiles/op3_online_walking_module_msgs__rosidl_typesupport_c.dir/rosidl_typesupport_c/op3_online_walking_module_msgs/msg/foot_step_array__type_support.cpp.o[0m
[42.038s] [ 53%] [32mBuilding CXX object CMakeFiles/op3_online_walking_module_msgs__rosidl_typesupport_c.dir/rosidl_typesupport_c/op3_online_walking_module_msgs/msg/foot_step_command__type_support.cpp.o[0m
[42.098s] [ 54%] [32mBuilding CXX object CMakeFiles/op3_online_walking_module_msgs__rosidl_typesupport_c.dir/rosidl_typesupport_c/op3_online_walking_module_msgs/msg/kinematics_pose__type_support.cpp.o[0m
[42.169s] [ 55%] [32m[1mLinking CXX shared library libop3_online_walking_module_msgs__rosidl_typesupport_c.so[0m
[42.235s] [ 55%] Built target op3_online_walking_module_msgs__rosidl_typesupport_c
[42.255s] [ 56%] [34m[1mGenerating C introspection for ROS interfaces[0m
[43.711s] [ 56%] [32mBuilding C object CMakeFiles/op3_online_walking_module_msgs__rosidl_typesupport_introspection_c.dir/rosidl_typesupport_introspection_c/op3_online_walking_module_msgs/msg/detail/joint_pose__type_support.c.o[0m
[43.868s] [ 57%] [32mBuilding C object CMakeFiles/op3_online_walking_module_msgs__rosidl_typesupport_introspection_c.dir/rosidl_typesupport_introspection_c/op3_online_walking_module_msgs/srv/detail/get_preview_matrix__type_support.c.o[0m
[43.970s] [ 57%] [32mBuilding C object CMakeFiles/op3_online_walking_module_msgs__rosidl_typesupport_introspection_c.dir/rosidl_typesupport_introspection_c/op3_online_walking_module_msgs/srv/detail/get_kinematics_pose__type_support.c.o[0m
[44.067s] [ 58%] [32mBuilding C object CMakeFiles/op3_online_walking_module_msgs__rosidl_typesupport_introspection_c.dir/rosidl_typesupport_introspection_c/op3_online_walking_module_msgs/srv/detail/get_joint_pose__type_support.c.o[0m
[44.150s] [ 59%] [32mBuilding C object CMakeFiles/op3_online_walking_module_msgs__rosidl_typesupport_introspection_c.dir/rosidl_typesupport_introspection_c/op3_online_walking_module_msgs/msg/detail/step2_d_array__type_support.c.o[0m
[44.228s] [ 60%] [32mBuilding C object CMakeFiles/op3_online_walking_module_msgs__rosidl_typesupport_introspection_c.dir/rosidl_typesupport_introspection_c/op3_online_walking_module_msgs/msg/detail/step2_d__type_support.c.o[0m
[44.276s] [ 60%] [32mBuilding C object CMakeFiles/op3_online_walking_module_msgs__rosidl_typesupport_introspection_c.dir/rosidl_typesupport_introspection_c/op3_online_walking_module_msgs/msg/detail/walking_param__type_support.c.o[0m
[44.317s] [ 61%] [32mBuilding C object CMakeFiles/op3_online_walking_module_msgs__rosidl_typesupport_introspection_c.dir/rosidl_typesupport_introspection_c/op3_online_walking_module_msgs/msg/detail/preview_response__type_support.c.o[0m
[44.387s] [ 62%] [32mBuilding C object CMakeFiles/op3_online_walking_module_msgs__rosidl_typesupport_introspection_c.dir/rosidl_typesupport_introspection_c/op3_online_walking_module_msgs/msg/detail/preview_request__type_support.c.o[0m
[44.428s] [ 62%] [32mBuilding C object CMakeFiles/op3_online_walking_module_msgs__rosidl_typesupport_introspection_c.dir/rosidl_typesupport_introspection_c/op3_online_walking_module_msgs/msg/detail/foot_step_array__type_support.c.o[0m
[44.486s] [ 63%] [32mBuilding C object CMakeFiles/op3_online_walking_module_msgs__rosidl_typesupport_introspection_c.dir/rosidl_typesupport_introspection_c/op3_online_walking_module_msgs/msg/detail/foot_step_command__type_support.c.o[0m
[44.526s] [ 64%] [32mBuilding C object CMakeFiles/op3_online_walking_module_msgs__rosidl_typesupport_introspection_c.dir/rosidl_typesupport_introspection_c/op3_online_walking_module_msgs/msg/detail/kinematics_pose__type_support.c.o[0m
[44.574s] [ 65%] [32m[1mLinking C shared library libop3_online_walking_module_msgs__rosidl_typesupport_introspection_c.so[0m
[44.627s] [ 65%] Built target op3_online_walking_module_msgs__rosidl_typesupport_introspection_c
[44.638s] [ 66%] [34m[1mGenerating C++ type support for eProsima Fast-RTPS[0m
[45.837s] [ 67%] [32mBuilding CXX object CMakeFiles/op3_online_walking_module_msgs__rosidl_typesupport_fastrtps_cpp.dir/rosidl_typesupport_fastrtps_cpp/op3_online_walking_module_msgs/msg/detail/dds_fastrtps/joint_pose__type_support.cpp.o[0m
[46.444s] [ 67%] [32mBuilding CXX object CMakeFiles/op3_online_walking_module_msgs__rosidl_typesupport_fastrtps_cpp.dir/rosidl_typesupport_fastrtps_cpp/op3_online_walking_module_msgs/srv/detail/dds_fastrtps/get_preview_matrix__type_support.cpp.o[0m
[47.609s] [ 68%] [32mBuilding CXX object CMakeFiles/op3_online_walking_module_msgs__rosidl_typesupport_fastrtps_cpp.dir/rosidl_typesupport_fastrtps_cpp/op3_online_walking_module_msgs/srv/detail/dds_fastrtps/get_kinematics_pose__type_support.cpp.o[0m
[49.228s] [ 69%] [32mBuilding CXX object CMakeFiles/op3_online_walking_module_msgs__rosidl_typesupport_fastrtps_cpp.dir/rosidl_typesupport_fastrtps_cpp/op3_online_walking_module_msgs/srv/detail/dds_fastrtps/get_joint_pose__type_support.cpp.o[0m
[50.801s] [ 70%] [32mBuilding CXX object CMakeFiles/op3_online_walking_module_msgs__rosidl_typesupport_fastrtps_cpp.dir/rosidl_typesupport_fastrtps_cpp/op3_online_walking_module_msgs/msg/detail/dds_fastrtps/step2_d_array__type_support.cpp.o[0m
[51.334s] [ 70%] [32mBuilding CXX object CMakeFiles/op3_online_walking_module_msgs__rosidl_typesupport_fastrtps_cpp.dir/rosidl_typesupport_fastrtps_cpp/op3_online_walking_module_msgs/msg/detail/dds_fastrtps/step2_d__type_support.cpp.o[0m
[51.799s] [ 71%] [32mBuilding CXX object CMakeFiles/op3_online_walking_module_msgs__rosidl_typesupport_fastrtps_cpp.dir/rosidl_typesupport_fastrtps_cpp/op3_online_walking_module_msgs/msg/detail/dds_fastrtps/walking_param__type_support.cpp.o[0m
[52.280s] [ 72%] [32mBuilding CXX object CMakeFiles/op3_online_walking_module_msgs__rosidl_typesupport_fastrtps_cpp.dir/rosidl_typesupport_fastrtps_cpp/op3_online_walking_module_msgs/msg/detail/dds_fastrtps/preview_response__type_support.cpp.o[0m
[52.912s] [ 72%] [32mBuilding CXX object CMakeFiles/op3_online_walking_module_msgs__rosidl_typesupport_fastrtps_cpp.dir/rosidl_typesupport_fastrtps_cpp/op3_online_walking_module_msgs/msg/detail/dds_fastrtps/preview_request__type_support.cpp.o[0m
[53.381s] [ 73%] [32mBuilding CXX object CMakeFiles/op3_online_walking_module_msgs__rosidl_typesupport_fastrtps_cpp.dir/rosidl_typesupport_fastrtps_cpp/op3_online_walking_module_msgs/msg/detail/dds_fastrtps/foot_step_array__type_support.cpp.o[0m
[54.538s] [ 74%] [32mBuilding CXX object CMakeFiles/op3_online_walking_module_msgs__rosidl_typesupport_fastrtps_cpp.dir/rosidl_typesupport_fastrtps_cpp/op3_online_walking_module_msgs/msg/detail/dds_fastrtps/foot_step_command__type_support.cpp.o[0m
[55.388s] [ 74%] [32mBuilding CXX object CMakeFiles/op3_online_walking_module_msgs__rosidl_typesupport_fastrtps_cpp.dir/rosidl_typesupport_fastrtps_cpp/op3_online_walking_module_msgs/msg/detail/dds_fastrtps/kinematics_pose__type_support.cpp.o[0m
[55.872s] [ 75%] [32m[1mLinking CXX shared library libop3_online_walking_module_msgs__rosidl_typesupport_fastrtps_cpp.so[0m
[55.983s] [ 75%] Built target op3_online_walking_module_msgs__rosidl_typesupport_fastrtps_cpp
[55.997s] [ 76%] [34m[1mGenerating C type support for eProsima Fast-RTPS[0m
[57.224s] [ 77%] [32mBuilding CXX object CMakeFiles/op3_online_walking_module_msgs__rosidl_typesupport_fastrtps_c.dir/rosidl_typesupport_fastrtps_c/op3_online_walking_module_msgs/msg/detail/joint_pose__type_support_c.cpp.o[0m
[58.019s] [ 77%] [32mBuilding CXX object CMakeFiles/op3_online_walking_module_msgs__rosidl_typesupport_fastrtps_c.dir/rosidl_typesupport_fastrtps_c/op3_online_walking_module_msgs/srv/detail/get_preview_matrix__type_support_c.cpp.o[0m
[59.150s] [ 78%] [32mBuilding CXX object CMakeFiles/op3_online_walking_module_msgs__rosidl_typesupport_fastrtps_c.dir/rosidl_typesupport_fastrtps_c/op3_online_walking_module_msgs/srv/detail/get_kinematics_pose__type_support_c.cpp.o[0m
[59.896s] [ 79%] [32mBuilding CXX object CMakeFiles/op3_online_walking_module_msgs__rosidl_typesupport_fastrtps_c.dir/rosidl_typesupport_fastrtps_c/op3_online_walking_module_msgs/srv/detail/get_joint_pose__type_support_c.cpp.o[0m
[60.638s] [ 79%] [32mBuilding CXX object CMakeFiles/op3_online_walking_module_msgs__rosidl_typesupport_fastrtps_c.dir/rosidl_typesupport_fastrtps_c/op3_online_walking_module_msgs/msg/detail/step2_d_array__type_support_c.cpp.o[0m
[61.110s] [ 80%] [32mBuilding CXX object CMakeFiles/op3_online_walking_module_msgs__rosidl_typesupport_fastrtps_c.dir/rosidl_typesupport_fastrtps_c/op3_online_walking_module_msgs/msg/detail/step2_d__type_support_c.cpp.o[0m
[61.853s] [ 81%] [32mBuilding CXX object CMakeFiles/op3_online_walking_module_msgs__rosidl_typesupport_fastrtps_c.dir/rosidl_typesupport_fastrtps_c/op3_online_walking_module_msgs/msg/detail/walking_param__type_support_c.cpp.o[0m
[62.407s] [ 81%] [32mBuilding CXX object CMakeFiles/op3_online_walking_module_msgs__rosidl_typesupport_fastrtps_c.dir/rosidl_typesupport_fastrtps_c/op3_online_walking_module_msgs/msg/detail/preview_response__type_support_c.cpp.o[0m
[62.838s] [ 82%] [32mBuilding CXX object CMakeFiles/op3_online_walking_module_msgs__rosidl_typesupport_fastrtps_c.dir/rosidl_typesupport_fastrtps_c/op3_online_walking_module_msgs/msg/detail/foot_step_array__type_support_c.cpp.o[0m
[62.841s] [ 83%] [32mBuilding CXX object CMakeFiles/op3_online_walking_module_msgs__rosidl_typesupport_fastrtps_c.dir/rosidl_typesupport_fastrtps_c/op3_online_walking_module_msgs/msg/detail/preview_request__type_support_c.cpp.o[0m
[63.298s] [ 83%] [32mBuilding CXX object CMakeFiles/op3_online_walking_module_msgs__rosidl_typesupport_fastrtps_c.dir/rosidl_typesupport_fastrtps_c/op3_online_walking_module_msgs/msg/detail/foot_step_command__type_support_c.cpp.o[0m
[63.671s] [ 84%] [32mBuilding CXX object CMakeFiles/op3_online_walking_module_msgs__rosidl_typesupport_fastrtps_c.dir/rosidl_typesupport_fastrtps_c/op3_online_walking_module_msgs/msg/detail/kinematics_pose__type_support_c.cpp.o[0m
[64.155s] [ 85%] [32m[1mLinking CXX shared library libop3_online_walking_module_msgs__rosidl_typesupport_fastrtps_c.so[0m
[64.263s] [ 85%] Built target op3_online_walking_module_msgs__rosidl_typesupport_fastrtps_c
[64.294s] [ 85%] Built target op3_online_walking_module_msgs
[64.324s] [ 86%] [34m[1mGenerating Python code for ROS interfaces[0m
[65.945s] [ 86%] Built target op3_online_walking_module_msgs__py
[65.980s] [ 88%] [32mBuilding C object CMakeFiles/op3_online_walking_module_msgs__rosidl_generator_py.dir/rosidl_generator_py/op3_online_walking_module_msgs/msg/_kinematics_pose_s.c.o[0m
[65.980s] [ 88%] [32mBuilding C object CMakeFiles/op3_online_walking_module_msgs__rosidl_generator_py.dir/rosidl_generator_py/op3_online_walking_module_msgs/msg/_joint_pose_s.c.o[0m
[66.182s] [ 89%] [32mBuilding C object CMakeFiles/op3_online_walking_module_msgs__rosidl_generator_py.dir/rosidl_generator_py/op3_online_walking_module_msgs/srv/_get_preview_matrix_s.c.o[0m
[66.207s] [ 90%] [32mBuilding C object CMakeFiles/op3_online_walking_module_msgs__rosidl_generator_py.dir/rosidl_generator_py/op3_online_walking_module_msgs/srv/_get_kinematics_pose_s.c.o[0m
[66.660s] [ 90%] [32mBuilding C object CMakeFiles/op3_online_walking_module_msgs__rosidl_generator_py.dir/rosidl_generator_py/op3_online_walking_module_msgs/srv/_get_joint_pose_s.c.o[0m
[66.662s] [ 91%] [32mBuilding C object CMakeFiles/op3_online_walking_module_msgs__rosidl_generator_py.dir/rosidl_generator_py/op3_online_walking_module_msgs/msg/_step2_d_array_s.c.o[0m
[66.898s] [ 92%] [32mBuilding C object CMakeFiles/op3_online_walking_module_msgs__rosidl_generator_py.dir/rosidl_generator_py/op3_online_walking_module_msgs/msg/_step2_d_s.c.o[0m
[66.985s] [ 93%] [32mBuilding C object CMakeFiles/op3_online_walking_module_msgs__rosidl_generator_py.dir/rosidl_generator_py/op3_online_walking_module_msgs/msg/_walking_param_s.c.o[0m
[67.089s] [ 93%] [32mBuilding C object CMakeFiles/op3_online_walking_module_msgs__rosidl_generator_py.dir/rosidl_generator_py/op3_online_walking_module_msgs/msg/_preview_response_s.c.o[0m
[67.183s] [ 94%] [32mBuilding C object CMakeFiles/op3_online_walking_module_msgs__rosidl_generator_py.dir/rosidl_generator_py/op3_online_walking_module_msgs/msg/_preview_request_s.c.o[0m
[67.308s] [ 95%] [32mBuilding C object CMakeFiles/op3_online_walking_module_msgs__rosidl_generator_py.dir/rosidl_generator_py/op3_online_walking_module_msgs/msg/_foot_step_array_s.c.o[0m
[67.396s] [ 95%] [32mBuilding C object CMakeFiles/op3_online_walking_module_msgs__rosidl_generator_py.dir/rosidl_generator_py/op3_online_walking_module_msgs/msg/_foot_step_command_s.c.o[0m
[67.692s] [ 95%] [32m[1mLinking C shared library libop3_online_walking_module_msgs__rosidl_generator_py.so[0m
[67.743s] [ 95%] Built target op3_online_walking_module_msgs__rosidl_generator_py
[67.775s] [ 96%] [32mBuilding C object CMakeFiles/op3_online_walking_module_msgs_s__rosidl_typesupport_introspection_c.dir/rosidl_generator_py/op3_online_walking_module_msgs/_op3_online_walking_module_msgs_s.ep.rosidl_typesupport_introspection_c.c.o[0m
[67.775s] [ 96%] [32mBuilding C object CMakeFiles/op3_online_walking_module_msgs_s__rosidl_typesupport_fastrtps_c.dir/rosidl_generator_py/op3_online_walking_module_msgs/_op3_online_walking_module_msgs_s.ep.rosidl_typesupport_fastrtps_c.c.o[0m
[68.446s] [ 98%] [32m[1mLinking C shared module rosidl_generator_py/op3_online_walking_module_msgs/op3_online_walking_module_msgs_s__rosidl_typesupport_introspection_c.so[0m
[68.447s] [ 98%] [32m[1mLinking C shared module rosidl_generator_py/op3_online_walking_module_msgs/op3_online_walking_module_msgs_s__rosidl_typesupport_fastrtps_c.so[0m
[68.500s] [ 98%] Built target op3_online_walking_module_msgs_s__rosidl_typesupport_fastrtps_c
[68.501s] [ 98%] Built target op3_online_walking_module_msgs_s__rosidl_typesupport_introspection_c
[68.537s] [ 99%] [32mBuilding C object CMakeFiles/op3_online_walking_module_msgs_s__rosidl_typesupport_c.dir/rosidl_generator_py/op3_online_walking_module_msgs/_op3_online_walking_module_msgs_s.ep.rosidl_typesupport_c.c.o[0m
[69.047s] [100%] [32m[1mLinking C shared module rosidl_generator_py/op3_online_walking_module_msgs/op3_online_walking_module_msgs_s__rosidl_typesupport_c.so[0m
[69.102s] [100%] Built target op3_online_walking_module_msgs_s__rosidl_typesupport_c
[69.123s] Invoked command in '/home/brone-ub/brone_main_ws/build/op3_online_walking_module_msgs' returned '0': CMAKE_PREFIX_PATH=${CMAKE_PREFIX_PATH}:/home/brone-ub/robotis_ws/install/algo_gaze:/home/brone-ub/robotis_ws/install/brone_gaze:/opt/ros/jazzy DEBUGINFOD_URLS=https://debuginfod.ubuntu.com PS1=(.venv) \[\e]0;\u@\h: \w\a\]${debian_chroot:+($debian_chroot)}\[\033[01;32m\]\u@\h\[\033[00m\]:\[\033[01;34m\]\w\[\033[00m\]\$ VIRTUAL_ENV_PROMPT=(.venv) /usr/bin/cmake --build /home/brone-ub/brone_main_ws/build/op3_online_walking_module_msgs -- -j16 -l16
[69.126s] Invoking command in '/home/brone-ub/brone_main_ws/build/op3_online_walking_module_msgs': CMAKE_PREFIX_PATH=${CMAKE_PREFIX_PATH}:/home/brone-ub/robotis_ws/install/algo_gaze:/home/brone-ub/robotis_ws/install/brone_gaze:/opt/ros/jazzy DEBUGINFOD_URLS=https://debuginfod.ubuntu.com PS1=(.venv) \[\e]0;\u@\h: \w\a\]${debian_chroot:+($debian_chroot)}\[\033[01;32m\]\u@\h\[\033[00m\]:\[\033[01;34m\]\w\[\033[00m\]\$ VIRTUAL_ENV_PROMPT=(.venv) /usr/bin/cmake --install /home/brone-ub/brone_main_ws/build/op3_online_walking_module_msgs
[71.621s] -- Install configuration: "Release"
[71.621s] -- Execute custom install script
[71.622s] -- Symlinking: /home/brone-ub/brone_main_ws/install/op3_online_walking_module_msgs/share/ament_index/resource_index/rosidl_interfaces/op3_online_walking_module_msgs
[71.622s] -- Symlinking: /home/brone-ub/brone_main_ws/install/op3_online_walking_module_msgs/share/op3_online_walking_module_msgs/msg/JointPose.json
[71.622s] -- Symlinking: /home/brone-ub/brone_main_ws/install/op3_online_walking_module_msgs/share/op3_online_walking_module_msgs/msg/KinematicsPose.json
[71.622s] -- Symlinking: /home/brone-ub/brone_main_ws/install/op3_online_walking_module_msgs/share/op3_online_walking_module_msgs/msg/FootStepCommand.json
[71.622s] -- Symlinking: /home/brone-ub/brone_main_ws/install/op3_online_walking_module_msgs/share/op3_online_walking_module_msgs/msg/FootStepArray.json
[71.622s] -- Symlinking: /home/brone-ub/brone_main_ws/install/op3_online_walking_module_msgs/share/op3_online_walking_module_msgs/msg/PreviewRequest.json
[71.623s] -- Symlinking: /home/brone-ub/brone_main_ws/install/op3_online_walking_module_msgs/share/op3_online_walking_module_msgs/msg/PreviewResponse.json
[71.623s] -- Symlinking: /home/brone-ub/brone_main_ws/install/op3_online_walking_module_msgs/share/op3_online_walking_module_msgs/msg/WalkingParam.json
[71.623s] -- Symlinking: /home/brone-ub/brone_main_ws/install/op3_online_walking_module_msgs/share/op3_online_walking_module_msgs/msg/Step2D.json
[71.623s] -- Symlinking: /home/brone-ub/brone_main_ws/install/op3_online_walking_module_msgs/share/op3_online_walking_module_msgs/msg/Step2DArray.json
[71.623s] -- Symlinking: /home/brone-ub/brone_main_ws/install/op3_online_walking_module_msgs/share/op3_online_walking_module_msgs/srv/GetJointPose.json
[71.623s] -- Symlinking: /home/brone-ub/brone_main_ws/install/op3_online_walking_module_msgs/share/op3_online_walking_module_msgs/srv/GetKinematicsPose.json
[71.623s] -- Symlinking: /home/brone-ub/brone_main_ws/install/op3_online_walking_module_msgs/share/op3_online_walking_module_msgs/srv/GetPreviewMatrix.json
[71.623s] -- Symlinking: /home/brone-ub/brone_main_ws/install/op3_online_walking_module_msgs/include/op3_online_walking_module_msgs/op3_online_walking_module_msgs/msg/detail/foot_step_array__functions.h
[71.623s] -- Symlinking: /home/brone-ub/brone_main_ws/install/op3_online_walking_module_msgs/include/op3_online_walking_module_msgs/op3_online_walking_module_msgs/msg/detail/foot_step_array__struct.h
[71.623s] -- Symlinking: /home/brone-ub/brone_main_ws/install/op3_online_walking_module_msgs/include/op3_online_walking_module_msgs/op3_online_walking_module_msgs/msg/detail/foot_step_array__type_support.h
[71.624s] -- Symlinking: /home/brone-ub/brone_main_ws/install/op3_online_walking_module_msgs/include/op3_online_walking_module_msgs/op3_online_walking_module_msgs/msg/detail/foot_step_command__functions.h
[71.624s] -- Symlinking: /home/brone-ub/brone_main_ws/install/op3_online_walking_module_msgs/include/op3_online_walking_module_msgs/op3_online_walking_module_msgs/msg/detail/foot_step_command__struct.h
[71.624s] -- Symlinking: /home/brone-ub/brone_main_ws/install/op3_online_walking_module_msgs/include/op3_online_walking_module_msgs/op3_online_walking_module_msgs/msg/detail/foot_step_command__type_support.h
[71.625s] -- Symlinking: /home/brone-ub/brone_main_ws/install/op3_online_walking_module_msgs/include/op3_online_walking_module_msgs/op3_online_walking_module_msgs/msg/detail/joint_pose__functions.h
[71.625s] -- Symlinking: /home/brone-ub/brone_main_ws/install/op3_online_walking_module_msgs/include/op3_online_walking_module_msgs/op3_online_walking_module_msgs/msg/detail/joint_pose__struct.h
[71.626s] -- Symlinking: /home/brone-ub/brone_main_ws/install/op3_online_walking_module_msgs/include/op3_online_walking_module_msgs/op3_online_walking_module_msgs/msg/detail/joint_pose__type_support.h
[71.626s] -- Symlinking: /home/brone-ub/brone_main_ws/install/op3_online_walking_module_msgs/include/op3_online_walking_module_msgs/op3_online_walking_module_msgs/msg/detail/kinematics_pose__functions.h
[71.626s] -- Symlinking: /home/brone-ub/brone_main_ws/install/op3_online_walking_module_msgs/include/op3_online_walking_module_msgs/op3_online_walking_module_msgs/msg/detail/kinematics_pose__struct.h
[71.626s] -- Symlinking: /home/brone-ub/brone_main_ws/install/op3_online_walking_module_msgs/include/op3_online_walking_module_msgs/op3_online_walking_module_msgs/msg/detail/kinematics_pose__type_support.h
[71.626s] -- Symlinking: /home/brone-ub/brone_main_ws/install/op3_online_walking_module_msgs/include/op3_online_walking_module_msgs/op3_online_walking_module_msgs/msg/detail/preview_request__functions.h
[71.626s] -- Symlinking: /home/brone-ub/brone_main_ws/install/op3_online_walking_module_msgs/include/op3_online_walking_module_msgs/op3_online_walking_module_msgs/msg/detail/preview_request__struct.h
[71.627s] -- Symlinking: /home/brone-ub/brone_main_ws/install/op3_online_walking_module_msgs/include/op3_online_walking_module_msgs/op3_online_walking_module_msgs/msg/detail/preview_request__type_support.h
[71.627s] -- Symlinking: /home/brone-ub/brone_main_ws/install/op3_online_walking_module_msgs/include/op3_online_walking_module_msgs/op3_online_walking_module_msgs/msg/detail/preview_response__functions.h
[71.627s] -- Symlinking: /home/brone-ub/brone_main_ws/install/op3_online_walking_module_msgs/include/op3_online_walking_module_msgs/op3_online_walking_module_msgs/msg/detail/preview_response__struct.h
[71.627s] -- Symlinking: /home/brone-ub/brone_main_ws/install/op3_online_walking_module_msgs/include/op3_online_walking_module_msgs/op3_online_walking_module_msgs/msg/detail/preview_response__type_support.h
[71.627s] -- Symlinking: /home/brone-ub/brone_main_ws/install/op3_online_walking_module_msgs/include/op3_online_walking_module_msgs/op3_online_walking_module_msgs/msg/detail/step2_d__functions.h
[71.627s] -- Symlinking: /home/brone-ub/brone_main_ws/install/op3_online_walking_module_msgs/include/op3_online_walking_module_msgs/op3_online_walking_module_msgs/msg/detail/step2_d__struct.h
[71.627s] -- Symlinking: /home/brone-ub/brone_main_ws/install/op3_online_walking_module_msgs/include/op3_online_walking_module_msgs/op3_online_walking_module_msgs/msg/detail/step2_d__type_support.h
[71.627s] -- Symlinking: /home/brone-ub/brone_main_ws/install/op3_online_walking_module_msgs/include/op3_online_walking_module_msgs/op3_online_walking_module_msgs/msg/detail/step2_d_array__functions.h
[71.627s] -- Symlinking: /home/brone-ub/brone_main_ws/install/op3_online_walking_module_msgs/include/op3_online_walking_module_msgs/op3_online_walking_module_msgs/msg/detail/step2_d_array__struct.h
[71.628s] -- Symlinking: /home/brone-ub/brone_main_ws/install/op3_online_walking_module_msgs/include/op3_online_walking_module_msgs/op3_online_walking_module_msgs/msg/detail/step2_d_array__type_support.h
[71.628s] -- Symlinking: /home/brone-ub/brone_main_ws/install/op3_online_walking_module_msgs/include/op3_online_walking_module_msgs/op3_online_walking_module_msgs/msg/detail/walking_param__functions.h
[71.628s] -- Symlinking: /home/brone-ub/brone_main_ws/install/op3_online_walking_module_msgs/include/op3_online_walking_module_msgs/op3_online_walking_module_msgs/msg/detail/walking_param__struct.h
[71.628s] -- Symlinking: /home/brone-ub/brone_main_ws/install/op3_online_walking_module_msgs/include/op3_online_walking_module_msgs/op3_online_walking_module_msgs/msg/detail/walking_param__type_support.h
[71.628s] -- Symlinking: /home/brone-ub/brone_main_ws/install/op3_online_walking_module_msgs/include/op3_online_walking_module_msgs/op3_online_walking_module_msgs/msg/foot_step_array.h
[71.628s] -- Symlinking: /home/brone-ub/brone_main_ws/install/op3_online_walking_module_msgs/include/op3_online_walking_module_msgs/op3_online_walking_module_msgs/msg/foot_step_command.h
[71.628s] -- Symlinking: /home/brone-ub/brone_main_ws/install/op3_online_walking_module_msgs/include/op3_online_walking_module_msgs/op3_online_walking_module_msgs/msg/joint_pose.h
[71.628s] -- Symlinking: /home/brone-ub/brone_main_ws/install/op3_online_walking_module_msgs/include/op3_online_walking_module_msgs/op3_online_walking_module_msgs/msg/kinematics_pose.h
[71.628s] -- Symlinking: /home/brone-ub/brone_main_ws/install/op3_online_walking_module_msgs/include/op3_online_walking_module_msgs/op3_online_walking_module_msgs/msg/preview_request.h
[71.629s] -- Symlinking: /home/brone-ub/brone_main_ws/install/op3_online_walking_module_msgs/include/op3_online_walking_module_msgs/op3_online_walking_module_msgs/msg/preview_response.h
[71.629s] -- Symlinking: /home/brone-ub/brone_main_ws/install/op3_online_walking_module_msgs/include/op3_online_walking_module_msgs/op3_online_walking_module_msgs/msg/rosidl_generator_c__visibility_control.h
[71.629s] -- Symlinking: /home/brone-ub/brone_main_ws/install/op3_online_walking_module_msgs/include/op3_online_walking_module_msgs/op3_online_walking_module_msgs/msg/step2_d.h
[71.629s] -- Symlinking: /home/brone-ub/brone_main_ws/install/op3_online_walking_module_msgs/include/op3_online_walking_module_msgs/op3_online_walking_module_msgs/msg/step2_d_array.h
[71.629s] -- Symlinking: /home/brone-ub/brone_main_ws/install/op3_online_walking_module_msgs/include/op3_online_walking_module_msgs/op3_online_walking_module_msgs/msg/walking_param.h
[71.629s] -- Symlinking: /home/brone-ub/brone_main_ws/install/op3_online_walking_module_msgs/include/op3_online_walking_module_msgs/op3_online_walking_module_msgs/srv/detail/get_joint_pose__functions.h
[71.629s] -- Symlinking: /home/brone-ub/brone_main_ws/install/op3_online_walking_module_msgs/include/op3_online_walking_module_msgs/op3_online_walking_module_msgs/srv/detail/get_joint_pose__struct.h
[71.629s] -- Symlinking: /home/brone-ub/brone_main_ws/install/op3_online_walking_module_msgs/include/op3_online_walking_module_msgs/op3_online_walking_module_msgs/srv/detail/get_joint_pose__type_support.h
[71.629s] -- Symlinking: /home/brone-ub/brone_main_ws/install/op3_online_walking_module_msgs/include/op3_online_walking_module_msgs/op3_online_walking_module_msgs/srv/detail/get_kinematics_pose__functions.h
[71.630s] -- Symlinking: /home/brone-ub/brone_main_ws/install/op3_online_walking_module_msgs/include/op3_online_walking_module_msgs/op3_online_walking_module_msgs/srv/detail/get_kinematics_pose__struct.h
[71.630s] -- Symlinking: /home/brone-ub/brone_main_ws/install/op3_online_walking_module_msgs/include/op3_online_walking_module_msgs/op3_online_walking_module_msgs/srv/detail/get_kinematics_pose__type_support.h
[71.630s] -- Symlinking: /home/brone-ub/brone_main_ws/install/op3_online_walking_module_msgs/include/op3_online_walking_module_msgs/op3_online_walking_module_msgs/srv/detail/get_preview_matrix__functions.h
[71.630s] -- Symlinking: /home/brone-ub/brone_main_ws/install/op3_online_walking_module_msgs/include/op3_online_walking_module_msgs/op3_online_walking_module_msgs/srv/detail/get_preview_matrix__struct.h
[71.630s] -- Symlinking: /home/brone-ub/brone_main_ws/install/op3_online_walking_module_msgs/include/op3_online_walking_module_msgs/op3_online_walking_module_msgs/srv/detail/get_preview_matrix__type_support.h
[71.630s] -- Symlinking: /home/brone-ub/brone_main_ws/install/op3_online_walking_module_msgs/include/op3_online_walking_module_msgs/op3_online_walking_module_msgs/srv/get_joint_pose.h
[71.630s] -- Symlinking: /home/brone-ub/brone_main_ws/install/op3_online_walking_module_msgs/include/op3_online_walking_module_msgs/op3_online_walking_module_msgs/srv/get_kinematics_pose.h
[71.630s] -- Symlinking: /home/brone-ub/brone_main_ws/install/op3_online_walking_module_msgs/include/op3_online_walking_module_msgs/op3_online_walking_module_msgs/srv/get_preview_matrix.h
[71.630s] -- Symlinking: /home/brone-ub/brone_main_ws/install/op3_online_walking_module_msgs/share/op3_online_walking_module_msgs/environment/library_path.sh
[71.631s] -- Symlinking: /home/brone-ub/brone_main_ws/install/op3_online_walking_module_msgs/share/op3_online_walking_module_msgs/environment/library_path.dsv
[71.631s] -- Symlinking: /home/brone-ub/brone_main_ws/install/op3_online_walking_module_msgs/include/op3_online_walking_module_msgs/op3_online_walking_module_msgs/msg/detail/foot_step_array__rosidl_typesupport_fastrtps_c.h
[71.631s] -- Symlinking: /home/brone-ub/brone_main_ws/install/op3_online_walking_module_msgs/include/op3_online_walking_module_msgs/op3_online_walking_module_msgs/msg/detail/foot_step_command__rosidl_typesupport_fastrtps_c.h
[71.631s] -- Symlinking: /home/brone-ub/brone_main_ws/install/op3_online_walking_module_msgs/include/op3_online_walking_module_msgs/op3_online_walking_module_msgs/msg/detail/joint_pose__rosidl_typesupport_fastrtps_c.h
[71.631s] -- Symlinking: /home/brone-ub/brone_main_ws/install/op3_online_walking_module_msgs/include/op3_online_walking_module_msgs/op3_online_walking_module_msgs/msg/detail/kinematics_pose__rosidl_typesupport_fastrtps_c.h
[71.631s] -- Symlinking: /home/brone-ub/brone_main_ws/install/op3_online_walking_module_msgs/include/op3_online_walking_module_msgs/op3_online_walking_module_msgs/msg/detail/preview_request__rosidl_typesupport_fastrtps_c.h
[71.631s] -- Symlinking: /home/brone-ub/brone_main_ws/install/op3_online_walking_module_msgs/include/op3_online_walking_module_msgs/op3_online_walking_module_msgs/msg/detail/preview_response__rosidl_typesupport_fastrtps_c.h
[71.631s] -- Symlinking: /home/brone-ub/brone_main_ws/install/op3_online_walking_module_msgs/include/op3_online_walking_module_msgs/op3_online_walking_module_msgs/msg/detail/step2_d__rosidl_typesupport_fastrtps_c.h
[71.632s] -- Symlinking: /home/brone-ub/brone_main_ws/install/op3_online_walking_module_msgs/include/op3_online_walking_module_msgs/op3_online_walking_module_msgs/msg/detail/step2_d_array__rosidl_typesupport_fastrtps_c.h
[71.632s] -- Symlinking: /home/brone-ub/brone_main_ws/install/op3_online_walking_module_msgs/include/op3_online_walking_module_msgs/op3_online_walking_module_msgs/msg/detail/walking_param__rosidl_typesupport_fastrtps_c.h
[71.632s] -- Symlinking: /home/brone-ub/brone_main_ws/install/op3_online_walking_module_msgs/include/op3_online_walking_module_msgs/op3_online_walking_module_msgs/msg/rosidl_typesupport_fastrtps_c__visibility_control.h
[71.632s] -- Symlinking: /home/brone-ub/brone_main_ws/install/op3_online_walking_module_msgs/include/op3_online_walking_module_msgs/op3_online_walking_module_msgs/srv/detail/get_joint_pose__rosidl_typesupport_fastrtps_c.h
[71.632s] -- Symlinking: /home/brone-ub/brone_main_ws/install/op3_online_walking_module_msgs/include/op3_online_walking_module_msgs/op3_online_walking_module_msgs/srv/detail/get_kinematics_pose__rosidl_typesupport_fastrtps_c.h
[71.632s] -- Symlinking: /home/brone-ub/brone_main_ws/install/op3_online_walking_module_msgs/include/op3_online_walking_module_msgs/op3_online_walking_module_msgs/srv/detail/get_preview_matrix__rosidl_typesupport_fastrtps_c.h
[71.632s] -- Symlinking: /home/brone-ub/brone_main_ws/install/op3_online_walking_module_msgs/include/op3_online_walking_module_msgs/op3_online_walking_module_msgs/msg/detail/foot_step_array__builder.hpp
[71.632s] -- Symlinking: /home/brone-ub/brone_main_ws/install/op3_online_walking_module_msgs/include/op3_online_walking_module_msgs/op3_online_walking_module_msgs/msg/detail/foot_step_array__struct.hpp
[71.632s] -- Symlinking: /home/brone-ub/brone_main_ws/install/op3_online_walking_module_msgs/include/op3_online_walking_module_msgs/op3_online_walking_module_msgs/msg/detail/foot_step_array__traits.hpp
[71.632s] -- Symlinking: /home/brone-ub/brone_main_ws/install/op3_online_walking_module_msgs/include/op3_online_walking_module_msgs/op3_online_walking_module_msgs/msg/detail/foot_step_array__type_support.hpp
[71.632s] -- Symlinking: /home/brone-ub/brone_main_ws/install/op3_online_walking_module_msgs/include/op3_online_walking_module_msgs/op3_online_walking_module_msgs/msg/detail/foot_step_command__builder.hpp
[71.633s] -- Symlinking: /home/brone-ub/brone_main_ws/install/op3_online_walking_module_msgs/include/op3_online_walking_module_msgs/op3_online_walking_module_msgs/msg/detail/foot_step_command__struct.hpp
[71.633s] -- Symlinking: /home/brone-ub/brone_main_ws/install/op3_online_walking_module_msgs/include/op3_online_walking_module_msgs/op3_online_walking_module_msgs/msg/detail/foot_step_command__traits.hpp
[71.633s] -- Symlinking: /home/brone-ub/brone_main_ws/install/op3_online_walking_module_msgs/include/op3_online_walking_module_msgs/op3_online_walking_module_msgs/msg/detail/foot_step_command__type_support.hpp
[71.633s] -- Symlinking: /home/brone-ub/brone_main_ws/install/op3_online_walking_module_msgs/include/op3_online_walking_module_msgs/op3_online_walking_module_msgs/msg/detail/joint_pose__builder.hpp
[71.633s] -- Symlinking: /home/brone-ub/brone_main_ws/install/op3_online_walking_module_msgs/include/op3_online_walking_module_msgs/op3_online_walking_module_msgs/msg/detail/joint_pose__struct.hpp
[71.633s] -- Symlinking: /home/brone-ub/brone_main_ws/install/op3_online_walking_module_msgs/include/op3_online_walking_module_msgs/op3_online_walking_module_msgs/msg/detail/joint_pose__traits.hpp
[71.635s] -- Symlinking: /home/brone-ub/brone_main_ws/install/op3_online_walking_module_msgs/include/op3_online_walking_module_msgs/op3_online_walking_module_msgs/msg/detail/joint_pose__type_support.hpp
[71.651s] -- Symlinking: /home/brone-ub/brone_main_ws/install/op3_online_walking_module_msgs/include/op3_online_walking_module_msgs/op3_online_walking_module_msgs/msg/detail/kinematics_pose__builder.hpp
[71.668s] -- Symlinking: /home/brone-ub/brone_main_ws/install/op3_online_walking_module_msgs/include/op3_online_walking_module_msgs/op3_online_walking_module_msgs/msg/detail/kinematics_pose__struct.hpp
[71.684s] -- Symlinking: /home/brone-ub/brone_main_ws/install/op3_online_walking_module_msgs/include/op3_online_walking_module_msgs/op3_online_walking_module_msgs/msg/detail/kinematics_pose__traits.hpp
[71.699s] -- Symlinking: /home/brone-ub/brone_main_ws/install/op3_online_walking_module_msgs/include/op3_online_walking_module_msgs/op3_online_walking_module_msgs/msg/detail/kinematics_pose__type_support.hpp
[71.714s] -- Symlinking: /home/brone-ub/brone_main_ws/install/op3_online_walking_module_msgs/include/op3_online_walking_module_msgs/op3_online_walking_module_msgs/msg/detail/preview_request__builder.hpp
[71.729s] -- Symlinking: /home/brone-ub/brone_main_ws/install/op3_online_walking_module_msgs/include/op3_online_walking_module_msgs/op3_online_walking_module_msgs/msg/detail/preview_request__struct.hpp
[71.744s] -- Symlinking: /home/brone-ub/brone_main_ws/install/op3_online_walking_module_msgs/include/op3_online_walking_module_msgs/op3_online_walking_module_msgs/msg/detail/preview_request__traits.hpp
[71.759s] -- Symlinking: /home/brone-ub/brone_main_ws/install/op3_online_walking_module_msgs/include/op3_online_walking_module_msgs/op3_online_walking_module_msgs/msg/detail/preview_request__type_support.hpp
[71.773s] -- Symlinking: /home/brone-ub/brone_main_ws/install/op3_online_walking_module_msgs/include/op3_online_walking_module_msgs/op3_online_walking_module_msgs/msg/detail/preview_response__builder.hpp
[71.787s] -- Symlinking: /home/brone-ub/brone_main_ws/install/op3_online_walking_module_msgs/include/op3_online_walking_module_msgs/op3_online_walking_module_msgs/msg/detail/preview_response__struct.hpp
[71.799s] -- Symlinking: /home/brone-ub/brone_main_ws/install/op3_online_walking_module_msgs/include/op3_online_walking_module_msgs/op3_online_walking_module_msgs/msg/detail/preview_response__traits.hpp
[71.814s] -- Symlinking: /home/brone-ub/brone_main_ws/install/op3_online_walking_module_msgs/include/op3_online_walking_module_msgs/op3_online_walking_module_msgs/msg/detail/preview_response__type_support.hpp
[71.828s] -- Symlinking: /home/brone-ub/brone_main_ws/install/op3_online_walking_module_msgs/include/op3_online_walking_module_msgs/op3_online_walking_module_msgs/msg/detail/step2_d__builder.hpp
[71.844s] -- Symlinking: /home/brone-ub/brone_main_ws/install/op3_online_walking_module_msgs/include/op3_online_walking_module_msgs/op3_online_walking_module_msgs/msg/detail/step2_d__struct.hpp
[71.860s] -- Symlinking: /home/brone-ub/brone_main_ws/install/op3_online_walking_module_msgs/include/op3_online_walking_module_msgs/op3_online_walking_module_msgs/msg/detail/step2_d__traits.hpp
[71.876s] -- Symlinking: /home/brone-ub/brone_main_ws/install/op3_online_walking_module_msgs/include/op3_online_walking_module_msgs/op3_online_walking_module_msgs/msg/detail/step2_d__type_support.hpp
[71.892s] -- Symlinking: /home/brone-ub/brone_main_ws/install/op3_online_walking_module_msgs/include/op3_online_walking_module_msgs/op3_online_walking_module_msgs/msg/detail/step2_d_array__builder.hpp
[71.907s] -- Symlinking: /home/brone-ub/brone_main_ws/install/op3_online_walking_module_msgs/include/op3_online_walking_module_msgs/op3_online_walking_module_msgs/msg/detail/step2_d_array__struct.hpp
[71.924s] -- Symlinking: /home/brone-ub/brone_main_ws/install/op3_online_walking_module_msgs/include/op3_online_walking_module_msgs/op3_online_walking_module_msgs/msg/detail/step2_d_array__traits.hpp
[71.939s] -- Symlinking: /home/brone-ub/brone_main_ws/install/op3_online_walking_module_msgs/include/op3_online_walking_module_msgs/op3_online_walking_module_msgs/msg/detail/step2_d_array__type_support.hpp
[71.954s] -- Symlinking: /home/brone-ub/brone_main_ws/install/op3_online_walking_module_msgs/include/op3_online_walking_module_msgs/op3_online_walking_module_msgs/msg/detail/walking_param__builder.hpp
[71.969s] -- Symlinking: /home/brone-ub/brone_main_ws/install/op3_online_walking_module_msgs/include/op3_online_walking_module_msgs/op3_online_walking_module_msgs/msg/detail/walking_param__struct.hpp
[71.984s] -- Symlinking: /home/brone-ub/brone_main_ws/install/op3_online_walking_module_msgs/include/op3_online_walking_module_msgs/op3_online_walking_module_msgs/msg/detail/walking_param__traits.hpp
[72.000s] -- Symlinking: /home/brone-ub/brone_main_ws/install/op3_online_walking_module_msgs/include/op3_online_walking_module_msgs/op3_online_walking_module_msgs/msg/detail/walking_param__type_support.hpp
[72.016s] -- Symlinking: /home/brone-ub/brone_main_ws/install/op3_online_walking_module_msgs/include/op3_online_walking_module_msgs/op3_online_walking_module_msgs/msg/foot_step_array.hpp
[72.031s] -- Symlinking: /home/brone-ub/brone_main_ws/install/op3_online_walking_module_msgs/include/op3_online_walking_module_msgs/op3_online_walking_module_msgs/msg/foot_step_command.hpp
[72.045s] -- Symlinking: /home/brone-ub/brone_main_ws/install/op3_online_walking_module_msgs/include/op3_online_walking_module_msgs/op3_online_walking_module_msgs/msg/joint_pose.hpp
[72.055s] -- Symlinking: /home/brone-ub/brone_main_ws/install/op3_online_walking_module_msgs/include/op3_online_walking_module_msgs/op3_online_walking_module_msgs/msg/kinematics_pose.hpp
[72.067s] -- Symlinking: /home/brone-ub/brone_main_ws/install/op3_online_walking_module_msgs/include/op3_online_walking_module_msgs/op3_online_walking_module_msgs/msg/preview_request.hpp
[72.079s] -- Symlinking: /home/brone-ub/brone_main_ws/install/op3_online_walking_module_msgs/include/op3_online_walking_module_msgs/op3_online_walking_module_msgs/msg/preview_response.hpp
[72.091s] -- Symlinking: /home/brone-ub/brone_main_ws/install/op3_online_walking_module_msgs/include/op3_online_walking_module_msgs/op3_online_walking_module_msgs/msg/rosidl_generator_cpp__visibility_control.hpp
[72.103s] -- Symlinking: /home/brone-ub/brone_main_ws/install/op3_online_walking_module_msgs/include/op3_online_walking_module_msgs/op3_online_walking_module_msgs/msg/step2_d.hpp
[72.117s] -- Symlinking: /home/brone-ub/brone_main_ws/install/op3_online_walking_module_msgs/include/op3_online_walking_module_msgs/op3_online_walking_module_msgs/msg/step2_d_array.hpp
[72.133s] -- Symlinking: /home/brone-ub/brone_main_ws/install/op3_online_walking_module_msgs/include/op3_online_walking_module_msgs/op3_online_walking_module_msgs/msg/walking_param.hpp
[72.148s] -- Symlinking: /home/brone-ub/brone_main_ws/install/op3_online_walking_module_msgs/include/op3_online_walking_module_msgs/op3_online_walking_module_msgs/srv/detail/get_joint_pose__builder.hpp
[72.164s] -- Symlinking: /home/brone-ub/brone_main_ws/install/op3_online_walking_module_msgs/include/op3_online_walking_module_msgs/op3_online_walking_module_msgs/srv/detail/get_joint_pose__struct.hpp
[72.180s] -- Symlinking: /home/brone-ub/brone_main_ws/install/op3_online_walking_module_msgs/include/op3_online_walking_module_msgs/op3_online_walking_module_msgs/srv/detail/get_joint_pose__traits.hpp
[72.196s] -- Symlinking: /home/brone-ub/brone_main_ws/install/op3_online_walking_module_msgs/include/op3_online_walking_module_msgs/op3_online_walking_module_msgs/srv/detail/get_joint_pose__type_support.hpp
[72.207s] -- Symlinking: /home/brone-ub/brone_main_ws/install/op3_online_walking_module_msgs/include/op3_online_walking_module_msgs/op3_online_walking_module_msgs/srv/detail/get_kinematics_pose__builder.hpp
[72.220s] -- Symlinking: /home/brone-ub/brone_main_ws/install/op3_online_walking_module_msgs/include/op3_online_walking_module_msgs/op3_online_walking_module_msgs/srv/detail/get_kinematics_pose__struct.hpp
[72.233s] -- Symlinking: /home/brone-ub/brone_main_ws/install/op3_online_walking_module_msgs/include/op3_online_walking_module_msgs/op3_online_walking_module_msgs/srv/detail/get_kinematics_pose__traits.hpp
[72.245s] -- Symlinking: /home/brone-ub/brone_main_ws/install/op3_online_walking_module_msgs/include/op3_online_walking_module_msgs/op3_online_walking_module_msgs/srv/detail/get_kinematics_pose__type_support.hpp
[72.262s] -- Symlinking: /home/brone-ub/brone_main_ws/install/op3_online_walking_module_msgs/include/op3_online_walking_module_msgs/op3_online_walking_module_msgs/srv/detail/get_preview_matrix__builder.hpp
[72.279s] -- Symlinking: /home/brone-ub/brone_main_ws/install/op3_online_walking_module_msgs/include/op3_online_walking_module_msgs/op3_online_walking_module_msgs/srv/detail/get_preview_matrix__struct.hpp
[72.294s] -- Symlinking: /home/brone-ub/brone_main_ws/install/op3_online_walking_module_msgs/include/op3_online_walking_module_msgs/op3_online_walking_module_msgs/srv/detail/get_preview_matrix__traits.hpp
[72.311s] -- Symlinking: /home/brone-ub/brone_main_ws/install/op3_online_walking_module_msgs/include/op3_online_walking_module_msgs/op3_online_walking_module_msgs/srv/detail/get_preview_matrix__type_support.hpp
[72.327s] -- Symlinking: /home/brone-ub/brone_main_ws/install/op3_online_walking_module_msgs/include/op3_online_walking_module_msgs/op3_online_walking_module_msgs/srv/get_joint_pose.hpp
[72.343s] -- Symlinking: /home/brone-ub/brone_main_ws/install/op3_online_walking_module_msgs/include/op3_online_walking_module_msgs/op3_online_walking_module_msgs/srv/get_kinematics_pose.hpp
[72.360s] -- Symlinking: /home/brone-ub/brone_main_ws/install/op3_online_walking_module_msgs/include/op3_online_walking_module_msgs/op3_online_walking_module_msgs/srv/get_preview_matrix.hpp
[72.377s] -- Symlinking: /home/brone-ub/brone_main_ws/install/op3_online_walking_module_msgs/include/op3_online_walking_module_msgs/op3_online_walking_module_msgs/msg/detail/foot_step_array__rosidl_typesupport_fastrtps_cpp.hpp
[72.393s] -- Symlinking: /home/brone-ub/brone_main_ws/install/op3_online_walking_module_msgs/include/op3_online_walking_module_msgs/op3_online_walking_module_msgs/msg/detail/foot_step_command__rosidl_typesupport_fastrtps_cpp.hpp
[72.409s] -- Symlinking: /home/brone-ub/brone_main_ws/install/op3_online_walking_module_msgs/include/op3_online_walking_module_msgs/op3_online_walking_module_msgs/msg/detail/joint_pose__rosidl_typesupport_fastrtps_cpp.hpp
[72.425s] -- Symlinking: /home/brone-ub/brone_main_ws/install/op3_online_walking_module_msgs/include/op3_online_walking_module_msgs/op3_online_walking_module_msgs/msg/detail/kinematics_pose__rosidl_typesupport_fastrtps_cpp.hpp
[72.441s] -- Symlinking: /home/brone-ub/brone_main_ws/install/op3_online_walking_module_msgs/include/op3_online_walking_module_msgs/op3_online_walking_module_msgs/msg/detail/preview_request__rosidl_typesupport_fastrtps_cpp.hpp
[72.457s] -- Symlinking: /home/brone-ub/brone_main_ws/install/op3_online_walking_module_msgs/include/op3_online_walking_module_msgs/op3_online_walking_module_msgs/msg/detail/preview_response__rosidl_typesupport_fastrtps_cpp.hpp
[72.474s] -- Symlinking: /home/brone-ub/brone_main_ws/install/op3_online_walking_module_msgs/include/op3_online_walking_module_msgs/op3_online_walking_module_msgs/msg/detail/step2_d__rosidl_typesupport_fastrtps_cpp.hpp
[72.490s] -- Symlinking: /home/brone-ub/brone_main_ws/install/op3_online_walking_module_msgs/include/op3_online_walking_module_msgs/op3_online_walking_module_msgs/msg/detail/step2_d_array__rosidl_typesupport_fastrtps_cpp.hpp
[72.505s] -- Symlinking: /home/brone-ub/brone_main_ws/install/op3_online_walking_module_msgs/include/op3_online_walking_module_msgs/op3_online_walking_module_msgs/msg/detail/walking_param__rosidl_typesupport_fastrtps_cpp.hpp
[72.522s] -- Symlinking: /home/brone-ub/brone_main_ws/install/op3_online_walking_module_msgs/include/op3_online_walking_module_msgs/op3_online_walking_module_msgs/msg/rosidl_typesupport_fastrtps_cpp__visibility_control.h
[72.538s] -- Symlinking: /home/brone-ub/brone_main_ws/install/op3_online_walking_module_msgs/include/op3_online_walking_module_msgs/op3_online_walking_module_msgs/srv/detail/get_joint_pose__rosidl_typesupport_fastrtps_cpp.hpp
[72.554s] -- Symlinking: /home/brone-ub/brone_main_ws/install/op3_online_walking_module_msgs/include/op3_online_walking_module_msgs/op3_online_walking_module_msgs/srv/detail/get_kinematics_pose__rosidl_typesupport_fastrtps_cpp.hpp
[72.570s] -- Symlinking: /home/brone-ub/brone_main_ws/install/op3_online_walking_module_msgs/include/op3_online_walking_module_msgs/op3_online_walking_module_msgs/srv/detail/get_preview_matrix__rosidl_typesupport_fastrtps_cpp.hpp
[72.587s] -- Symlinking: /home/brone-ub/brone_main_ws/install/op3_online_walking_module_msgs/include/op3_online_walking_module_msgs/op3_online_walking_module_msgs/msg/detail/foot_step_array__rosidl_typesupport_introspection_c.h
[72.602s] -- Symlinking: /home/brone-ub/brone_main_ws/install/op3_online_walking_module_msgs/include/op3_online_walking_module_msgs/op3_online_walking_module_msgs/msg/detail/foot_step_command__rosidl_typesupport_introspection_c.h
[72.619s] -- Symlinking: /home/brone-ub/brone_main_ws/install/op3_online_walking_module_msgs/include/op3_online_walking_module_msgs/op3_online_walking_module_msgs/msg/detail/joint_pose__rosidl_typesupport_introspection_c.h
[72.635s] -- Symlinking: /home/brone-ub/brone_main_ws/install/op3_online_walking_module_msgs/include/op3_online_walking_module_msgs/op3_online_walking_module_msgs/msg/detail/kinematics_pose__rosidl_typesupport_introspection_c.h
[72.652s] -- Symlinking: /home/brone-ub/brone_main_ws/install/op3_online_walking_module_msgs/include/op3_online_walking_module_msgs/op3_online_walking_module_msgs/msg/detail/preview_request__rosidl_typesupport_introspection_c.h
[72.668s] -- Symlinking: /home/brone-ub/brone_main_ws/install/op3_online_walking_module_msgs/include/op3_online_walking_module_msgs/op3_online_walking_module_msgs/msg/detail/preview_response__rosidl_typesupport_introspection_c.h
[72.684s] -- Symlinking: /home/brone-ub/brone_main_ws/install/op3_online_walking_module_msgs/include/op3_online_walking_module_msgs/op3_online_walking_module_msgs/msg/detail/step2_d__rosidl_typesupport_introspection_c.h
[72.700s] -- Symlinking: /home/brone-ub/brone_main_ws/install/op3_online_walking_module_msgs/include/op3_online_walking_module_msgs/op3_online_walking_module_msgs/msg/detail/step2_d_array__rosidl_typesupport_introspection_c.h
[72.717s] -- Symlinking: /home/brone-ub/brone_main_ws/install/op3_online_walking_module_msgs/include/op3_online_walking_module_msgs/op3_online_walking_module_msgs/msg/detail/walking_param__rosidl_typesupport_introspection_c.h
[72.732s] -- Symlinking: /home/brone-ub/brone_main_ws/install/op3_online_walking_module_msgs/include/op3_online_walking_module_msgs/op3_online_walking_module_msgs/msg/rosidl_typesupport_introspection_c__visibility_control.h
[72.749s] -- Symlinking: /home/brone-ub/brone_main_ws/install/op3_online_walking_module_msgs/include/op3_online_walking_module_msgs/op3_online_walking_module_msgs/srv/detail/get_joint_pose__rosidl_typesupport_introspection_c.h
[72.765s] -- Symlinking: /home/brone-ub/brone_main_ws/install/op3_online_walking_module_msgs/include/op3_online_walking_module_msgs/op3_online_walking_module_msgs/srv/detail/get_kinematics_pose__rosidl_typesupport_introspection_c.h
[72.782s] -- Symlinking: /home/brone-ub/brone_main_ws/install/op3_online_walking_module_msgs/include/op3_online_walking_module_msgs/op3_online_walking_module_msgs/srv/detail/get_preview_matrix__rosidl_typesupport_introspection_c.h
[72.800s] -- Symlinking: /home/brone-ub/brone_main_ws/install/op3_online_walking_module_msgs/include/op3_online_walking_module_msgs/op3_online_walking_module_msgs/msg/detail/foot_step_array__rosidl_typesupport_introspection_cpp.hpp
[72.818s] -- Symlinking: /home/brone-ub/brone_main_ws/install/op3_online_walking_module_msgs/include/op3_online_walking_module_msgs/op3_online_walking_module_msgs/msg/detail/foot_step_command__rosidl_typesupport_introspection_cpp.hpp
[72.836s] -- Symlinking: /home/brone-ub/brone_main_ws/install/op3_online_walking_module_msgs/include/op3_online_walking_module_msgs/op3_online_walking_module_msgs/msg/detail/joint_pose__rosidl_typesupport_introspection_cpp.hpp
[72.852s] -- Symlinking: /home/brone-ub/brone_main_ws/install/op3_online_walking_module_msgs/include/op3_online_walking_module_msgs/op3_online_walking_module_msgs/msg/detail/kinematics_pose__rosidl_typesupport_introspection_cpp.hpp
[72.868s] -- Symlinking: /home/brone-ub/brone_main_ws/install/op3_online_walking_module_msgs/include/op3_online_walking_module_msgs/op3_online_walking_module_msgs/msg/detail/preview_request__rosidl_typesupport_introspection_cpp.hpp
[72.884s] -- Symlinking: /home/brone-ub/brone_main_ws/install/op3_online_walking_module_msgs/include/op3_online_walking_module_msgs/op3_online_walking_module_msgs/msg/detail/preview_response__rosidl_typesupport_introspection_cpp.hpp
[72.898s] -- Symlinking: /home/brone-ub/brone_main_ws/install/op3_online_walking_module_msgs/include/op3_online_walking_module_msgs/op3_online_walking_module_msgs/msg/detail/step2_d__rosidl_typesupport_introspection_cpp.hpp
[72.914s] -- Symlinking: /home/brone-ub/brone_main_ws/install/op3_online_walking_module_msgs/include/op3_online_walking_module_msgs/op3_online_walking_module_msgs/msg/detail/step2_d_array__rosidl_typesupport_introspection_cpp.hpp
[72.929s] -- Symlinking: /home/brone-ub/brone_main_ws/install/op3_online_walking_module_msgs/include/op3_online_walking_module_msgs/op3_online_walking_module_msgs/msg/detail/walking_param__rosidl_typesupport_introspection_cpp.hpp
[72.944s] -- Symlinking: /home/brone-ub/brone_main_ws/install/op3_online_walking_module_msgs/include/op3_online_walking_module_msgs/op3_online_walking_module_msgs/srv/detail/get_joint_pose__rosidl_typesupport_introspection_cpp.hpp
[72.960s] -- Symlinking: /home/brone-ub/brone_main_ws/install/op3_online_walking_module_msgs/include/op3_online_walking_module_msgs/op3_online_walking_module_msgs/srv/detail/get_kinematics_pose__rosidl_typesupport_introspection_cpp.hpp
[72.975s] -- Symlinking: /home/brone-ub/brone_main_ws/install/op3_online_walking_module_msgs/include/op3_online_walking_module_msgs/op3_online_walking_module_msgs/srv/detail/get_preview_matrix__rosidl_typesupport_introspection_cpp.hpp
[72.991s] -- Symlinking: /home/brone-ub/brone_main_ws/install/op3_online_walking_module_msgs/share/op3_online_walking_module_msgs/environment/pythonpath.sh
[73.007s] -- Symlinking: /home/brone-ub/brone_main_ws/install/op3_online_walking_module_msgs/share/op3_online_walking_module_msgs/environment/pythonpath.dsv
[73.025s] -- Symlinking: /home/brone-ub/brone_main_ws/install/op3_online_walking_module_msgs/lib/python3.12/site-packages/op3_online_walking_module_msgs-0.1.1-py3.12.egg-info/PKG-INFO
[73.040s] -- Symlinking: /home/brone-ub/brone_main_ws/install/op3_online_walking_module_msgs/lib/python3.12/site-packages/op3_online_walking_module_msgs-0.1.1-py3.12.egg-info/SOURCES.txt
[73.057s] -- Symlinking: /home/brone-ub/brone_main_ws/install/op3_online_walking_module_msgs/lib/python3.12/site-packages/op3_online_walking_module_msgs-0.1.1-py3.12.egg-info/dependency_links.txt
[73.073s] -- Symlinking: /home/brone-ub/brone_main_ws/install/op3_online_walking_module_msgs/lib/python3.12/site-packages/op3_online_walking_module_msgs-0.1.1-py3.12.egg-info/top_level.txt
[73.092s] -- Symlinking: /home/brone-ub/brone_main_ws/install/op3_online_walking_module_msgs/lib/python3.12/site-packages/op3_online_walking_module_msgs/__init__.py
[73.108s] -- Symlinking: /home/brone-ub/brone_main_ws/install/op3_online_walking_module_msgs/lib/python3.12/site-packages/op3_online_walking_module_msgs/_op3_online_walking_module_msgs_s.ep.rosidl_typesupport_c.c
[73.125s] -- Symlinking: /home/brone-ub/brone_main_ws/install/op3_online_walking_module_msgs/lib/python3.12/site-packages/op3_online_walking_module_msgs/_op3_online_walking_module_msgs_s.ep.rosidl_typesupport_fastrtps_c.c
[73.137s] -- Symlinking: /home/brone-ub/brone_main_ws/install/op3_online_walking_module_msgs/lib/python3.12/site-packages/op3_online_walking_module_msgs/_op3_online_walking_module_msgs_s.ep.rosidl_typesupport_introspection_c.c
[73.149s] -- Symlinking: /home/brone-ub/brone_main_ws/install/op3_online_walking_module_msgs/lib/python3.12/site-packages/op3_online_walking_module_msgs/msg/__init__.py
[73.159s] -- Symlinking: /home/brone-ub/brone_main_ws/install/op3_online_walking_module_msgs/lib/python3.12/site-packages/op3_online_walking_module_msgs/msg/_foot_step_array.py
[73.171s] -- Symlinking: /home/brone-ub/brone_main_ws/install/op3_online_walking_module_msgs/lib/python3.12/site-packages/op3_online_walking_module_msgs/msg/_foot_step_array_s.c
[73.181s] -- Symlinking: /home/brone-ub/brone_main_ws/install/op3_online_walking_module_msgs/lib/python3.12/site-packages/op3_online_walking_module_msgs/msg/_foot_step_command.py
[73.192s] -- Symlinking: /home/brone-ub/brone_main_ws/install/op3_online_walking_module_msgs/lib/python3.12/site-packages/op3_online_walking_module_msgs/msg/_foot_step_command_s.c
[73.203s] -- Symlinking: /home/brone-ub/brone_main_ws/install/op3_online_walking_module_msgs/lib/python3.12/site-packages/op3_online_walking_module_msgs/msg/_joint_pose.py
[73.215s] -- Symlinking: /home/brone-ub/brone_main_ws/install/op3_online_walking_module_msgs/lib/python3.12/site-packages/op3_online_walking_module_msgs/msg/_joint_pose_s.c
[73.226s] -- Symlinking: /home/brone-ub/brone_main_ws/install/op3_online_walking_module_msgs/lib/python3.12/site-packages/op3_online_walking_module_msgs/msg/_kinematics_pose.py
[73.237s] -- Symlinking: /home/brone-ub/brone_main_ws/install/op3_online_walking_module_msgs/lib/python3.12/site-packages/op3_online_walking_module_msgs/msg/_kinematics_pose_s.c
[73.247s] -- Symlinking: /home/brone-ub/brone_main_ws/install/op3_online_walking_module_msgs/lib/python3.12/site-packages/op3_online_walking_module_msgs/msg/_preview_request.py
[73.258s] -- Symlinking: /home/brone-ub/brone_main_ws/install/op3_online_walking_module_msgs/lib/python3.12/site-packages/op3_online_walking_module_msgs/msg/_preview_request_s.c
[73.269s] -- Symlinking: /home/brone-ub/brone_main_ws/install/op3_online_walking_module_msgs/lib/python3.12/site-packages/op3_online_walking_module_msgs/msg/_preview_response.py
[73.280s] -- Symlinking: /home/brone-ub/brone_main_ws/install/op3_online_walking_module_msgs/lib/python3.12/site-packages/op3_online_walking_module_msgs/msg/_preview_response_s.c
[73.291s] -- Symlinking: /home/brone-ub/brone_main_ws/install/op3_online_walking_module_msgs/lib/python3.12/site-packages/op3_online_walking_module_msgs/msg/_step2_d.py
[73.302s] -- Symlinking: /home/brone-ub/brone_main_ws/install/op3_online_walking_module_msgs/lib/python3.12/site-packages/op3_online_walking_module_msgs/msg/_step2_d_array.py
[73.314s] -- Symlinking: /home/brone-ub/brone_main_ws/install/op3_online_walking_module_msgs/lib/python3.12/site-packages/op3_online_walking_module_msgs/msg/_step2_d_array_s.c
[73.326s] -- Symlinking: /home/brone-ub/brone_main_ws/install/op3_online_walking_module_msgs/lib/python3.12/site-packages/op3_online_walking_module_msgs/msg/_step2_d_s.c
[73.337s] -- Symlinking: /home/brone-ub/brone_main_ws/install/op3_online_walking_module_msgs/lib/python3.12/site-packages/op3_online_walking_module_msgs/msg/_walking_param.py
[73.352s] -- Symlinking: /home/brone-ub/brone_main_ws/install/op3_online_walking_module_msgs/lib/python3.12/site-packages/op3_online_walking_module_msgs/msg/_walking_param_s.c
[73.368s] -- Symlinking: /home/brone-ub/brone_main_ws/install/op3_online_walking_module_msgs/lib/python3.12/site-packages/op3_online_walking_module_msgs/op3_online_walking_module_msgs_s__rosidl_typesupport_c.so
[73.384s] -- Symlinking: /home/brone-ub/brone_main_ws/install/op3_online_walking_module_msgs/lib/python3.12/site-packages/op3_online_walking_module_msgs/op3_online_walking_module_msgs_s__rosidl_typesupport_fastrtps_c.so
[73.396s] -- Symlinking: /home/brone-ub/brone_main_ws/install/op3_online_walking_module_msgs/lib/python3.12/site-packages/op3_online_walking_module_msgs/op3_online_walking_module_msgs_s__rosidl_typesupport_introspection_c.so
[73.407s] -- Symlinking: /home/brone-ub/brone_main_ws/install/op3_online_walking_module_msgs/lib/python3.12/site-packages/op3_online_walking_module_msgs/srv/__init__.py
[73.420s] -- Symlinking: /home/brone-ub/brone_main_ws/install/op3_online_walking_module_msgs/lib/python3.12/site-packages/op3_online_walking_module_msgs/srv/_get_joint_pose.py
[73.430s] -- Symlinking: /home/brone-ub/brone_main_ws/install/op3_online_walking_module_msgs/lib/python3.12/site-packages/op3_online_walking_module_msgs/srv/_get_joint_pose_s.c
[73.442s] -- Symlinking: /home/brone-ub/brone_main_ws/install/op3_online_walking_module_msgs/lib/python3.12/site-packages/op3_online_walking_module_msgs/srv/_get_kinematics_pose.py
[73.458s] -- Symlinking: /home/brone-ub/brone_main_ws/install/op3_online_walking_module_msgs/lib/python3.12/site-packages/op3_online_walking_module_msgs/srv/_get_kinematics_pose_s.c
[73.470s] -- Symlinking: /home/brone-ub/brone_main_ws/install/op3_online_walking_module_msgs/lib/python3.12/site-packages/op3_online_walking_module_msgs/srv/_get_preview_matrix.py
[73.481s] -- Symlinking: /home/brone-ub/brone_main_ws/install/op3_online_walking_module_msgs/lib/python3.12/site-packages/op3_online_walking_module_msgs/srv/_get_preview_matrix_s.c
[73.493s] -- Up-to-date symlink: /home/brone-ub/brone_main_ws/install/op3_online_walking_module_msgs/lib/python3.12/site-packages/op3_online_walking_module_msgs/op3_online_walking_module_msgs_s__rosidl_typesupport_fastrtps_c.so
[73.493s] -- Up-to-date symlink: /home/brone-ub/brone_main_ws/install/op3_online_walking_module_msgs/lib/python3.12/site-packages/op3_online_walking_module_msgs/op3_online_walking_module_msgs_s__rosidl_typesupport_introspection_c.so
[73.493s] -- Up-to-date symlink: /home/brone-ub/brone_main_ws/install/op3_online_walking_module_msgs/lib/python3.12/site-packages/op3_online_walking_module_msgs/op3_online_walking_module_msgs_s__rosidl_typesupport_c.so
[73.493s] -- Symlinking: /home/brone-ub/brone_main_ws/install/op3_online_walking_module_msgs/share/op3_online_walking_module_msgs/msg/JointPose.idl
[73.505s] -- Symlinking: /home/brone-ub/brone_main_ws/install/op3_online_walking_module_msgs/share/op3_online_walking_module_msgs/msg/KinematicsPose.idl
[73.518s] -- Symlinking: /home/brone-ub/brone_main_ws/install/op3_online_walking_module_msgs/share/op3_online_walking_module_msgs/msg/FootStepCommand.idl
[73.531s] -- Symlinking: /home/brone-ub/brone_main_ws/install/op3_online_walking_module_msgs/share/op3_online_walking_module_msgs/msg/FootStepArray.idl
[73.542s] -- Symlinking: /home/brone-ub/brone_main_ws/install/op3_online_walking_module_msgs/share/op3_online_walking_module_msgs/msg/PreviewRequest.idl
[73.554s] -- Symlinking: /home/brone-ub/brone_main_ws/install/op3_online_walking_module_msgs/share/op3_online_walking_module_msgs/msg/PreviewResponse.idl
[73.566s] -- Symlinking: /home/brone-ub/brone_main_ws/install/op3_online_walking_module_msgs/share/op3_online_walking_module_msgs/msg/WalkingParam.idl
[73.578s] -- Symlinking: /home/brone-ub/brone_main_ws/install/op3_online_walking_module_msgs/share/op3_online_walking_module_msgs/msg/Step2D.idl
[73.590s] -- Symlinking: /home/brone-ub/brone_main_ws/install/op3_online_walking_module_msgs/share/op3_online_walking_module_msgs/msg/Step2DArray.idl
[73.602s] -- Symlinking: /home/brone-ub/brone_main_ws/install/op3_online_walking_module_msgs/share/op3_online_walking_module_msgs/srv/GetJointPose.idl
[73.616s] -- Symlinking: /home/brone-ub/brone_main_ws/install/op3_online_walking_module_msgs/share/op3_online_walking_module_msgs/srv/GetKinematicsPose.idl
[73.627s] -- Symlinking: /home/brone-ub/brone_main_ws/install/op3_online_walking_module_msgs/share/op3_online_walking_module_msgs/srv/GetPreviewMatrix.idl
[73.638s] -- Symlinking: /home/brone-ub/brone_main_ws/install/op3_online_walking_module_msgs/share/op3_online_walking_module_msgs/msg/JointPose.msg
[73.649s] -- Symlinking: /home/brone-ub/brone_main_ws/install/op3_online_walking_module_msgs/share/op3_online_walking_module_msgs/msg/KinematicsPose.msg
[73.661s] -- Symlinking: /home/brone-ub/brone_main_ws/install/op3_online_walking_module_msgs/share/op3_online_walking_module_msgs/msg/FootStepCommand.msg
[73.672s] -- Symlinking: /home/brone-ub/brone_main_ws/install/op3_online_walking_module_msgs/share/op3_online_walking_module_msgs/msg/FootStepArray.msg
[73.683s] -- Symlinking: /home/brone-ub/brone_main_ws/install/op3_online_walking_module_msgs/share/op3_online_walking_module_msgs/msg/PreviewRequest.msg
[73.695s] -- Symlinking: /home/brone-ub/brone_main_ws/install/op3_online_walking_module_msgs/share/op3_online_walking_module_msgs/msg/PreviewResponse.msg
[73.706s] -- Symlinking: /home/brone-ub/brone_main_ws/install/op3_online_walking_module_msgs/share/op3_online_walking_module_msgs/msg/WalkingParam.msg
[73.718s] -- Symlinking: /home/brone-ub/brone_main_ws/install/op3_online_walking_module_msgs/share/op3_online_walking_module_msgs/msg/Step2D.msg
[73.730s] -- Symlinking: /home/brone-ub/brone_main_ws/install/op3_online_walking_module_msgs/share/op3_online_walking_module_msgs/msg/Step2DArray.msg
[73.741s] -- Symlinking: /home/brone-ub/brone_main_ws/install/op3_online_walking_module_msgs/share/op3_online_walking_module_msgs/srv/GetJointPose.srv
[73.753s] -- Symlinking: /home/brone-ub/brone_main_ws/install/op3_online_walking_module_msgs/share/op3_online_walking_module_msgs/srv/GetKinematicsPose.srv
[73.764s] -- Symlinking: /home/brone-ub/brone_main_ws/install/op3_online_walking_module_msgs/share/op3_online_walking_module_msgs/srv/GetPreviewMatrix.srv
[73.775s] -- Symlinking: /home/brone-ub/brone_main_ws/install/op3_online_walking_module_msgs/share/ament_index/resource_index/package_run_dependencies/op3_online_walking_module_msgs
[73.786s] -- Symlinking: /home/brone-ub/brone_main_ws/install/op3_online_walking_module_msgs/share/ament_index/resource_index/parent_prefix_path/op3_online_walking_module_msgs
[73.797s] -- Symlinking: /home/brone-ub/brone_main_ws/install/op3_online_walking_module_msgs/share/op3_online_walking_module_msgs/environment/ament_prefix_path.sh
[73.808s] -- Symlinking: /home/brone-ub/brone_main_ws/install/op3_online_walking_module_msgs/share/op3_online_walking_module_msgs/environment/ament_prefix_path.dsv
[73.820s] -- Symlinking: /home/brone-ub/brone_main_ws/install/op3_online_walking_module_msgs/share/op3_online_walking_module_msgs/environment/path.sh
[73.831s] -- Symlinking: /home/brone-ub/brone_main_ws/install/op3_online_walking_module_msgs/share/op3_online_walking_module_msgs/environment/path.dsv
[73.841s] -- Symlinking: /home/brone-ub/brone_main_ws/install/op3_online_walking_module_msgs/share/op3_online_walking_module_msgs/local_setup.bash
[73.851s] -- Symlinking: /home/brone-ub/brone_main_ws/install/op3_online_walking_module_msgs/share/op3_online_walking_module_msgs/local_setup.sh
[73.862s] -- Symlinking: /home/brone-ub/brone_main_ws/install/op3_online_walking_module_msgs/share/op3_online_walking_module_msgs/local_setup.zsh
[73.872s] -- Symlinking: /home/brone-ub/brone_main_ws/install/op3_online_walking_module_msgs/share/op3_online_walking_module_msgs/local_setup.dsv
[73.882s] -- Symlinking: /home/brone-ub/brone_main_ws/install/op3_online_walking_module_msgs/share/op3_online_walking_module_msgs/package.dsv
[73.892s] -- Symlinking: /home/brone-ub/brone_main_ws/install/op3_online_walking_module_msgs/share/ament_index/resource_index/packages/op3_online_walking_module_msgs
[73.903s] -- Symlinking: /home/brone-ub/brone_main_ws/install/op3_online_walking_module_msgs/share/op3_online_walking_module_msgs/cmake/rosidl_cmake-extras.cmake
[73.913s] -- Symlinking: /home/brone-ub/brone_main_ws/install/op3_online_walking_module_msgs/share/op3_online_walking_module_msgs/cmake/ament_cmake_export_dependencies-extras.cmake
[73.925s] -- Symlinking: /home/brone-ub/brone_main_ws/install/op3_online_walking_module_msgs/share/op3_online_walking_module_msgs/cmake/ament_cmake_export_include_directories-extras.cmake
[73.935s] -- Symlinking: /home/brone-ub/brone_main_ws/install/op3_online_walking_module_msgs/share/op3_online_walking_module_msgs/cmake/ament_cmake_export_libraries-extras.cmake
[73.946s] -- Symlinking: /home/brone-ub/brone_main_ws/install/op3_online_walking_module_msgs/share/op3_online_walking_module_msgs/cmake/ament_cmake_export_targets-extras.cmake
[73.957s] -- Symlinking: /home/brone-ub/brone_main_ws/install/op3_online_walking_module_msgs/share/op3_online_walking_module_msgs/cmake/rosidl_cmake_export_typesupport_targets-extras.cmake
[73.968s] -- Symlinking: /home/brone-ub/brone_main_ws/install/op3_online_walking_module_msgs/share/op3_online_walking_module_msgs/cmake/rosidl_cmake_export_typesupport_libraries-extras.cmake
[73.979s] -- Symlinking: /home/brone-ub/brone_main_ws/install/op3_online_walking_module_msgs/share/op3_online_walking_module_msgs/cmake/op3_online_walking_module_msgsConfig.cmake
[73.990s] -- Symlinking: /home/brone-ub/brone_main_ws/install/op3_online_walking_module_msgs/share/op3_online_walking_module_msgs/cmake/op3_online_walking_module_msgsConfig-version.cmake
[74.001s] -- Symlinking: /home/brone-ub/brone_main_ws/install/op3_online_walking_module_msgs/share/op3_online_walking_module_msgs/package.xml
[74.012s] -- Installing: /home/brone-ub/brone_main_ws/install/op3_online_walking_module_msgs/lib/libop3_online_walking_module_msgs__rosidl_generator_c.so
[74.012s] -- Set non-toolchain portion of runtime path of "/home/brone-ub/brone_main_ws/install/op3_online_walking_module_msgs/lib/libop3_online_walking_module_msgs__rosidl_generator_c.so" to ""
[74.012s] -- Installing: /home/brone-ub/brone_main_ws/install/op3_online_walking_module_msgs/lib/libop3_online_walking_module_msgs__rosidl_typesupport_fastrtps_c.so
[74.012s] -- Set non-toolchain portion of runtime path of "/home/brone-ub/brone_main_ws/install/op3_online_walking_module_msgs/lib/libop3_online_walking_module_msgs__rosidl_typesupport_fastrtps_c.so" to ""
[74.013s] -- Installing: /home/brone-ub/brone_main_ws/install/op3_online_walking_module_msgs/lib/libop3_online_walking_module_msgs__rosidl_typesupport_fastrtps_cpp.so
[74.013s] -- Set non-toolchain portion of runtime path of "/home/brone-ub/brone_main_ws/install/op3_online_walking_module_msgs/lib/libop3_online_walking_module_msgs__rosidl_typesupport_fastrtps_cpp.so" to ""
[74.013s] -- Installing: /home/brone-ub/brone_main_ws/install/op3_online_walking_module_msgs/lib/libop3_online_walking_module_msgs__rosidl_typesupport_introspection_c.so
[74.013s] -- Set non-toolchain portion of runtime path of "/home/brone-ub/brone_main_ws/install/op3_online_walking_module_msgs/lib/libop3_online_walking_module_msgs__rosidl_typesupport_introspection_c.so" to ""
[74.013s] -- Installing: /home/brone-ub/brone_main_ws/install/op3_online_walking_module_msgs/lib/libop3_online_walking_module_msgs__rosidl_typesupport_c.so
[74.015s] -- Set non-toolchain portion of runtime path of "/home/brone-ub/brone_main_ws/install/op3_online_walking_module_msgs/lib/libop3_online_walking_module_msgs__rosidl_typesupport_c.so" to ""
[74.015s] -- Installing: /home/brone-ub/brone_main_ws/install/op3_online_walking_module_msgs/lib/libop3_online_walking_module_msgs__rosidl_typesupport_introspection_cpp.so
[74.015s] -- Set non-toolchain portion of runtime path of "/home/brone-ub/brone_main_ws/install/op3_online_walking_module_msgs/lib/libop3_online_walking_module_msgs__rosidl_typesupport_introspection_cpp.so" to ""
[74.015s] -- Installing: /home/brone-ub/brone_main_ws/install/op3_online_walking_module_msgs/lib/libop3_online_walking_module_msgs__rosidl_typesupport_cpp.so
[74.015s] -- Set non-toolchain portion of runtime path of "/home/brone-ub/brone_main_ws/install/op3_online_walking_module_msgs/lib/libop3_online_walking_module_msgs__rosidl_typesupport_cpp.so" to ""
[74.086s] Listing '/home/brone-ub/brone_main_ws/install/op3_online_walking_module_msgs/lib/python3.12/site-packages/op3_online_walking_module_msgs'...
[74.086s] Compiling '/home/brone-ub/brone_main_ws/install/op3_online_walking_module_msgs/lib/python3.12/site-packages/op3_online_walking_module_msgs/__init__.py'...
[74.086s] Listing '/home/brone-ub/brone_main_ws/install/op3_online_walking_module_msgs/lib/python3.12/site-packages/op3_online_walking_module_msgs/msg'...
[74.086s] Compiling '/home/brone-ub/brone_main_ws/install/op3_online_walking_module_msgs/lib/python3.12/site-packages/op3_online_walking_module_msgs/msg/__init__.py'...
[74.086s] Compiling '/home/brone-ub/brone_main_ws/install/op3_online_walking_module_msgs/lib/python3.12/site-packages/op3_online_walking_module_msgs/msg/_foot_step_array.py'...
[74.086s] Compiling '/home/brone-ub/brone_main_ws/install/op3_online_walking_module_msgs/lib/python3.12/site-packages/op3_online_walking_module_msgs/msg/_foot_step_command.py'...
[74.086s] Compiling '/home/brone-ub/brone_main_ws/install/op3_online_walking_module_msgs/lib/python3.12/site-packages/op3_online_walking_module_msgs/msg/_joint_pose.py'...
[74.087s] Compiling '/home/brone-ub/brone_main_ws/install/op3_online_walking_module_msgs/lib/python3.12/site-packages/op3_online_walking_module_msgs/msg/_kinematics_pose.py'...
[74.087s] Compiling '/home/brone-ub/brone_main_ws/install/op3_online_walking_module_msgs/lib/python3.12/site-packages/op3_online_walking_module_msgs/msg/_preview_request.py'...
[74.087s] Compiling '/home/brone-ub/brone_main_ws/install/op3_online_walking_module_msgs/lib/python3.12/site-packages/op3_online_walking_module_msgs/msg/_preview_response.py'...
[74.087s] Compiling '/home/brone-ub/brone_main_ws/install/op3_online_walking_module_msgs/lib/python3.12/site-packages/op3_online_walking_module_msgs/msg/_step2_d.py'...
[74.087s] Compiling '/home/brone-ub/brone_main_ws/install/op3_online_walking_module_msgs/lib/python3.12/site-packages/op3_online_walking_module_msgs/msg/_step2_d_array.py'...
[74.087s] Compiling '/home/brone-ub/brone_main_ws/install/op3_online_walking_module_msgs/lib/python3.12/site-packages/op3_online_walking_module_msgs/msg/_walking_param.py'...
[74.087s] Listing '/home/brone-ub/brone_main_ws/install/op3_online_walking_module_msgs/lib/python3.12/site-packages/op3_online_walking_module_msgs/srv'...
[74.087s] Compiling '/home/brone-ub/brone_main_ws/install/op3_online_walking_module_msgs/lib/python3.12/site-packages/op3_online_walking_module_msgs/srv/__init__.py'...
[74.087s] Compiling '/home/brone-ub/brone_main_ws/install/op3_online_walking_module_msgs/lib/python3.12/site-packages/op3_online_walking_module_msgs/srv/_get_joint_pose.py'...
[74.087s] Compiling '/home/brone-ub/brone_main_ws/install/op3_online_walking_module_msgs/lib/python3.12/site-packages/op3_online_walking_module_msgs/srv/_get_kinematics_pose.py'...
[74.088s] Compiling '/home/brone-ub/brone_main_ws/install/op3_online_walking_module_msgs/lib/python3.12/site-packages/op3_online_walking_module_msgs/srv/_get_preview_matrix.py'...
[74.094s] -- Installing: /home/brone-ub/brone_main_ws/install/op3_online_walking_module_msgs/lib/libop3_online_walking_module_msgs__rosidl_generator_py.so
[74.094s] -- Set non-toolchain portion of runtime path of "/home/brone-ub/brone_main_ws/install/op3_online_walking_module_msgs/lib/libop3_online_walking_module_msgs__rosidl_generator_py.so" to ""
[74.095s] -- Installing: /home/brone-ub/brone_main_ws/install/op3_online_walking_module_msgs/share/op3_online_walking_module_msgs/cmake/export_op3_online_walking_module_msgs__rosidl_generator_cExport.cmake
[74.095s] -- Installing: /home/brone-ub/brone_main_ws/install/op3_online_walking_module_msgs/share/op3_online_walking_module_msgs/cmake/export_op3_online_walking_module_msgs__rosidl_generator_cExport-release.cmake
[74.095s] -- Installing: /home/brone-ub/brone_main_ws/install/op3_online_walking_module_msgs/share/op3_online_walking_module_msgs/cmake/export_op3_online_walking_module_msgs__rosidl_typesupport_fastrtps_cExport.cmake
[74.095s] -- Installing: /home/brone-ub/brone_main_ws/install/op3_online_walking_module_msgs/share/op3_online_walking_module_msgs/cmake/export_op3_online_walking_module_msgs__rosidl_typesupport_fastrtps_cExport-release.cmake
[74.095s] -- Installing: /home/brone-ub/brone_main_ws/install/op3_online_walking_module_msgs/share/op3_online_walking_module_msgs/cmake/export_op3_online_walking_module_msgs__rosidl_generator_cppExport.cmake
[74.095s] -- Installing: /home/brone-ub/brone_main_ws/install/op3_online_walking_module_msgs/share/op3_online_walking_module_msgs/cmake/export_op3_online_walking_module_msgs__rosidl_typesupport_fastrtps_cppExport.cmake
[74.095s] -- Installing: /home/brone-ub/brone_main_ws/install/op3_online_walking_module_msgs/share/op3_online_walking_module_msgs/cmake/export_op3_online_walking_module_msgs__rosidl_typesupport_fastrtps_cppExport-release.cmake
[74.095s] -- Installing: /home/brone-ub/brone_main_ws/install/op3_online_walking_module_msgs/share/op3_online_walking_module_msgs/cmake/op3_online_walking_module_msgs__rosidl_typesupport_introspection_cExport.cmake
[74.096s] -- Installing: /home/brone-ub/brone_main_ws/install/op3_online_walking_module_msgs/share/op3_online_walking_module_msgs/cmake/op3_online_walking_module_msgs__rosidl_typesupport_introspection_cExport-release.cmake
[74.096s] -- Installing: /home/brone-ub/brone_main_ws/install/op3_online_walking_module_msgs/share/op3_online_walking_module_msgs/cmake/op3_online_walking_module_msgs__rosidl_typesupport_cExport.cmake
[74.096s] -- Installing: /home/brone-ub/brone_main_ws/install/op3_online_walking_module_msgs/share/op3_online_walking_module_msgs/cmake/op3_online_walking_module_msgs__rosidl_typesupport_cExport-release.cmake
[74.096s] -- Installing: /home/brone-ub/brone_main_ws/install/op3_online_walking_module_msgs/share/op3_online_walking_module_msgs/cmake/op3_online_walking_module_msgs__rosidl_typesupport_introspection_cppExport.cmake
[74.096s] -- Installing: /home/brone-ub/brone_main_ws/install/op3_online_walking_module_msgs/share/op3_online_walking_module_msgs/cmake/op3_online_walking_module_msgs__rosidl_typesupport_introspection_cppExport-release.cmake
[74.096s] -- Installing: /home/brone-ub/brone_main_ws/install/op3_online_walking_module_msgs/share/op3_online_walking_module_msgs/cmake/op3_online_walking_module_msgs__rosidl_typesupport_cppExport.cmake
[74.096s] -- Installing: /home/brone-ub/brone_main_ws/install/op3_online_walking_module_msgs/share/op3_online_walking_module_msgs/cmake/op3_online_walking_module_msgs__rosidl_typesupport_cppExport-release.cmake
[74.096s] -- Installing: /home/brone-ub/brone_main_ws/install/op3_online_walking_module_msgs/share/op3_online_walking_module_msgs/cmake/export_op3_online_walking_module_msgs__rosidl_generator_pyExport.cmake
[74.096s] -- Installing: /home/brone-ub/brone_main_ws/install/op3_online_walking_module_msgs/share/op3_online_walking_module_msgs/cmake/export_op3_online_walking_module_msgs__rosidl_generator_pyExport-release.cmake
[74.105s] Invoked command in '/home/brone-ub/brone_main_ws/build/op3_online_walking_module_msgs' returned '0': CMAKE_PREFIX_PATH=${CMAKE_PREFIX_PATH}:/home/brone-ub/robotis_ws/install/algo_gaze:/home/brone-ub/robotis_ws/install/brone_gaze:/opt/ros/jazzy DEBUGINFOD_URLS=https://debuginfod.ubuntu.com PS1=(.venv) \[\e]0;\u@\h: \w\a\]${debian_chroot:+($debian_chroot)}\[\033[01;32m\]\u@\h\[\033[00m\]:\[\033[01;34m\]\w\[\033[00m\]\$ VIRTUAL_ENV_PROMPT=(.venv) /usr/bin/cmake --install /home/brone-ub/brone_main_ws/build/op3_online_walking_module_msgs
