-- The C compiler identification is GNU 13.3.0
-- The CXX compiler identification is GNU 13.3.0
-- Detecting C compiler ABI info
-- Detecting C compiler ABI info - done
-- Check for working C compiler: /usr/bin/cc - skipped
-- Detecting C compile features
-- Detecting C compile features - done
-- Detecting CXX compiler ABI info
-- Detecting CXX compiler ABI info - done
-- Check for working CXX compiler: /usr/bin/c++ - skipped
-- Detecting CXX compile features
-- Detecting CXX compile features - done
-- Found ament_cmake: 2.5.4 (/opt/ros/jazzy/share/ament_cmake/cmake)
-- Found Python3: /home/brone-ub/robotis_ws/.venv/bin/python3 (found version "3.12.3") found components: Interpreter 
-- Override CMake install command with custom implementation using symlinks instead of copying resources
-- Found std_msgs: 5.3.6 (/opt/ros/jazzy/share/std_msgs/cmake)
-- Found rosidl_generator_c: 4.6.6 (/opt/ros/jazzy/share/rosidl_generator_c/cmake)
-- Found rosidl_generator_cpp: 4.6.6 (/opt/ros/jazzy/share/rosidl_generator_cpp/cmake)
-- Using all available rosidl_typesupport_c: rosidl_typesupport_fastrtps_c;rosidl_typesupport_introspection_c
-- Using all available rosidl_typesupport_cpp: rosidl_typesupport_fastrtps_cpp;rosidl_typesupport_introspection_cpp
-- Found sensor_msgs: 5.3.6 (/opt/ros/jazzy/share/sensor_msgs/cmake)
-- Found rosidl_default_generators: 1.6.0 (/opt/ros/jazzy/share/rosidl_default_generators/cmake)
-- Found rosidl_adapter: 4.6.6 (/opt/ros/jazzy/share/rosidl_adapter/cmake)
-- Found ament_cmake_ros: 0.12.0 (/opt/ros/jazzy/share/ament_cmake_ros/cmake)
-- Using all available rosidl_typesupport_c: rosidl_typesupport_fastrtps_c;rosidl_typesupport_introspection_c
-- Using all available rosidl_typesupport_cpp: rosidl_typesupport_fastrtps_cpp;rosidl_typesupport_introspection_cpp
-- Found python_cmake_module: 0.11.1 (/opt/ros/jazzy/share/python_cmake_module/cmake)
-- Found PythonExtra: /home/brone-ub/robotis_ws/.venv/bin/python3  
-- Found Python3: /home/brone-ub/robotis_ws/.venv/bin/python3 (found version "3.12.3") found components: Interpreter Development NumPy Development.Module Development.Embed 
-- Configuring done (7.4s)
-- Generating done (0.1s)
-- Build files have been written to: /home/brone-ub/brone_main_ws/build/op3_ball_detector_msgs
[  1%] [34m[1mGenerating type hashes for ROS interfaces[0m
[  1%] Built target ament_cmake_python_symlink_op3_ball_detector_msgs
running egg_info
creating op3_ball_detector_msgs.egg-info
writing op3_ball_detector_msgs.egg-info/PKG-INFO
writing dependency_links to op3_ball_detector_msgs.egg-info/dependency_links.txt
writing top-level names to op3_ball_detector_msgs.egg-info/top_level.txt
writing manifest file 'op3_ball_detector_msgs.egg-info/SOURCES.txt'
reading manifest file 'op3_ball_detector_msgs.egg-info/SOURCES.txt'
writing manifest file 'op3_ball_detector_msgs.egg-info/SOURCES.txt'
[  1%] Built target ament_cmake_python_build_op3_ball_detector_msgs_egg
[  1%] Built target op3_ball_detector_msgs__rosidl_generator_type_description
[  3%] [34m[1mGenerating C code for ROS interfaces[0m
[  4%] [34m[1mGenerating C++ code for ROS interfaces[0m
[  4%] Built target op3_ball_detector_msgs__cpp
[  6%] [32mBuilding C object CMakeFiles/op3_ball_detector_msgs__rosidl_generator_c.dir/rosidl_generator_c/op3_ball_detector_msgs/msg/detail/ball_detector_params__description.c.o[0m
[  7%] [32mBuilding C object CMakeFiles/op3_ball_detector_msgs__rosidl_generator_c.dir/rosidl_generator_c/op3_ball_detector_msgs/srv/detail/get_parameters__functions.c.o[0m
[  9%] [32mBuilding C object CMakeFiles/op3_ball_detector_msgs__rosidl_generator_c.dir/rosidl_generator_c/op3_ball_detector_msgs/msg/detail/ball_detector_params__functions.c.o[0m
[ 10%] [32mBuilding C object CMakeFiles/op3_ball_detector_msgs__rosidl_generator_c.dir/rosidl_generator_c/op3_ball_detector_msgs/msg/detail/circle_set_stamped__description.c.o[0m
[ 14%] [32mBuilding C object CMakeFiles/op3_ball_detector_msgs__rosidl_generator_c.dir/rosidl_generator_c/op3_ball_detector_msgs/msg/detail/ball_detector_params__type_support.c.o[0m
[ 14%] [32mBuilding C object CMakeFiles/op3_ball_detector_msgs__rosidl_generator_c.dir/rosidl_generator_c/op3_ball_detector_msgs/msg/detail/circle_set_stamped__functions.c.o[0m
[ 15%] [32mBuilding C object CMakeFiles/op3_ball_detector_msgs__rosidl_generator_c.dir/rosidl_generator_c/op3_ball_detector_msgs/msg/detail/circle_set_stamped__type_support.c.o[0m
[ 17%] [32mBuilding C object CMakeFiles/op3_ball_detector_msgs__rosidl_generator_c.dir/rosidl_generator_c/op3_ball_detector_msgs/srv/detail/get_parameters__type_support.c.o[0m
[ 20%] [32mBuilding C object CMakeFiles/op3_ball_detector_msgs__rosidl_generator_c.dir/rosidl_generator_c/op3_ball_detector_msgs/srv/detail/set_parameters__description.c.o[0m
[ 21%] [32mBuilding C object CMakeFiles/op3_ball_detector_msgs__rosidl_generator_c.dir/rosidl_generator_c/op3_ball_detector_msgs/srv/detail/get_parameters__description.c.o[0m
[ 21%] [32mBuilding C object CMakeFiles/op3_ball_detector_msgs__rosidl_generator_c.dir/rosidl_generator_c/op3_ball_detector_msgs/srv/detail/set_parameters__type_support.c.o[0m
[ 23%] [32mBuilding C object CMakeFiles/op3_ball_detector_msgs__rosidl_generator_c.dir/rosidl_generator_c/op3_ball_detector_msgs/srv/detail/set_parameters__functions.c.o[0m
[ 25%] [32m[1mLinking C shared library libop3_ball_detector_msgs__rosidl_generator_c.so[0m
[ 25%] Built target op3_ball_detector_msgs__rosidl_generator_c
[ 26%] [34m[1mGenerating C++ type support for eProsima Fast-RTPS[0m
[ 28%] [34m[1mGenerating C++ type support dispatch for ROS interfaces[0m
[ 29%] [34m[1mGenerating C type support dispatch for ROS interfaces[0m
[ 31%] [34m[1mGenerating C type support for eProsima Fast-RTPS[0m
[ 32%] [34m[1mGenerating C introspection for ROS interfaces[0m
[ 34%] [34m[1mGenerating C++ introspection for ROS interfaces[0m
[ 35%] [32mBuilding CXX object CMakeFiles/op3_ball_detector_msgs__rosidl_typesupport_c.dir/rosidl_typesupport_c/op3_ball_detector_msgs/srv/get_parameters__type_support.cpp.o[0m
[ 37%] [32mBuilding CXX object CMakeFiles/op3_ball_detector_msgs__rosidl_typesupport_c.dir/rosidl_typesupport_c/op3_ball_detector_msgs/msg/ball_detector_params__type_support.cpp.o[0m
[ 39%] [32mBuilding CXX object CMakeFiles/op3_ball_detector_msgs__rosidl_typesupport_c.dir/rosidl_typesupport_c/op3_ball_detector_msgs/msg/circle_set_stamped__type_support.cpp.o[0m
[ 40%] [32mBuilding CXX object CMakeFiles/op3_ball_detector_msgs__rosidl_typesupport_c.dir/rosidl_typesupport_c/op3_ball_detector_msgs/srv/set_parameters__type_support.cpp.o[0m
[ 42%] [32m[1mLinking CXX shared library libop3_ball_detector_msgs__rosidl_typesupport_c.so[0m
[ 42%] Built target op3_ball_detector_msgs__rosidl_typesupport_c
[ 43%] [32mBuilding C object CMakeFiles/op3_ball_detector_msgs__rosidl_typesupport_introspection_c.dir/rosidl_typesupport_introspection_c/op3_ball_detector_msgs/srv/detail/get_parameters__type_support.c.o[0m
[ 45%] [32mBuilding C object CMakeFiles/op3_ball_detector_msgs__rosidl_typesupport_introspection_c.dir/rosidl_typesupport_introspection_c/op3_ball_detector_msgs/msg/detail/ball_detector_params__type_support.c.o[0m
[ 46%] [32mBuilding C object CMakeFiles/op3_ball_detector_msgs__rosidl_typesupport_introspection_c.dir/rosidl_typesupport_introspection_c/op3_ball_detector_msgs/srv/detail/set_parameters__type_support.c.o[0m
[ 48%] [32mBuilding C object CMakeFiles/op3_ball_detector_msgs__rosidl_typesupport_introspection_c.dir/rosidl_typesupport_introspection_c/op3_ball_detector_msgs/msg/detail/circle_set_stamped__type_support.c.o[0m
[ 50%] [32m[1mLinking C shared library libop3_ball_detector_msgs__rosidl_typesupport_introspection_c.so[0m
[ 50%] Built target op3_ball_detector_msgs__rosidl_typesupport_introspection_c
[ 51%] [32mBuilding CXX object CMakeFiles/op3_ball_detector_msgs__rosidl_typesupport_cpp.dir/rosidl_typesupport_cpp/op3_ball_detector_msgs/srv/get_parameters__type_support.cpp.o[0m
[ 53%] [32mBuilding CXX object CMakeFiles/op3_ball_detector_msgs__rosidl_typesupport_cpp.dir/rosidl_typesupport_cpp/op3_ball_detector_msgs/msg/ball_detector_params__type_support.cpp.o[0m
[ 54%] [32mBuilding CXX object CMakeFiles/op3_ball_detector_msgs__rosidl_typesupport_cpp.dir/rosidl_typesupport_cpp/op3_ball_detector_msgs/srv/set_parameters__type_support.cpp.o[0m
[ 56%] [32mBuilding CXX object CMakeFiles/op3_ball_detector_msgs__rosidl_typesupport_cpp.dir/rosidl_typesupport_cpp/op3_ball_detector_msgs/msg/circle_set_stamped__type_support.cpp.o[0m
[ 57%] [32mBuilding CXX object CMakeFiles/op3_ball_detector_msgs__rosidl_typesupport_fastrtps_c.dir/rosidl_typesupport_fastrtps_c/op3_ball_detector_msgs/srv/detail/set_parameters__type_support_c.cpp.o[0m
[ 60%] [32mBuilding CXX object CMakeFiles/op3_ball_detector_msgs__rosidl_typesupport_fastrtps_c.dir/rosidl_typesupport_fastrtps_c/op3_ball_detector_msgs/msg/detail/circle_set_stamped__type_support_c.cpp.o[0m
[ 60%] [32mBuilding CXX object CMakeFiles/op3_ball_detector_msgs__rosidl_typesupport_fastrtps_c.dir/rosidl_typesupport_fastrtps_c/op3_ball_detector_msgs/msg/detail/ball_detector_params__type_support_c.cpp.o[0m
[ 62%] [32mBuilding CXX object CMakeFiles/op3_ball_detector_msgs__rosidl_typesupport_fastrtps_c.dir/rosidl_typesupport_fastrtps_c/op3_ball_detector_msgs/srv/detail/get_parameters__type_support_c.cpp.o[0m
[ 64%] [32mBuilding CXX object CMakeFiles/op3_ball_detector_msgs__rosidl_typesupport_introspection_cpp.dir/rosidl_typesupport_introspection_cpp/op3_ball_detector_msgs/msg/detail/ball_detector_params__type_support.cpp.o[0m
[ 65%] [32mBuilding CXX object CMakeFiles/op3_ball_detector_msgs__rosidl_typesupport_fastrtps_cpp.dir/rosidl_typesupport_fastrtps_cpp/op3_ball_detector_msgs/msg/detail/dds_fastrtps/ball_detector_params__type_support.cpp.o[0m
[ 67%] [32m[1mLinking CXX shared library libop3_ball_detector_msgs__rosidl_typesupport_cpp.so[0m
[ 68%] [32mBuilding CXX object CMakeFiles/op3_ball_detector_msgs__rosidl_typesupport_introspection_cpp.dir/rosidl_typesupport_introspection_cpp/op3_ball_detector_msgs/srv/detail/set_parameters__type_support.cpp.o[0m
[ 68%] Built target op3_ball_detector_msgs__rosidl_typesupport_cpp
[ 70%] [32mBuilding CXX object CMakeFiles/op3_ball_detector_msgs__rosidl_typesupport_fastrtps_cpp.dir/rosidl_typesupport_fastrtps_cpp/op3_ball_detector_msgs/srv/detail/dds_fastrtps/set_parameters__type_support.cpp.o[0m
[ 71%] [32m[1mLinking CXX shared library libop3_ball_detector_msgs__rosidl_typesupport_fastrtps_c.so[0m
[ 71%] Built target op3_ball_detector_msgs__rosidl_typesupport_fastrtps_c
[ 73%] [32mBuilding CXX object CMakeFiles/op3_ball_detector_msgs__rosidl_typesupport_introspection_cpp.dir/rosidl_typesupport_introspection_cpp/op3_ball_detector_msgs/srv/detail/get_parameters__type_support.cpp.o[0m
[ 75%] [32mBuilding CXX object CMakeFiles/op3_ball_detector_msgs__rosidl_typesupport_fastrtps_cpp.dir/rosidl_typesupport_fastrtps_cpp/op3_ball_detector_msgs/srv/detail/dds_fastrtps/get_parameters__type_support.cpp.o[0m
[ 76%] [32mBuilding CXX object CMakeFiles/op3_ball_detector_msgs__rosidl_typesupport_introspection_cpp.dir/rosidl_typesupport_introspection_cpp/op3_ball_detector_msgs/msg/detail/circle_set_stamped__type_support.cpp.o[0m
[ 78%] [32m[1mLinking CXX shared library libop3_ball_detector_msgs__rosidl_typesupport_introspection_cpp.so[0m
[ 78%] Built target op3_ball_detector_msgs__rosidl_typesupport_introspection_cpp
[ 79%] [32mBuilding CXX object CMakeFiles/op3_ball_detector_msgs__rosidl_typesupport_fastrtps_cpp.dir/rosidl_typesupport_fastrtps_cpp/op3_ball_detector_msgs/msg/detail/dds_fastrtps/circle_set_stamped__type_support.cpp.o[0m
[ 81%] [32m[1mLinking CXX shared library libop3_ball_detector_msgs__rosidl_typesupport_fastrtps_cpp.so[0m
[ 81%] Built target op3_ball_detector_msgs__rosidl_typesupport_fastrtps_cpp
[ 81%] Built target op3_ball_detector_msgs
[ 82%] [34m[1mGenerating Python code for ROS interfaces[0m
[ 82%] Built target op3_ball_detector_msgs__py
[ 84%] [32mBuilding C object CMakeFiles/op3_ball_detector_msgs__rosidl_generator_py.dir/rosidl_generator_py/op3_ball_detector_msgs/msg/_ball_detector_params_s.c.o[0m
[ 85%] [32mBuilding C object CMakeFiles/op3_ball_detector_msgs__rosidl_generator_py.dir/rosidl_generator_py/op3_ball_detector_msgs/srv/_set_parameters_s.c.o[0m
[ 87%] [32mBuilding C object CMakeFiles/op3_ball_detector_msgs__rosidl_generator_py.dir/rosidl_generator_py/op3_ball_detector_msgs/srv/_get_parameters_s.c.o[0m
[ 89%] [32mBuilding C object CMakeFiles/op3_ball_detector_msgs__rosidl_generator_py.dir/rosidl_generator_py/op3_ball_detector_msgs/msg/_circle_set_stamped_s.c.o[0m
[ 90%] [32m[1mLinking C shared library libop3_ball_detector_msgs__rosidl_generator_py.so[0m
[ 90%] Built target op3_ball_detector_msgs__rosidl_generator_py
[ 92%] [32mBuilding C object CMakeFiles/op3_ball_detector_msgs_s__rosidl_typesupport_fastrtps_c.dir/rosidl_generator_py/op3_ball_detector_msgs/_op3_ball_detector_msgs_s.ep.rosidl_typesupport_fastrtps_c.c.o[0m
[ 93%] [32m[1mLinking C shared module rosidl_generator_py/op3_ball_detector_msgs/op3_ball_detector_msgs_s__rosidl_typesupport_fastrtps_c.so[0m
[ 93%] Built target op3_ball_detector_msgs_s__rosidl_typesupport_fastrtps_c
[ 95%] [32mBuilding C object CMakeFiles/op3_ball_detector_msgs_s__rosidl_typesupport_c.dir/rosidl_generator_py/op3_ball_detector_msgs/_op3_ball_detector_msgs_s.ep.rosidl_typesupport_c.c.o[0m
[ 96%] [32m[1mLinking C shared module rosidl_generator_py/op3_ball_detector_msgs/op3_ball_detector_msgs_s__rosidl_typesupport_c.so[0m
[ 96%] Built target op3_ball_detector_msgs_s__rosidl_typesupport_c
[ 98%] [32mBuilding C object CMakeFiles/op3_ball_detector_msgs_s__rosidl_typesupport_introspection_c.dir/rosidl_generator_py/op3_ball_detector_msgs/_op3_ball_detector_msgs_s.ep.rosidl_typesupport_introspection_c.c.o[0m
[100%] [32m[1mLinking C shared module rosidl_generator_py/op3_ball_detector_msgs/op3_ball_detector_msgs_s__rosidl_typesupport_introspection_c.so[0m
[100%] Built target op3_ball_detector_msgs_s__rosidl_typesupport_introspection_c
-- Install configuration: "Release"
-- Execute custom install script
-- Symlinking: /home/brone-ub/brone_main_ws/install/op3_ball_detector_msgs/share/ament_index/resource_index/rosidl_interfaces/op3_ball_detector_msgs
-- Symlinking: /home/brone-ub/brone_main_ws/install/op3_ball_detector_msgs/share/op3_ball_detector_msgs/msg/BallDetectorParams.json
-- Symlinking: /home/brone-ub/brone_main_ws/install/op3_ball_detector_msgs/share/op3_ball_detector_msgs/msg/CircleSetStamped.json
-- Symlinking: /home/brone-ub/brone_main_ws/install/op3_ball_detector_msgs/share/op3_ball_detector_msgs/srv/GetParameters.json
-- Symlinking: /home/brone-ub/brone_main_ws/install/op3_ball_detector_msgs/share/op3_ball_detector_msgs/srv/SetParameters.json
-- Symlinking: /home/brone-ub/brone_main_ws/install/op3_ball_detector_msgs/include/op3_ball_detector_msgs/op3_ball_detector_msgs/msg/ball_detector_params.h
-- Symlinking: /home/brone-ub/brone_main_ws/install/op3_ball_detector_msgs/include/op3_ball_detector_msgs/op3_ball_detector_msgs/msg/circle_set_stamped.h
-- Symlinking: /home/brone-ub/brone_main_ws/install/op3_ball_detector_msgs/include/op3_ball_detector_msgs/op3_ball_detector_msgs/msg/detail/ball_detector_params__functions.h
-- Symlinking: /home/brone-ub/brone_main_ws/install/op3_ball_detector_msgs/include/op3_ball_detector_msgs/op3_ball_detector_msgs/msg/detail/ball_detector_params__struct.h
-- Symlinking: /home/brone-ub/brone_main_ws/install/op3_ball_detector_msgs/include/op3_ball_detector_msgs/op3_ball_detector_msgs/msg/detail/ball_detector_params__type_support.h
-- Symlinking: /home/brone-ub/brone_main_ws/install/op3_ball_detector_msgs/include/op3_ball_detector_msgs/op3_ball_detector_msgs/msg/detail/circle_set_stamped__functions.h
-- Symlinking: /home/brone-ub/brone_main_ws/install/op3_ball_detector_msgs/include/op3_ball_detector_msgs/op3_ball_detector_msgs/msg/detail/circle_set_stamped__struct.h
-- Symlinking: /home/brone-ub/brone_main_ws/install/op3_ball_detector_msgs/include/op3_ball_detector_msgs/op3_ball_detector_msgs/msg/detail/circle_set_stamped__type_support.h
-- Symlinking: /home/brone-ub/brone_main_ws/install/op3_ball_detector_msgs/include/op3_ball_detector_msgs/op3_ball_detector_msgs/msg/rosidl_generator_c__visibility_control.h
-- Symlinking: /home/brone-ub/brone_main_ws/install/op3_ball_detector_msgs/include/op3_ball_detector_msgs/op3_ball_detector_msgs/srv/detail/get_parameters__functions.h
-- Symlinking: /home/brone-ub/brone_main_ws/install/op3_ball_detector_msgs/include/op3_ball_detector_msgs/op3_ball_detector_msgs/srv/detail/get_parameters__struct.h
-- Symlinking: /home/brone-ub/brone_main_ws/install/op3_ball_detector_msgs/include/op3_ball_detector_msgs/op3_ball_detector_msgs/srv/detail/get_parameters__type_support.h
-- Symlinking: /home/brone-ub/brone_main_ws/install/op3_ball_detector_msgs/include/op3_ball_detector_msgs/op3_ball_detector_msgs/srv/detail/set_parameters__functions.h
-- Symlinking: /home/brone-ub/brone_main_ws/install/op3_ball_detector_msgs/include/op3_ball_detector_msgs/op3_ball_detector_msgs/srv/detail/set_parameters__struct.h
-- Symlinking: /home/brone-ub/brone_main_ws/install/op3_ball_detector_msgs/include/op3_ball_detector_msgs/op3_ball_detector_msgs/srv/detail/set_parameters__type_support.h
-- Symlinking: /home/brone-ub/brone_main_ws/install/op3_ball_detector_msgs/include/op3_ball_detector_msgs/op3_ball_detector_msgs/srv/get_parameters.h
-- Symlinking: /home/brone-ub/brone_main_ws/install/op3_ball_detector_msgs/include/op3_ball_detector_msgs/op3_ball_detector_msgs/srv/set_parameters.h
-- Symlinking: /home/brone-ub/brone_main_ws/install/op3_ball_detector_msgs/share/op3_ball_detector_msgs/environment/library_path.sh
-- Symlinking: /home/brone-ub/brone_main_ws/install/op3_ball_detector_msgs/share/op3_ball_detector_msgs/environment/library_path.dsv
-- Symlinking: /home/brone-ub/brone_main_ws/install/op3_ball_detector_msgs/include/op3_ball_detector_msgs/op3_ball_detector_msgs/msg/detail/ball_detector_params__rosidl_typesupport_fastrtps_c.h
-- Symlinking: /home/brone-ub/brone_main_ws/install/op3_ball_detector_msgs/include/op3_ball_detector_msgs/op3_ball_detector_msgs/msg/detail/circle_set_stamped__rosidl_typesupport_fastrtps_c.h
-- Symlinking: /home/brone-ub/brone_main_ws/install/op3_ball_detector_msgs/include/op3_ball_detector_msgs/op3_ball_detector_msgs/msg/rosidl_typesupport_fastrtps_c__visibility_control.h
-- Symlinking: /home/brone-ub/brone_main_ws/install/op3_ball_detector_msgs/include/op3_ball_detector_msgs/op3_ball_detector_msgs/srv/detail/get_parameters__rosidl_typesupport_fastrtps_c.h
-- Symlinking: /home/brone-ub/brone_main_ws/install/op3_ball_detector_msgs/include/op3_ball_detector_msgs/op3_ball_detector_msgs/srv/detail/set_parameters__rosidl_typesupport_fastrtps_c.h
-- Symlinking: /home/brone-ub/brone_main_ws/install/op3_ball_detector_msgs/include/op3_ball_detector_msgs/op3_ball_detector_msgs/msg/ball_detector_params.hpp
-- Symlinking: /home/brone-ub/brone_main_ws/install/op3_ball_detector_msgs/include/op3_ball_detector_msgs/op3_ball_detector_msgs/msg/circle_set_stamped.hpp
-- Symlinking: /home/brone-ub/brone_main_ws/install/op3_ball_detector_msgs/include/op3_ball_detector_msgs/op3_ball_detector_msgs/msg/detail/ball_detector_params__builder.hpp
-- Symlinking: /home/brone-ub/brone_main_ws/install/op3_ball_detector_msgs/include/op3_ball_detector_msgs/op3_ball_detector_msgs/msg/detail/ball_detector_params__struct.hpp
-- Symlinking: /home/brone-ub/brone_main_ws/install/op3_ball_detector_msgs/include/op3_ball_detector_msgs/op3_ball_detector_msgs/msg/detail/ball_detector_params__traits.hpp
-- Symlinking: /home/brone-ub/brone_main_ws/install/op3_ball_detector_msgs/include/op3_ball_detector_msgs/op3_ball_detector_msgs/msg/detail/ball_detector_params__type_support.hpp
-- Symlinking: /home/brone-ub/brone_main_ws/install/op3_ball_detector_msgs/include/op3_ball_detector_msgs/op3_ball_detector_msgs/msg/detail/circle_set_stamped__builder.hpp
-- Symlinking: /home/brone-ub/brone_main_ws/install/op3_ball_detector_msgs/include/op3_ball_detector_msgs/op3_ball_detector_msgs/msg/detail/circle_set_stamped__struct.hpp
-- Symlinking: /home/brone-ub/brone_main_ws/install/op3_ball_detector_msgs/include/op3_ball_detector_msgs/op3_ball_detector_msgs/msg/detail/circle_set_stamped__traits.hpp
-- Symlinking: /home/brone-ub/brone_main_ws/install/op3_ball_detector_msgs/include/op3_ball_detector_msgs/op3_ball_detector_msgs/msg/detail/circle_set_stamped__type_support.hpp
-- Symlinking: /home/brone-ub/brone_main_ws/install/op3_ball_detector_msgs/include/op3_ball_detector_msgs/op3_ball_detector_msgs/msg/rosidl_generator_cpp__visibility_control.hpp
-- Symlinking: /home/brone-ub/brone_main_ws/install/op3_ball_detector_msgs/include/op3_ball_detector_msgs/op3_ball_detector_msgs/srv/detail/get_parameters__builder.hpp
-- Symlinking: /home/brone-ub/brone_main_ws/install/op3_ball_detector_msgs/include/op3_ball_detector_msgs/op3_ball_detector_msgs/srv/detail/get_parameters__struct.hpp
-- Symlinking: /home/brone-ub/brone_main_ws/install/op3_ball_detector_msgs/include/op3_ball_detector_msgs/op3_ball_detector_msgs/srv/detail/get_parameters__traits.hpp
-- Symlinking: /home/brone-ub/brone_main_ws/install/op3_ball_detector_msgs/include/op3_ball_detector_msgs/op3_ball_detector_msgs/srv/detail/get_parameters__type_support.hpp
-- Symlinking: /home/brone-ub/brone_main_ws/install/op3_ball_detector_msgs/include/op3_ball_detector_msgs/op3_ball_detector_msgs/srv/detail/set_parameters__builder.hpp
-- Symlinking: /home/brone-ub/brone_main_ws/install/op3_ball_detector_msgs/include/op3_ball_detector_msgs/op3_ball_detector_msgs/srv/detail/set_parameters__struct.hpp
-- Symlinking: /home/brone-ub/brone_main_ws/install/op3_ball_detector_msgs/include/op3_ball_detector_msgs/op3_ball_detector_msgs/srv/detail/set_parameters__traits.hpp
-- Symlinking: /home/brone-ub/brone_main_ws/install/op3_ball_detector_msgs/include/op3_ball_detector_msgs/op3_ball_detector_msgs/srv/detail/set_parameters__type_support.hpp
-- Symlinking: /home/brone-ub/brone_main_ws/install/op3_ball_detector_msgs/include/op3_ball_detector_msgs/op3_ball_detector_msgs/srv/get_parameters.hpp
-- Symlinking: /home/brone-ub/brone_main_ws/install/op3_ball_detector_msgs/include/op3_ball_detector_msgs/op3_ball_detector_msgs/srv/set_parameters.hpp
-- Symlinking: /home/brone-ub/brone_main_ws/install/op3_ball_detector_msgs/include/op3_ball_detector_msgs/op3_ball_detector_msgs/msg/detail/ball_detector_params__rosidl_typesupport_fastrtps_cpp.hpp
-- Symlinking: /home/brone-ub/brone_main_ws/install/op3_ball_detector_msgs/include/op3_ball_detector_msgs/op3_ball_detector_msgs/msg/detail/circle_set_stamped__rosidl_typesupport_fastrtps_cpp.hpp
-- Symlinking: /home/brone-ub/brone_main_ws/install/op3_ball_detector_msgs/include/op3_ball_detector_msgs/op3_ball_detector_msgs/msg/rosidl_typesupport_fastrtps_cpp__visibility_control.h
-- Symlinking: /home/brone-ub/brone_main_ws/install/op3_ball_detector_msgs/include/op3_ball_detector_msgs/op3_ball_detector_msgs/srv/detail/get_parameters__rosidl_typesupport_fastrtps_cpp.hpp
-- Symlinking: /home/brone-ub/brone_main_ws/install/op3_ball_detector_msgs/include/op3_ball_detector_msgs/op3_ball_detector_msgs/srv/detail/set_parameters__rosidl_typesupport_fastrtps_cpp.hpp
-- Symlinking: /home/brone-ub/brone_main_ws/install/op3_ball_detector_msgs/include/op3_ball_detector_msgs/op3_ball_detector_msgs/msg/detail/ball_detector_params__rosidl_typesupport_introspection_c.h
-- Symlinking: /home/brone-ub/brone_main_ws/install/op3_ball_detector_msgs/include/op3_ball_detector_msgs/op3_ball_detector_msgs/msg/detail/circle_set_stamped__rosidl_typesupport_introspection_c.h
-- Symlinking: /home/brone-ub/brone_main_ws/install/op3_ball_detector_msgs/include/op3_ball_detector_msgs/op3_ball_detector_msgs/msg/rosidl_typesupport_introspection_c__visibility_control.h
-- Symlinking: /home/brone-ub/brone_main_ws/install/op3_ball_detector_msgs/include/op3_ball_detector_msgs/op3_ball_detector_msgs/srv/detail/get_parameters__rosidl_typesupport_introspection_c.h
-- Symlinking: /home/brone-ub/brone_main_ws/install/op3_ball_detector_msgs/include/op3_ball_detector_msgs/op3_ball_detector_msgs/srv/detail/set_parameters__rosidl_typesupport_introspection_c.h
-- Symlinking: /home/brone-ub/brone_main_ws/install/op3_ball_detector_msgs/include/op3_ball_detector_msgs/op3_ball_detector_msgs/msg/detail/ball_detector_params__rosidl_typesupport_introspection_cpp.hpp
-- Symlinking: /home/brone-ub/brone_main_ws/install/op3_ball_detector_msgs/include/op3_ball_detector_msgs/op3_ball_detector_msgs/msg/detail/circle_set_stamped__rosidl_typesupport_introspection_cpp.hpp
-- Symlinking: /home/brone-ub/brone_main_ws/install/op3_ball_detector_msgs/include/op3_ball_detector_msgs/op3_ball_detector_msgs/srv/detail/get_parameters__rosidl_typesupport_introspection_cpp.hpp
-- Symlinking: /home/brone-ub/brone_main_ws/install/op3_ball_detector_msgs/include/op3_ball_detector_msgs/op3_ball_detector_msgs/srv/detail/set_parameters__rosidl_typesupport_introspection_cpp.hpp
-- Symlinking: /home/brone-ub/brone_main_ws/install/op3_ball_detector_msgs/share/op3_ball_detector_msgs/environment/pythonpath.sh
-- Symlinking: /home/brone-ub/brone_main_ws/install/op3_ball_detector_msgs/share/op3_ball_detector_msgs/environment/pythonpath.dsv
-- Symlinking: /home/brone-ub/brone_main_ws/install/op3_ball_detector_msgs/lib/python3.12/site-packages/op3_ball_detector_msgs-0.1.0-py3.12.egg-info/PKG-INFO
-- Symlinking: /home/brone-ub/brone_main_ws/install/op3_ball_detector_msgs/lib/python3.12/site-packages/op3_ball_detector_msgs-0.1.0-py3.12.egg-info/SOURCES.txt
-- Symlinking: /home/brone-ub/brone_main_ws/install/op3_ball_detector_msgs/lib/python3.12/site-packages/op3_ball_detector_msgs-0.1.0-py3.12.egg-info/dependency_links.txt
-- Symlinking: /home/brone-ub/brone_main_ws/install/op3_ball_detector_msgs/lib/python3.12/site-packages/op3_ball_detector_msgs-0.1.0-py3.12.egg-info/top_level.txt
-- Symlinking: /home/brone-ub/brone_main_ws/install/op3_ball_detector_msgs/lib/python3.12/site-packages/op3_ball_detector_msgs/__init__.py
-- Symlinking: /home/brone-ub/brone_main_ws/install/op3_ball_detector_msgs/lib/python3.12/site-packages/op3_ball_detector_msgs/_op3_ball_detector_msgs_s.ep.rosidl_typesupport_c.c
-- Symlinking: /home/brone-ub/brone_main_ws/install/op3_ball_detector_msgs/lib/python3.12/site-packages/op3_ball_detector_msgs/_op3_ball_detector_msgs_s.ep.rosidl_typesupport_fastrtps_c.c
-- Symlinking: /home/brone-ub/brone_main_ws/install/op3_ball_detector_msgs/lib/python3.12/site-packages/op3_ball_detector_msgs/_op3_ball_detector_msgs_s.ep.rosidl_typesupport_introspection_c.c
-- Symlinking: /home/brone-ub/brone_main_ws/install/op3_ball_detector_msgs/lib/python3.12/site-packages/op3_ball_detector_msgs/msg/__init__.py
-- Symlinking: /home/brone-ub/brone_main_ws/install/op3_ball_detector_msgs/lib/python3.12/site-packages/op3_ball_detector_msgs/msg/_ball_detector_params.py
-- Symlinking: /home/brone-ub/brone_main_ws/install/op3_ball_detector_msgs/lib/python3.12/site-packages/op3_ball_detector_msgs/msg/_ball_detector_params_s.c
-- Symlinking: /home/brone-ub/brone_main_ws/install/op3_ball_detector_msgs/lib/python3.12/site-packages/op3_ball_detector_msgs/msg/_circle_set_stamped.py
-- Symlinking: /home/brone-ub/brone_main_ws/install/op3_ball_detector_msgs/lib/python3.12/site-packages/op3_ball_detector_msgs/msg/_circle_set_stamped_s.c
-- Symlinking: /home/brone-ub/brone_main_ws/install/op3_ball_detector_msgs/lib/python3.12/site-packages/op3_ball_detector_msgs/op3_ball_detector_msgs_s__rosidl_typesupport_c.so
-- Symlinking: /home/brone-ub/brone_main_ws/install/op3_ball_detector_msgs/lib/python3.12/site-packages/op3_ball_detector_msgs/op3_ball_detector_msgs_s__rosidl_typesupport_fastrtps_c.so
-- Symlinking: /home/brone-ub/brone_main_ws/install/op3_ball_detector_msgs/lib/python3.12/site-packages/op3_ball_detector_msgs/op3_ball_detector_msgs_s__rosidl_typesupport_introspection_c.so
-- Symlinking: /home/brone-ub/brone_main_ws/install/op3_ball_detector_msgs/lib/python3.12/site-packages/op3_ball_detector_msgs/srv/__init__.py
-- Symlinking: /home/brone-ub/brone_main_ws/install/op3_ball_detector_msgs/lib/python3.12/site-packages/op3_ball_detector_msgs/srv/_get_parameters.py
-- Symlinking: /home/brone-ub/brone_main_ws/install/op3_ball_detector_msgs/lib/python3.12/site-packages/op3_ball_detector_msgs/srv/_get_parameters_s.c
-- Symlinking: /home/brone-ub/brone_main_ws/install/op3_ball_detector_msgs/lib/python3.12/site-packages/op3_ball_detector_msgs/srv/_set_parameters.py
-- Symlinking: /home/brone-ub/brone_main_ws/install/op3_ball_detector_msgs/lib/python3.12/site-packages/op3_ball_detector_msgs/srv/_set_parameters_s.c
-- Up-to-date symlink: /home/brone-ub/brone_main_ws/install/op3_ball_detector_msgs/lib/python3.12/site-packages/op3_ball_detector_msgs/op3_ball_detector_msgs_s__rosidl_typesupport_fastrtps_c.so
-- Up-to-date symlink: /home/brone-ub/brone_main_ws/install/op3_ball_detector_msgs/lib/python3.12/site-packages/op3_ball_detector_msgs/op3_ball_detector_msgs_s__rosidl_typesupport_introspection_c.so
-- Up-to-date symlink: /home/brone-ub/brone_main_ws/install/op3_ball_detector_msgs/lib/python3.12/site-packages/op3_ball_detector_msgs/op3_ball_detector_msgs_s__rosidl_typesupport_c.so
-- Symlinking: /home/brone-ub/brone_main_ws/install/op3_ball_detector_msgs/share/op3_ball_detector_msgs/msg/BallDetectorParams.idl
-- Symlinking: /home/brone-ub/brone_main_ws/install/op3_ball_detector_msgs/share/op3_ball_detector_msgs/msg/CircleSetStamped.idl
-- Symlinking: /home/brone-ub/brone_main_ws/install/op3_ball_detector_msgs/share/op3_ball_detector_msgs/srv/GetParameters.idl
-- Symlinking: /home/brone-ub/brone_main_ws/install/op3_ball_detector_msgs/share/op3_ball_detector_msgs/srv/SetParameters.idl
-- Symlinking: /home/brone-ub/brone_main_ws/install/op3_ball_detector_msgs/share/op3_ball_detector_msgs/msg/BallDetectorParams.msg
-- Symlinking: /home/brone-ub/brone_main_ws/install/op3_ball_detector_msgs/share/op3_ball_detector_msgs/msg/CircleSetStamped.msg
-- Symlinking: /home/brone-ub/brone_main_ws/install/op3_ball_detector_msgs/share/op3_ball_detector_msgs/srv/GetParameters.srv
-- Symlinking: /home/brone-ub/brone_main_ws/install/op3_ball_detector_msgs/share/op3_ball_detector_msgs/srv/SetParameters.srv
-- Symlinking: /home/brone-ub/brone_main_ws/install/op3_ball_detector_msgs/share/ament_index/resource_index/package_run_dependencies/op3_ball_detector_msgs
-- Symlinking: /home/brone-ub/brone_main_ws/install/op3_ball_detector_msgs/share/ament_index/resource_index/parent_prefix_path/op3_ball_detector_msgs
-- Symlinking: /home/brone-ub/brone_main_ws/install/op3_ball_detector_msgs/share/op3_ball_detector_msgs/environment/ament_prefix_path.sh
-- Symlinking: /home/brone-ub/brone_main_ws/install/op3_ball_detector_msgs/share/op3_ball_detector_msgs/environment/ament_prefix_path.dsv
-- Symlinking: /home/brone-ub/brone_main_ws/install/op3_ball_detector_msgs/share/op3_ball_detector_msgs/environment/path.sh
-- Symlinking: /home/brone-ub/brone_main_ws/install/op3_ball_detector_msgs/share/op3_ball_detector_msgs/environment/path.dsv
-- Symlinking: /home/brone-ub/brone_main_ws/install/op3_ball_detector_msgs/share/op3_ball_detector_msgs/local_setup.bash
-- Symlinking: /home/brone-ub/brone_main_ws/install/op3_ball_detector_msgs/share/op3_ball_detector_msgs/local_setup.sh
-- Symlinking: /home/brone-ub/brone_main_ws/install/op3_ball_detector_msgs/share/op3_ball_detector_msgs/local_setup.zsh
-- Symlinking: /home/brone-ub/brone_main_ws/install/op3_ball_detector_msgs/share/op3_ball_detector_msgs/local_setup.dsv
-- Symlinking: /home/brone-ub/brone_main_ws/install/op3_ball_detector_msgs/share/op3_ball_detector_msgs/package.dsv
-- Symlinking: /home/brone-ub/brone_main_ws/install/op3_ball_detector_msgs/share/ament_index/resource_index/packages/op3_ball_detector_msgs
-- Symlinking: /home/brone-ub/brone_main_ws/install/op3_ball_detector_msgs/share/op3_ball_detector_msgs/cmake/rosidl_cmake-extras.cmake
-- Symlinking: /home/brone-ub/brone_main_ws/install/op3_ball_detector_msgs/share/op3_ball_detector_msgs/cmake/ament_cmake_export_dependencies-extras.cmake
-- Symlinking: /home/brone-ub/brone_main_ws/install/op3_ball_detector_msgs/share/op3_ball_detector_msgs/cmake/ament_cmake_export_include_directories-extras.cmake
-- Symlinking: /home/brone-ub/brone_main_ws/install/op3_ball_detector_msgs/share/op3_ball_detector_msgs/cmake/ament_cmake_export_libraries-extras.cmake
-- Symlinking: /home/brone-ub/brone_main_ws/install/op3_ball_detector_msgs/share/op3_ball_detector_msgs/cmake/ament_cmake_export_targets-extras.cmake
-- Symlinking: /home/brone-ub/brone_main_ws/install/op3_ball_detector_msgs/share/op3_ball_detector_msgs/cmake/rosidl_cmake_export_typesupport_targets-extras.cmake
-- Symlinking: /home/brone-ub/brone_main_ws/install/op3_ball_detector_msgs/share/op3_ball_detector_msgs/cmake/rosidl_cmake_export_typesupport_libraries-extras.cmake
-- Symlinking: /home/brone-ub/brone_main_ws/install/op3_ball_detector_msgs/share/op3_ball_detector_msgs/cmake/op3_ball_detector_msgsConfig.cmake
-- Symlinking: /home/brone-ub/brone_main_ws/install/op3_ball_detector_msgs/share/op3_ball_detector_msgs/cmake/op3_ball_detector_msgsConfig-version.cmake
-- Symlinking: /home/brone-ub/brone_main_ws/install/op3_ball_detector_msgs/share/op3_ball_detector_msgs/package.xml
-- Installing: /home/brone-ub/brone_main_ws/install/op3_ball_detector_msgs/lib/libop3_ball_detector_msgs__rosidl_generator_c.so
-- Set non-toolchain portion of runtime path of "/home/brone-ub/brone_main_ws/install/op3_ball_detector_msgs/lib/libop3_ball_detector_msgs__rosidl_generator_c.so" to ""
-- Installing: /home/brone-ub/brone_main_ws/install/op3_ball_detector_msgs/lib/libop3_ball_detector_msgs__rosidl_typesupport_fastrtps_c.so
-- Set non-toolchain portion of runtime path of "/home/brone-ub/brone_main_ws/install/op3_ball_detector_msgs/lib/libop3_ball_detector_msgs__rosidl_typesupport_fastrtps_c.so" to ""
-- Installing: /home/brone-ub/brone_main_ws/install/op3_ball_detector_msgs/lib/libop3_ball_detector_msgs__rosidl_typesupport_fastrtps_cpp.so
-- Set non-toolchain portion of runtime path of "/home/brone-ub/brone_main_ws/install/op3_ball_detector_msgs/lib/libop3_ball_detector_msgs__rosidl_typesupport_fastrtps_cpp.so" to ""
-- Installing: /home/brone-ub/brone_main_ws/install/op3_ball_detector_msgs/lib/libop3_ball_detector_msgs__rosidl_typesupport_introspection_c.so
-- Set non-toolchain portion of runtime path of "/home/brone-ub/brone_main_ws/install/op3_ball_detector_msgs/lib/libop3_ball_detector_msgs__rosidl_typesupport_introspection_c.so" to ""
-- Installing: /home/brone-ub/brone_main_ws/install/op3_ball_detector_msgs/lib/libop3_ball_detector_msgs__rosidl_typesupport_c.so
-- Set non-toolchain portion of runtime path of "/home/brone-ub/brone_main_ws/install/op3_ball_detector_msgs/lib/libop3_ball_detector_msgs__rosidl_typesupport_c.so" to ""
-- Installing: /home/brone-ub/brone_main_ws/install/op3_ball_detector_msgs/lib/libop3_ball_detector_msgs__rosidl_typesupport_introspection_cpp.so
-- Set non-toolchain portion of runtime path of "/home/brone-ub/brone_main_ws/install/op3_ball_detector_msgs/lib/libop3_ball_detector_msgs__rosidl_typesupport_introspection_cpp.so" to ""
-- Installing: /home/brone-ub/brone_main_ws/install/op3_ball_detector_msgs/lib/libop3_ball_detector_msgs__rosidl_typesupport_cpp.so
-- Set non-toolchain portion of runtime path of "/home/brone-ub/brone_main_ws/install/op3_ball_detector_msgs/lib/libop3_ball_detector_msgs__rosidl_typesupport_cpp.so" to ""
Listing '/home/brone-ub/brone_main_ws/install/op3_ball_detector_msgs/lib/python3.12/site-packages/op3_ball_detector_msgs'...
Compiling '/home/brone-ub/brone_main_ws/install/op3_ball_detector_msgs/lib/python3.12/site-packages/op3_ball_detector_msgs/__init__.py'...
Listing '/home/brone-ub/brone_main_ws/install/op3_ball_detector_msgs/lib/python3.12/site-packages/op3_ball_detector_msgs/msg'...
Compiling '/home/brone-ub/brone_main_ws/install/op3_ball_detector_msgs/lib/python3.12/site-packages/op3_ball_detector_msgs/msg/__init__.py'...
Compiling '/home/brone-ub/brone_main_ws/install/op3_ball_detector_msgs/lib/python3.12/site-packages/op3_ball_detector_msgs/msg/_ball_detector_params.py'...
Compiling '/home/brone-ub/brone_main_ws/install/op3_ball_detector_msgs/lib/python3.12/site-packages/op3_ball_detector_msgs/msg/_circle_set_stamped.py'...
Listing '/home/brone-ub/brone_main_ws/install/op3_ball_detector_msgs/lib/python3.12/site-packages/op3_ball_detector_msgs/srv'...
Compiling '/home/brone-ub/brone_main_ws/install/op3_ball_detector_msgs/lib/python3.12/site-packages/op3_ball_detector_msgs/srv/__init__.py'...
Compiling '/home/brone-ub/brone_main_ws/install/op3_ball_detector_msgs/lib/python3.12/site-packages/op3_ball_detector_msgs/srv/_get_parameters.py'...
Compiling '/home/brone-ub/brone_main_ws/install/op3_ball_detector_msgs/lib/python3.12/site-packages/op3_ball_detector_msgs/srv/_set_parameters.py'...
-- Installing: /home/brone-ub/brone_main_ws/install/op3_ball_detector_msgs/lib/libop3_ball_detector_msgs__rosidl_generator_py.so
-- Set non-toolchain portion of runtime path of "/home/brone-ub/brone_main_ws/install/op3_ball_detector_msgs/lib/libop3_ball_detector_msgs__rosidl_generator_py.so" to ""
-- Installing: /home/brone-ub/brone_main_ws/install/op3_ball_detector_msgs/share/op3_ball_detector_msgs/cmake/export_op3_ball_detector_msgs__rosidl_generator_cExport.cmake
-- Installing: /home/brone-ub/brone_main_ws/install/op3_ball_detector_msgs/share/op3_ball_detector_msgs/cmake/export_op3_ball_detector_msgs__rosidl_generator_cExport-release.cmake
-- Installing: /home/brone-ub/brone_main_ws/install/op3_ball_detector_msgs/share/op3_ball_detector_msgs/cmake/export_op3_ball_detector_msgs__rosidl_typesupport_fastrtps_cExport.cmake
-- Installing: /home/brone-ub/brone_main_ws/install/op3_ball_detector_msgs/share/op3_ball_detector_msgs/cmake/export_op3_ball_detector_msgs__rosidl_typesupport_fastrtps_cExport-release.cmake
-- Installing: /home/brone-ub/brone_main_ws/install/op3_ball_detector_msgs/share/op3_ball_detector_msgs/cmake/export_op3_ball_detector_msgs__rosidl_generator_cppExport.cmake
-- Installing: /home/brone-ub/brone_main_ws/install/op3_ball_detector_msgs/share/op3_ball_detector_msgs/cmake/export_op3_ball_detector_msgs__rosidl_typesupport_fastrtps_cppExport.cmake
-- Installing: /home/brone-ub/brone_main_ws/install/op3_ball_detector_msgs/share/op3_ball_detector_msgs/cmake/export_op3_ball_detector_msgs__rosidl_typesupport_fastrtps_cppExport-release.cmake
-- Installing: /home/brone-ub/brone_main_ws/install/op3_ball_detector_msgs/share/op3_ball_detector_msgs/cmake/op3_ball_detector_msgs__rosidl_typesupport_introspection_cExport.cmake
-- Installing: /home/brone-ub/brone_main_ws/install/op3_ball_detector_msgs/share/op3_ball_detector_msgs/cmake/op3_ball_detector_msgs__rosidl_typesupport_introspection_cExport-release.cmake
-- Installing: /home/brone-ub/brone_main_ws/install/op3_ball_detector_msgs/share/op3_ball_detector_msgs/cmake/op3_ball_detector_msgs__rosidl_typesupport_cExport.cmake
-- Installing: /home/brone-ub/brone_main_ws/install/op3_ball_detector_msgs/share/op3_ball_detector_msgs/cmake/op3_ball_detector_msgs__rosidl_typesupport_cExport-release.cmake
-- Installing: /home/brone-ub/brone_main_ws/install/op3_ball_detector_msgs/share/op3_ball_detector_msgs/cmake/op3_ball_detector_msgs__rosidl_typesupport_introspection_cppExport.cmake
-- Installing: /home/brone-ub/brone_main_ws/install/op3_ball_detector_msgs/share/op3_ball_detector_msgs/cmake/op3_ball_detector_msgs__rosidl_typesupport_introspection_cppExport-release.cmake
-- Installing: /home/brone-ub/brone_main_ws/install/op3_ball_detector_msgs/share/op3_ball_detector_msgs/cmake/op3_ball_detector_msgs__rosidl_typesupport_cppExport.cmake
-- Installing: /home/brone-ub/brone_main_ws/install/op3_ball_detector_msgs/share/op3_ball_detector_msgs/cmake/op3_ball_detector_msgs__rosidl_typesupport_cppExport-release.cmake
-- Installing: /home/brone-ub/brone_main_ws/install/op3_ball_detector_msgs/share/op3_ball_detector_msgs/cmake/export_op3_ball_detector_msgs__rosidl_generator_pyExport.cmake
-- Installing: /home/brone-ub/brone_main_ws/install/op3_ball_detector_msgs/share/op3_ball_detector_msgs/cmake/export_op3_ball_detector_msgs__rosidl_generator_pyExport-release.cmake
