[0.049s] Invoking command in '/home/brone-ub/brone_main_ws/build/op3_webots_ros2': CMAKE_PREFIX_PATH=${CMAKE_PREFIX_PATH}:/home/brone-ub/robotis_ws/install/algo_gaze:/home/brone-ub/robotis_ws/install/brone_gaze:/opt/ros/jazzy DEBUGINFOD_URLS=https://debuginfod.ubuntu.com PS1=(.venv) \[\e]0;\u@\h: \w\a\]${debian_chroot:+($debian_chroot)}\[\033[01;32m\]\u@\h\[\033[00m\]:\[\033[01;34m\]\w\[\033[00m\]\$ VIRTUAL_ENV_PROMPT=(.venv) /usr/bin/cmake /home/brone-ub/brone_main_ws/src/robotis_framework/ROBOTIS-OP3-Simulations/op3_webots_ros2 -DCMAKE_BUILD_TYPE=Release -DAMENT_CMAKE_SYMLINK_INSTALL=1 -DCMAKE_INSTALL_PREFIX=/home/brone-ub/brone_main_ws/install/op3_webots_ros2
[18.034s] -- The C compiler identification is GNU 13.3.0
[18.036s] -- The CXX compiler identification is GNU 13.3.0
[18.036s] -- Detecting C compiler ABI info
[18.036s] -- Detecting C compiler ABI info - done
[18.036s] -- Check for working C compiler: /usr/bin/cc - skipped
[18.040s] -- Detecting C compile features
[18.040s] -- Detecting C compile features - done
[18.040s] -- Detecting CXX compiler ABI info
[18.040s] -- Detecting CXX compiler ABI info - done
[18.040s] -- Check for working CXX compiler: /usr/bin/c++ - skipped
[18.040s] -- Detecting CXX compile features
[18.041s] -- Detecting CXX compile features - done
[18.041s] -- Found ament_cmake: 2.5.4 (/opt/ros/jazzy/share/ament_cmake/cmake)
[18.041s] -- Found Python3: /home/brone-ub/robotis_ws/.venv/bin/python3 (found version "3.12.3") found components: Interpreter 
[18.041s] -- Override CMake install command with custom implementation using symlinks instead of copying resources
[18.041s] -- Found ament_index_cpp: 1.8.1 (/opt/ros/jazzy/share/ament_index_cpp/cmake)
[18.041s] -- Found rclcpp: 28.1.12 (/opt/ros/jazzy/share/rclcpp/cmake)
[18.041s] -- Found rosidl_generator_c: 4.6.6 (/opt/ros/jazzy/share/rosidl_generator_c/cmake)
[18.041s] -- Found rosidl_generator_cpp: 4.6.6 (/opt/ros/jazzy/share/rosidl_generator_cpp/cmake)
[18.041s] -- Using all available rosidl_typesupport_c: rosidl_typesupport_fastrtps_c;rosidl_typesupport_introspection_c
[18.041s] -- Using all available rosidl_typesupport_cpp: rosidl_typesupport_fastrtps_cpp;rosidl_typesupport_introspection_cpp
[18.042s] -- Found rmw_implementation_cmake: 7.3.2 (/opt/ros/jazzy/share/rmw_implementation_cmake/cmake)
[18.042s] -- Found rmw_cyclonedds_cpp: 2.2.3 (/opt/ros/jazzy/share/rmw_cyclonedds_cpp/cmake)
[18.042s] -- Using RMW implementation 'rmw_cyclonedds_cpp' as default
[18.042s] -- Found sensor_msgs: 5.3.6 (/opt/ros/jazzy/share/sensor_msgs/cmake)
[18.042s] -- Found webots_ros2_driver: 2025.0.0 (/opt/ros/jazzy/share/webots_ros2_driver/cmake)
[18.042s] -- Found eigen3_cmake_module: 0.3.0 (/opt/ros/jazzy/share/eigen3_cmake_module/cmake)
[18.042s] -- Found Eigen3: TRUE (found version "3.4.0") 
[18.042s] -- Ensuring Eigen3 include directory is part of orocos-kdl CMake target
[18.042s] -- Found TinyXML2 via Config file: /usr/lib/x86_64-linux-gnu/cmake/tinyxml2
[18.042s] -- Found PkgConfig: /usr/bin/pkg-config (found version "1.8.1") 
[18.042s] -- Checking for module 'yaml-cpp'
[18.042s] --   Found yaml-cpp, version 0.8.0
[18.043s] -- Configuring done (9.9s)
[18.046s] -- Generating done (0.4s)
[18.046s] -- Build files have been written to: /home/brone-ub/brone_main_ws/build/op3_webots_ros2
[18.062s] Invoked command in '/home/brone-ub/brone_main_ws/build/op3_webots_ros2' returned '0': CMAKE_PREFIX_PATH=${CMAKE_PREFIX_PATH}:/home/brone-ub/robotis_ws/install/algo_gaze:/home/brone-ub/robotis_ws/install/brone_gaze:/opt/ros/jazzy DEBUGINFOD_URLS=https://debuginfod.ubuntu.com PS1=(.venv) \[\e]0;\u@\h: \w\a\]${debian_chroot:+($debian_chroot)}\[\033[01;32m\]\u@\h\[\033[00m\]:\[\033[01;34m\]\w\[\033[00m\]\$ VIRTUAL_ENV_PROMPT=(.venv) /usr/bin/cmake /home/brone-ub/brone_main_ws/src/robotis_framework/ROBOTIS-OP3-Simulations/op3_webots_ros2 -DCMAKE_BUILD_TYPE=Release -DAMENT_CMAKE_SYMLINK_INSTALL=1 -DCMAKE_INSTALL_PREFIX=/home/brone-ub/brone_main_ws/install/op3_webots_ros2
[18.063s] Invoking command in '/home/brone-ub/brone_main_ws/build/op3_webots_ros2': CMAKE_PREFIX_PATH=${CMAKE_PREFIX_PATH}:/home/brone-ub/robotis_ws/install/algo_gaze:/home/brone-ub/robotis_ws/install/brone_gaze:/opt/ros/jazzy DEBUGINFOD_URLS=https://debuginfod.ubuntu.com PS1=(.venv) \[\e]0;\u@\h: \w\a\]${debian_chroot:+($debian_chroot)}\[\033[01;32m\]\u@\h\[\033[00m\]:\[\033[01;34m\]\w\[\033[00m\]\$ VIRTUAL_ENV_PROMPT=(.venv) /usr/bin/cmake --build /home/brone-ub/brone_main_ws/build/op3_webots_ros2 -- -j16 -l16
[20.455s] [ 33%] [32mBuilding CXX object CMakeFiles/op3_extern_controller.dir/src/op3_extern_controller.cpp.o[0m
[50.893s] [ 66%] [32mBuilding CXX object CMakeFiles/op3_extern_controller.dir/src/extern_controller_main.cpp.o[0m
[56.653s] [100%] [32m[1mLinking CXX executable op3_extern_controller[0m
[57.097s] [100%] Built target op3_extern_controller
[57.300s] Invoked command in '/home/brone-ub/brone_main_ws/build/op3_webots_ros2' returned '0': CMAKE_PREFIX_PATH=${CMAKE_PREFIX_PATH}:/home/brone-ub/robotis_ws/install/algo_gaze:/home/brone-ub/robotis_ws/install/brone_gaze:/opt/ros/jazzy DEBUGINFOD_URLS=https://debuginfod.ubuntu.com PS1=(.venv) \[\e]0;\u@\h: \w\a\]${debian_chroot:+($debian_chroot)}\[\033[01;32m\]\u@\h\[\033[00m\]:\[\033[01;34m\]\w\[\033[00m\]\$ VIRTUAL_ENV_PROMPT=(.venv) /usr/bin/cmake --build /home/brone-ub/brone_main_ws/build/op3_webots_ros2 -- -j16 -l16
[57.304s] Invoking command in '/home/brone-ub/brone_main_ws/build/op3_webots_ros2': CMAKE_PREFIX_PATH=${CMAKE_PREFIX_PATH}:/home/brone-ub/robotis_ws/install/algo_gaze:/home/brone-ub/robotis_ws/install/brone_gaze:/opt/ros/jazzy DEBUGINFOD_URLS=https://debuginfod.ubuntu.com PS1=(.venv) \[\e]0;\u@\h: \w\a\]${debian_chroot:+($debian_chroot)}\[\033[01;32m\]\u@\h\[\033[00m\]:\[\033[01;34m\]\w\[\033[00m\]\$ VIRTUAL_ENV_PROMPT=(.venv) /usr/bin/cmake --install /home/brone-ub/brone_main_ws/build/op3_webots_ros2
[57.309s] -- Install configuration: "Release"
[57.311s] -- Execute custom install script
[57.311s] -- Symlinking: /home/brone-ub/brone_main_ws/install/op3_webots_ros2/lib/op3_webots_ros2/op3_extern_controller
[57.326s] -- Symlinking: /home/brone-ub/brone_main_ws/install/op3_webots_ros2/include/op3_webots_ros2/op3_extern_controller.hpp
[57.335s] -- Symlinking: /home/brone-ub/brone_main_ws/install/op3_webots_ros2/share/op3_webots_ros2//launch/robot_launch.py
[57.347s] -- Symlinking: /home/brone-ub/brone_main_ws/install/op3_webots_ros2/share/op3_webots_ros2//resource/op3_pid_gain_default.yaml
[57.363s] -- Symlinking: /home/brone-ub/brone_main_ws/install/op3_webots_ros2/share/op3_webots_ros2//images/grid.png
[57.379s] -- Symlinking: /home/brone-ub/brone_main_ws/install/op3_webots_ros2/share/op3_webots_ros2//protos/RobotisOp3.proto
[57.397s] -- Symlinking: /home/brone-ub/brone_main_ws/install/op3_webots_ros2/share/op3_webots_ros2//worlds/.robotis_op3_extern.jpg
[57.413s] -- Symlinking: /home/brone-ub/brone_main_ws/install/op3_webots_ros2/share/op3_webots_ros2//worlds/.robotis_op3_extern.wbproj
[57.428s] -- Symlinking: /home/brone-ub/brone_main_ws/install/op3_webots_ros2/share/op3_webots_ros2//worlds/my_world.wbt
[57.444s] -- Symlinking: /home/brone-ub/brone_main_ws/install/op3_webots_ros2/share/op3_webots_ros2//worlds/robotis_op3_extern.wbt
[57.457s] -- Symlinking: /home/brone-ub/brone_main_ws/install/op3_webots_ros2/share/ament_index/resource_index/package_run_dependencies/op3_webots_ros2
[57.473s] -- Symlinking: /home/brone-ub/brone_main_ws/install/op3_webots_ros2/share/ament_index/resource_index/parent_prefix_path/op3_webots_ros2
[57.489s] -- Symlinking: /home/brone-ub/brone_main_ws/install/op3_webots_ros2/share/op3_webots_ros2/environment/ament_prefix_path.sh
[57.502s] -- Symlinking: /home/brone-ub/brone_main_ws/install/op3_webots_ros2/share/op3_webots_ros2/environment/ament_prefix_path.dsv
[57.513s] -- Symlinking: /home/brone-ub/brone_main_ws/install/op3_webots_ros2/share/op3_webots_ros2/environment/path.sh
[57.523s] -- Symlinking: /home/brone-ub/brone_main_ws/install/op3_webots_ros2/share/op3_webots_ros2/environment/path.dsv
[57.536s] -- Symlinking: /home/brone-ub/brone_main_ws/install/op3_webots_ros2/share/op3_webots_ros2/local_setup.bash
[57.549s] -- Symlinking: /home/brone-ub/brone_main_ws/install/op3_webots_ros2/share/op3_webots_ros2/local_setup.sh
[57.562s] -- Symlinking: /home/brone-ub/brone_main_ws/install/op3_webots_ros2/share/op3_webots_ros2/local_setup.zsh
[57.573s] -- Symlinking: /home/brone-ub/brone_main_ws/install/op3_webots_ros2/share/op3_webots_ros2/local_setup.dsv
[57.583s] -- Symlinking: /home/brone-ub/brone_main_ws/install/op3_webots_ros2/share/op3_webots_ros2/package.dsv
[57.593s] -- Symlinking: /home/brone-ub/brone_main_ws/install/op3_webots_ros2/share/ament_index/resource_index/packages/op3_webots_ros2
[57.602s] -- Symlinking: /home/brone-ub/brone_main_ws/install/op3_webots_ros2/share/op3_webots_ros2/cmake/op3_webots_ros2Config.cmake
[57.610s] -- Symlinking: /home/brone-ub/brone_main_ws/install/op3_webots_ros2/share/op3_webots_ros2/cmake/op3_webots_ros2Config-version.cmake
[57.622s] -- Symlinking: /home/brone-ub/brone_main_ws/install/op3_webots_ros2/share/op3_webots_ros2/package.xml
[57.635s] Invoked command in '/home/brone-ub/brone_main_ws/build/op3_webots_ros2' returned '0': CMAKE_PREFIX_PATH=${CMAKE_PREFIX_PATH}:/home/brone-ub/robotis_ws/install/algo_gaze:/home/brone-ub/robotis_ws/install/brone_gaze:/opt/ros/jazzy DEBUGINFOD_URLS=https://debuginfod.ubuntu.com PS1=(.venv) \[\e]0;\u@\h: \w\a\]${debian_chroot:+($debian_chroot)}\[\033[01;32m\]\u@\h\[\033[00m\]:\[\033[01;34m\]\w\[\033[00m\]\$ VIRTUAL_ENV_PROMPT=(.venv) /usr/bin/cmake --install /home/brone-ub/brone_main_ws/build/op3_webots_ros2
