[0.009s] Invoking command in '/home/brone-ub/brone_main_ws/build/brone_core': CMAKE_PREFIX_PATH=${CMAKE_PREFIX_PATH}:/home/brone-ub/robotis_ws/install/algo_gaze:/home/brone-ub/robotis_ws/install/brone_gaze:/opt/ros/jazzy DEBUGINFOD_URLS=https://debuginfod.ubuntu.com PS1=(.venv) \[\e]0;\u@\h: \w\a\]${debian_chroot:+($debian_chroot)}\[\033[01;32m\]\u@\h\[\033[00m\]:\[\033[01;34m\]\w\[\033[00m\]\$ VIRTUAL_ENV_PROMPT=(.venv) /usr/bin/cmake /home/brone-ub/brone_main_ws/src/brone_core -DAMENT_CMAKE_SYMLINK_INSTALL=1 -DCMAKE_INSTALL_PREFIX=/home/brone-ub/brone_main_ws/install/brone_core
[0.059s] -- The C compiler identification is GNU 13.3.0
[0.098s] -- The CXX compiler identification is GNU 13.3.0
[0.110s] -- Detecting C compiler ABI info
[0.189s] -- Detecting C compiler ABI info - done
[0.195s] -- Check for working C compiler: /usr/bin/cc - skipped
[0.195s] -- Detecting C compile features
[0.195s] -- Detecting C compile features - done
[0.204s] -- Detecting CXX compiler ABI info
[0.297s] -- Detecting CXX compiler ABI info - done
[0.303s] -- Check for working CXX compiler: /usr/bin/c++ - skipped
[0.303s] -- Detecting CXX compile features
[0.303s] -- Detecting CXX compile features - done
[0.308s] -- Found ament_cmake: 2.5.4 (/opt/ros/jazzy/share/ament_cmake/cmake)
[0.407s] -- Found Python3: /home/brone-ub/robotis_ws/.venv/bin/python3 (found version "3.12.3") found components: Interpreter 
[0.459s] -- Override CMake install command with custom implementation using symlinks instead of copying resources
[0.518s] -- Found ament_lint_auto: 0.17.3 (/opt/ros/jazzy/share/ament_lint_auto/cmake)
[0.612s] -- Added test 'flake8' to check Python code syntax and style conventions
[0.612s] -- Configured 'flake8' exclude dirs and/or files: 
[0.613s] -- Added test 'lint_cmake' to check CMake code style
[0.615s] -- Added test 'pep257' to check Python code against some of the docstring style conventions in PEP 257
[0.616s] -- Added test 'xmllint' to check XML markup files
[0.618s] -- Configuring done (0.6s)
[0.619s] -- Generating done (0.0s)
[0.620s] -- Build files have been written to: /home/brone-ub/brone_main_ws/build/brone_core
[0.624s] Invoked command in '/home/brone-ub/brone_main_ws/build/brone_core' returned '0': CMAKE_PREFIX_PATH=${CMAKE_PREFIX_PATH}:/home/brone-ub/robotis_ws/install/algo_gaze:/home/brone-ub/robotis_ws/install/brone_gaze:/opt/ros/jazzy DEBUGINFOD_URLS=https://debuginfod.ubuntu.com PS1=(.venv) \[\e]0;\u@\h: \w\a\]${debian_chroot:+($debian_chroot)}\[\033[01;32m\]\u@\h\[\033[00m\]:\[\033[01;34m\]\w\[\033[00m\]\$ VIRTUAL_ENV_PROMPT=(.venv) /usr/bin/cmake /home/brone-ub/brone_main_ws/src/brone_core -DAMENT_CMAKE_SYMLINK_INSTALL=1 -DCMAKE_INSTALL_PREFIX=/home/brone-ub/brone_main_ws/install/brone_core
[0.625s] Invoking command in '/home/brone-ub/brone_main_ws/build/brone_core': CMAKE_PREFIX_PATH=${CMAKE_PREFIX_PATH}:/home/brone-ub/robotis_ws/install/algo_gaze:/home/brone-ub/robotis_ws/install/brone_gaze:/opt/ros/jazzy DEBUGINFOD_URLS=https://debuginfod.ubuntu.com PS1=(.venv) \[\e]0;\u@\h: \w\a\]${debian_chroot:+($debian_chroot)}\[\033[01;32m\]\u@\h\[\033[00m\]:\[\033[01;34m\]\w\[\033[00m\]\$ VIRTUAL_ENV_PROMPT=(.venv) /usr/bin/cmake --build /home/brone-ub/brone_main_ws/build/brone_core -- -j16 -l16
[0.661s] Invoked command in '/home/brone-ub/brone_main_ws/build/brone_core' returned '0': CMAKE_PREFIX_PATH=${CMAKE_PREFIX_PATH}:/home/brone-ub/robotis_ws/install/algo_gaze:/home/brone-ub/robotis_ws/install/brone_gaze:/opt/ros/jazzy DEBUGINFOD_URLS=https://debuginfod.ubuntu.com PS1=(.venv) \[\e]0;\u@\h: \w\a\]${debian_chroot:+($debian_chroot)}\[\033[01;32m\]\u@\h\[\033[00m\]:\[\033[01;34m\]\w\[\033[00m\]\$ VIRTUAL_ENV_PROMPT=(.venv) /usr/bin/cmake --build /home/brone-ub/brone_main_ws/build/brone_core -- -j16 -l16
[0.668s] Invoking command in '/home/brone-ub/brone_main_ws/build/brone_core': CMAKE_PREFIX_PATH=${CMAKE_PREFIX_PATH}:/home/brone-ub/robotis_ws/install/algo_gaze:/home/brone-ub/robotis_ws/install/brone_gaze:/opt/ros/jazzy DEBUGINFOD_URLS=https://debuginfod.ubuntu.com PS1=(.venv) \[\e]0;\u@\h: \w\a\]${debian_chroot:+($debian_chroot)}\[\033[01;32m\]\u@\h\[\033[00m\]:\[\033[01;34m\]\w\[\033[00m\]\$ VIRTUAL_ENV_PROMPT=(.venv) /usr/bin/cmake --install /home/brone-ub/brone_main_ws/build/brone_core
[0.674s] -- Install configuration: ""
[0.675s] -- Execute custom install script
[0.675s] -- Symlinking: /home/brone-ub/brone_main_ws/install/brone_core/lib/brone_core/state_machine_node.py
[0.682s] -- Symlinking: /home/brone-ub/brone_main_ws/install/brone_core/share/ament_index/resource_index/package_run_dependencies/brone_core
[0.690s] -- Symlinking: /home/brone-ub/brone_main_ws/install/brone_core/share/ament_index/resource_index/parent_prefix_path/brone_core
[0.699s] -- Symlinking: /home/brone-ub/brone_main_ws/install/brone_core/share/brone_core/environment/ament_prefix_path.sh
[0.707s] -- Symlinking: /home/brone-ub/brone_main_ws/install/brone_core/share/brone_core/environment/ament_prefix_path.dsv
[0.716s] -- Symlinking: /home/brone-ub/brone_main_ws/install/brone_core/share/brone_core/environment/path.sh
[0.723s] -- Symlinking: /home/brone-ub/brone_main_ws/install/brone_core/share/brone_core/environment/path.dsv
[0.730s] -- Symlinking: /home/brone-ub/brone_main_ws/install/brone_core/share/brone_core/local_setup.bash
[0.737s] -- Symlinking: /home/brone-ub/brone_main_ws/install/brone_core/share/brone_core/local_setup.sh
[0.745s] -- Symlinking: /home/brone-ub/brone_main_ws/install/brone_core/share/brone_core/local_setup.zsh
[0.753s] -- Symlinking: /home/brone-ub/brone_main_ws/install/brone_core/share/brone_core/local_setup.dsv
[0.760s] -- Symlinking: /home/brone-ub/brone_main_ws/install/brone_core/share/brone_core/package.dsv
[0.770s] -- Symlinking: /home/brone-ub/brone_main_ws/install/brone_core/share/ament_index/resource_index/packages/brone_core
[0.778s] -- Symlinking: /home/brone-ub/brone_main_ws/install/brone_core/share/brone_core/cmake/brone_coreConfig.cmake
[0.787s] -- Symlinking: /home/brone-ub/brone_main_ws/install/brone_core/share/brone_core/cmake/brone_coreConfig-version.cmake
[0.795s] -- Symlinking: /home/brone-ub/brone_main_ws/install/brone_core/share/brone_core/package.xml
[0.804s] Invoked command in '/home/brone-ub/brone_main_ws/build/brone_core' returned '0': CMAKE_PREFIX_PATH=${CMAKE_PREFIX_PATH}:/home/brone-ub/robotis_ws/install/algo_gaze:/home/brone-ub/robotis_ws/install/brone_gaze:/opt/ros/jazzy DEBUGINFOD_URLS=https://debuginfod.ubuntu.com PS1=(.venv) \[\e]0;\u@\h: \w\a\]${debian_chroot:+($debian_chroot)}\[\033[01;32m\]\u@\h\[\033[00m\]:\[\033[01;34m\]\w\[\033[00m\]\$ VIRTUAL_ENV_PROMPT=(.venv) /usr/bin/cmake --install /home/brone-ub/brone_main_ws/build/brone_core
