-- The C compiler identification is GNU 13.3.0
-- The CXX compiler identification is GNU 13.3.0
-- Detecting C compiler ABI info
-- Detecting C compiler ABI info - done
-- Check for working C compiler: /usr/bin/cc - skipped
-- Detecting C compile features
-- Detecting C compile features - done
-- Detecting CXX compiler ABI info
-- Detecting CXX compiler ABI info - done
-- Check for working CXX compiler: /usr/bin/c++ - skipped
-- Detecting CXX compile features
-- Detecting CXX compile features - done
-- Found ament_cmake: 2.5.4 (/opt/ros/jazzy/share/ament_cmake/cmake)
-- Found Python3: /home/brone-ub/robotis_ws/.venv/bin/python3 (found version "3.12.3") found components: Interpreter 
-- Override CMake install command with custom implementation using symlinks instead of copying resources
-- Found std_msgs: 5.3.6 (/opt/ros/jazzy/share/std_msgs/cmake)
-- Found rosidl_generator_c: 4.6.6 (/opt/ros/jazzy/share/rosidl_generator_c/cmake)
-- Found rosidl_generator_cpp: 4.6.6 (/opt/ros/jazzy/share/rosidl_generator_cpp/cmake)
-- Using all available rosidl_typesupport_c: rosidl_typesupport_fastrtps_c;rosidl_typesupport_introspection_c
-- Using all available rosidl_typesupport_cpp: rosidl_typesupport_fastrtps_cpp;rosidl_typesupport_introspection_cpp
-- Found sensor_msgs: 5.3.6 (/opt/ros/jazzy/share/sensor_msgs/cmake)
-- Found rosidl_default_generators: 1.6.0 (/opt/ros/jazzy/share/rosidl_default_generators/cmake)
-- Found rosidl_adapter: 4.6.6 (/opt/ros/jazzy/share/rosidl_adapter/cmake)
-- Found ament_cmake_ros: 0.12.0 (/opt/ros/jazzy/share/ament_cmake_ros/cmake)
-- Using all available rosidl_typesupport_c: rosidl_typesupport_fastrtps_c;rosidl_typesupport_introspection_c
-- Using all available rosidl_typesupport_cpp: rosidl_typesupport_fastrtps_cpp;rosidl_typesupport_introspection_cpp
-- Found python_cmake_module: 0.11.1 (/opt/ros/jazzy/share/python_cmake_module/cmake)
-- Found PythonExtra: /home/brone-ub/robotis_ws/.venv/bin/python3  
-- Found Python3: /home/brone-ub/robotis_ws/.venv/bin/python3 (found version "3.12.3") found components: Interpreter Development NumPy Development.Module Development.Embed 
-- Configuring done (7.9s)
-- Generating done (0.2s)
-- Build files have been written to: /home/brone-ub/brone_main_ws/build/robotis_controller_msgs
[  0%] Built target ament_cmake_python_symlink_robotis_controller_msgs
[  1%] [34m[1mGenerating type hashes for ROS interfaces[0m
running egg_info
creating robotis_controller_msgs.egg-info
writing robotis_controller_msgs.egg-info/PKG-INFO
writing dependency_links to robotis_controller_msgs.egg-info/dependency_links.txt
writing top-level names to robotis_controller_msgs.egg-info/top_level.txt
writing manifest file 'robotis_controller_msgs.egg-info/SOURCES.txt'
reading manifest file 'robotis_controller_msgs.egg-info/SOURCES.txt'
writing manifest file 'robotis_controller_msgs.egg-info/SOURCES.txt'
[  1%] Built target ament_cmake_python_build_robotis_controller_msgs_egg
[  1%] Built target robotis_controller_msgs__rosidl_generator_type_description
[  2%] [34m[1mGenerating C code for ROS interfaces[0m
[  2%] [34m[1mGenerating C++ code for ROS interfaces[0m
[  2%] Built target robotis_controller_msgs__cpp
[  3%] [32mBuilding C object CMakeFiles/robotis_controller_msgs__rosidl_generator_c.dir/rosidl_generator_c/robotis_controller_msgs/srv/detail/get_joint_module__type_support.c.o[0m
[  4%] [32mBuilding C object CMakeFiles/robotis_controller_msgs__rosidl_generator_c.dir/rosidl_generator_c/robotis_controller_msgs/msg/detail/sync_write_item__type_support.c.o[0m
[  5%] [32mBuilding C object CMakeFiles/robotis_controller_msgs__rosidl_generator_c.dir/rosidl_generator_c/robotis_controller_msgs/srv/detail/get_joint_module__functions.c.o[0m
[  7%] [32mBuilding C object CMakeFiles/robotis_controller_msgs__rosidl_generator_c.dir/rosidl_generator_c/robotis_controller_msgs/msg/detail/joint_ctrl_module__description.c.o[0m
[  6%] [32mBuilding C object CMakeFiles/robotis_controller_msgs__rosidl_generator_c.dir/rosidl_generator_c/robotis_controller_msgs/msg/detail/sync_write_item__functions.c.o[0m
[  8%] [32mBuilding C object CMakeFiles/robotis_controller_msgs__rosidl_generator_c.dir/rosidl_generator_c/robotis_controller_msgs/msg/detail/joint_ctrl_module__type_support.c.o[0m
[  9%] [32mBuilding C object CMakeFiles/robotis_controller_msgs__rosidl_generator_c.dir/rosidl_generator_c/robotis_controller_msgs/msg/detail/sync_write_item__description.c.o[0m
[ 10%] [32mBuilding C object CMakeFiles/robotis_controller_msgs__rosidl_generator_c.dir/rosidl_generator_c/robotis_controller_msgs/srv/detail/set_joint_module__description.c.o[0m
[ 11%] [32mBuilding C object CMakeFiles/robotis_controller_msgs__rosidl_generator_c.dir/rosidl_generator_c/robotis_controller_msgs/msg/detail/joint_ctrl_module__functions.c.o[0m
[ 12%] [32mBuilding C object CMakeFiles/robotis_controller_msgs__rosidl_generator_c.dir/rosidl_generator_c/robotis_controller_msgs/srv/detail/get_joint_module__description.c.o[0m
[ 13%] [32mBuilding C object CMakeFiles/robotis_controller_msgs__rosidl_generator_c.dir/rosidl_generator_c/robotis_controller_msgs/msg/detail/write_control_table__description.c.o[0m
[ 15%] [32mBuilding C object CMakeFiles/robotis_controller_msgs__rosidl_generator_c.dir/rosidl_generator_c/robotis_controller_msgs/msg/detail/write_control_table__type_support.c.o[0m
[ 16%] [32mBuilding C object CMakeFiles/robotis_controller_msgs__rosidl_generator_c.dir/rosidl_generator_c/robotis_controller_msgs/msg/detail/status_msg__type_support.c.o[0m
[ 17%] [32mBuilding C object CMakeFiles/robotis_controller_msgs__rosidl_generator_c.dir/rosidl_generator_c/robotis_controller_msgs/msg/detail/status_msg__description.c.o[0m
[ 15%] [32mBuilding C object CMakeFiles/robotis_controller_msgs__rosidl_generator_c.dir/rosidl_generator_c/robotis_controller_msgs/msg/detail/write_control_table__functions.c.o[0m
[ 18%] [32mBuilding C object CMakeFiles/robotis_controller_msgs__rosidl_generator_c.dir/rosidl_generator_c/robotis_controller_msgs/msg/detail/status_msg__functions.c.o[0m
[ 19%] [32mBuilding C object CMakeFiles/robotis_controller_msgs__rosidl_generator_c.dir/rosidl_generator_c/robotis_controller_msgs/srv/detail/set_joint_module__functions.c.o[0m
[ 20%] [32mBuilding C object CMakeFiles/robotis_controller_msgs__rosidl_generator_c.dir/rosidl_generator_c/robotis_controller_msgs/srv/detail/set_joint_module__type_support.c.o[0m
[ 21%] [32mBuilding C object CMakeFiles/robotis_controller_msgs__rosidl_generator_c.dir/rosidl_generator_c/robotis_controller_msgs/srv/detail/set_module__type_support.c.o[0m
[ 22%] [32mBuilding C object CMakeFiles/robotis_controller_msgs__rosidl_generator_c.dir/rosidl_generator_c/robotis_controller_msgs/srv/detail/load_offset__description.c.o[0m
[ 22%] [32mBuilding C object CMakeFiles/robotis_controller_msgs__rosidl_generator_c.dir/rosidl_generator_c/robotis_controller_msgs/srv/detail/load_offset__type_support.c.o[0m
[ 23%] [32mBuilding C object CMakeFiles/robotis_controller_msgs__rosidl_generator_c.dir/rosidl_generator_c/robotis_controller_msgs/srv/detail/set_module__functions.c.o[0m
[ 24%] [32mBuilding C object CMakeFiles/robotis_controller_msgs__rosidl_generator_c.dir/rosidl_generator_c/robotis_controller_msgs/srv/detail/set_module__description.c.o[0m
[ 25%] [32mBuilding C object CMakeFiles/robotis_controller_msgs__rosidl_generator_c.dir/rosidl_generator_c/robotis_controller_msgs/srv/detail/load_offset__functions.c.o[0m
[ 26%] [32m[1mLinking C shared library librobotis_controller_msgs__rosidl_generator_c.so[0m
[ 26%] Built target robotis_controller_msgs__rosidl_generator_c
[ 27%] [34m[1mGenerating C type support for eProsima Fast-RTPS[0m
[ 28%] [34m[1mGenerating C type support dispatch for ROS interfaces[0m
[ 29%] [34m[1mGenerating C++ introspection for ROS interfaces[0m
[ 31%] [34m[1mGenerating C++ type support dispatch for ROS interfaces[0m
[ 30%] [34m[1mGenerating C++ type support for eProsima Fast-RTPS[0m
[ 30%] [34m[1mGenerating C introspection for ROS interfaces[0m
[ 31%] [32mBuilding CXX object CMakeFiles/robotis_controller_msgs__rosidl_typesupport_cpp.dir/rosidl_typesupport_cpp/robotis_controller_msgs/msg/write_control_table__type_support.cpp.o[0m
[ 32%] [32mBuilding CXX object CMakeFiles/robotis_controller_msgs__rosidl_typesupport_cpp.dir/rosidl_typesupport_cpp/robotis_controller_msgs/msg/sync_write_item__type_support.cpp.o[0m
[ 33%] [32mBuilding CXX object CMakeFiles/robotis_controller_msgs__rosidl_typesupport_cpp.dir/rosidl_typesupport_cpp/robotis_controller_msgs/srv/get_joint_module__type_support.cpp.o[0m
[ 34%] [32mBuilding CXX object CMakeFiles/robotis_controller_msgs__rosidl_typesupport_cpp.dir/rosidl_typesupport_cpp/robotis_controller_msgs/msg/joint_ctrl_module__type_support.cpp.o[0m
[ 35%] [32mBuilding CXX object CMakeFiles/robotis_controller_msgs__rosidl_typesupport_cpp.dir/rosidl_typesupport_cpp/robotis_controller_msgs/srv/load_offset__type_support.cpp.o[0m
[ 36%] [32mBuilding CXX object CMakeFiles/robotis_controller_msgs__rosidl_typesupport_cpp.dir/rosidl_typesupport_cpp/robotis_controller_msgs/msg/status_msg__type_support.cpp.o[0m
[ 37%] [32mBuilding CXX object CMakeFiles/robotis_controller_msgs__rosidl_typesupport_cpp.dir/rosidl_typesupport_cpp/robotis_controller_msgs/srv/set_module__type_support.cpp.o[0m
[ 38%] [32mBuilding CXX object CMakeFiles/robotis_controller_msgs__rosidl_typesupport_cpp.dir/rosidl_typesupport_cpp/robotis_controller_msgs/srv/set_joint_module__type_support.cpp.o[0m
[ 39%] [32mBuilding C object CMakeFiles/robotis_controller_msgs__rosidl_typesupport_introspection_c.dir/rosidl_typesupport_introspection_c/robotis_controller_msgs/msg/detail/joint_ctrl_module__type_support.c.o[0m
[ 40%] [32mBuilding C object CMakeFiles/robotis_controller_msgs__rosidl_typesupport_introspection_c.dir/rosidl_typesupport_introspection_c/robotis_controller_msgs/msg/detail/write_control_table__type_support.c.o[0m
[ 41%] [32mBuilding C object CMakeFiles/robotis_controller_msgs__rosidl_typesupport_introspection_c.dir/rosidl_typesupport_introspection_c/robotis_controller_msgs/msg/detail/status_msg__type_support.c.o[0m
[ 42%] [32mBuilding C object CMakeFiles/robotis_controller_msgs__rosidl_typesupport_introspection_c.dir/rosidl_typesupport_introspection_c/robotis_controller_msgs/msg/detail/sync_write_item__type_support.c.o[0m
[ 43%] [32mBuilding C object CMakeFiles/robotis_controller_msgs__rosidl_typesupport_introspection_c.dir/rosidl_typesupport_introspection_c/robotis_controller_msgs/srv/detail/set_joint_module__type_support.c.o[0m
[ 44%] [32mBuilding C object CMakeFiles/robotis_controller_msgs__rosidl_typesupport_introspection_c.dir/rosidl_typesupport_introspection_c/robotis_controller_msgs/srv/detail/load_offset__type_support.c.o[0m
[ 45%] [32mBuilding C object CMakeFiles/robotis_controller_msgs__rosidl_typesupport_introspection_c.dir/rosidl_typesupport_introspection_c/robotis_controller_msgs/srv/detail/get_joint_module__type_support.c.o[0m
[ 46%] [32mBuilding C object CMakeFiles/robotis_controller_msgs__rosidl_typesupport_introspection_c.dir/rosidl_typesupport_introspection_c/robotis_controller_msgs/srv/detail/set_module__type_support.c.o[0m
[ 47%] [32mBuilding CXX object CMakeFiles/robotis_controller_msgs__rosidl_typesupport_c.dir/rosidl_typesupport_c/robotis_controller_msgs/msg/sync_write_item__type_support.cpp.o[0m
[ 48%] [32m[1mLinking C shared library librobotis_controller_msgs__rosidl_typesupport_introspection_c.so[0m
[ 49%] [32mBuilding CXX object CMakeFiles/robotis_controller_msgs__rosidl_typesupport_c.dir/rosidl_typesupport_c/robotis_controller_msgs/srv/get_joint_module__type_support.cpp.o[0m
[ 49%] Built target robotis_controller_msgs__rosidl_typesupport_introspection_c
[ 50%] [32mBuilding CXX object CMakeFiles/robotis_controller_msgs__rosidl_typesupport_c.dir/rosidl_typesupport_c/robotis_controller_msgs/srv/set_module__type_support.cpp.o[0m
[ 51%] [32mBuilding CXX object CMakeFiles/robotis_controller_msgs__rosidl_typesupport_c.dir/rosidl_typesupport_c/robotis_controller_msgs/srv/load_offset__type_support.cpp.o[0m
[ 52%] [32mBuilding CXX object CMakeFiles/robotis_controller_msgs__rosidl_typesupport_c.dir/rosidl_typesupport_c/robotis_controller_msgs/srv/set_joint_module__type_support.cpp.o[0m
[ 53%] [32mBuilding CXX object CMakeFiles/robotis_controller_msgs__rosidl_typesupport_introspection_cpp.dir/rosidl_typesupport_introspection_cpp/robotis_controller_msgs/msg/detail/sync_write_item__type_support.cpp.o[0m
[ 54%] [32mBuilding CXX object CMakeFiles/robotis_controller_msgs__rosidl_typesupport_c.dir/rosidl_typesupport_c/robotis_controller_msgs/msg/write_control_table__type_support.cpp.o[0m
[ 55%] [32m[1mLinking CXX shared library librobotis_controller_msgs__rosidl_typesupport_cpp.so[0m
[ 56%] [32mBuilding CXX object CMakeFiles/robotis_controller_msgs__rosidl_typesupport_c.dir/rosidl_typesupport_c/robotis_controller_msgs/msg/status_msg__type_support.cpp.o[0m
[ 57%] [32mBuilding CXX object CMakeFiles/robotis_controller_msgs__rosidl_typesupport_c.dir/rosidl_typesupport_c/robotis_controller_msgs/msg/joint_ctrl_module__type_support.cpp.o[0m
[ 57%] Built target robotis_controller_msgs__rosidl_typesupport_cpp
[ 58%] [32m[1mLinking CXX shared library librobotis_controller_msgs__rosidl_typesupport_c.so[0m
[ 58%] Built target robotis_controller_msgs__rosidl_typesupport_c
[ 59%] [32mBuilding CXX object CMakeFiles/robotis_controller_msgs__rosidl_typesupport_introspection_cpp.dir/rosidl_typesupport_introspection_cpp/robotis_controller_msgs/srv/detail/load_offset__type_support.cpp.o[0m
[ 60%] [32mBuilding CXX object CMakeFiles/robotis_controller_msgs__rosidl_typesupport_fastrtps_cpp.dir/rosidl_typesupport_fastrtps_cpp/robotis_controller_msgs/msg/detail/dds_fastrtps/sync_write_item__type_support.cpp.o[0m
[ 61%] [32mBuilding CXX object CMakeFiles/robotis_controller_msgs__rosidl_typesupport_fastrtps_c.dir/rosidl_typesupport_fastrtps_c/robotis_controller_msgs/msg/detail/sync_write_item__type_support_c.cpp.o[0m
[ 62%] [32mBuilding CXX object CMakeFiles/robotis_controller_msgs__rosidl_typesupport_introspection_cpp.dir/rosidl_typesupport_introspection_cpp/robotis_controller_msgs/srv/detail/set_module__type_support.cpp.o[0m
[ 63%] [32mBuilding CXX object CMakeFiles/robotis_controller_msgs__rosidl_typesupport_fastrtps_cpp.dir/rosidl_typesupport_fastrtps_cpp/robotis_controller_msgs/srv/detail/dds_fastrtps/load_offset__type_support.cpp.o[0m
[ 64%] [32mBuilding CXX object CMakeFiles/robotis_controller_msgs__rosidl_typesupport_fastrtps_c.dir/rosidl_typesupport_fastrtps_c/robotis_controller_msgs/msg/detail/status_msg__type_support_c.cpp.o[0m
[ 65%] [32mBuilding CXX object CMakeFiles/robotis_controller_msgs__rosidl_typesupport_introspection_cpp.dir/rosidl_typesupport_introspection_cpp/robotis_controller_msgs/srv/detail/set_joint_module__type_support.cpp.o[0m
[ 66%] [32mBuilding CXX object CMakeFiles/robotis_controller_msgs__rosidl_typesupport_fastrtps_c.dir/rosidl_typesupport_fastrtps_c/robotis_controller_msgs/srv/detail/get_joint_module__type_support_c.cpp.o[0m
[ 67%] [32mBuilding CXX object CMakeFiles/robotis_controller_msgs__rosidl_typesupport_fastrtps_cpp.dir/rosidl_typesupport_fastrtps_cpp/robotis_controller_msgs/srv/detail/dds_fastrtps/set_module__type_support.cpp.o[0m
[ 68%] [32mBuilding CXX object CMakeFiles/robotis_controller_msgs__rosidl_typesupport_introspection_cpp.dir/rosidl_typesupport_introspection_cpp/robotis_controller_msgs/srv/detail/get_joint_module__type_support.cpp.o[0m
[ 69%] [32mBuilding CXX object CMakeFiles/robotis_controller_msgs__rosidl_typesupport_fastrtps_c.dir/rosidl_typesupport_fastrtps_c/robotis_controller_msgs/srv/detail/load_offset__type_support_c.cpp.o[0m
[ 70%] [32mBuilding CXX object CMakeFiles/robotis_controller_msgs__rosidl_typesupport_fastrtps_cpp.dir/rosidl_typesupport_fastrtps_cpp/robotis_controller_msgs/srv/detail/dds_fastrtps/set_joint_module__type_support.cpp.o[0m
[ 71%] [32mBuilding CXX object CMakeFiles/robotis_controller_msgs__rosidl_typesupport_introspection_cpp.dir/rosidl_typesupport_introspection_cpp/robotis_controller_msgs/msg/detail/write_control_table__type_support.cpp.o[0m
[ 72%] [32mBuilding CXX object CMakeFiles/robotis_controller_msgs__rosidl_typesupport_introspection_cpp.dir/rosidl_typesupport_introspection_cpp/robotis_controller_msgs/msg/detail/status_msg__type_support.cpp.o[0m
[ 73%] [32mBuilding CXX object CMakeFiles/robotis_controller_msgs__rosidl_typesupport_fastrtps_c.dir/rosidl_typesupport_fastrtps_c/robotis_controller_msgs/srv/detail/set_module__type_support_c.cpp.o[0m
[ 74%] [32mBuilding CXX object CMakeFiles/robotis_controller_msgs__rosidl_typesupport_introspection_cpp.dir/rosidl_typesupport_introspection_cpp/robotis_controller_msgs/msg/detail/joint_ctrl_module__type_support.cpp.o[0m
[ 75%] [32mBuilding CXX object CMakeFiles/robotis_controller_msgs__rosidl_typesupport_fastrtps_cpp.dir/rosidl_typesupport_fastrtps_cpp/robotis_controller_msgs/srv/detail/dds_fastrtps/get_joint_module__type_support.cpp.o[0m
[ 76%] [32mBuilding CXX object CMakeFiles/robotis_controller_msgs__rosidl_typesupport_fastrtps_c.dir/rosidl_typesupport_fastrtps_c/robotis_controller_msgs/srv/detail/set_joint_module__type_support_c.cpp.o[0m
[ 77%] [32m[1mLinking CXX shared library librobotis_controller_msgs__rosidl_typesupport_introspection_cpp.so[0m
[ 77%] Built target robotis_controller_msgs__rosidl_typesupport_introspection_cpp
[ 78%] [32mBuilding CXX object CMakeFiles/robotis_controller_msgs__rosidl_typesupport_fastrtps_c.dir/rosidl_typesupport_fastrtps_c/robotis_controller_msgs/msg/detail/write_control_table__type_support_c.cpp.o[0m
[ 79%] [32mBuilding CXX object CMakeFiles/robotis_controller_msgs__rosidl_typesupport_fastrtps_cpp.dir/rosidl_typesupport_fastrtps_cpp/robotis_controller_msgs/msg/detail/dds_fastrtps/write_control_table__type_support.cpp.o[0m
[ 80%] [32mBuilding CXX object CMakeFiles/robotis_controller_msgs__rosidl_typesupport_fastrtps_c.dir/rosidl_typesupport_fastrtps_c/robotis_controller_msgs/msg/detail/joint_ctrl_module__type_support_c.cpp.o[0m
[ 81%] [32mBuilding CXX object CMakeFiles/robotis_controller_msgs__rosidl_typesupport_fastrtps_cpp.dir/rosidl_typesupport_fastrtps_cpp/robotis_controller_msgs/msg/detail/dds_fastrtps/status_msg__type_support.cpp.o[0m
[ 82%] [32m[1mLinking CXX shared library librobotis_controller_msgs__rosidl_typesupport_fastrtps_c.so[0m
[ 82%] Built target robotis_controller_msgs__rosidl_typesupport_fastrtps_c
[ 83%] [32mBuilding CXX object CMakeFiles/robotis_controller_msgs__rosidl_typesupport_fastrtps_cpp.dir/rosidl_typesupport_fastrtps_cpp/robotis_controller_msgs/msg/detail/dds_fastrtps/joint_ctrl_module__type_support.cpp.o[0m
[ 84%] [32m[1mLinking CXX shared library librobotis_controller_msgs__rosidl_typesupport_fastrtps_cpp.so[0m
[ 84%] Built target robotis_controller_msgs__rosidl_typesupport_fastrtps_cpp
[ 84%] Built target robotis_controller_msgs
[ 85%] [34m[1mGenerating Python code for ROS interfaces[0m
[ 85%] Built target robotis_controller_msgs__py
[ 86%] [32mBuilding C object CMakeFiles/robotis_controller_msgs__rosidl_generator_py.dir/rosidl_generator_py/robotis_controller_msgs/msg/_sync_write_item_s.c.o[0m
[ 87%] [32mBuilding C object CMakeFiles/robotis_controller_msgs__rosidl_generator_py.dir/rosidl_generator_py/robotis_controller_msgs/srv/_load_offset_s.c.o[0m
[ 88%] [32mBuilding C object CMakeFiles/robotis_controller_msgs__rosidl_generator_py.dir/rosidl_generator_py/robotis_controller_msgs/srv/_set_module_s.c.o[0m
[ 89%] [32mBuilding C object CMakeFiles/robotis_controller_msgs__rosidl_generator_py.dir/rosidl_generator_py/robotis_controller_msgs/srv/_set_joint_module_s.c.o[0m
[ 90%] [32mBuilding C object CMakeFiles/robotis_controller_msgs__rosidl_generator_py.dir/rosidl_generator_py/robotis_controller_msgs/srv/_get_joint_module_s.c.o[0m
[ 91%] [32mBuilding C object CMakeFiles/robotis_controller_msgs__rosidl_generator_py.dir/rosidl_generator_py/robotis_controller_msgs/msg/_write_control_table_s.c.o[0m
[ 92%] [32mBuilding C object CMakeFiles/robotis_controller_msgs__rosidl_generator_py.dir/rosidl_generator_py/robotis_controller_msgs/msg/_status_msg_s.c.o[0m
[ 93%] [32mBuilding C object CMakeFiles/robotis_controller_msgs__rosidl_generator_py.dir/rosidl_generator_py/robotis_controller_msgs/msg/_joint_ctrl_module_s.c.o[0m
[ 94%] [32m[1mLinking C shared library librobotis_controller_msgs__rosidl_generator_py.so[0m
[ 94%] Built target robotis_controller_msgs__rosidl_generator_py
[ 95%] [32mBuilding C object CMakeFiles/robotis_controller_msgs_s__rosidl_typesupport_fastrtps_c.dir/rosidl_generator_py/robotis_controller_msgs/_robotis_controller_msgs_s.ep.rosidl_typesupport_fastrtps_c.c.o[0m
[ 96%] [32m[1mLinking C shared module rosidl_generator_py/robotis_controller_msgs/robotis_controller_msgs_s__rosidl_typesupport_fastrtps_c.so[0m
[ 96%] Built target robotis_controller_msgs_s__rosidl_typesupport_fastrtps_c
[ 97%] [32mBuilding C object CMakeFiles/robotis_controller_msgs_s__rosidl_typesupport_c.dir/rosidl_generator_py/robotis_controller_msgs/_robotis_controller_msgs_s.ep.rosidl_typesupport_c.c.o[0m
[ 98%] [32m[1mLinking C shared module rosidl_generator_py/robotis_controller_msgs/robotis_controller_msgs_s__rosidl_typesupport_c.so[0m
[ 98%] Built target robotis_controller_msgs_s__rosidl_typesupport_c
[ 99%] [32mBuilding C object CMakeFiles/robotis_controller_msgs_s__rosidl_typesupport_introspection_c.dir/rosidl_generator_py/robotis_controller_msgs/_robotis_controller_msgs_s.ep.rosidl_typesupport_introspection_c.c.o[0m
[100%] [32m[1mLinking C shared module rosidl_generator_py/robotis_controller_msgs/robotis_controller_msgs_s__rosidl_typesupport_introspection_c.so[0m
[100%] Built target robotis_controller_msgs_s__rosidl_typesupport_introspection_c
-- Install configuration: "Release"
-- Execute custom install script
-- Symlinking: /home/brone-ub/brone_main_ws/install/robotis_controller_msgs/share/ament_index/resource_index/rosidl_interfaces/robotis_controller_msgs
-- Symlinking: /home/brone-ub/brone_main_ws/install/robotis_controller_msgs/share/robotis_controller_msgs/msg/SyncWriteItem.json
-- Symlinking: /home/brone-ub/brone_main_ws/install/robotis_controller_msgs/share/robotis_controller_msgs/msg/JointCtrlModule.json
-- Symlinking: /home/brone-ub/brone_main_ws/install/robotis_controller_msgs/share/robotis_controller_msgs/msg/StatusMsg.json
-- Symlinking: /home/brone-ub/brone_main_ws/install/robotis_controller_msgs/share/robotis_controller_msgs/msg/WriteControlTable.json
-- Symlinking: /home/brone-ub/brone_main_ws/install/robotis_controller_msgs/share/robotis_controller_msgs/srv/GetJointModule.json
-- Symlinking: /home/brone-ub/brone_main_ws/install/robotis_controller_msgs/share/robotis_controller_msgs/srv/SetJointModule.json
-- Symlinking: /home/brone-ub/brone_main_ws/install/robotis_controller_msgs/share/robotis_controller_msgs/srv/SetModule.json
-- Symlinking: /home/brone-ub/brone_main_ws/install/robotis_controller_msgs/share/robotis_controller_msgs/srv/LoadOffset.json
-- Symlinking: /home/brone-ub/brone_main_ws/install/robotis_controller_msgs/include/robotis_controller_msgs/robotis_controller_msgs/msg/detail/joint_ctrl_module__functions.h
-- Symlinking: /home/brone-ub/brone_main_ws/install/robotis_controller_msgs/include/robotis_controller_msgs/robotis_controller_msgs/msg/detail/joint_ctrl_module__struct.h
-- Symlinking: /home/brone-ub/brone_main_ws/install/robotis_controller_msgs/include/robotis_controller_msgs/robotis_controller_msgs/msg/detail/joint_ctrl_module__type_support.h
-- Symlinking: /home/brone-ub/brone_main_ws/install/robotis_controller_msgs/include/robotis_controller_msgs/robotis_controller_msgs/msg/detail/status_msg__functions.h
-- Symlinking: /home/brone-ub/brone_main_ws/install/robotis_controller_msgs/include/robotis_controller_msgs/robotis_controller_msgs/msg/detail/status_msg__struct.h
-- Symlinking: /home/brone-ub/brone_main_ws/install/robotis_controller_msgs/include/robotis_controller_msgs/robotis_controller_msgs/msg/detail/status_msg__type_support.h
-- Symlinking: /home/brone-ub/brone_main_ws/install/robotis_controller_msgs/include/robotis_controller_msgs/robotis_controller_msgs/msg/detail/sync_write_item__functions.h
-- Symlinking: /home/brone-ub/brone_main_ws/install/robotis_controller_msgs/include/robotis_controller_msgs/robotis_controller_msgs/msg/detail/sync_write_item__struct.h
-- Symlinking: /home/brone-ub/brone_main_ws/install/robotis_controller_msgs/include/robotis_controller_msgs/robotis_controller_msgs/msg/detail/sync_write_item__type_support.h
-- Symlinking: /home/brone-ub/brone_main_ws/install/robotis_controller_msgs/include/robotis_controller_msgs/robotis_controller_msgs/msg/detail/write_control_table__functions.h
-- Symlinking: /home/brone-ub/brone_main_ws/install/robotis_controller_msgs/include/robotis_controller_msgs/robotis_controller_msgs/msg/detail/write_control_table__struct.h
-- Symlinking: /home/brone-ub/brone_main_ws/install/robotis_controller_msgs/include/robotis_controller_msgs/robotis_controller_msgs/msg/detail/write_control_table__type_support.h
-- Symlinking: /home/brone-ub/brone_main_ws/install/robotis_controller_msgs/include/robotis_controller_msgs/robotis_controller_msgs/msg/joint_ctrl_module.h
-- Symlinking: /home/brone-ub/brone_main_ws/install/robotis_controller_msgs/include/robotis_controller_msgs/robotis_controller_msgs/msg/rosidl_generator_c__visibility_control.h
-- Symlinking: /home/brone-ub/brone_main_ws/install/robotis_controller_msgs/include/robotis_controller_msgs/robotis_controller_msgs/msg/status_msg.h
-- Symlinking: /home/brone-ub/brone_main_ws/install/robotis_controller_msgs/include/robotis_controller_msgs/robotis_controller_msgs/msg/sync_write_item.h
-- Symlinking: /home/brone-ub/brone_main_ws/install/robotis_controller_msgs/include/robotis_controller_msgs/robotis_controller_msgs/msg/write_control_table.h
-- Symlinking: /home/brone-ub/brone_main_ws/install/robotis_controller_msgs/include/robotis_controller_msgs/robotis_controller_msgs/srv/detail/get_joint_module__functions.h
-- Symlinking: /home/brone-ub/brone_main_ws/install/robotis_controller_msgs/include/robotis_controller_msgs/robotis_controller_msgs/srv/detail/get_joint_module__struct.h
-- Symlinking: /home/brone-ub/brone_main_ws/install/robotis_controller_msgs/include/robotis_controller_msgs/robotis_controller_msgs/srv/detail/get_joint_module__type_support.h
-- Symlinking: /home/brone-ub/brone_main_ws/install/robotis_controller_msgs/include/robotis_controller_msgs/robotis_controller_msgs/srv/detail/load_offset__functions.h
-- Symlinking: /home/brone-ub/brone_main_ws/install/robotis_controller_msgs/include/robotis_controller_msgs/robotis_controller_msgs/srv/detail/load_offset__struct.h
-- Symlinking: /home/brone-ub/brone_main_ws/install/robotis_controller_msgs/include/robotis_controller_msgs/robotis_controller_msgs/srv/detail/load_offset__type_support.h
-- Symlinking: /home/brone-ub/brone_main_ws/install/robotis_controller_msgs/include/robotis_controller_msgs/robotis_controller_msgs/srv/detail/set_joint_module__functions.h
-- Symlinking: /home/brone-ub/brone_main_ws/install/robotis_controller_msgs/include/robotis_controller_msgs/robotis_controller_msgs/srv/detail/set_joint_module__struct.h
-- Symlinking: /home/brone-ub/brone_main_ws/install/robotis_controller_msgs/include/robotis_controller_msgs/robotis_controller_msgs/srv/detail/set_joint_module__type_support.h
-- Symlinking: /home/brone-ub/brone_main_ws/install/robotis_controller_msgs/include/robotis_controller_msgs/robotis_controller_msgs/srv/detail/set_module__functions.h
-- Symlinking: /home/brone-ub/brone_main_ws/install/robotis_controller_msgs/include/robotis_controller_msgs/robotis_controller_msgs/srv/detail/set_module__struct.h
-- Symlinking: /home/brone-ub/brone_main_ws/install/robotis_controller_msgs/include/robotis_controller_msgs/robotis_controller_msgs/srv/detail/set_module__type_support.h
-- Symlinking: /home/brone-ub/brone_main_ws/install/robotis_controller_msgs/include/robotis_controller_msgs/robotis_controller_msgs/srv/get_joint_module.h
-- Symlinking: /home/brone-ub/brone_main_ws/install/robotis_controller_msgs/include/robotis_controller_msgs/robotis_controller_msgs/srv/load_offset.h
-- Symlinking: /home/brone-ub/brone_main_ws/install/robotis_controller_msgs/include/robotis_controller_msgs/robotis_controller_msgs/srv/set_joint_module.h
-- Symlinking: /home/brone-ub/brone_main_ws/install/robotis_controller_msgs/include/robotis_controller_msgs/robotis_controller_msgs/srv/set_module.h
-- Symlinking: /home/brone-ub/brone_main_ws/install/robotis_controller_msgs/share/robotis_controller_msgs/environment/library_path.sh
-- Symlinking: /home/brone-ub/brone_main_ws/install/robotis_controller_msgs/share/robotis_controller_msgs/environment/library_path.dsv
-- Symlinking: /home/brone-ub/brone_main_ws/install/robotis_controller_msgs/include/robotis_controller_msgs/robotis_controller_msgs/msg/detail/joint_ctrl_module__rosidl_typesupport_fastrtps_c.h
-- Symlinking: /home/brone-ub/brone_main_ws/install/robotis_controller_msgs/include/robotis_controller_msgs/robotis_controller_msgs/msg/detail/status_msg__rosidl_typesupport_fastrtps_c.h
-- Symlinking: /home/brone-ub/brone_main_ws/install/robotis_controller_msgs/include/robotis_controller_msgs/robotis_controller_msgs/msg/detail/sync_write_item__rosidl_typesupport_fastrtps_c.h
-- Symlinking: /home/brone-ub/brone_main_ws/install/robotis_controller_msgs/include/robotis_controller_msgs/robotis_controller_msgs/msg/detail/write_control_table__rosidl_typesupport_fastrtps_c.h
-- Symlinking: /home/brone-ub/brone_main_ws/install/robotis_controller_msgs/include/robotis_controller_msgs/robotis_controller_msgs/msg/rosidl_typesupport_fastrtps_c__visibility_control.h
-- Symlinking: /home/brone-ub/brone_main_ws/install/robotis_controller_msgs/include/robotis_controller_msgs/robotis_controller_msgs/srv/detail/get_joint_module__rosidl_typesupport_fastrtps_c.h
-- Symlinking: /home/brone-ub/brone_main_ws/install/robotis_controller_msgs/include/robotis_controller_msgs/robotis_controller_msgs/srv/detail/load_offset__rosidl_typesupport_fastrtps_c.h
-- Symlinking: /home/brone-ub/brone_main_ws/install/robotis_controller_msgs/include/robotis_controller_msgs/robotis_controller_msgs/srv/detail/set_joint_module__rosidl_typesupport_fastrtps_c.h
-- Symlinking: /home/brone-ub/brone_main_ws/install/robotis_controller_msgs/include/robotis_controller_msgs/robotis_controller_msgs/srv/detail/set_module__rosidl_typesupport_fastrtps_c.h
-- Symlinking: /home/brone-ub/brone_main_ws/install/robotis_controller_msgs/include/robotis_controller_msgs/robotis_controller_msgs/msg/detail/joint_ctrl_module__builder.hpp
-- Symlinking: /home/brone-ub/brone_main_ws/install/robotis_controller_msgs/include/robotis_controller_msgs/robotis_controller_msgs/msg/detail/joint_ctrl_module__struct.hpp
-- Symlinking: /home/brone-ub/brone_main_ws/install/robotis_controller_msgs/include/robotis_controller_msgs/robotis_controller_msgs/msg/detail/joint_ctrl_module__traits.hpp
-- Symlinking: /home/brone-ub/brone_main_ws/install/robotis_controller_msgs/include/robotis_controller_msgs/robotis_controller_msgs/msg/detail/joint_ctrl_module__type_support.hpp
-- Symlinking: /home/brone-ub/brone_main_ws/install/robotis_controller_msgs/include/robotis_controller_msgs/robotis_controller_msgs/msg/detail/status_msg__builder.hpp
-- Symlinking: /home/brone-ub/brone_main_ws/install/robotis_controller_msgs/include/robotis_controller_msgs/robotis_controller_msgs/msg/detail/status_msg__struct.hpp
-- Symlinking: /home/brone-ub/brone_main_ws/install/robotis_controller_msgs/include/robotis_controller_msgs/robotis_controller_msgs/msg/detail/status_msg__traits.hpp
-- Symlinking: /home/brone-ub/brone_main_ws/install/robotis_controller_msgs/include/robotis_controller_msgs/robotis_controller_msgs/msg/detail/status_msg__type_support.hpp
-- Symlinking: /home/brone-ub/brone_main_ws/install/robotis_controller_msgs/include/robotis_controller_msgs/robotis_controller_msgs/msg/detail/sync_write_item__builder.hpp
-- Symlinking: /home/brone-ub/brone_main_ws/install/robotis_controller_msgs/include/robotis_controller_msgs/robotis_controller_msgs/msg/detail/sync_write_item__struct.hpp
-- Symlinking: /home/brone-ub/brone_main_ws/install/robotis_controller_msgs/include/robotis_controller_msgs/robotis_controller_msgs/msg/detail/sync_write_item__traits.hpp
-- Symlinking: /home/brone-ub/brone_main_ws/install/robotis_controller_msgs/include/robotis_controller_msgs/robotis_controller_msgs/msg/detail/sync_write_item__type_support.hpp
-- Symlinking: /home/brone-ub/brone_main_ws/install/robotis_controller_msgs/include/robotis_controller_msgs/robotis_controller_msgs/msg/detail/write_control_table__builder.hpp
-- Symlinking: /home/brone-ub/brone_main_ws/install/robotis_controller_msgs/include/robotis_controller_msgs/robotis_controller_msgs/msg/detail/write_control_table__struct.hpp
-- Symlinking: /home/brone-ub/brone_main_ws/install/robotis_controller_msgs/include/robotis_controller_msgs/robotis_controller_msgs/msg/detail/write_control_table__traits.hpp
-- Symlinking: /home/brone-ub/brone_main_ws/install/robotis_controller_msgs/include/robotis_controller_msgs/robotis_controller_msgs/msg/detail/write_control_table__type_support.hpp
-- Symlinking: /home/brone-ub/brone_main_ws/install/robotis_controller_msgs/include/robotis_controller_msgs/robotis_controller_msgs/msg/joint_ctrl_module.hpp
-- Symlinking: /home/brone-ub/brone_main_ws/install/robotis_controller_msgs/include/robotis_controller_msgs/robotis_controller_msgs/msg/rosidl_generator_cpp__visibility_control.hpp
-- Symlinking: /home/brone-ub/brone_main_ws/install/robotis_controller_msgs/include/robotis_controller_msgs/robotis_controller_msgs/msg/status_msg.hpp
-- Symlinking: /home/brone-ub/brone_main_ws/install/robotis_controller_msgs/include/robotis_controller_msgs/robotis_controller_msgs/msg/sync_write_item.hpp
-- Symlinking: /home/brone-ub/brone_main_ws/install/robotis_controller_msgs/include/robotis_controller_msgs/robotis_controller_msgs/msg/write_control_table.hpp
-- Symlinking: /home/brone-ub/brone_main_ws/install/robotis_controller_msgs/include/robotis_controller_msgs/robotis_controller_msgs/srv/detail/get_joint_module__builder.hpp
-- Symlinking: /home/brone-ub/brone_main_ws/install/robotis_controller_msgs/include/robotis_controller_msgs/robotis_controller_msgs/srv/detail/get_joint_module__struct.hpp
-- Symlinking: /home/brone-ub/brone_main_ws/install/robotis_controller_msgs/include/robotis_controller_msgs/robotis_controller_msgs/srv/detail/get_joint_module__traits.hpp
-- Symlinking: /home/brone-ub/brone_main_ws/install/robotis_controller_msgs/include/robotis_controller_msgs/robotis_controller_msgs/srv/detail/get_joint_module__type_support.hpp
-- Symlinking: /home/brone-ub/brone_main_ws/install/robotis_controller_msgs/include/robotis_controller_msgs/robotis_controller_msgs/srv/detail/load_offset__builder.hpp
-- Symlinking: /home/brone-ub/brone_main_ws/install/robotis_controller_msgs/include/robotis_controller_msgs/robotis_controller_msgs/srv/detail/load_offset__struct.hpp
-- Symlinking: /home/brone-ub/brone_main_ws/install/robotis_controller_msgs/include/robotis_controller_msgs/robotis_controller_msgs/srv/detail/load_offset__traits.hpp
-- Symlinking: /home/brone-ub/brone_main_ws/install/robotis_controller_msgs/include/robotis_controller_msgs/robotis_controller_msgs/srv/detail/load_offset__type_support.hpp
-- Symlinking: /home/brone-ub/brone_main_ws/install/robotis_controller_msgs/include/robotis_controller_msgs/robotis_controller_msgs/srv/detail/set_joint_module__builder.hpp
-- Symlinking: /home/brone-ub/brone_main_ws/install/robotis_controller_msgs/include/robotis_controller_msgs/robotis_controller_msgs/srv/detail/set_joint_module__struct.hpp
-- Symlinking: /home/brone-ub/brone_main_ws/install/robotis_controller_msgs/include/robotis_controller_msgs/robotis_controller_msgs/srv/detail/set_joint_module__traits.hpp
-- Symlinking: /home/brone-ub/brone_main_ws/install/robotis_controller_msgs/include/robotis_controller_msgs/robotis_controller_msgs/srv/detail/set_joint_module__type_support.hpp
-- Symlinking: /home/brone-ub/brone_main_ws/install/robotis_controller_msgs/include/robotis_controller_msgs/robotis_controller_msgs/srv/detail/set_module__builder.hpp
-- Symlinking: /home/brone-ub/brone_main_ws/install/robotis_controller_msgs/include/robotis_controller_msgs/robotis_controller_msgs/srv/detail/set_module__struct.hpp
-- Symlinking: /home/brone-ub/brone_main_ws/install/robotis_controller_msgs/include/robotis_controller_msgs/robotis_controller_msgs/srv/detail/set_module__traits.hpp
-- Symlinking: /home/brone-ub/brone_main_ws/install/robotis_controller_msgs/include/robotis_controller_msgs/robotis_controller_msgs/srv/detail/set_module__type_support.hpp
-- Symlinking: /home/brone-ub/brone_main_ws/install/robotis_controller_msgs/include/robotis_controller_msgs/robotis_controller_msgs/srv/get_joint_module.hpp
-- Symlinking: /home/brone-ub/brone_main_ws/install/robotis_controller_msgs/include/robotis_controller_msgs/robotis_controller_msgs/srv/load_offset.hpp
-- Symlinking: /home/brone-ub/brone_main_ws/install/robotis_controller_msgs/include/robotis_controller_msgs/robotis_controller_msgs/srv/set_joint_module.hpp
-- Symlinking: /home/brone-ub/brone_main_ws/install/robotis_controller_msgs/include/robotis_controller_msgs/robotis_controller_msgs/srv/set_module.hpp
-- Symlinking: /home/brone-ub/brone_main_ws/install/robotis_controller_msgs/include/robotis_controller_msgs/robotis_controller_msgs/msg/detail/joint_ctrl_module__rosidl_typesupport_fastrtps_cpp.hpp
-- Symlinking: /home/brone-ub/brone_main_ws/install/robotis_controller_msgs/include/robotis_controller_msgs/robotis_controller_msgs/msg/detail/status_msg__rosidl_typesupport_fastrtps_cpp.hpp
-- Symlinking: /home/brone-ub/brone_main_ws/install/robotis_controller_msgs/include/robotis_controller_msgs/robotis_controller_msgs/msg/detail/sync_write_item__rosidl_typesupport_fastrtps_cpp.hpp
-- Symlinking: /home/brone-ub/brone_main_ws/install/robotis_controller_msgs/include/robotis_controller_msgs/robotis_controller_msgs/msg/detail/write_control_table__rosidl_typesupport_fastrtps_cpp.hpp
-- Symlinking: /home/brone-ub/brone_main_ws/install/robotis_controller_msgs/include/robotis_controller_msgs/robotis_controller_msgs/msg/rosidl_typesupport_fastrtps_cpp__visibility_control.h
-- Symlinking: /home/brone-ub/brone_main_ws/install/robotis_controller_msgs/include/robotis_controller_msgs/robotis_controller_msgs/srv/detail/get_joint_module__rosidl_typesupport_fastrtps_cpp.hpp
-- Symlinking: /home/brone-ub/brone_main_ws/install/robotis_controller_msgs/include/robotis_controller_msgs/robotis_controller_msgs/srv/detail/load_offset__rosidl_typesupport_fastrtps_cpp.hpp
-- Symlinking: /home/brone-ub/brone_main_ws/install/robotis_controller_msgs/include/robotis_controller_msgs/robotis_controller_msgs/srv/detail/set_joint_module__rosidl_typesupport_fastrtps_cpp.hpp
-- Symlinking: /home/brone-ub/brone_main_ws/install/robotis_controller_msgs/include/robotis_controller_msgs/robotis_controller_msgs/srv/detail/set_module__rosidl_typesupport_fastrtps_cpp.hpp
-- Symlinking: /home/brone-ub/brone_main_ws/install/robotis_controller_msgs/include/robotis_controller_msgs/robotis_controller_msgs/msg/detail/joint_ctrl_module__rosidl_typesupport_introspection_c.h
-- Symlinking: /home/brone-ub/brone_main_ws/install/robotis_controller_msgs/include/robotis_controller_msgs/robotis_controller_msgs/msg/detail/status_msg__rosidl_typesupport_introspection_c.h
-- Symlinking: /home/brone-ub/brone_main_ws/install/robotis_controller_msgs/include/robotis_controller_msgs/robotis_controller_msgs/msg/detail/sync_write_item__rosidl_typesupport_introspection_c.h
-- Symlinking: /home/brone-ub/brone_main_ws/install/robotis_controller_msgs/include/robotis_controller_msgs/robotis_controller_msgs/msg/detail/write_control_table__rosidl_typesupport_introspection_c.h
-- Symlinking: /home/brone-ub/brone_main_ws/install/robotis_controller_msgs/include/robotis_controller_msgs/robotis_controller_msgs/msg/rosidl_typesupport_introspection_c__visibility_control.h
-- Symlinking: /home/brone-ub/brone_main_ws/install/robotis_controller_msgs/include/robotis_controller_msgs/robotis_controller_msgs/srv/detail/get_joint_module__rosidl_typesupport_introspection_c.h
-- Symlinking: /home/brone-ub/brone_main_ws/install/robotis_controller_msgs/include/robotis_controller_msgs/robotis_controller_msgs/srv/detail/load_offset__rosidl_typesupport_introspection_c.h
-- Symlinking: /home/brone-ub/brone_main_ws/install/robotis_controller_msgs/include/robotis_controller_msgs/robotis_controller_msgs/srv/detail/set_joint_module__rosidl_typesupport_introspection_c.h
-- Symlinking: /home/brone-ub/brone_main_ws/install/robotis_controller_msgs/include/robotis_controller_msgs/robotis_controller_msgs/srv/detail/set_module__rosidl_typesupport_introspection_c.h
-- Symlinking: /home/brone-ub/brone_main_ws/install/robotis_controller_msgs/include/robotis_controller_msgs/robotis_controller_msgs/msg/detail/joint_ctrl_module__rosidl_typesupport_introspection_cpp.hpp
-- Symlinking: /home/brone-ub/brone_main_ws/install/robotis_controller_msgs/include/robotis_controller_msgs/robotis_controller_msgs/msg/detail/status_msg__rosidl_typesupport_introspection_cpp.hpp
-- Symlinking: /home/brone-ub/brone_main_ws/install/robotis_controller_msgs/include/robotis_controller_msgs/robotis_controller_msgs/msg/detail/sync_write_item__rosidl_typesupport_introspection_cpp.hpp
-- Symlinking: /home/brone-ub/brone_main_ws/install/robotis_controller_msgs/include/robotis_controller_msgs/robotis_controller_msgs/msg/detail/write_control_table__rosidl_typesupport_introspection_cpp.hpp
-- Symlinking: /home/brone-ub/brone_main_ws/install/robotis_controller_msgs/include/robotis_controller_msgs/robotis_controller_msgs/srv/detail/get_joint_module__rosidl_typesupport_introspection_cpp.hpp
-- Symlinking: /home/brone-ub/brone_main_ws/install/robotis_controller_msgs/include/robotis_controller_msgs/robotis_controller_msgs/srv/detail/load_offset__rosidl_typesupport_introspection_cpp.hpp
-- Symlinking: /home/brone-ub/brone_main_ws/install/robotis_controller_msgs/include/robotis_controller_msgs/robotis_controller_msgs/srv/detail/set_joint_module__rosidl_typesupport_introspection_cpp.hpp
-- Symlinking: /home/brone-ub/brone_main_ws/install/robotis_controller_msgs/include/robotis_controller_msgs/robotis_controller_msgs/srv/detail/set_module__rosidl_typesupport_introspection_cpp.hpp
-- Symlinking: /home/brone-ub/brone_main_ws/install/robotis_controller_msgs/share/robotis_controller_msgs/environment/pythonpath.sh
-- Symlinking: /home/brone-ub/brone_main_ws/install/robotis_controller_msgs/share/robotis_controller_msgs/environment/pythonpath.dsv
-- Symlinking: /home/brone-ub/brone_main_ws/install/robotis_controller_msgs/lib/python3.12/site-packages/robotis_controller_msgs-0.1.4-py3.12.egg-info/PKG-INFO
-- Symlinking: /home/brone-ub/brone_main_ws/install/robotis_controller_msgs/lib/python3.12/site-packages/robotis_controller_msgs-0.1.4-py3.12.egg-info/SOURCES.txt
-- Symlinking: /home/brone-ub/brone_main_ws/install/robotis_controller_msgs/lib/python3.12/site-packages/robotis_controller_msgs-0.1.4-py3.12.egg-info/dependency_links.txt
-- Symlinking: /home/brone-ub/brone_main_ws/install/robotis_controller_msgs/lib/python3.12/site-packages/robotis_controller_msgs-0.1.4-py3.12.egg-info/top_level.txt
-- Symlinking: /home/brone-ub/brone_main_ws/install/robotis_controller_msgs/lib/python3.12/site-packages/robotis_controller_msgs/__init__.py
-- Symlinking: /home/brone-ub/brone_main_ws/install/robotis_controller_msgs/lib/python3.12/site-packages/robotis_controller_msgs/_robotis_controller_msgs_s.ep.rosidl_typesupport_c.c
-- Symlinking: /home/brone-ub/brone_main_ws/install/robotis_controller_msgs/lib/python3.12/site-packages/robotis_controller_msgs/_robotis_controller_msgs_s.ep.rosidl_typesupport_fastrtps_c.c
-- Symlinking: /home/brone-ub/brone_main_ws/install/robotis_controller_msgs/lib/python3.12/site-packages/robotis_controller_msgs/_robotis_controller_msgs_s.ep.rosidl_typesupport_introspection_c.c
-- Symlinking: /home/brone-ub/brone_main_ws/install/robotis_controller_msgs/lib/python3.12/site-packages/robotis_controller_msgs/msg/__init__.py
-- Symlinking: /home/brone-ub/brone_main_ws/install/robotis_controller_msgs/lib/python3.12/site-packages/robotis_controller_msgs/msg/_joint_ctrl_module.py
-- Symlinking: /home/brone-ub/brone_main_ws/install/robotis_controller_msgs/lib/python3.12/site-packages/robotis_controller_msgs/msg/_joint_ctrl_module_s.c
-- Symlinking: /home/brone-ub/brone_main_ws/install/robotis_controller_msgs/lib/python3.12/site-packages/robotis_controller_msgs/msg/_status_msg.py
-- Symlinking: /home/brone-ub/brone_main_ws/install/robotis_controller_msgs/lib/python3.12/site-packages/robotis_controller_msgs/msg/_status_msg_s.c
-- Symlinking: /home/brone-ub/brone_main_ws/install/robotis_controller_msgs/lib/python3.12/site-packages/robotis_controller_msgs/msg/_sync_write_item.py
-- Symlinking: /home/brone-ub/brone_main_ws/install/robotis_controller_msgs/lib/python3.12/site-packages/robotis_controller_msgs/msg/_sync_write_item_s.c
-- Symlinking: /home/brone-ub/brone_main_ws/install/robotis_controller_msgs/lib/python3.12/site-packages/robotis_controller_msgs/msg/_write_control_table.py
-- Symlinking: /home/brone-ub/brone_main_ws/install/robotis_controller_msgs/lib/python3.12/site-packages/robotis_controller_msgs/msg/_write_control_table_s.c
-- Symlinking: /home/brone-ub/brone_main_ws/install/robotis_controller_msgs/lib/python3.12/site-packages/robotis_controller_msgs/robotis_controller_msgs_s__rosidl_typesupport_c.so
-- Symlinking: /home/brone-ub/brone_main_ws/install/robotis_controller_msgs/lib/python3.12/site-packages/robotis_controller_msgs/robotis_controller_msgs_s__rosidl_typesupport_fastrtps_c.so
-- Symlinking: /home/brone-ub/brone_main_ws/install/robotis_controller_msgs/lib/python3.12/site-packages/robotis_controller_msgs/robotis_controller_msgs_s__rosidl_typesupport_introspection_c.so
-- Symlinking: /home/brone-ub/brone_main_ws/install/robotis_controller_msgs/lib/python3.12/site-packages/robotis_controller_msgs/srv/__init__.py
-- Symlinking: /home/brone-ub/brone_main_ws/install/robotis_controller_msgs/lib/python3.12/site-packages/robotis_controller_msgs/srv/_get_joint_module.py
-- Symlinking: /home/brone-ub/brone_main_ws/install/robotis_controller_msgs/lib/python3.12/site-packages/robotis_controller_msgs/srv/_get_joint_module_s.c
-- Symlinking: /home/brone-ub/brone_main_ws/install/robotis_controller_msgs/lib/python3.12/site-packages/robotis_controller_msgs/srv/_load_offset.py
-- Symlinking: /home/brone-ub/brone_main_ws/install/robotis_controller_msgs/lib/python3.12/site-packages/robotis_controller_msgs/srv/_load_offset_s.c
-- Symlinking: /home/brone-ub/brone_main_ws/install/robotis_controller_msgs/lib/python3.12/site-packages/robotis_controller_msgs/srv/_set_joint_module.py
-- Symlinking: /home/brone-ub/brone_main_ws/install/robotis_controller_msgs/lib/python3.12/site-packages/robotis_controller_msgs/srv/_set_joint_module_s.c
-- Symlinking: /home/brone-ub/brone_main_ws/install/robotis_controller_msgs/lib/python3.12/site-packages/robotis_controller_msgs/srv/_set_module.py
-- Symlinking: /home/brone-ub/brone_main_ws/install/robotis_controller_msgs/lib/python3.12/site-packages/robotis_controller_msgs/srv/_set_module_s.c
-- Up-to-date symlink: /home/brone-ub/brone_main_ws/install/robotis_controller_msgs/lib/python3.12/site-packages/robotis_controller_msgs/robotis_controller_msgs_s__rosidl_typesupport_fastrtps_c.so
-- Up-to-date symlink: /home/brone-ub/brone_main_ws/install/robotis_controller_msgs/lib/python3.12/site-packages/robotis_controller_msgs/robotis_controller_msgs_s__rosidl_typesupport_introspection_c.so
-- Up-to-date symlink: /home/brone-ub/brone_main_ws/install/robotis_controller_msgs/lib/python3.12/site-packages/robotis_controller_msgs/robotis_controller_msgs_s__rosidl_typesupport_c.so
-- Symlinking: /home/brone-ub/brone_main_ws/install/robotis_controller_msgs/share/robotis_controller_msgs/msg/SyncWriteItem.idl
-- Symlinking: /home/brone-ub/brone_main_ws/install/robotis_controller_msgs/share/robotis_controller_msgs/msg/JointCtrlModule.idl
-- Symlinking: /home/brone-ub/brone_main_ws/install/robotis_controller_msgs/share/robotis_controller_msgs/msg/StatusMsg.idl
-- Symlinking: /home/brone-ub/brone_main_ws/install/robotis_controller_msgs/share/robotis_controller_msgs/msg/WriteControlTable.idl
-- Symlinking: /home/brone-ub/brone_main_ws/install/robotis_controller_msgs/share/robotis_controller_msgs/srv/GetJointModule.idl
-- Symlinking: /home/brone-ub/brone_main_ws/install/robotis_controller_msgs/share/robotis_controller_msgs/srv/SetJointModule.idl
-- Symlinking: /home/brone-ub/brone_main_ws/install/robotis_controller_msgs/share/robotis_controller_msgs/srv/SetModule.idl
-- Symlinking: /home/brone-ub/brone_main_ws/install/robotis_controller_msgs/share/robotis_controller_msgs/srv/LoadOffset.idl
-- Symlinking: /home/brone-ub/brone_main_ws/install/robotis_controller_msgs/share/robotis_controller_msgs/msg/SyncWriteItem.msg
-- Symlinking: /home/brone-ub/brone_main_ws/install/robotis_controller_msgs/share/robotis_controller_msgs/msg/JointCtrlModule.msg
-- Symlinking: /home/brone-ub/brone_main_ws/install/robotis_controller_msgs/share/robotis_controller_msgs/msg/StatusMsg.msg
-- Symlinking: /home/brone-ub/brone_main_ws/install/robotis_controller_msgs/share/robotis_controller_msgs/msg/WriteControlTable.msg
-- Symlinking: /home/brone-ub/brone_main_ws/install/robotis_controller_msgs/share/robotis_controller_msgs/srv/GetJointModule.srv
-- Symlinking: /home/brone-ub/brone_main_ws/install/robotis_controller_msgs/share/robotis_controller_msgs/srv/SetJointModule.srv
-- Symlinking: /home/brone-ub/brone_main_ws/install/robotis_controller_msgs/share/robotis_controller_msgs/srv/SetModule.srv
-- Symlinking: /home/brone-ub/brone_main_ws/install/robotis_controller_msgs/share/robotis_controller_msgs/srv/LoadOffset.srv
-- Symlinking: /home/brone-ub/brone_main_ws/install/robotis_controller_msgs/share/ament_index/resource_index/package_run_dependencies/robotis_controller_msgs
-- Symlinking: /home/brone-ub/brone_main_ws/install/robotis_controller_msgs/share/ament_index/resource_index/parent_prefix_path/robotis_controller_msgs
-- Symlinking: /home/brone-ub/brone_main_ws/install/robotis_controller_msgs/share/robotis_controller_msgs/environment/ament_prefix_path.sh
-- Symlinking: /home/brone-ub/brone_main_ws/install/robotis_controller_msgs/share/robotis_controller_msgs/environment/ament_prefix_path.dsv
-- Symlinking: /home/brone-ub/brone_main_ws/install/robotis_controller_msgs/share/robotis_controller_msgs/environment/path.sh
-- Symlinking: /home/brone-ub/brone_main_ws/install/robotis_controller_msgs/share/robotis_controller_msgs/environment/path.dsv
-- Symlinking: /home/brone-ub/brone_main_ws/install/robotis_controller_msgs/share/robotis_controller_msgs/local_setup.bash
-- Symlinking: /home/brone-ub/brone_main_ws/install/robotis_controller_msgs/share/robotis_controller_msgs/local_setup.sh
-- Symlinking: /home/brone-ub/brone_main_ws/install/robotis_controller_msgs/share/robotis_controller_msgs/local_setup.zsh
-- Symlinking: /home/brone-ub/brone_main_ws/install/robotis_controller_msgs/share/robotis_controller_msgs/local_setup.dsv
-- Symlinking: /home/brone-ub/brone_main_ws/install/robotis_controller_msgs/share/robotis_controller_msgs/package.dsv
-- Symlinking: /home/brone-ub/brone_main_ws/install/robotis_controller_msgs/share/ament_index/resource_index/packages/robotis_controller_msgs
-- Symlinking: /home/brone-ub/brone_main_ws/install/robotis_controller_msgs/share/robotis_controller_msgs/cmake/rosidl_cmake-extras.cmake
-- Symlinking: /home/brone-ub/brone_main_ws/install/robotis_controller_msgs/share/robotis_controller_msgs/cmake/ament_cmake_export_dependencies-extras.cmake
-- Symlinking: /home/brone-ub/brone_main_ws/install/robotis_controller_msgs/share/robotis_controller_msgs/cmake/ament_cmake_export_include_directories-extras.cmake
-- Symlinking: /home/brone-ub/brone_main_ws/install/robotis_controller_msgs/share/robotis_controller_msgs/cmake/ament_cmake_export_libraries-extras.cmake
-- Symlinking: /home/brone-ub/brone_main_ws/install/robotis_controller_msgs/share/robotis_controller_msgs/cmake/ament_cmake_export_targets-extras.cmake
-- Symlinking: /home/brone-ub/brone_main_ws/install/robotis_controller_msgs/share/robotis_controller_msgs/cmake/rosidl_cmake_export_typesupport_targets-extras.cmake
-- Symlinking: /home/brone-ub/brone_main_ws/install/robotis_controller_msgs/share/robotis_controller_msgs/cmake/rosidl_cmake_export_typesupport_libraries-extras.cmake
-- Symlinking: /home/brone-ub/brone_main_ws/install/robotis_controller_msgs/share/robotis_controller_msgs/cmake/robotis_controller_msgsConfig.cmake
-- Symlinking: /home/brone-ub/brone_main_ws/install/robotis_controller_msgs/share/robotis_controller_msgs/cmake/robotis_controller_msgsConfig-version.cmake
-- Symlinking: /home/brone-ub/brone_main_ws/install/robotis_controller_msgs/share/robotis_controller_msgs/package.xml
-- Installing: /home/brone-ub/brone_main_ws/install/robotis_controller_msgs/lib/librobotis_controller_msgs__rosidl_generator_c.so
-- Set non-toolchain portion of runtime path of "/home/brone-ub/brone_main_ws/install/robotis_controller_msgs/lib/librobotis_controller_msgs__rosidl_generator_c.so" to ""
-- Installing: /home/brone-ub/brone_main_ws/install/robotis_controller_msgs/lib/librobotis_controller_msgs__rosidl_typesupport_fastrtps_c.so
-- Set non-toolchain portion of runtime path of "/home/brone-ub/brone_main_ws/install/robotis_controller_msgs/lib/librobotis_controller_msgs__rosidl_typesupport_fastrtps_c.so" to ""
-- Installing: /home/brone-ub/brone_main_ws/install/robotis_controller_msgs/lib/librobotis_controller_msgs__rosidl_typesupport_fastrtps_cpp.so
-- Set non-toolchain portion of runtime path of "/home/brone-ub/brone_main_ws/install/robotis_controller_msgs/lib/librobotis_controller_msgs__rosidl_typesupport_fastrtps_cpp.so" to ""
-- Installing: /home/brone-ub/brone_main_ws/install/robotis_controller_msgs/lib/librobotis_controller_msgs__rosidl_typesupport_introspection_c.so
-- Set non-toolchain portion of runtime path of "/home/brone-ub/brone_main_ws/install/robotis_controller_msgs/lib/librobotis_controller_msgs__rosidl_typesupport_introspection_c.so" to ""
-- Installing: /home/brone-ub/brone_main_ws/install/robotis_controller_msgs/lib/librobotis_controller_msgs__rosidl_typesupport_c.so
-- Set non-toolchain portion of runtime path of "/home/brone-ub/brone_main_ws/install/robotis_controller_msgs/lib/librobotis_controller_msgs__rosidl_typesupport_c.so" to ""
-- Installing: /home/brone-ub/brone_main_ws/install/robotis_controller_msgs/lib/librobotis_controller_msgs__rosidl_typesupport_introspection_cpp.so
-- Set non-toolchain portion of runtime path of "/home/brone-ub/brone_main_ws/install/robotis_controller_msgs/lib/librobotis_controller_msgs__rosidl_typesupport_introspection_cpp.so" to ""
-- Installing: /home/brone-ub/brone_main_ws/install/robotis_controller_msgs/lib/librobotis_controller_msgs__rosidl_typesupport_cpp.so
-- Set non-toolchain portion of runtime path of "/home/brone-ub/brone_main_ws/install/robotis_controller_msgs/lib/librobotis_controller_msgs__rosidl_typesupport_cpp.so" to ""
Listing '/home/brone-ub/brone_main_ws/install/robotis_controller_msgs/lib/python3.12/site-packages/robotis_controller_msgs'...
Compiling '/home/brone-ub/brone_main_ws/install/robotis_controller_msgs/lib/python3.12/site-packages/robotis_controller_msgs/__init__.py'...
Listing '/home/brone-ub/brone_main_ws/install/robotis_controller_msgs/lib/python3.12/site-packages/robotis_controller_msgs/msg'...
Compiling '/home/brone-ub/brone_main_ws/install/robotis_controller_msgs/lib/python3.12/site-packages/robotis_controller_msgs/msg/__init__.py'...
Compiling '/home/brone-ub/brone_main_ws/install/robotis_controller_msgs/lib/python3.12/site-packages/robotis_controller_msgs/msg/_joint_ctrl_module.py'...
Compiling '/home/brone-ub/brone_main_ws/install/robotis_controller_msgs/lib/python3.12/site-packages/robotis_controller_msgs/msg/_status_msg.py'...
Compiling '/home/brone-ub/brone_main_ws/install/robotis_controller_msgs/lib/python3.12/site-packages/robotis_controller_msgs/msg/_sync_write_item.py'...
Compiling '/home/brone-ub/brone_main_ws/install/robotis_controller_msgs/lib/python3.12/site-packages/robotis_controller_msgs/msg/_write_control_table.py'...
Listing '/home/brone-ub/brone_main_ws/install/robotis_controller_msgs/lib/python3.12/site-packages/robotis_controller_msgs/srv'...
Compiling '/home/brone-ub/brone_main_ws/install/robotis_controller_msgs/lib/python3.12/site-packages/robotis_controller_msgs/srv/__init__.py'...
Compiling '/home/brone-ub/brone_main_ws/install/robotis_controller_msgs/lib/python3.12/site-packages/robotis_controller_msgs/srv/_get_joint_module.py'...
Compiling '/home/brone-ub/brone_main_ws/install/robotis_controller_msgs/lib/python3.12/site-packages/robotis_controller_msgs/srv/_load_offset.py'...
Compiling '/home/brone-ub/brone_main_ws/install/robotis_controller_msgs/lib/python3.12/site-packages/robotis_controller_msgs/srv/_set_joint_module.py'...
Compiling '/home/brone-ub/brone_main_ws/install/robotis_controller_msgs/lib/python3.12/site-packages/robotis_controller_msgs/srv/_set_module.py'...
-- Installing: /home/brone-ub/brone_main_ws/install/robotis_controller_msgs/lib/librobotis_controller_msgs__rosidl_generator_py.so
-- Set non-toolchain portion of runtime path of "/home/brone-ub/brone_main_ws/install/robotis_controller_msgs/lib/librobotis_controller_msgs__rosidl_generator_py.so" to ""
-- Installing: /home/brone-ub/brone_main_ws/install/robotis_controller_msgs/share/robotis_controller_msgs/cmake/export_robotis_controller_msgs__rosidl_generator_cExport.cmake
-- Installing: /home/brone-ub/brone_main_ws/install/robotis_controller_msgs/share/robotis_controller_msgs/cmake/export_robotis_controller_msgs__rosidl_generator_cExport-release.cmake
-- Installing: /home/brone-ub/brone_main_ws/install/robotis_controller_msgs/share/robotis_controller_msgs/cmake/export_robotis_controller_msgs__rosidl_typesupport_fastrtps_cExport.cmake
-- Installing: /home/brone-ub/brone_main_ws/install/robotis_controller_msgs/share/robotis_controller_msgs/cmake/export_robotis_controller_msgs__rosidl_typesupport_fastrtps_cExport-release.cmake
-- Installing: /home/brone-ub/brone_main_ws/install/robotis_controller_msgs/share/robotis_controller_msgs/cmake/export_robotis_controller_msgs__rosidl_generator_cppExport.cmake
-- Installing: /home/brone-ub/brone_main_ws/install/robotis_controller_msgs/share/robotis_controller_msgs/cmake/export_robotis_controller_msgs__rosidl_typesupport_fastrtps_cppExport.cmake
-- Installing: /home/brone-ub/brone_main_ws/install/robotis_controller_msgs/share/robotis_controller_msgs/cmake/export_robotis_controller_msgs__rosidl_typesupport_fastrtps_cppExport-release.cmake
-- Installing: /home/brone-ub/brone_main_ws/install/robotis_controller_msgs/share/robotis_controller_msgs/cmake/robotis_controller_msgs__rosidl_typesupport_introspection_cExport.cmake
-- Installing: /home/brone-ub/brone_main_ws/install/robotis_controller_msgs/share/robotis_controller_msgs/cmake/robotis_controller_msgs__rosidl_typesupport_introspection_cExport-release.cmake
-- Installing: /home/brone-ub/brone_main_ws/install/robotis_controller_msgs/share/robotis_controller_msgs/cmake/robotis_controller_msgs__rosidl_typesupport_cExport.cmake
-- Installing: /home/brone-ub/brone_main_ws/install/robotis_controller_msgs/share/robotis_controller_msgs/cmake/robotis_controller_msgs__rosidl_typesupport_cExport-release.cmake
-- Installing: /home/brone-ub/brone_main_ws/install/robotis_controller_msgs/share/robotis_controller_msgs/cmake/robotis_controller_msgs__rosidl_typesupport_introspection_cppExport.cmake
-- Installing: /home/brone-ub/brone_main_ws/install/robotis_controller_msgs/share/robotis_controller_msgs/cmake/robotis_controller_msgs__rosidl_typesupport_introspection_cppExport-release.cmake
-- Installing: /home/brone-ub/brone_main_ws/install/robotis_controller_msgs/share/robotis_controller_msgs/cmake/robotis_controller_msgs__rosidl_typesupport_cppExport.cmake
-- Installing: /home/brone-ub/brone_main_ws/install/robotis_controller_msgs/share/robotis_controller_msgs/cmake/robotis_controller_msgs__rosidl_typesupport_cppExport-release.cmake
-- Installing: /home/brone-ub/brone_main_ws/install/robotis_controller_msgs/share/robotis_controller_msgs/cmake/export_robotis_controller_msgs__rosidl_generator_pyExport.cmake
-- Installing: /home/brone-ub/brone_main_ws/install/robotis_controller_msgs/share/robotis_controller_msgs/cmake/export_robotis_controller_msgs__rosidl_generator_pyExport-release.cmake
