[0.037s] Invoking command in '/home/brone-ub/brone_main_ws/build/ros_madplay_player': CMAKE_PREFIX_PATH=${CMAKE_PREFIX_PATH}:/home/brone-ub/robotis_ws/install/algo_gaze:/home/brone-ub/robotis_ws/install/brone_gaze:/opt/ros/jazzy DEBUGINFOD_URLS=https://debuginfod.ubuntu.com PS1=(.venv) \[\e]0;\u@\h: \w\a\]${debian_chroot:+($debian_chroot)}\[\033[01;32m\]\u@\h\[\033[00m\]:\[\033[01;34m\]\w\[\033[00m\]\$ VIRTUAL_ENV_PROMPT=(.venv) /usr/bin/cmake /home/brone-ub/brone_main_ws/src/robotis_framework/ROBOTIS-Utility/ros_madplay_player -DCMAKE_BUILD_TYPE=Release -DAMENT_CMAKE_SYMLINK_INSTALL=1 -DCMAKE_INSTALL_PREFIX=/home/brone-ub/brone_main_ws/install/ros_madplay_player
[2.582s] -- The C compiler identification is GNU 13.3.0
[2.582s] -- The CXX compiler identification is GNU 13.3.0
[2.582s] -- Detecting C compiler ABI info
[2.582s] -- Detecting C compiler ABI info - done
[2.582s] -- Check for working C compiler: /usr/bin/cc - skipped
[2.582s] -- Detecting C compile features
[2.582s] -- Detecting C compile features - done
[2.582s] -- Detecting CXX compiler ABI info
[2.582s] -- Detecting CXX compiler ABI info - done
[2.582s] -- Check for working CXX compiler: /usr/bin/c++ - skipped
[2.582s] -- Detecting CXX compile features
[2.582s] -- Detecting CXX compile features - done
[2.583s] -- Found ament_cmake: 2.5.4 (/opt/ros/jazzy/share/ament_cmake/cmake)
[2.583s] -- Found Python3: /home/brone-ub/robotis_ws/.venv/bin/python3 (found version "3.12.3") found components: Interpreter 
[2.583s] -- Override CMake install command with custom implementation using symlinks instead of copying resources
[2.583s] -- Found rclcpp: 28.1.12 (/opt/ros/jazzy/share/rclcpp/cmake)
[2.583s] -- Found rosidl_generator_c: 4.6.6 (/opt/ros/jazzy/share/rosidl_generator_c/cmake)
[2.583s] -- Found rosidl_generator_cpp: 4.6.6 (/opt/ros/jazzy/share/rosidl_generator_cpp/cmake)
[2.583s] -- Using all available rosidl_typesupport_c: rosidl_typesupport_fastrtps_c;rosidl_typesupport_introspection_c
[2.583s] -- Using all available rosidl_typesupport_cpp: rosidl_typesupport_fastrtps_cpp;rosidl_typesupport_introspection_cpp
[2.583s] -- Found rmw_implementation_cmake: 7.3.2 (/opt/ros/jazzy/share/rmw_implementation_cmake/cmake)
[2.583s] -- Found rmw_cyclonedds_cpp: 2.2.3 (/opt/ros/jazzy/share/rmw_cyclonedds_cpp/cmake)
[2.583s] -- Using RMW implementation 'rmw_cyclonedds_cpp' as default
[2.583s] -- Found std_msgs: 5.3.6 (/opt/ros/jazzy/share/std_msgs/cmake)
[2.583s] -- Configuring done (2.5s)
[2.584s] -- Generating done (0.0s)
[2.584s] -- Build files have been written to: /home/brone-ub/brone_main_ws/build/ros_madplay_player
[2.606s] Invoked command in '/home/brone-ub/brone_main_ws/build/ros_madplay_player' returned '0': CMAKE_PREFIX_PATH=${CMAKE_PREFIX_PATH}:/home/brone-ub/robotis_ws/install/algo_gaze:/home/brone-ub/robotis_ws/install/brone_gaze:/opt/ros/jazzy DEBUGINFOD_URLS=https://debuginfod.ubuntu.com PS1=(.venv) \[\e]0;\u@\h: \w\a\]${debian_chroot:+($debian_chroot)}\[\033[01;32m\]\u@\h\[\033[00m\]:\[\033[01;34m\]\w\[\033[00m\]\$ VIRTUAL_ENV_PROMPT=(.venv) /usr/bin/cmake /home/brone-ub/brone_main_ws/src/robotis_framework/ROBOTIS-Utility/ros_madplay_player -DCMAKE_BUILD_TYPE=Release -DAMENT_CMAKE_SYMLINK_INSTALL=1 -DCMAKE_INSTALL_PREFIX=/home/brone-ub/brone_main_ws/install/ros_madplay_player
[2.606s] Invoking command in '/home/brone-ub/brone_main_ws/build/ros_madplay_player': CMAKE_PREFIX_PATH=${CMAKE_PREFIX_PATH}:/home/brone-ub/robotis_ws/install/algo_gaze:/home/brone-ub/robotis_ws/install/brone_gaze:/opt/ros/jazzy DEBUGINFOD_URLS=https://debuginfod.ubuntu.com PS1=(.venv) \[\e]0;\u@\h: \w\a\]${debian_chroot:+($debian_chroot)}\[\033[01;32m\]\u@\h\[\033[00m\]:\[\033[01;34m\]\w\[\033[00m\]\$ VIRTUAL_ENV_PROMPT=(.venv) /usr/bin/cmake --build /home/brone-ub/brone_main_ws/build/ros_madplay_player -- -j16 -l16
[7.290s] [ 50%] [32mBuilding CXX object CMakeFiles/ros_madplay_player.dir/src/ros_madplay_player.cpp.o[0m
[31.721s] [100%] [32m[1mLinking CXX executable ros_madplay_player[0m
[32.004s] [100%] Built target ros_madplay_player
[32.023s] Invoked command in '/home/brone-ub/brone_main_ws/build/ros_madplay_player' returned '0': CMAKE_PREFIX_PATH=${CMAKE_PREFIX_PATH}:/home/brone-ub/robotis_ws/install/algo_gaze:/home/brone-ub/robotis_ws/install/brone_gaze:/opt/ros/jazzy DEBUGINFOD_URLS=https://debuginfod.ubuntu.com PS1=(.venv) \[\e]0;\u@\h: \w\a\]${debian_chroot:+($debian_chroot)}\[\033[01;32m\]\u@\h\[\033[00m\]:\[\033[01;34m\]\w\[\033[00m\]\$ VIRTUAL_ENV_PROMPT=(.venv) /usr/bin/cmake --build /home/brone-ub/brone_main_ws/build/ros_madplay_player -- -j16 -l16
[32.024s] Invoking command in '/home/brone-ub/brone_main_ws/build/ros_madplay_player': CMAKE_PREFIX_PATH=${CMAKE_PREFIX_PATH}:/home/brone-ub/robotis_ws/install/algo_gaze:/home/brone-ub/robotis_ws/install/brone_gaze:/opt/ros/jazzy DEBUGINFOD_URLS=https://debuginfod.ubuntu.com PS1=(.venv) \[\e]0;\u@\h: \w\a\]${debian_chroot:+($debian_chroot)}\[\033[01;32m\]\u@\h\[\033[00m\]:\[\033[01;34m\]\w\[\033[00m\]\$ VIRTUAL_ENV_PROMPT=(.venv) /usr/bin/cmake --install /home/brone-ub/brone_main_ws/build/ros_madplay_player
[33.260s] -- Install configuration: "Release"
[33.261s] -- Execute custom install script
[33.261s] -- Symlinking: /home/brone-ub/brone_main_ws/install/ros_madplay_player/lib/ros_madplay_player/ros_madplay_player
[33.261s] -- Symlinking: /home/brone-ub/brone_main_ws/install/ros_madplay_player/include/ros_madplay_player/ros_madplay_player.h
[33.261s] -- Symlinking: /home/brone-ub/brone_main_ws/install/ros_madplay_player/share/ament_index/resource_index/package_run_dependencies/ros_madplay_player
[33.261s] -- Symlinking: /home/brone-ub/brone_main_ws/install/ros_madplay_player/share/ament_index/resource_index/parent_prefix_path/ros_madplay_player
[33.261s] -- Symlinking: /home/brone-ub/brone_main_ws/install/ros_madplay_player/share/ros_madplay_player/environment/ament_prefix_path.sh
[33.261s] -- Symlinking: /home/brone-ub/brone_main_ws/install/ros_madplay_player/share/ros_madplay_player/environment/ament_prefix_path.dsv
[33.261s] -- Symlinking: /home/brone-ub/brone_main_ws/install/ros_madplay_player/share/ros_madplay_player/environment/path.sh
[33.261s] -- Symlinking: /home/brone-ub/brone_main_ws/install/ros_madplay_player/share/ros_madplay_player/environment/path.dsv
[33.261s] -- Symlinking: /home/brone-ub/brone_main_ws/install/ros_madplay_player/share/ros_madplay_player/local_setup.bash
[33.261s] -- Symlinking: /home/brone-ub/brone_main_ws/install/ros_madplay_player/share/ros_madplay_player/local_setup.sh
[33.262s] -- Symlinking: /home/brone-ub/brone_main_ws/install/ros_madplay_player/share/ros_madplay_player/local_setup.zsh
[33.262s] -- Symlinking: /home/brone-ub/brone_main_ws/install/ros_madplay_player/share/ros_madplay_player/local_setup.dsv
[33.262s] -- Symlinking: /home/brone-ub/brone_main_ws/install/ros_madplay_player/share/ros_madplay_player/package.dsv
[33.262s] -- Symlinking: /home/brone-ub/brone_main_ws/install/ros_madplay_player/share/ament_index/resource_index/packages/ros_madplay_player
[33.262s] -- Symlinking: /home/brone-ub/brone_main_ws/install/ros_madplay_player/share/ros_madplay_player/cmake/ros_madplay_playerConfig.cmake
[33.262s] -- Symlinking: /home/brone-ub/brone_main_ws/install/ros_madplay_player/share/ros_madplay_player/cmake/ros_madplay_playerConfig-version.cmake
[33.263s] -- Symlinking: /home/brone-ub/brone_main_ws/install/ros_madplay_player/share/ros_madplay_player/package.xml
[33.268s] Invoked command in '/home/brone-ub/brone_main_ws/build/ros_madplay_player' returned '0': CMAKE_PREFIX_PATH=${CMAKE_PREFIX_PATH}:/home/brone-ub/robotis_ws/install/algo_gaze:/home/brone-ub/robotis_ws/install/brone_gaze:/opt/ros/jazzy DEBUGINFOD_URLS=https://debuginfod.ubuntu.com PS1=(.venv) \[\e]0;\u@\h: \w\a\]${debian_chroot:+($debian_chroot)}\[\033[01;32m\]\u@\h\[\033[00m\]:\[\033[01;34m\]\w\[\033[00m\]\$ VIRTUAL_ENV_PROMPT=(.venv) /usr/bin/cmake --install /home/brone-ub/brone_main_ws/build/ros_madplay_player
