[0.059s] Invoking command in '/home/brone-ub/brone_main_ws/build/dynamixel_sdk': CMAKE_PREFIX_PATH=${CMAKE_PREFIX_PATH}:/home/brone-ub/robotis_ws/install/algo_gaze:/home/brone-ub/robotis_ws/install/brone_gaze:/opt/ros/jazzy DEBUGINFOD_URLS=https://debuginfod.ubuntu.com PS1=(.venv) \[\e]0;\u@\h: \w\a\]${debian_chroot:+($debian_chroot)}\[\033[01;32m\]\u@\h\[\033[00m\]:\[\033[01;34m\]\w\[\033[00m\]\$ VIRTUAL_ENV_PROMPT=(.venv) /usr/bin/cmake /home/brone-ub/brone_main_ws/src/robotis_framework/DynamixelSDK/ros/dynamixel_sdk -DCMAKE_BUILD_TYPE=Release -DAMENT_CMAKE_SYMLINK_INSTALL=1 -DCMAKE_INSTALL_PREFIX=/home/brone-ub/brone_main_ws/install/dynamixel_sdk
[0.304s] -- The C compiler identification is GNU 13.3.0
[0.429s] -- The CXX compiler identification is GNU 13.3.0
[0.447s] -- Detecting C compiler ABI info
[0.790s] -- Detecting C compiler ABI info - done
[0.798s] -- Check for working C compiler: /usr/bin/cc - skipped
[0.798s] -- Detecting C compile features
[0.798s] -- Detecting C compile features - done
[0.809s] -- Detecting CXX compiler ABI info
[1.174s] -- Detecting CXX compiler ABI info - done
[1.185s] -- Check for working CXX compiler: /usr/bin/c++ - skipped
[1.185s] -- Detecting CXX compile features
[1.186s] -- Detecting CXX compile features - done
[1.192s] -- Found ament_cmake: 2.5.4 (/opt/ros/jazzy/share/ament_cmake/cmake)
[1.382s] -- Found Python3: /home/brone-ub/robotis_ws/.venv/bin/python3 (found version "3.12.3") found components: Interpreter 
[1.519s] -- Override CMake install command with custom implementation using symlinks instead of copying resources
[1.827s] -- Configuring done (1.8s)
[1.831s] -- Generating done (0.0s)
[1.833s] -- Build files have been written to: /home/brone-ub/brone_main_ws/build/dynamixel_sdk
[1.839s] Invoked command in '/home/brone-ub/brone_main_ws/build/dynamixel_sdk' returned '0': CMAKE_PREFIX_PATH=${CMAKE_PREFIX_PATH}:/home/brone-ub/robotis_ws/install/algo_gaze:/home/brone-ub/robotis_ws/install/brone_gaze:/opt/ros/jazzy DEBUGINFOD_URLS=https://debuginfod.ubuntu.com PS1=(.venv) \[\e]0;\u@\h: \w\a\]${debian_chroot:+($debian_chroot)}\[\033[01;32m\]\u@\h\[\033[00m\]:\[\033[01;34m\]\w\[\033[00m\]\$ VIRTUAL_ENV_PROMPT=(.venv) /usr/bin/cmake /home/brone-ub/brone_main_ws/src/robotis_framework/DynamixelSDK/ros/dynamixel_sdk -DCMAKE_BUILD_TYPE=Release -DAMENT_CMAKE_SYMLINK_INSTALL=1 -DCMAKE_INSTALL_PREFIX=/home/brone-ub/brone_main_ws/install/dynamixel_sdk
[1.840s] Invoking command in '/home/brone-ub/brone_main_ws/build/dynamixel_sdk': CMAKE_PREFIX_PATH=${CMAKE_PREFIX_PATH}:/home/brone-ub/robotis_ws/install/algo_gaze:/home/brone-ub/robotis_ws/install/brone_gaze:/opt/ros/jazzy DEBUGINFOD_URLS=https://debuginfod.ubuntu.com PS1=(.venv) \[\e]0;\u@\h: \w\a\]${debian_chroot:+($debian_chroot)}\[\033[01;32m\]\u@\h\[\033[00m\]:\[\033[01;34m\]\w\[\033[00m\]\$ VIRTUAL_ENV_PROMPT=(.venv) /usr/bin/cmake --build /home/brone-ub/brone_main_ws/build/dynamixel_sdk -- -j16 -l16
[2.638s] [ 15%] [32mBuilding CXX object CMakeFiles/dynamixel_sdk.dir/src/dynamixel_sdk/packet_handler.cpp.o[0m
[2.639s] [ 15%] [32mBuilding CXX object CMakeFiles/dynamixel_sdk.dir/src/dynamixel_sdk/protocol1_packet_handler.cpp.o[0m
[2.639s] [ 23%] [32mBuilding CXX object CMakeFiles/dynamixel_sdk.dir/src/dynamixel_sdk/group_bulk_write.cpp.o[0m
[2.639s] [ 46%] [32mBuilding CXX object CMakeFiles/dynamixel_sdk.dir/src/dynamixel_sdk/group_bulk_read.cpp.o[0m
[2.639s] [ 46%] [32mBuilding CXX object CMakeFiles/dynamixel_sdk.dir/src/dynamixel_sdk/protocol2_packet_handler.cpp.o[0m
[2.639s] [ 46%] [32mBuilding CXX object CMakeFiles/dynamixel_sdk.dir/src/dynamixel_sdk/group_sync_read.cpp.o[0m
[2.639s] [ 53%] [32mBuilding CXX object CMakeFiles/dynamixel_sdk.dir/src/dynamixel_sdk/group_fast_sync_read.cpp.o[0m
[2.639s] [ 61%] [32mBuilding CXX object CMakeFiles/dynamixel_sdk.dir/src/dynamixel_sdk/port_handler.cpp.o[0m
[2.639s] [ 69%] [32mBuilding CXX object CMakeFiles/dynamixel_sdk.dir/src/dynamixel_sdk/group_sync_write.cpp.o[0m
[2.639s] [ 76%] [32mBuilding CXX object CMakeFiles/dynamixel_sdk.dir/src/dynamixel_sdk/group_fast_bulk_read.cpp.o[0m
[2.639s] [ 84%] Built target ament_cmake_python_symlink_dynamixel_sdk
[2.639s] [ 84%] [32mBuilding CXX object CMakeFiles/dynamixel_sdk.dir/src/dynamixel_sdk/port_handler_linux.cpp.o[0m
[2.639s] [ 92%] [32mBuilding CXX object CMakeFiles/dynamixel_sdk.dir/src/dynamixel_sdk/group_handler.cpp.o[0m
[2.639s] running egg_info
[2.653s] creating dynamixel_sdk.egg-info
[2.653s] writing dynamixel_sdk.egg-info/PKG-INFO
[2.654s] writing dependency_links to dynamixel_sdk.egg-info/dependency_links.txt
[2.657s] writing top-level names to dynamixel_sdk.egg-info/top_level.txt
[2.657s] writing manifest file 'dynamixel_sdk.egg-info/SOURCES.txt'
[2.769s] reading manifest file 'dynamixel_sdk.egg-info/SOURCES.txt'
[2.771s] writing manifest file 'dynamixel_sdk.egg-info/SOURCES.txt'
[2.876s] [ 92%] Built target ament_cmake_python_build_dynamixel_sdk_egg
[2.955s] [100%] [32m[1mLinking CXX shared library libdynamixel_sdk.so[0m
[3.135s] [100%] Built target dynamixel_sdk
[3.179s] Invoked command in '/home/brone-ub/brone_main_ws/build/dynamixel_sdk' returned '0': CMAKE_PREFIX_PATH=${CMAKE_PREFIX_PATH}:/home/brone-ub/robotis_ws/install/algo_gaze:/home/brone-ub/robotis_ws/install/brone_gaze:/opt/ros/jazzy DEBUGINFOD_URLS=https://debuginfod.ubuntu.com PS1=(.venv) \[\e]0;\u@\h: \w\a\]${debian_chroot:+($debian_chroot)}\[\033[01;32m\]\u@\h\[\033[00m\]:\[\033[01;34m\]\w\[\033[00m\]\$ VIRTUAL_ENV_PROMPT=(.venv) /usr/bin/cmake --build /home/brone-ub/brone_main_ws/build/dynamixel_sdk -- -j16 -l16
[3.209s] Invoking command in '/home/brone-ub/brone_main_ws/build/dynamixel_sdk': CMAKE_PREFIX_PATH=${CMAKE_PREFIX_PATH}:/home/brone-ub/robotis_ws/install/algo_gaze:/home/brone-ub/robotis_ws/install/brone_gaze:/opt/ros/jazzy DEBUGINFOD_URLS=https://debuginfod.ubuntu.com PS1=(.venv) \[\e]0;\u@\h: \w\a\]${debian_chroot:+($debian_chroot)}\[\033[01;32m\]\u@\h\[\033[00m\]:\[\033[01;34m\]\w\[\033[00m\]\$ VIRTUAL_ENV_PROMPT=(.venv) /usr/bin/cmake --install /home/brone-ub/brone_main_ws/build/dynamixel_sdk
[7.410s] -- Install configuration: "Release"
[7.410s] -- Execute custom install script
[7.410s] -- Symlinking: /home/brone-ub/brone_main_ws/install/dynamixel_sdk/include//dynamixel_sdk/dynamixel_sdk.h
[7.410s] -- Symlinking: /home/brone-ub/brone_main_ws/install/dynamixel_sdk/include//dynamixel_sdk/group_bulk_read.h
[7.410s] -- Symlinking: /home/brone-ub/brone_main_ws/install/dynamixel_sdk/include//dynamixel_sdk/group_bulk_write.h
[7.410s] -- Symlinking: /home/brone-ub/brone_main_ws/install/dynamixel_sdk/include//dynamixel_sdk/group_fast_bulk_read.h
[7.410s] -- Symlinking: /home/brone-ub/brone_main_ws/install/dynamixel_sdk/include//dynamixel_sdk/group_fast_sync_read.h
[7.410s] -- Symlinking: /home/brone-ub/brone_main_ws/install/dynamixel_sdk/include//dynamixel_sdk/group_handler.h
[7.410s] -- Symlinking: /home/brone-ub/brone_main_ws/install/dynamixel_sdk/include//dynamixel_sdk/group_sync_read.h
[7.410s] -- Symlinking: /home/brone-ub/brone_main_ws/install/dynamixel_sdk/include//dynamixel_sdk/group_sync_write.h
[7.410s] -- Symlinking: /home/brone-ub/brone_main_ws/install/dynamixel_sdk/include//dynamixel_sdk/packet_handler.h
[7.410s] -- Symlinking: /home/brone-ub/brone_main_ws/install/dynamixel_sdk/include//dynamixel_sdk/port_handler.h
[7.410s] -- Symlinking: /home/brone-ub/brone_main_ws/install/dynamixel_sdk/include//dynamixel_sdk/port_handler_arduino.h
[7.411s] -- Symlinking: /home/brone-ub/brone_main_ws/install/dynamixel_sdk/include//dynamixel_sdk/port_handler_linux.h
[7.411s] -- Symlinking: /home/brone-ub/brone_main_ws/install/dynamixel_sdk/include//dynamixel_sdk/port_handler_mac.h
[7.411s] -- Symlinking: /home/brone-ub/brone_main_ws/install/dynamixel_sdk/include//dynamixel_sdk/port_handler_windows.h
[7.411s] -- Symlinking: /home/brone-ub/brone_main_ws/install/dynamixel_sdk/include//dynamixel_sdk/protocol1_packet_handler.h
[7.411s] -- Symlinking: /home/brone-ub/brone_main_ws/install/dynamixel_sdk/include//dynamixel_sdk/protocol2_packet_handler.h
[7.411s] -- Symlinking: /home/brone-ub/brone_main_ws/install/dynamixel_sdk/share/dynamixel_sdk/environment/pythonpath.sh
[7.411s] -- Symlinking: /home/brone-ub/brone_main_ws/install/dynamixel_sdk/share/dynamixel_sdk/environment/pythonpath.dsv
[7.411s] -- Symlinking: /home/brone-ub/brone_main_ws/install/dynamixel_sdk/lib/python3.12/site-packages/dynamixel_sdk-3.8.4-py3.12.egg-info/PKG-INFO
[7.411s] -- Symlinking: /home/brone-ub/brone_main_ws/install/dynamixel_sdk/lib/python3.12/site-packages/dynamixel_sdk-3.8.4-py3.12.egg-info/SOURCES.txt
[7.411s] -- Symlinking: /home/brone-ub/brone_main_ws/install/dynamixel_sdk/lib/python3.12/site-packages/dynamixel_sdk-3.8.4-py3.12.egg-info/dependency_links.txt
[7.411s] -- Symlinking: /home/brone-ub/brone_main_ws/install/dynamixel_sdk/lib/python3.12/site-packages/dynamixel_sdk-3.8.4-py3.12.egg-info/top_level.txt
[7.411s] -- Symlinking: /home/brone-ub/brone_main_ws/install/dynamixel_sdk/lib/python3.12/site-packages/dynamixel_sdk/__init__.py
[7.411s] -- Symlinking: /home/brone-ub/brone_main_ws/install/dynamixel_sdk/lib/python3.12/site-packages/dynamixel_sdk/group_bulk_read.cpp
[7.411s] -- Symlinking: /home/brone-ub/brone_main_ws/install/dynamixel_sdk/lib/python3.12/site-packages/dynamixel_sdk/group_bulk_read.py
[7.411s] -- Symlinking: /home/brone-ub/brone_main_ws/install/dynamixel_sdk/lib/python3.12/site-packages/dynamixel_sdk/group_bulk_write.cpp
[7.412s] -- Symlinking: /home/brone-ub/brone_main_ws/install/dynamixel_sdk/lib/python3.12/site-packages/dynamixel_sdk/group_bulk_write.py
[7.412s] -- Symlinking: /home/brone-ub/brone_main_ws/install/dynamixel_sdk/lib/python3.12/site-packages/dynamixel_sdk/group_fast_bulk_read.cpp
[7.412s] -- Symlinking: /home/brone-ub/brone_main_ws/install/dynamixel_sdk/lib/python3.12/site-packages/dynamixel_sdk/group_fast_sync_read.cpp
[7.412s] -- Symlinking: /home/brone-ub/brone_main_ws/install/dynamixel_sdk/lib/python3.12/site-packages/dynamixel_sdk/group_handler.cpp
[7.412s] -- Symlinking: /home/brone-ub/brone_main_ws/install/dynamixel_sdk/lib/python3.12/site-packages/dynamixel_sdk/group_sync_read.cpp
[7.412s] -- Symlinking: /home/brone-ub/brone_main_ws/install/dynamixel_sdk/lib/python3.12/site-packages/dynamixel_sdk/group_sync_read.py
[7.412s] -- Symlinking: /home/brone-ub/brone_main_ws/install/dynamixel_sdk/lib/python3.12/site-packages/dynamixel_sdk/group_sync_write.cpp
[7.412s] -- Symlinking: /home/brone-ub/brone_main_ws/install/dynamixel_sdk/lib/python3.12/site-packages/dynamixel_sdk/group_sync_write.py
[7.412s] -- Symlinking: /home/brone-ub/brone_main_ws/install/dynamixel_sdk/lib/python3.12/site-packages/dynamixel_sdk/packet_handler.cpp
[7.412s] -- Symlinking: /home/brone-ub/brone_main_ws/install/dynamixel_sdk/lib/python3.12/site-packages/dynamixel_sdk/packet_handler.py
[7.412s] -- Symlinking: /home/brone-ub/brone_main_ws/install/dynamixel_sdk/lib/python3.12/site-packages/dynamixel_sdk/port_handler.cpp
[7.412s] -- Symlinking: /home/brone-ub/brone_main_ws/install/dynamixel_sdk/lib/python3.12/site-packages/dynamixel_sdk/port_handler.py
[7.412s] -- Symlinking: /home/brone-ub/brone_main_ws/install/dynamixel_sdk/lib/python3.12/site-packages/dynamixel_sdk/port_handler_arduino.cpp
[7.412s] -- Symlinking: /home/brone-ub/brone_main_ws/install/dynamixel_sdk/lib/python3.12/site-packages/dynamixel_sdk/port_handler_linux.cpp
[7.412s] -- Symlinking: /home/brone-ub/brone_main_ws/install/dynamixel_sdk/lib/python3.12/site-packages/dynamixel_sdk/port_handler_mac.cpp
[7.412s] -- Symlinking: /home/brone-ub/brone_main_ws/install/dynamixel_sdk/lib/python3.12/site-packages/dynamixel_sdk/port_handler_windows.cpp
[7.413s] -- Symlinking: /home/brone-ub/brone_main_ws/install/dynamixel_sdk/lib/python3.12/site-packages/dynamixel_sdk/protocol1_packet_handler.cpp
[7.413s] -- Symlinking: /home/brone-ub/brone_main_ws/install/dynamixel_sdk/lib/python3.12/site-packages/dynamixel_sdk/protocol1_packet_handler.py
[7.413s] -- Symlinking: /home/brone-ub/brone_main_ws/install/dynamixel_sdk/lib/python3.12/site-packages/dynamixel_sdk/protocol2_packet_handler.cpp
[7.413s] -- Symlinking: /home/brone-ub/brone_main_ws/install/dynamixel_sdk/lib/python3.12/site-packages/dynamixel_sdk/protocol2_packet_handler.py
[7.413s] -- Symlinking: /home/brone-ub/brone_main_ws/install/dynamixel_sdk/lib/python3.12/site-packages/dynamixel_sdk/robotis_def.py
[7.413s] -- Symlinking: /home/brone-ub/brone_main_ws/install/dynamixel_sdk/share/dynamixel_sdk/environment/library_path.sh
[7.413s] -- Symlinking: /home/brone-ub/brone_main_ws/install/dynamixel_sdk/share/dynamixel_sdk/environment/library_path.dsv
[7.413s] -- Symlinking: /home/brone-ub/brone_main_ws/install/dynamixel_sdk/share/ament_index/resource_index/package_run_dependencies/dynamixel_sdk
[7.415s] -- Symlinking: /home/brone-ub/brone_main_ws/install/dynamixel_sdk/share/ament_index/resource_index/parent_prefix_path/dynamixel_sdk
[7.416s] -- Symlinking: /home/brone-ub/brone_main_ws/install/dynamixel_sdk/share/dynamixel_sdk/environment/ament_prefix_path.sh
[7.416s] -- Symlinking: /home/brone-ub/brone_main_ws/install/dynamixel_sdk/share/dynamixel_sdk/environment/ament_prefix_path.dsv
[7.416s] -- Symlinking: /home/brone-ub/brone_main_ws/install/dynamixel_sdk/share/dynamixel_sdk/environment/path.sh
[7.416s] -- Symlinking: /home/brone-ub/brone_main_ws/install/dynamixel_sdk/share/dynamixel_sdk/environment/path.dsv
[7.416s] -- Symlinking: /home/brone-ub/brone_main_ws/install/dynamixel_sdk/share/dynamixel_sdk/local_setup.bash
[7.416s] -- Symlinking: /home/brone-ub/brone_main_ws/install/dynamixel_sdk/share/dynamixel_sdk/local_setup.sh
[7.416s] -- Symlinking: /home/brone-ub/brone_main_ws/install/dynamixel_sdk/share/dynamixel_sdk/local_setup.zsh
[7.416s] -- Symlinking: /home/brone-ub/brone_main_ws/install/dynamixel_sdk/share/dynamixel_sdk/local_setup.dsv
[7.416s] -- Symlinking: /home/brone-ub/brone_main_ws/install/dynamixel_sdk/share/dynamixel_sdk/package.dsv
[7.416s] -- Symlinking: /home/brone-ub/brone_main_ws/install/dynamixel_sdk/share/ament_index/resource_index/packages/dynamixel_sdk
[7.417s] -- Symlinking: /home/brone-ub/brone_main_ws/install/dynamixel_sdk/share/dynamixel_sdk/cmake/ament_cmake_export_targets-extras.cmake
[7.417s] -- Symlinking: /home/brone-ub/brone_main_ws/install/dynamixel_sdk/share/dynamixel_sdk/cmake/ament_cmake_export_include_directories-extras.cmake
[7.417s] -- Symlinking: /home/brone-ub/brone_main_ws/install/dynamixel_sdk/share/dynamixel_sdk/cmake/ament_cmake_export_libraries-extras.cmake
[7.417s] -- Symlinking: /home/brone-ub/brone_main_ws/install/dynamixel_sdk/share/dynamixel_sdk/cmake/dynamixel_sdkConfig.cmake
[7.417s] -- Symlinking: /home/brone-ub/brone_main_ws/install/dynamixel_sdk/share/dynamixel_sdk/cmake/dynamixel_sdkConfig-version.cmake
[7.417s] -- Symlinking: /home/brone-ub/brone_main_ws/install/dynamixel_sdk/share/dynamixel_sdk/package.xml
[7.417s] -- Installing: /home/brone-ub/brone_main_ws/install/dynamixel_sdk/lib/libdynamixel_sdk.so
[7.417s] Listing '/home/brone-ub/brone_main_ws/install/dynamixel_sdk/lib/python3.12/site-packages/dynamixel_sdk'...
[7.417s] Compiling '/home/brone-ub/brone_main_ws/install/dynamixel_sdk/lib/python3.12/site-packages/dynamixel_sdk/__init__.py'...
[7.417s] Compiling '/home/brone-ub/brone_main_ws/install/dynamixel_sdk/lib/python3.12/site-packages/dynamixel_sdk/group_bulk_read.py'...
[7.417s] Compiling '/home/brone-ub/brone_main_ws/install/dynamixel_sdk/lib/python3.12/site-packages/dynamixel_sdk/group_bulk_write.py'...
[7.417s] Compiling '/home/brone-ub/brone_main_ws/install/dynamixel_sdk/lib/python3.12/site-packages/dynamixel_sdk/group_sync_read.py'...
[7.417s] Compiling '/home/brone-ub/brone_main_ws/install/dynamixel_sdk/lib/python3.12/site-packages/dynamixel_sdk/group_sync_write.py'...
[7.417s] Compiling '/home/brone-ub/brone_main_ws/install/dynamixel_sdk/lib/python3.12/site-packages/dynamixel_sdk/packet_handler.py'...
[7.418s] Compiling '/home/brone-ub/brone_main_ws/install/dynamixel_sdk/lib/python3.12/site-packages/dynamixel_sdk/port_handler.py'...
[7.418s] Compiling '/home/brone-ub/brone_main_ws/install/dynamixel_sdk/lib/python3.12/site-packages/dynamixel_sdk/protocol1_packet_handler.py'...
[7.418s] Compiling '/home/brone-ub/brone_main_ws/install/dynamixel_sdk/lib/python3.12/site-packages/dynamixel_sdk/protocol2_packet_handler.py'...
[7.418s] Compiling '/home/brone-ub/brone_main_ws/install/dynamixel_sdk/lib/python3.12/site-packages/dynamixel_sdk/robotis_def.py'...
[7.418s] -- Installing: /home/brone-ub/brone_main_ws/install/dynamixel_sdk/share/dynamixel_sdk/cmake/dynamixel_sdkExport.cmake
[7.418s] -- Installing: /home/brone-ub/brone_main_ws/install/dynamixel_sdk/share/dynamixel_sdk/cmake/dynamixel_sdkExport-release.cmake
[7.421s] Invoked command in '/home/brone-ub/brone_main_ws/build/dynamixel_sdk' returned '0': CMAKE_PREFIX_PATH=${CMAKE_PREFIX_PATH}:/home/brone-ub/robotis_ws/install/algo_gaze:/home/brone-ub/robotis_ws/install/brone_gaze:/opt/ros/jazzy DEBUGINFOD_URLS=https://debuginfod.ubuntu.com PS1=(.venv) \[\e]0;\u@\h: \w\a\]${debian_chroot:+($debian_chroot)}\[\033[01;32m\]\u@\h\[\033[00m\]:\[\033[01;34m\]\w\[\033[00m\]\$ VIRTUAL_ENV_PROMPT=(.venv) /usr/bin/cmake --install /home/brone-ub/brone_main_ws/build/dynamixel_sdk
