-- The C compiler identification is GNU 13.3.0
-- The CXX compiler identification is GNU 13.3.0
-- Detecting C compiler ABI info
-- Detecting C compiler ABI info - done
-- Check for working C compiler: /usr/bin/cc - skipped
-- Detecting C compile features
-- Detecting C compile features - done
-- Detecting CXX compiler ABI info
-- Detecting CXX compiler ABI info - done
-- Check for working CXX compiler: /usr/bin/c++ - skipped
-- Detecting CXX compile features
-- Detecting CXX compile features - done
-- Found ament_cmake: 2.5.4 (/opt/ros/jazzy/share/ament_cmake/cmake)
-- Found Python3: /home/brone-ub/robotis_ws/.venv/bin/python3 (found version "3.12.3") found components: Interpreter 
-- Override CMake install command with custom implementation using symlinks instead of copying resources
-- Found ament_index_cpp: 1.8.1 (/opt/ros/jazzy/share/ament_index_cpp/cmake)
-- Found rclcpp: 28.1.12 (/opt/ros/jazzy/share/rclcpp/cmake)
-- Found rosidl_generator_c: 4.6.6 (/opt/ros/jazzy/share/rosidl_generator_c/cmake)
-- Found rosidl_generator_cpp: 4.6.6 (/opt/ros/jazzy/share/rosidl_generator_cpp/cmake)
-- Using all available rosidl_typesupport_c: rosidl_typesupport_fastrtps_c;rosidl_typesupport_introspection_c
-- Using all available rosidl_typesupport_cpp: rosidl_typesupport_fastrtps_cpp;rosidl_typesupport_introspection_cpp
-- Found rmw_implementation_cmake: 7.3.2 (/opt/ros/jazzy/share/rmw_implementation_cmake/cmake)
-- Found rmw_cyclonedds_cpp: 2.2.3 (/opt/ros/jazzy/share/rmw_cyclonedds_cpp/cmake)
-- Using RMW implementation 'rmw_cyclonedds_cpp' as default
-- Found std_msgs: 5.3.6 (/opt/ros/jazzy/share/std_msgs/cmake)
-- Found sensor_msgs: 5.3.6 (/opt/ros/jazzy/share/sensor_msgs/cmake)
-- Found robotis_controller_msgs: 0.1.4 (/home/brone-ub/brone_main_ws/install/robotis_controller_msgs/share/robotis_controller_msgs/cmake)
-- Found op3_online_walking_module_msgs: 0.1.1 (/home/brone-ub/brone_main_ws/install/op3_online_walking_module_msgs/share/op3_online_walking_module_msgs/cmake)
-- Found dynamixel_sdk: 3.8.4 (/home/brone-ub/brone_main_ws/install/dynamixel_sdk/share/dynamixel_sdk/cmake)
-- Found robotis_framework_common: 0.2.9 (/home/brone-ub/brone_main_ws/install/robotis_framework_common/share/robotis_framework_common/cmake)
-- Found robotis_device: 0.2.9 (/home/brone-ub/brone_main_ws/install/robotis_device/share/robotis_device/cmake)
-- Found robotis_math: 0.2.6 (/home/brone-ub/brone_main_ws/install/robotis_math/share/robotis_math/cmake)
-- Found op3_balance_control: 0.2.1 (/home/brone-ub/brone_main_ws/install/op3_balance_control/share/op3_balance_control/cmake)
-- Found PkgConfig: /usr/bin/pkg-config (found version "1.8.1") 
-- Checking for module 'yaml-cpp'
--   Found yaml-cpp, version 0.8.0
-- Configuring done (1.8s)
-- Generating done (0.0s)
-- Build files have been written to: /home/brone-ub/brone_main_ws/build/op3_online_walking_module
[ 50%] [32mBuilding CXX object CMakeFiles/op3_online_walking_module.dir/src/walking_control.cpp.o[0m
[ 50%] [32mBuilding CXX object CMakeFiles/op3_online_walking_module.dir/src/joint_control.cpp.o[0m
[ 50%] [32mBuilding CXX object CMakeFiles/op3_online_walking_module.dir/src/online_walking_module.cpp.o[0m
[ 83%] [32mBuilding CXX object CMakeFiles/op3_online_walking_module.dir/src/wholebody_control.cpp.o[0m
[ 83%] [32mBuilding CXX object CMakeFiles/op3_online_walking_module.dir/src/op3_kdl.cpp.o[0m
[100%] [32m[1mLinking CXX shared library libop3_online_walking_module.so[0m
[100%] Built target op3_online_walking_module
-- Install configuration: "Release"
-- Execute custom install script
-- Symlinking: /home/brone-ub/brone_main_ws/install/op3_online_walking_module/lib/libop3_online_walking_module.so
-- Symlinking: /home/brone-ub/brone_main_ws/install/op3_online_walking_module/include/op3_online_walking_module/joint_control.h
-- Symlinking: /home/brone-ub/brone_main_ws/install/op3_online_walking_module/include/op3_online_walking_module/online_walking_module.h
-- Symlinking: /home/brone-ub/brone_main_ws/install/op3_online_walking_module/include/op3_online_walking_module/op3_kdl.h
-- Symlinking: /home/brone-ub/brone_main_ws/install/op3_online_walking_module/include/op3_online_walking_module/walking_control.h
-- Symlinking: /home/brone-ub/brone_main_ws/install/op3_online_walking_module/include/op3_online_walking_module/wholebody_control.h
-- Symlinking: /home/brone-ub/brone_main_ws/install/op3_online_walking_module/share/op3_online_walking_module/config/balance_gain.yaml
-- Symlinking: /home/brone-ub/brone_main_ws/install/op3_online_walking_module/share/op3_online_walking_module/config/joint_feedback_gain.yaml
-- Symlinking: /home/brone-ub/brone_main_ws/install/op3_online_walking_module/share/op3_online_walking_module/config/joint_feedforward_gain.yaml
-- Symlinking: /home/brone-ub/brone_main_ws/install/op3_online_walking_module/share/op3_online_walking_module/config/walking_parm.yaml
-- Symlinking: /home/brone-ub/brone_main_ws/install/op3_online_walking_module/share/op3_online_walking_module/environment/library_path.sh
-- Symlinking: /home/brone-ub/brone_main_ws/install/op3_online_walking_module/share/op3_online_walking_module/environment/library_path.dsv
-- Symlinking: /home/brone-ub/brone_main_ws/install/op3_online_walking_module/share/ament_index/resource_index/package_run_dependencies/op3_online_walking_module
-- Symlinking: /home/brone-ub/brone_main_ws/install/op3_online_walking_module/share/ament_index/resource_index/parent_prefix_path/op3_online_walking_module
-- Symlinking: /home/brone-ub/brone_main_ws/install/op3_online_walking_module/share/op3_online_walking_module/environment/ament_prefix_path.sh
-- Symlinking: /home/brone-ub/brone_main_ws/install/op3_online_walking_module/share/op3_online_walking_module/environment/ament_prefix_path.dsv
-- Symlinking: /home/brone-ub/brone_main_ws/install/op3_online_walking_module/share/op3_online_walking_module/environment/path.sh
-- Symlinking: /home/brone-ub/brone_main_ws/install/op3_online_walking_module/share/op3_online_walking_module/environment/path.dsv
-- Symlinking: /home/brone-ub/brone_main_ws/install/op3_online_walking_module/share/op3_online_walking_module/local_setup.bash
-- Symlinking: /home/brone-ub/brone_main_ws/install/op3_online_walking_module/share/op3_online_walking_module/local_setup.sh
-- Symlinking: /home/brone-ub/brone_main_ws/install/op3_online_walking_module/share/op3_online_walking_module/local_setup.zsh
-- Symlinking: /home/brone-ub/brone_main_ws/install/op3_online_walking_module/share/op3_online_walking_module/local_setup.dsv
-- Symlinking: /home/brone-ub/brone_main_ws/install/op3_online_walking_module/share/op3_online_walking_module/package.dsv
-- Symlinking: /home/brone-ub/brone_main_ws/install/op3_online_walking_module/share/ament_index/resource_index/packages/op3_online_walking_module
-- Symlinking: /home/brone-ub/brone_main_ws/install/op3_online_walking_module/share/op3_online_walking_module/cmake/ament_cmake_export_include_directories-extras.cmake
-- Symlinking: /home/brone-ub/brone_main_ws/install/op3_online_walking_module/share/op3_online_walking_module/cmake/ament_cmake_export_libraries-extras.cmake
-- Symlinking: /home/brone-ub/brone_main_ws/install/op3_online_walking_module/share/op3_online_walking_module/cmake/ament_cmake_export_dependencies-extras.cmake
-- Symlinking: /home/brone-ub/brone_main_ws/install/op3_online_walking_module/share/op3_online_walking_module/cmake/op3_online_walking_moduleConfig.cmake
-- Symlinking: /home/brone-ub/brone_main_ws/install/op3_online_walking_module/share/op3_online_walking_module/cmake/op3_online_walking_moduleConfig-version.cmake
-- Symlinking: /home/brone-ub/brone_main_ws/install/op3_online_walking_module/share/op3_online_walking_module/package.xml
