-- The C compiler identification is GNU 13.3.0
-- The CXX compiler identification is GNU 13.3.0
-- Detecting C compiler ABI info
-- Detecting C compiler ABI info - done
-- Check for working C compiler: /usr/bin/cc - skipped
-- Detecting C compile features
-- Detecting C compile features - done
-- Detecting CXX compiler ABI info
-- Detecting CXX compiler ABI info - done
-- Check for working CXX compiler: /usr/bin/c++ - skipped
-- Detecting CXX compile features
-- Detecting CXX compile features - done
-- Found ament_cmake: 2.5.4 (/opt/ros/jazzy/share/ament_cmake/cmake)
-- Found Python3: /home/brone-ub/robotis_ws/.venv/bin/python3 (found version "3.12.3") found components: Interpreter 
-- Override CMake install command with custom implementation using symlinks instead of copying resources
-- Found rclcpp: 28.1.12 (/opt/ros/jazzy/share/rclcpp/cmake)
-- Found rosidl_generator_c: 4.6.6 (/opt/ros/jazzy/share/rosidl_generator_c/cmake)
-- Found rosidl_generator_cpp: 4.6.6 (/opt/ros/jazzy/share/rosidl_generator_cpp/cmake)
-- Using all available rosidl_typesupport_c: rosidl_typesupport_fastrtps_c;rosidl_typesupport_introspection_c
-- Using all available rosidl_typesupport_cpp: rosidl_typesupport_fastrtps_cpp;rosidl_typesupport_introspection_cpp
-- Found rmw_implementation_cmake: 7.3.2 (/opt/ros/jazzy/share/rmw_implementation_cmake/cmake)
-- Found rmw_cyclonedds_cpp: 2.2.3 (/opt/ros/jazzy/share/rmw_cyclonedds_cpp/cmake)
-- Using RMW implementation 'rmw_cyclonedds_cpp' as default
-- Found robotis_device: 0.2.9 (/home/brone-ub/brone_main_ws/install/robotis_device/share/robotis_device/cmake)
-- Configuring done (1.4s)
-- Generating done (0.0s)
-- Build files have been written to: /home/brone-ub/brone_main_ws/build/robotis_framework_common
[100%] [32m[1mLinking CXX static library librobotis_framework_common.a[0m
[100%] Built target robotis_framework_common
-- Install configuration: "Release"
-- Execute custom install script
-- Symlinking: /home/brone-ub/brone_main_ws/install/robotis_framework_common/lib/librobotis_framework_common.a
-- Symlinking: /home/brone-ub/brone_main_ws/install/robotis_framework_common/include/robotis_framework_common/motion_module.h
-- Symlinking: /home/brone-ub/brone_main_ws/install/robotis_framework_common/include/robotis_framework_common/sensor_module.h
-- Symlinking: /home/brone-ub/brone_main_ws/install/robotis_framework_common/include/robotis_framework_common/singleton.h
-- Symlinking: /home/brone-ub/brone_main_ws/install/robotis_framework_common/share/ament_index/resource_index/package_run_dependencies/robotis_framework_common
-- Symlinking: /home/brone-ub/brone_main_ws/install/robotis_framework_common/share/ament_index/resource_index/parent_prefix_path/robotis_framework_common
-- Symlinking: /home/brone-ub/brone_main_ws/install/robotis_framework_common/share/robotis_framework_common/environment/ament_prefix_path.sh
-- Symlinking: /home/brone-ub/brone_main_ws/install/robotis_framework_common/share/robotis_framework_common/environment/ament_prefix_path.dsv
-- Symlinking: /home/brone-ub/brone_main_ws/install/robotis_framework_common/share/robotis_framework_common/environment/path.sh
-- Symlinking: /home/brone-ub/brone_main_ws/install/robotis_framework_common/share/robotis_framework_common/environment/path.dsv
-- Symlinking: /home/brone-ub/brone_main_ws/install/robotis_framework_common/share/robotis_framework_common/local_setup.bash
-- Symlinking: /home/brone-ub/brone_main_ws/install/robotis_framework_common/share/robotis_framework_common/local_setup.sh
-- Symlinking: /home/brone-ub/brone_main_ws/install/robotis_framework_common/share/robotis_framework_common/local_setup.zsh
-- Symlinking: /home/brone-ub/brone_main_ws/install/robotis_framework_common/share/robotis_framework_common/local_setup.dsv
-- Symlinking: /home/brone-ub/brone_main_ws/install/robotis_framework_common/share/robotis_framework_common/package.dsv
-- Symlinking: /home/brone-ub/brone_main_ws/install/robotis_framework_common/share/ament_index/resource_index/packages/robotis_framework_common
-- Symlinking: /home/brone-ub/brone_main_ws/install/robotis_framework_common/share/robotis_framework_common/cmake/ament_cmake_export_include_directories-extras.cmake
-- Symlinking: /home/brone-ub/brone_main_ws/install/robotis_framework_common/share/robotis_framework_common/cmake/robotis_framework_commonConfig.cmake
-- Symlinking: /home/brone-ub/brone_main_ws/install/robotis_framework_common/share/robotis_framework_common/cmake/robotis_framework_commonConfig-version.cmake
-- Symlinking: /home/brone-ub/brone_main_ws/install/robotis_framework_common/share/robotis_framework_common/package.xml
