-- The C compiler identification is GNU 13.3.0
-- The CXX compiler identification is GNU 13.3.0
-- Detecting C compiler ABI info
-- Detecting C compiler ABI info - done
-- Check for working C compiler: /usr/bin/cc - skipped
-- Detecting C compile features
-- Detecting C compile features - done
-- Detecting CXX compiler ABI info
-- Detecting CXX compiler ABI info - done
-- Check for working CXX compiler: /usr/bin/c++ - skipped
-- Detecting CXX compile features
-- Detecting CXX compile features - done
-- Found ament_cmake: 2.5.4 (/opt/ros/jazzy/share/ament_cmake/cmake)
-- Found Python3: /home/brone-ub/robotis_ws/.venv/bin/python3 (found version "3.12.3") found components: Interpreter 
-- Override CMake install command with custom implementation using symlinks instead of copying resources
-- Found rclcpp: 28.1.12 (/opt/ros/jazzy/share/rclcpp/cmake)
-- Found rosidl_generator_c: 4.6.6 (/opt/ros/jazzy/share/rosidl_generator_c/cmake)
-- Found rosidl_generator_cpp: 4.6.6 (/opt/ros/jazzy/share/rosidl_generator_cpp/cmake)
-- Using all available rosidl_typesupport_c: rosidl_typesupport_fastrtps_c;rosidl_typesupport_introspection_c
-- Using all available rosidl_typesupport_cpp: rosidl_typesupport_fastrtps_cpp;rosidl_typesupport_introspection_cpp
-- Found rmw_implementation_cmake: 7.3.2 (/opt/ros/jazzy/share/rmw_implementation_cmake/cmake)
-- Found rmw_cyclonedds_cpp: 2.2.3 (/opt/ros/jazzy/share/rmw_cyclonedds_cpp/cmake)
-- Using RMW implementation 'rmw_cyclonedds_cpp' as default
-- Found std_msgs: 5.3.6 (/opt/ros/jazzy/share/std_msgs/cmake)
-- Configuring done (2.3s)
-- Generating done (0.0s)
-- Build files have been written to: /home/brone-ub/brone_main_ws/build/ros_mpg321_player
[ 50%] [32mBuilding CXX object CMakeFiles/ros_mpg321_player.dir/src/ros_mpg321_player.cpp.o[0m
[100%] [32m[1mLinking CXX executable ros_mpg321_player[0m
[100%] Built target ros_mpg321_player
-- Install configuration: "Release"
-- Execute custom install script
-- Symlinking: /home/brone-ub/brone_main_ws/install/ros_mpg321_player/lib/ros_mpg321_player/ros_mpg321_player
-- Symlinking: /home/brone-ub/brone_main_ws/install/ros_mpg321_player/include/ros_mpg321_player/ros_mpg321_player.h
-- Symlinking: /home/brone-ub/brone_main_ws/install/ros_mpg321_player/share/ament_index/resource_index/package_run_dependencies/ros_mpg321_player
-- Symlinking: /home/brone-ub/brone_main_ws/install/ros_mpg321_player/share/ament_index/resource_index/parent_prefix_path/ros_mpg321_player
-- Symlinking: /home/brone-ub/brone_main_ws/install/ros_mpg321_player/share/ros_mpg321_player/environment/ament_prefix_path.sh
-- Symlinking: /home/brone-ub/brone_main_ws/install/ros_mpg321_player/share/ros_mpg321_player/environment/ament_prefix_path.dsv
-- Symlinking: /home/brone-ub/brone_main_ws/install/ros_mpg321_player/share/ros_mpg321_player/environment/path.sh
-- Symlinking: /home/brone-ub/brone_main_ws/install/ros_mpg321_player/share/ros_mpg321_player/environment/path.dsv
-- Symlinking: /home/brone-ub/brone_main_ws/install/ros_mpg321_player/share/ros_mpg321_player/local_setup.bash
-- Symlinking: /home/brone-ub/brone_main_ws/install/ros_mpg321_player/share/ros_mpg321_player/local_setup.sh
-- Symlinking: /home/brone-ub/brone_main_ws/install/ros_mpg321_player/share/ros_mpg321_player/local_setup.zsh
-- Symlinking: /home/brone-ub/brone_main_ws/install/ros_mpg321_player/share/ros_mpg321_player/local_setup.dsv
-- Symlinking: /home/brone-ub/brone_main_ws/install/ros_mpg321_player/share/ros_mpg321_player/package.dsv
-- Symlinking: /home/brone-ub/brone_main_ws/install/ros_mpg321_player/share/ament_index/resource_index/packages/ros_mpg321_player
-- Symlinking: /home/brone-ub/brone_main_ws/install/ros_mpg321_player/share/ros_mpg321_player/cmake/ros_mpg321_playerConfig.cmake
-- Symlinking: /home/brone-ub/brone_main_ws/install/ros_mpg321_player/share/ros_mpg321_player/cmake/ros_mpg321_playerConfig-version.cmake
-- Symlinking: /home/brone-ub/brone_main_ws/install/ros_mpg321_player/share/ros_mpg321_player/package.xml
