[0.036s] Invoking command in '/home/brone-ub/brone_main_ws/build/ros_mpg321_player': CMAKE_PREFIX_PATH=${CMAKE_PREFIX_PATH}:/home/brone-ub/robotis_ws/install/algo_gaze:/home/brone-ub/robotis_ws/install/brone_gaze:/opt/ros/jazzy DEBUGINFOD_URLS=https://debuginfod.ubuntu.com PS1=(.venv) \[\e]0;\u@\h: \w\a\]${debian_chroot:+($debian_chroot)}\[\033[01;32m\]\u@\h\[\033[00m\]:\[\033[01;34m\]\w\[\033[00m\]\$ VIRTUAL_ENV_PROMPT=(.venv) /usr/bin/cmake /home/brone-ub/brone_main_ws/src/robotis_framework/ROBOTIS-Utility/ros_mpg321_player -DCMAKE_BUILD_TYPE=Release -DAMENT_CMAKE_SYMLINK_INSTALL=1 -DCMAKE_INSTALL_PREFIX=/home/brone-ub/brone_main_ws/install/ros_mpg321_player
[2.581s] -- The C compiler identification is GNU 13.3.0
[2.586s] -- The CXX compiler identification is GNU 13.3.0
[2.587s] -- Detecting C compiler ABI info
[2.587s] -- Detecting C compiler ABI info - done
[2.587s] -- Check for working C compiler: /usr/bin/cc - skipped
[2.587s] -- Detecting C compile features
[2.587s] -- Detecting C compile features - done
[2.587s] -- Detecting CXX compiler ABI info
[2.587s] -- Detecting CXX compiler ABI info - done
[2.587s] -- Check for working CXX compiler: /usr/bin/c++ - skipped
[2.587s] -- Detecting CXX compile features
[2.588s] -- Detecting CXX compile features - done
[2.588s] -- Found ament_cmake: 2.5.4 (/opt/ros/jazzy/share/ament_cmake/cmake)
[2.588s] -- Found Python3: /home/brone-ub/robotis_ws/.venv/bin/python3 (found version "3.12.3") found components: Interpreter 
[2.588s] -- Override CMake install command with custom implementation using symlinks instead of copying resources
[2.588s] -- Found rclcpp: 28.1.12 (/opt/ros/jazzy/share/rclcpp/cmake)
[2.588s] -- Found rosidl_generator_c: 4.6.6 (/opt/ros/jazzy/share/rosidl_generator_c/cmake)
[2.588s] -- Found rosidl_generator_cpp: 4.6.6 (/opt/ros/jazzy/share/rosidl_generator_cpp/cmake)
[2.588s] -- Using all available rosidl_typesupport_c: rosidl_typesupport_fastrtps_c;rosidl_typesupport_introspection_c
[2.588s] -- Using all available rosidl_typesupport_cpp: rosidl_typesupport_fastrtps_cpp;rosidl_typesupport_introspection_cpp
[2.588s] -- Found rmw_implementation_cmake: 7.3.2 (/opt/ros/jazzy/share/rmw_implementation_cmake/cmake)
[2.588s] -- Found rmw_cyclonedds_cpp: 2.2.3 (/opt/ros/jazzy/share/rmw_cyclonedds_cpp/cmake)
[2.588s] -- Using RMW implementation 'rmw_cyclonedds_cpp' as default
[2.588s] -- Found std_msgs: 5.3.6 (/opt/ros/jazzy/share/std_msgs/cmake)
[2.588s] -- Configuring done (2.3s)
[2.588s] -- Generating done (0.0s)
[2.588s] -- Build files have been written to: /home/brone-ub/brone_main_ws/build/ros_mpg321_player
[2.603s] Invoked command in '/home/brone-ub/brone_main_ws/build/ros_mpg321_player' returned '0': CMAKE_PREFIX_PATH=${CMAKE_PREFIX_PATH}:/home/brone-ub/robotis_ws/install/algo_gaze:/home/brone-ub/robotis_ws/install/brone_gaze:/opt/ros/jazzy DEBUGINFOD_URLS=https://debuginfod.ubuntu.com PS1=(.venv) \[\e]0;\u@\h: \w\a\]${debian_chroot:+($debian_chroot)}\[\033[01;32m\]\u@\h\[\033[00m\]:\[\033[01;34m\]\w\[\033[00m\]\$ VIRTUAL_ENV_PROMPT=(.venv) /usr/bin/cmake /home/brone-ub/brone_main_ws/src/robotis_framework/ROBOTIS-Utility/ros_mpg321_player -DCMAKE_BUILD_TYPE=Release -DAMENT_CMAKE_SYMLINK_INSTALL=1 -DCMAKE_INSTALL_PREFIX=/home/brone-ub/brone_main_ws/install/ros_mpg321_player
[2.604s] Invoking command in '/home/brone-ub/brone_main_ws/build/ros_mpg321_player': CMAKE_PREFIX_PATH=${CMAKE_PREFIX_PATH}:/home/brone-ub/robotis_ws/install/algo_gaze:/home/brone-ub/robotis_ws/install/brone_gaze:/opt/ros/jazzy DEBUGINFOD_URLS=https://debuginfod.ubuntu.com PS1=(.venv) \[\e]0;\u@\h: \w\a\]${debian_chroot:+($debian_chroot)}\[\033[01;32m\]\u@\h\[\033[00m\]:\[\033[01;34m\]\w\[\033[00m\]\$ VIRTUAL_ENV_PROMPT=(.venv) /usr/bin/cmake --build /home/brone-ub/brone_main_ws/build/ros_mpg321_player -- -j16 -l16
[7.355s] [ 50%] [32mBuilding CXX object CMakeFiles/ros_mpg321_player.dir/src/ros_mpg321_player.cpp.o[0m
[29.635s] [100%] [32m[1mLinking CXX executable ros_mpg321_player[0m
[29.919s] [100%] Built target ros_mpg321_player
[29.938s] Invoked command in '/home/brone-ub/brone_main_ws/build/ros_mpg321_player' returned '0': CMAKE_PREFIX_PATH=${CMAKE_PREFIX_PATH}:/home/brone-ub/robotis_ws/install/algo_gaze:/home/brone-ub/robotis_ws/install/brone_gaze:/opt/ros/jazzy DEBUGINFOD_URLS=https://debuginfod.ubuntu.com PS1=(.venv) \[\e]0;\u@\h: \w\a\]${debian_chroot:+($debian_chroot)}\[\033[01;32m\]\u@\h\[\033[00m\]:\[\033[01;34m\]\w\[\033[00m\]\$ VIRTUAL_ENV_PROMPT=(.venv) /usr/bin/cmake --build /home/brone-ub/brone_main_ws/build/ros_mpg321_player -- -j16 -l16
[29.942s] Invoking command in '/home/brone-ub/brone_main_ws/build/ros_mpg321_player': CMAKE_PREFIX_PATH=${CMAKE_PREFIX_PATH}:/home/brone-ub/robotis_ws/install/algo_gaze:/home/brone-ub/robotis_ws/install/brone_gaze:/opt/ros/jazzy DEBUGINFOD_URLS=https://debuginfod.ubuntu.com PS1=(.venv) \[\e]0;\u@\h: \w\a\]${debian_chroot:+($debian_chroot)}\[\033[01;32m\]\u@\h\[\033[00m\]:\[\033[01;34m\]\w\[\033[00m\]\$ VIRTUAL_ENV_PROMPT=(.venv) /usr/bin/cmake --install /home/brone-ub/brone_main_ws/build/ros_mpg321_player
[31.030s] -- Install configuration: "Release"
[31.030s] -- Execute custom install script
[31.030s] -- Symlinking: /home/brone-ub/brone_main_ws/install/ros_mpg321_player/lib/ros_mpg321_player/ros_mpg321_player
[31.030s] -- Symlinking: /home/brone-ub/brone_main_ws/install/ros_mpg321_player/include/ros_mpg321_player/ros_mpg321_player.h
[31.030s] -- Symlinking: /home/brone-ub/brone_main_ws/install/ros_mpg321_player/share/ament_index/resource_index/package_run_dependencies/ros_mpg321_player
[31.030s] -- Symlinking: /home/brone-ub/brone_main_ws/install/ros_mpg321_player/share/ament_index/resource_index/parent_prefix_path/ros_mpg321_player
[31.030s] -- Symlinking: /home/brone-ub/brone_main_ws/install/ros_mpg321_player/share/ros_mpg321_player/environment/ament_prefix_path.sh
[31.031s] -- Symlinking: /home/brone-ub/brone_main_ws/install/ros_mpg321_player/share/ros_mpg321_player/environment/ament_prefix_path.dsv
[31.031s] -- Symlinking: /home/brone-ub/brone_main_ws/install/ros_mpg321_player/share/ros_mpg321_player/environment/path.sh
[31.031s] -- Symlinking: /home/brone-ub/brone_main_ws/install/ros_mpg321_player/share/ros_mpg321_player/environment/path.dsv
[31.031s] -- Symlinking: /home/brone-ub/brone_main_ws/install/ros_mpg321_player/share/ros_mpg321_player/local_setup.bash
[31.031s] -- Symlinking: /home/brone-ub/brone_main_ws/install/ros_mpg321_player/share/ros_mpg321_player/local_setup.sh
[31.031s] -- Symlinking: /home/brone-ub/brone_main_ws/install/ros_mpg321_player/share/ros_mpg321_player/local_setup.zsh
[31.031s] -- Symlinking: /home/brone-ub/brone_main_ws/install/ros_mpg321_player/share/ros_mpg321_player/local_setup.dsv
[31.031s] -- Symlinking: /home/brone-ub/brone_main_ws/install/ros_mpg321_player/share/ros_mpg321_player/package.dsv
[31.031s] -- Symlinking: /home/brone-ub/brone_main_ws/install/ros_mpg321_player/share/ament_index/resource_index/packages/ros_mpg321_player
[31.031s] -- Symlinking: /home/brone-ub/brone_main_ws/install/ros_mpg321_player/share/ros_mpg321_player/cmake/ros_mpg321_playerConfig.cmake
[31.032s] -- Symlinking: /home/brone-ub/brone_main_ws/install/ros_mpg321_player/share/ros_mpg321_player/cmake/ros_mpg321_playerConfig-version.cmake
[31.032s] -- Symlinking: /home/brone-ub/brone_main_ws/install/ros_mpg321_player/share/ros_mpg321_player/package.xml
[31.080s] Invoked command in '/home/brone-ub/brone_main_ws/build/ros_mpg321_player' returned '0': CMAKE_PREFIX_PATH=${CMAKE_PREFIX_PATH}:/home/brone-ub/robotis_ws/install/algo_gaze:/home/brone-ub/robotis_ws/install/brone_gaze:/opt/ros/jazzy DEBUGINFOD_URLS=https://debuginfod.ubuntu.com PS1=(.venv) \[\e]0;\u@\h: \w\a\]${debian_chroot:+($debian_chroot)}\[\033[01;32m\]\u@\h\[\033[00m\]:\[\033[01;34m\]\w\[\033[00m\]\$ VIRTUAL_ENV_PROMPT=(.venv) /usr/bin/cmake --install /home/brone-ub/brone_main_ws/build/ros_mpg321_player
