-- The C compiler identification is GNU 13.3.0
-- The CXX compiler identification is GNU 13.3.0
-- Detecting C compiler ABI info
-- Detecting C compiler ABI info - done
-- Check for working C compiler: /usr/bin/cc - skipped
-- Detecting C compile features
-- Detecting C compile features - done
-- Detecting CXX compiler ABI info
-- Detecting CXX compiler ABI info - done
-- Check for working CXX compiler: /usr/bin/c++ - skipped
-- Detecting CXX compile features
-- Detecting CXX compile features - done
-- Found ament_cmake: 2.5.4 (/opt/ros/jazzy/share/ament_cmake/cmake)
-- Found Python3: /home/brone-ub/robotis_ws/.venv/bin/python3 (found version "3.12.3") found components: Interpreter 
-- Override CMake install command with custom implementation using symlinks instead of copying resources
-- Found ament_index_cpp: 1.8.1 (/opt/ros/jazzy/share/ament_index_cpp/cmake)
-- Found rclcpp: 28.1.12 (/opt/ros/jazzy/share/rclcpp/cmake)
-- Found rosidl_generator_c: 4.6.6 (/opt/ros/jazzy/share/rosidl_generator_c/cmake)
-- Found rosidl_generator_cpp: 4.6.6 (/opt/ros/jazzy/share/rosidl_generator_cpp/cmake)
-- Using all available rosidl_typesupport_c: rosidl_typesupport_fastrtps_c;rosidl_typesupport_introspection_c
-- Using all available rosidl_typesupport_cpp: rosidl_typesupport_fastrtps_cpp;rosidl_typesupport_introspection_cpp
-- Found rmw_implementation_cmake: 7.3.2 (/opt/ros/jazzy/share/rmw_implementation_cmake/cmake)
-- Found rmw_cyclonedds_cpp: 2.2.3 (/opt/ros/jazzy/share/rmw_cyclonedds_cpp/cmake)
-- Using RMW implementation 'rmw_cyclonedds_cpp' as default
-- Found std_msgs: 5.3.6 (/opt/ros/jazzy/share/std_msgs/cmake)
-- Found op3_tuning_module_msgs: 0.0.1 (/home/brone-ub/brone_main_ws/install/op3_tuning_module_msgs/share/op3_tuning_module_msgs/cmake)
-- Found PkgConfig: /usr/bin/pkg-config (found version "1.8.1") 
-- Checking for module 'yaml-cpp'
--   Found yaml-cpp, version 0.8.0
-- Configuring done (1.9s)
-- Generating done (0.2s)
-- Build files have been written to: /home/brone-ub/brone_main_ws/build/op3_tuner_client
[  9%] [34m[1mGenerating ui_main_window.h[0m
[ 18%] [34m[1mGenerating qrc_images.cpp[0m
[ 27%] [34m[1mGenerating include/op3_tuner_client/moc_qnode.cpp[0m
[ 36%] [34m[1mGenerating include/op3_tuner_client/moc_main_window.cpp[0m
[ 45%] [32mBuilding CXX object CMakeFiles/op3_tuner_client.dir/src/main.cpp.o[0m
[ 54%] [32mBuilding CXX object CMakeFiles/op3_tuner_client.dir/qrc_images.cpp.o[0m
[ 63%] [32mBuilding CXX object CMakeFiles/op3_tuner_client.dir/include/op3_tuner_client/moc_qnode.cpp.o[0m
[ 72%] [32mBuilding CXX object CMakeFiles/op3_tuner_client.dir/include/op3_tuner_client/moc_main_window.cpp.o[0m
[ 81%] [32mBuilding CXX object CMakeFiles/op3_tuner_client.dir/src/qnode.cpp.o[0m
[ 90%] [32mBuilding CXX object CMakeFiles/op3_tuner_client.dir/src/main_window.cpp.o[0m
[100%] [32m[1mLinking CXX executable op3_tuner_client[0m
[100%] Built target op3_tuner_client
-- Install configuration: "Release"
-- Execute custom install script
-- Symlinking: /home/brone-ub/brone_main_ws/install/op3_tuner_client/lib/op3_tuner_client/op3_tuner_client
-- Symlinking: /home/brone-ub/brone_main_ws/install/op3_tuner_client/share/op3_tuner_client/resources/images.qrc
-- Symlinking: /home/brone-ub/brone_main_ws/install/op3_tuner_client/share/op3_tuner_client/resources/images/icon.png
-- Symlinking: /home/brone-ub/brone_main_ws/install/op3_tuner_client/share/op3_tuner_client/resources/images/robotis_icon.png
-- Symlinking: /home/brone-ub/brone_main_ws/install/op3_tuner_client/share/op3_tuner_client/launch/op3_tuner.launch.xml
-- Symlinking: /home/brone-ub/brone_main_ws/install/op3_tuner_client/share/op3_tuner_client/launch/op3_tuner_client.launch.xml
-- Symlinking: /home/brone-ub/brone_main_ws/install/op3_tuner_client/share/op3_tuner_client/config/joint_data.yaml
-- Symlinking: /home/brone-ub/brone_main_ws/install/op3_tuner_client/share/op3_tuner_client/config/r_ank_pitch.perspective
-- Symlinking: /home/brone-ub/brone_main_ws/install/op3_tuner_client/share/ament_index/resource_index/package_run_dependencies/op3_tuner_client
-- Symlinking: /home/brone-ub/brone_main_ws/install/op3_tuner_client/share/ament_index/resource_index/parent_prefix_path/op3_tuner_client
-- Symlinking: /home/brone-ub/brone_main_ws/install/op3_tuner_client/share/op3_tuner_client/environment/ament_prefix_path.sh
-- Symlinking: /home/brone-ub/brone_main_ws/install/op3_tuner_client/share/op3_tuner_client/environment/ament_prefix_path.dsv
-- Symlinking: /home/brone-ub/brone_main_ws/install/op3_tuner_client/share/op3_tuner_client/environment/path.sh
-- Symlinking: /home/brone-ub/brone_main_ws/install/op3_tuner_client/share/op3_tuner_client/environment/path.dsv
-- Symlinking: /home/brone-ub/brone_main_ws/install/op3_tuner_client/share/op3_tuner_client/local_setup.bash
-- Symlinking: /home/brone-ub/brone_main_ws/install/op3_tuner_client/share/op3_tuner_client/local_setup.sh
-- Symlinking: /home/brone-ub/brone_main_ws/install/op3_tuner_client/share/op3_tuner_client/local_setup.zsh
-- Symlinking: /home/brone-ub/brone_main_ws/install/op3_tuner_client/share/op3_tuner_client/local_setup.dsv
-- Symlinking: /home/brone-ub/brone_main_ws/install/op3_tuner_client/share/op3_tuner_client/package.dsv
-- Symlinking: /home/brone-ub/brone_main_ws/install/op3_tuner_client/share/ament_index/resource_index/packages/op3_tuner_client
-- Symlinking: /home/brone-ub/brone_main_ws/install/op3_tuner_client/share/op3_tuner_client/cmake/op3_tuner_clientConfig.cmake
-- Symlinking: /home/brone-ub/brone_main_ws/install/op3_tuner_client/share/op3_tuner_client/cmake/op3_tuner_clientConfig-version.cmake
-- Symlinking: /home/brone-ub/brone_main_ws/install/op3_tuner_client/share/op3_tuner_client/package.xml
