-- The C compiler identification is GNU 13.3.0
-- The CXX compiler identification is GNU 13.3.0
-- Detecting C compiler ABI info
-- Detecting C compiler ABI info - done
-- Check for working C compiler: /usr/bin/cc - skipped
-- Detecting C compile features
-- Detecting C compile features - done
-- Detecting CXX compiler ABI info
-- Detecting CXX compiler ABI info - done
-- Check for working CXX compiler: /usr/bin/c++ - skipped
-- Detecting CXX compile features
-- Detecting CXX compile features - done
-- Found ament_cmake: 2.5.4 (/opt/ros/jazzy/share/ament_cmake/cmake)
-- Found Python3: /home/brone-ub/robotis_ws/.venv/bin/python3 (found version "3.12.3") found components: Interpreter 
-- Override CMake install command with custom implementation using symlinks instead of copying resources
-- Found rclcpp: 28.1.12 (/opt/ros/jazzy/share/rclcpp/cmake)
-- Found rosidl_generator_c: 4.6.6 (/opt/ros/jazzy/share/rosidl_generator_c/cmake)
-- Found rosidl_generator_cpp: 4.6.6 (/opt/ros/jazzy/share/rosidl_generator_cpp/cmake)
-- Using all available rosidl_typesupport_c: rosidl_typesupport_fastrtps_c;rosidl_typesupport_introspection_c
-- Using all available rosidl_typesupport_cpp: rosidl_typesupport_fastrtps_cpp;rosidl_typesupport_introspection_cpp
-- Found rmw_implementation_cmake: 7.3.2 (/opt/ros/jazzy/share/rmw_implementation_cmake/cmake)
-- Found rmw_cyclonedds_cpp: 2.2.3 (/opt/ros/jazzy/share/rmw_cyclonedds_cpp/cmake)
-- Using RMW implementation 'rmw_cyclonedds_cpp' as default
-- Found std_msgs: 5.3.6 (/opt/ros/jazzy/share/std_msgs/cmake)
-- Found PkgConfig: /usr/bin/pkg-config (found version "1.8.1") 
-- Checking for module 'yaml-cpp'
--   Found yaml-cpp, version 0.8.0
-- Found ament_lint_auto: 0.17.3 (/opt/ros/jazzy/share/ament_lint_auto/cmake)
-- Added test 'cppcheck' to perform static code analysis on C / C++ code
-- Configured cppcheck include dirs: /home/brone-ub/brone_main_ws/src/robotis_framework/ROBOTIS-OP3-Simulations/rf_gz_bridge/include
-- Configured cppcheck exclude dirs and/or files: 
-- Added test 'lint_cmake' to check CMake code style
-- Added test 'uncrustify' to check C / C++ code style
-- Configured uncrustify additional arguments: 
-- Added test 'xmllint' to check XML markup files
-- Configuring done (3.3s)
-- Generating done (0.0s)
-- Build files have been written to: /home/brone-ub/brone_main_ws/build/rf_gz_bridge
[ 33%] [32mBuilding CXX object CMakeFiles/rf_gz_bridge_node.dir/src/main.cpp.o[0m
[ 66%] [32mBuilding CXX object CMakeFiles/rf_gz_bridge_node.dir/src/rf_gz_bridge.cpp.o[0m
[100%] [32m[1mLinking CXX executable rf_gz_bridge_node[0m
[100%] Built target rf_gz_bridge_node
-- Install configuration: "Release"
-- Execute custom install script
-- Symlinking: /home/brone-ub/brone_main_ws/install/rf_gz_bridge/lib/rf_gz_bridge/rf_gz_bridge_node
-- Symlinking: /home/brone-ub/brone_main_ws/install/rf_gz_bridge/include/rf_gz_bridge/rf_gz_bridge.hpp
-- Symlinking: /home/brone-ub/brone_main_ws/install/rf_gz_bridge/share/rf_gz_bridge/config/op3_joint_list.yaml
-- Symlinking: /home/brone-ub/brone_main_ws/install/rf_gz_bridge/share/ament_index/resource_index/package_run_dependencies/rf_gz_bridge
-- Symlinking: /home/brone-ub/brone_main_ws/install/rf_gz_bridge/share/ament_index/resource_index/parent_prefix_path/rf_gz_bridge
-- Symlinking: /home/brone-ub/brone_main_ws/install/rf_gz_bridge/share/rf_gz_bridge/environment/ament_prefix_path.sh
-- Symlinking: /home/brone-ub/brone_main_ws/install/rf_gz_bridge/share/rf_gz_bridge/environment/ament_prefix_path.dsv
-- Symlinking: /home/brone-ub/brone_main_ws/install/rf_gz_bridge/share/rf_gz_bridge/environment/path.sh
-- Symlinking: /home/brone-ub/brone_main_ws/install/rf_gz_bridge/share/rf_gz_bridge/environment/path.dsv
-- Symlinking: /home/brone-ub/brone_main_ws/install/rf_gz_bridge/share/rf_gz_bridge/local_setup.bash
-- Symlinking: /home/brone-ub/brone_main_ws/install/rf_gz_bridge/share/rf_gz_bridge/local_setup.sh
-- Symlinking: /home/brone-ub/brone_main_ws/install/rf_gz_bridge/share/rf_gz_bridge/local_setup.zsh
-- Symlinking: /home/brone-ub/brone_main_ws/install/rf_gz_bridge/share/rf_gz_bridge/local_setup.dsv
-- Symlinking: /home/brone-ub/brone_main_ws/install/rf_gz_bridge/share/rf_gz_bridge/package.dsv
-- Symlinking: /home/brone-ub/brone_main_ws/install/rf_gz_bridge/share/ament_index/resource_index/packages/rf_gz_bridge
-- Symlinking: /home/brone-ub/brone_main_ws/install/rf_gz_bridge/share/rf_gz_bridge/cmake/rf_gz_bridgeConfig.cmake
-- Symlinking: /home/brone-ub/brone_main_ws/install/rf_gz_bridge/share/rf_gz_bridge/cmake/rf_gz_bridgeConfig-version.cmake
-- Symlinking: /home/brone-ub/brone_main_ws/install/rf_gz_bridge/share/rf_gz_bridge/package.xml
