[0.026s] Invoking command in '/home/brone-ub/brone_main_ws/build/rf_gz_bridge': CMAKE_PREFIX_PATH=${CMAKE_PREFIX_PATH}:/home/brone-ub/robotis_ws/install/algo_gaze:/home/brone-ub/robotis_ws/install/brone_gaze:/opt/ros/jazzy DEBUGINFOD_URLS=https://debuginfod.ubuntu.com PS1=(.venv) \[\e]0;\u@\h: \w\a\]${debian_chroot:+($debian_chroot)}\[\033[01;32m\]\u@\h\[\033[00m\]:\[\033[01;34m\]\w\[\033[00m\]\$ VIRTUAL_ENV_PROMPT=(.venv) /usr/bin/cmake /home/brone-ub/brone_main_ws/src/robotis_framework/ROBOTIS-OP3-Simulations/rf_gz_bridge -DCMAKE_BUILD_TYPE=Release -DAMENT_CMAKE_SYMLINK_INSTALL=1 -DCMAKE_INSTALL_PREFIX=/home/brone-ub/brone_main_ws/install/rf_gz_bridge
[18.720s] -- The C compiler identification is GNU 13.3.0
[18.720s] -- The CXX compiler identification is GNU 13.3.0
[18.720s] -- Detecting C compiler ABI info
[18.721s] -- Detecting C compiler ABI info - done
[18.721s] -- Check for working C compiler: /usr/bin/cc - skipped
[18.721s] -- Detecting C compile features
[18.721s] -- Detecting C compile features - done
[18.721s] -- Detecting CXX compiler ABI info
[18.721s] -- Detecting CXX compiler ABI info - done
[18.721s] -- Check for working CXX compiler: /usr/bin/c++ - skipped
[18.721s] -- Detecting CXX compile features
[18.721s] -- Detecting CXX compile features - done
[18.721s] -- Found ament_cmake: 2.5.4 (/opt/ros/jazzy/share/ament_cmake/cmake)
[18.722s] -- Found Python3: /home/brone-ub/robotis_ws/.venv/bin/python3 (found version "3.12.3") found components: Interpreter 
[18.722s] -- Override CMake install command with custom implementation using symlinks instead of copying resources
[18.722s] -- Found rclcpp: 28.1.12 (/opt/ros/jazzy/share/rclcpp/cmake)
[18.722s] -- Found rosidl_generator_c: 4.6.6 (/opt/ros/jazzy/share/rosidl_generator_c/cmake)
[18.722s] -- Found rosidl_generator_cpp: 4.6.6 (/opt/ros/jazzy/share/rosidl_generator_cpp/cmake)
[18.722s] -- Using all available rosidl_typesupport_c: rosidl_typesupport_fastrtps_c;rosidl_typesupport_introspection_c
[18.722s] -- Using all available rosidl_typesupport_cpp: rosidl_typesupport_fastrtps_cpp;rosidl_typesupport_introspection_cpp
[18.722s] -- Found rmw_implementation_cmake: 7.3.2 (/opt/ros/jazzy/share/rmw_implementation_cmake/cmake)
[18.722s] -- Found rmw_cyclonedds_cpp: 2.2.3 (/opt/ros/jazzy/share/rmw_cyclonedds_cpp/cmake)
[18.722s] -- Using RMW implementation 'rmw_cyclonedds_cpp' as default
[18.722s] -- Found std_msgs: 5.3.6 (/opt/ros/jazzy/share/std_msgs/cmake)
[18.723s] -- Found PkgConfig: /usr/bin/pkg-config (found version "1.8.1") 
[18.723s] -- Checking for module 'yaml-cpp'
[18.723s] --   Found yaml-cpp, version 0.8.0
[18.723s] -- Found ament_lint_auto: 0.17.3 (/opt/ros/jazzy/share/ament_lint_auto/cmake)
[18.723s] -- Added test 'cppcheck' to perform static code analysis on C / C++ code
[18.723s] -- Configured cppcheck include dirs: /home/brone-ub/brone_main_ws/src/robotis_framework/ROBOTIS-OP3-Simulations/rf_gz_bridge/include
[18.723s] -- Configured cppcheck exclude dirs and/or files: 
[18.723s] -- Added test 'lint_cmake' to check CMake code style
[18.723s] -- Added test 'uncrustify' to check C / C++ code style
[18.723s] -- Configured uncrustify additional arguments: 
[18.723s] -- Added test 'xmllint' to check XML markup files
[18.724s] -- Configuring done (3.3s)
[18.724s] -- Generating done (0.0s)
[18.724s] -- Build files have been written to: /home/brone-ub/brone_main_ws/build/rf_gz_bridge
[18.728s] Invoked command in '/home/brone-ub/brone_main_ws/build/rf_gz_bridge' returned '0': CMAKE_PREFIX_PATH=${CMAKE_PREFIX_PATH}:/home/brone-ub/robotis_ws/install/algo_gaze:/home/brone-ub/robotis_ws/install/brone_gaze:/opt/ros/jazzy DEBUGINFOD_URLS=https://debuginfod.ubuntu.com PS1=(.venv) \[\e]0;\u@\h: \w\a\]${debian_chroot:+($debian_chroot)}\[\033[01;32m\]\u@\h\[\033[00m\]:\[\033[01;34m\]\w\[\033[00m\]\$ VIRTUAL_ENV_PROMPT=(.venv) /usr/bin/cmake /home/brone-ub/brone_main_ws/src/robotis_framework/ROBOTIS-OP3-Simulations/rf_gz_bridge -DCMAKE_BUILD_TYPE=Release -DAMENT_CMAKE_SYMLINK_INSTALL=1 -DCMAKE_INSTALL_PREFIX=/home/brone-ub/brone_main_ws/install/rf_gz_bridge
[18.730s] Invoking command in '/home/brone-ub/brone_main_ws/build/rf_gz_bridge': CMAKE_PREFIX_PATH=${CMAKE_PREFIX_PATH}:/home/brone-ub/robotis_ws/install/algo_gaze:/home/brone-ub/robotis_ws/install/brone_gaze:/opt/ros/jazzy DEBUGINFOD_URLS=https://debuginfod.ubuntu.com PS1=(.venv) \[\e]0;\u@\h: \w\a\]${debian_chroot:+($debian_chroot)}\[\033[01;32m\]\u@\h\[\033[00m\]:\[\033[01;34m\]\w\[\033[00m\]\$ VIRTUAL_ENV_PROMPT=(.venv) /usr/bin/cmake --build /home/brone-ub/brone_main_ws/build/rf_gz_bridge -- -j16 -l16
[20.753s] [ 33%] [32mBuilding CXX object CMakeFiles/rf_gz_bridge_node.dir/src/main.cpp.o[0m
[23.264s] [ 66%] [32mBuilding CXX object CMakeFiles/rf_gz_bridge_node.dir/src/rf_gz_bridge.cpp.o[0m
[38.995s] [100%] [32m[1mLinking CXX executable rf_gz_bridge_node[0m
[39.305s] [100%] Built target rf_gz_bridge_node
[39.538s] Invoked command in '/home/brone-ub/brone_main_ws/build/rf_gz_bridge' returned '0': CMAKE_PREFIX_PATH=${CMAKE_PREFIX_PATH}:/home/brone-ub/robotis_ws/install/algo_gaze:/home/brone-ub/robotis_ws/install/brone_gaze:/opt/ros/jazzy DEBUGINFOD_URLS=https://debuginfod.ubuntu.com PS1=(.venv) \[\e]0;\u@\h: \w\a\]${debian_chroot:+($debian_chroot)}\[\033[01;32m\]\u@\h\[\033[00m\]:\[\033[01;34m\]\w\[\033[00m\]\$ VIRTUAL_ENV_PROMPT=(.venv) /usr/bin/cmake --build /home/brone-ub/brone_main_ws/build/rf_gz_bridge -- -j16 -l16
[39.551s] Invoking command in '/home/brone-ub/brone_main_ws/build/rf_gz_bridge': CMAKE_PREFIX_PATH=${CMAKE_PREFIX_PATH}:/home/brone-ub/robotis_ws/install/algo_gaze:/home/brone-ub/robotis_ws/install/brone_gaze:/opt/ros/jazzy DEBUGINFOD_URLS=https://debuginfod.ubuntu.com PS1=(.venv) \[\e]0;\u@\h: \w\a\]${debian_chroot:+($debian_chroot)}\[\033[01;32m\]\u@\h\[\033[00m\]:\[\033[01;34m\]\w\[\033[00m\]\$ VIRTUAL_ENV_PROMPT=(.venv) /usr/bin/cmake --install /home/brone-ub/brone_main_ws/build/rf_gz_bridge
[39.637s] -- Install configuration: "Release"
[39.637s] -- Execute custom install script
[39.637s] -- Symlinking: /home/brone-ub/brone_main_ws/install/rf_gz_bridge/lib/rf_gz_bridge/rf_gz_bridge_node
[39.637s] -- Symlinking: /home/brone-ub/brone_main_ws/install/rf_gz_bridge/include/rf_gz_bridge/rf_gz_bridge.hpp
[39.637s] -- Symlinking: /home/brone-ub/brone_main_ws/install/rf_gz_bridge/share/rf_gz_bridge/config/op3_joint_list.yaml
[39.637s] -- Symlinking: /home/brone-ub/brone_main_ws/install/rf_gz_bridge/share/ament_index/resource_index/package_run_dependencies/rf_gz_bridge
[39.637s] -- Symlinking: /home/brone-ub/brone_main_ws/install/rf_gz_bridge/share/ament_index/resource_index/parent_prefix_path/rf_gz_bridge
[39.637s] -- Symlinking: /home/brone-ub/brone_main_ws/install/rf_gz_bridge/share/rf_gz_bridge/environment/ament_prefix_path.sh
[39.638s] -- Symlinking: /home/brone-ub/brone_main_ws/install/rf_gz_bridge/share/rf_gz_bridge/environment/ament_prefix_path.dsv
[39.649s] -- Symlinking: /home/brone-ub/brone_main_ws/install/rf_gz_bridge/share/rf_gz_bridge/environment/path.sh
[39.662s] -- Symlinking: /home/brone-ub/brone_main_ws/install/rf_gz_bridge/share/rf_gz_bridge/environment/path.dsv
[39.670s] -- Symlinking: /home/brone-ub/brone_main_ws/install/rf_gz_bridge/share/rf_gz_bridge/local_setup.bash
[39.680s] -- Symlinking: /home/brone-ub/brone_main_ws/install/rf_gz_bridge/share/rf_gz_bridge/local_setup.sh
[39.690s] -- Symlinking: /home/brone-ub/brone_main_ws/install/rf_gz_bridge/share/rf_gz_bridge/local_setup.zsh
[39.701s] -- Symlinking: /home/brone-ub/brone_main_ws/install/rf_gz_bridge/share/rf_gz_bridge/local_setup.dsv
[39.711s] -- Symlinking: /home/brone-ub/brone_main_ws/install/rf_gz_bridge/share/rf_gz_bridge/package.dsv
[39.721s] -- Symlinking: /home/brone-ub/brone_main_ws/install/rf_gz_bridge/share/ament_index/resource_index/packages/rf_gz_bridge
[39.731s] -- Symlinking: /home/brone-ub/brone_main_ws/install/rf_gz_bridge/share/rf_gz_bridge/cmake/rf_gz_bridgeConfig.cmake
[39.741s] -- Symlinking: /home/brone-ub/brone_main_ws/install/rf_gz_bridge/share/rf_gz_bridge/cmake/rf_gz_bridgeConfig-version.cmake
[39.751s] -- Symlinking: /home/brone-ub/brone_main_ws/install/rf_gz_bridge/share/rf_gz_bridge/package.xml
[39.765s] Invoked command in '/home/brone-ub/brone_main_ws/build/rf_gz_bridge' returned '0': CMAKE_PREFIX_PATH=${CMAKE_PREFIX_PATH}:/home/brone-ub/robotis_ws/install/algo_gaze:/home/brone-ub/robotis_ws/install/brone_gaze:/opt/ros/jazzy DEBUGINFOD_URLS=https://debuginfod.ubuntu.com PS1=(.venv) \[\e]0;\u@\h: \w\a\]${debian_chroot:+($debian_chroot)}\[\033[01;32m\]\u@\h\[\033[00m\]:\[\033[01;34m\]\w\[\033[00m\]\$ VIRTUAL_ENV_PROMPT=(.venv) /usr/bin/cmake --install /home/brone-ub/brone_main_ws/build/rf_gz_bridge
